[0.126s] DEBUG:colcon:Command line arguments: ['/usr/bin/colcon', 'build']
[0.126s] DEBUG:colcon:Parsed command line arguments: Namespace(log_base=None, log_level=None, verb_name='build', build_base='build', install_base='install', merge_install=False, symlink_install=False, test_result_base=None, continue_on_error=False, executor='parallel', parallel_workers=24, event_handlers=None, ignore_user_meta=False, metas=['./colcon.meta'], base_paths=['.'], packages_ignore=None, packages_ignore_regex=None, paths=None, packages_up_to=None, packages_up_to_regex=None, packages_above=None, packages_above_and_dependencies=None, packages_above_depth=None, packages_select_by_dep=None, packages_skip_by_dep=None, packages_skip_up_to=None, packages_select_build_failed=False, packages_skip_build_finished=False, packages_select_test_failures=False, packages_skip_test_passed=False, packages_select=None, packages_skip=None, packages_select_regex=None, packages_skip_regex=None, packages_start=None, packages_end=None, allow_overriding=[], cmake_args=None, cmake_target=None, cmake_target_skip_unavailable=False, cmake_clean_cache=False, cmake_clean_first=False, cmake_force_configure=False, ament_cmake_args=None, catkin_cmake_args=None, catkin_skip_building_tests=False, verb_parser=<colcon_defaults.argument_parser.defaults.DefaultArgumentsDecorator object at 0x71546a523fa0>, verb_extension=<colcon_core.verb.build.BuildVerb object at 0x71546a65d660>, main=<bound method BuildVerb.main of <colcon_core.verb.build.BuildVerb object at 0x71546a65d660>>)
[0.206s] Level 1:colcon.colcon_core.package_discovery:discover_packages(colcon_meta) check parameters
[0.207s] Level 1:colcon.colcon_core.package_discovery:discover_packages(recursive) check parameters
[0.207s] Level 1:colcon.colcon_core.package_discovery:discover_packages(ignore) check parameters
[0.207s] Level 1:colcon.colcon_core.package_discovery:discover_packages(path) check parameters
[0.207s] Level 1:colcon.colcon_core.package_discovery:discover_packages(colcon_meta) discover
[0.207s] Level 1:colcon.colcon_core.package_discovery:discover_packages(recursive) discover
[0.207s] INFO:colcon.colcon_core.package_discovery:Crawling recursively for packages in '/home/masaki/ros2_setup_scripts/ros2_ws'
[0.207s] Level 1:colcon.colcon_core.package_identification:_identify(.) by extensions ['ignore', 'ignore_ament_install']
[0.207s] Level 1:colcon.colcon_core.package_identification:_identify(.) by extension 'ignore'
[0.207s] Level 1:colcon.colcon_core.package_identification:_identify(.) by extension 'ignore_ament_install'
[0.207s] Level 1:colcon.colcon_core.package_identification:_identify(.) by extensions ['colcon_pkg']
[0.207s] Level 1:colcon.colcon_core.package_identification:_identify(.) by extension 'colcon_pkg'
[0.208s] Level 1:colcon.colcon_core.package_identification:_identify(.) by extensions ['colcon_meta']
[0.208s] Level 1:colcon.colcon_core.package_identification:_identify(.) by extension 'colcon_meta'
[0.208s] Level 1:colcon.colcon_core.package_identification:_identify(.) by extensions ['ros']
[0.208s] Level 1:colcon.colcon_core.package_identification:_identify(.) by extension 'ros'
[0.216s] Level 1:colcon.colcon_core.package_identification:_identify(.) by extensions ['cmake', 'python']
[0.216s] Level 1:colcon.colcon_core.package_identification:_identify(.) by extension 'cmake'
[0.216s] Level 1:colcon.colcon_core.package_identification:_identify(.) by extension 'python'
[0.216s] Level 1:colcon.colcon_core.package_identification:_identify(.) by extensions ['python_setup_py']
[0.216s] Level 1:colcon.colcon_core.package_identification:_identify(.) by extension 'python_setup_py'
[0.216s] Level 1:colcon.colcon_core.package_identification:_identify(build) by extensions ['ignore', 'ignore_ament_install']
[0.216s] Level 1:colcon.colcon_core.package_identification:_identify(build) by extension 'ignore'
[0.216s] Level 1:colcon.colcon_core.package_identification:_identify(build) ignored
[0.216s] Level 1:colcon.colcon_core.package_identification:_identify(install) by extensions ['ignore', 'ignore_ament_install']
[0.216s] Level 1:colcon.colcon_core.package_identification:_identify(install) by extension 'ignore'
[0.216s] Level 1:colcon.colcon_core.package_identification:_identify(install) ignored
[0.217s] Level 1:colcon.colcon_core.package_identification:_identify(log) by extensions ['ignore', 'ignore_ament_install']
[0.217s] Level 1:colcon.colcon_core.package_identification:_identify(log) by extension 'ignore'
[0.217s] Level 1:colcon.colcon_core.package_identification:_identify(log) ignored
[0.217s] Level 1:colcon.colcon_core.package_identification:_identify(src) by extensions ['ignore', 'ignore_ament_install']
[0.217s] Level 1:colcon.colcon_core.package_identification:_identify(src) by extension 'ignore'
[0.217s] Level 1:colcon.colcon_core.package_identification:_identify(src) by extension 'ignore_ament_install'
[0.217s] Level 1:colcon.colcon_core.package_identification:_identify(src) by extensions ['colcon_pkg']
[0.217s] Level 1:colcon.colcon_core.package_identification:_identify(src) by extension 'colcon_pkg'
[0.217s] Level 1:colcon.colcon_core.package_identification:_identify(src) by extensions ['colcon_meta']
[0.217s] Level 1:colcon.colcon_core.package_identification:_identify(src) by extension 'colcon_meta'
[0.217s] Level 1:colcon.colcon_core.package_identification:_identify(src) by extensions ['ros']
[0.217s] Level 1:colcon.colcon_core.package_identification:_identify(src) by extension 'ros'
[0.217s] Level 1:colcon.colcon_core.package_identification:_identify(src) by extensions ['cmake', 'python']
[0.217s] Level 1:colcon.colcon_core.package_identification:_identify(src) by extension 'cmake'
[0.217s] Level 1:colcon.colcon_core.package_identification:_identify(src) by extension 'python'
[0.217s] Level 1:colcon.colcon_core.package_identification:_identify(src) by extensions ['python_setup_py']
[0.217s] Level 1:colcon.colcon_core.package_identification:_identify(src) by extension 'python_setup_py'
[0.217s] Level 1:colcon.colcon_core.package_identification:_identify(src/mypkg) by extensions ['ignore', 'ignore_ament_install']
[0.217s] Level 1:colcon.colcon_core.package_identification:_identify(src/mypkg) by extension 'ignore'
[0.217s] Level 1:colcon.colcon_core.package_identification:_identify(src/mypkg) by extension 'ignore_ament_install'
[0.217s] Level 1:colcon.colcon_core.package_identification:_identify(src/mypkg) by extensions ['colcon_pkg']
[0.217s] Level 1:colcon.colcon_core.package_identification:_identify(src/mypkg) by extension 'colcon_pkg'
[0.217s] Level 1:colcon.colcon_core.package_identification:_identify(src/mypkg) by extensions ['colcon_meta']
[0.217s] Level 1:colcon.colcon_core.package_identification:_identify(src/mypkg) by extension 'colcon_meta'
[0.217s] Level 1:colcon.colcon_core.package_identification:_identify(src/mypkg) by extensions ['ros']
[0.217s] Level 1:colcon.colcon_core.package_identification:_identify(src/mypkg) by extension 'ros'
[0.219s] DEBUG:colcon.colcon_core.package_identification:Found ROS schema reference in package manifest in 'src/mypkg'
[0.219s] WARNING:colcon.colcon_core.package_identification:Failed to parse ROS package manifest in 'src/mypkg': Error(s) in package 'src/mypkg/package.xml':
Invalid email "@gmail.com" for person "Masaki Mitani"
[0.219s] Level 1:colcon.colcon_core.package_identification:_identify(src/mypkg) by extensions ['cmake', 'python']
[0.219s] Level 1:colcon.colcon_core.package_identification:_identify(src/mypkg) by extension 'cmake'
[0.219s] Level 1:colcon.colcon_core.package_identification:_identify(src/mypkg) by extension 'python'
[0.219s] DEBUG:colcon.colcon_core.package_identification:Python package in 'src/mypkg' passes arguments to the setup() function which requires a different identification extension than 'python'
[0.219s] Level 1:colcon.colcon_core.package_identification:_identify(src/mypkg) by extensions ['python_setup_py']
[0.219s] Level 1:colcon.colcon_core.package_identification:_identify(src/mypkg) by extension 'python_setup_py'
[0.338s] DEBUG:colcon.colcon_core.package_identification:Package 'src/mypkg' with type 'python' and name 'mypkg'
[0.338s] Level 1:colcon.colcon_core.package_discovery:discover_packages(recursive) using defaults
[0.338s] Level 1:colcon.colcon_core.package_discovery:discover_packages(ignore) discover
[0.338s] Level 1:colcon.colcon_core.package_discovery:discover_packages(ignore) using defaults
[0.338s] Level 1:colcon.colcon_core.package_discovery:discover_packages(path) discover
[0.338s] Level 1:colcon.colcon_core.package_discovery:discover_packages(path) using defaults
[0.349s] Level 1:colcon.colcon_core.package_discovery:discover_packages(prefix_path) check parameters
[0.349s] Level 1:colcon.colcon_core.package_discovery:discover_packages(prefix_path) discover
[0.350s] DEBUG:colcon.colcon_installed_package_information.package_discovery:Found 1 installed packages in /home/masaki/ros2_setup_scripts/ros2_ws/install
[0.350s] DEBUG:colcon.colcon_installed_package_information.package_discovery:Found 1 installed packages in /home/masaki/ros2_setup_scripts/happy_ws/install
[0.351s] DEBUG:colcon.colcon_installed_package_information.package_discovery:Found 273 installed packages in /opt/ros/humble
[0.352s] Level 1:colcon.colcon_core.package_discovery:discover_packages(prefix_path) using defaults
[0.374s] Level 5:colcon.colcon_core.verb:set package 'mypkg' build argument 'cmake_args' from command line to 'None'
[0.374s] Level 5:colcon.colcon_core.verb:set package 'mypkg' build argument 'cmake_target' from command line to 'None'
[0.374s] Level 5:colcon.colcon_core.verb:set package 'mypkg' build argument 'cmake_target_skip_unavailable' from command line to 'False'
[0.374s] Level 5:colcon.colcon_core.verb:set package 'mypkg' build argument 'cmake_clean_cache' from command line to 'False'
[0.374s] Level 5:colcon.colcon_core.verb:set package 'mypkg' build argument 'cmake_clean_first' from command line to 'False'
[0.374s] Level 5:colcon.colcon_core.verb:set package 'mypkg' build argument 'cmake_force_configure' from command line to 'False'
[0.374s] Level 5:colcon.colcon_core.verb:set package 'mypkg' build argument 'ament_cmake_args' from command line to 'None'
[0.374s] Level 5:colcon.colcon_core.verb:set package 'mypkg' build argument 'catkin_cmake_args' from command line to 'None'
[0.374s] Level 5:colcon.colcon_core.verb:set package 'mypkg' build argument 'catkin_skip_building_tests' from command line to 'False'
[0.374s] DEBUG:colcon.colcon_core.verb:Building package 'mypkg' with the following arguments: {'ament_cmake_args': None, 'build_base': '/home/masaki/ros2_setup_scripts/ros2_ws/build/mypkg', 'catkin_cmake_args': None, 'catkin_skip_building_tests': False, 'cmake_args': None, 'cmake_clean_cache': False, 'cmake_clean_first': False, 'cmake_force_configure': False, 'cmake_target': None, 'cmake_target_skip_unavailable': False, 'install_base': '/home/masaki/ros2_setup_scripts/ros2_ws/install/mypkg', 'merge_install': False, 'path': '/home/masaki/ros2_setup_scripts/ros2_ws/src/mypkg', 'symlink_install': False, 'test_result_base': None}
[0.374s] INFO:colcon.colcon_core.executor:Executing jobs using 'parallel' executor
[0.375s] DEBUG:colcon.colcon_parallel_executor.executor.parallel:run_until_complete
[0.375s] INFO:colcon.colcon_core.task.python.build:Building Python package in '/home/masaki/ros2_setup_scripts/ros2_ws/src/mypkg'
[0.376s] INFO:colcon.colcon_core.plugin_system:Skipping extension 'colcon_core.shell.bat': Not used on non-Windows systems
[0.377s] INFO:colcon.colcon_core.shell:Skip shell extension 'powershell' for command environment: Not usable outside of PowerShell
[0.377s] DEBUG:colcon.colcon_core.shell:Skip shell extension 'dsv' for command environment
[0.666s] DEBUG:colcon.colcon_core.task.python.build:Available setuptools commands: upload, install_scripts, rotate, develop, dist_info, bdist_dumb, sdist, easy_install, init_catalog, egg_info, clean, alias, build_py, test, build_scripts, install, bdist_rpm, extract_messages, build_clib, install_headers, build, compile_catalog, update_catalog, bdist_egg, symlink_data, bdist, install_lib, setopt, register, check, upload_docs, build_ext, saveopts, install_data, install_egg_info
[0.670s] DEBUG:colcon.colcon_core.event_handler.log_command:Invoking command in '/home/masaki/ros2_setup_scripts/ros2_ws/src/mypkg': CONDA_PROMPT_MODIFIER=(base) PYTHONPATH=/home/masaki/ros2_setup_scripts/ros2_ws/build/mypkg/prefix_override:/usr/lib/python3/dist-packages/colcon_core/task/python/colcon_distutils_commands:/home/masaki/ros2_setup_scripts/ros2_ws/install/mypkg/lib/python3.10/site-packages:${PYTHONPATH} /usr/bin/python3 -W ignore:setup.py install is deprecated -W ignore:easy_install command is deprecated setup.py egg_info --egg-base ../../build/mypkg build --build-base /home/masaki/ros2_setup_scripts/ros2_ws/build/mypkg/build install --record /home/masaki/ros2_setup_scripts/ros2_ws/build/mypkg/install.log --install-scripts $base/lib/mypkg --single-version-externally-managed install_data
[0.807s] DEBUG:colcon.colcon_core.event_handler.log_command:Invoked command in '/home/masaki/ros2_setup_scripts/ros2_ws/src/mypkg' returned '0': CONDA_PROMPT_MODIFIER=(base) PYTHONPATH=/home/masaki/ros2_setup_scripts/ros2_ws/build/mypkg/prefix_override:/usr/lib/python3/dist-packages/colcon_core/task/python/colcon_distutils_commands:/home/masaki/ros2_setup_scripts/ros2_ws/install/mypkg/lib/python3.10/site-packages:${PYTHONPATH} /usr/bin/python3 -W ignore:setup.py install is deprecated -W ignore:easy_install command is deprecated setup.py egg_info --egg-base ../../build/mypkg build --build-base /home/masaki/ros2_setup_scripts/ros2_ws/build/mypkg/build install --record /home/masaki/ros2_setup_scripts/ros2_ws/build/mypkg/install.log --install-scripts $base/lib/mypkg --single-version-externally-managed install_data
[0.808s] Level 1:colcon.colcon_core.environment:checking '/home/masaki/ros2_setup_scripts/ros2_ws/install/mypkg' for CMake module files
[0.809s] Level 1:colcon.colcon_core.environment:checking '/home/masaki/ros2_setup_scripts/ros2_ws/install/mypkg' for CMake config files
[0.809s] Level 1:colcon.colcon_core.environment:checking '/home/masaki/ros2_setup_scripts/ros2_ws/install/mypkg/lib'
[0.809s] Level 1:colcon.colcon_core.environment:checking '/home/masaki/ros2_setup_scripts/ros2_ws/install/mypkg/bin'
[0.809s] Level 1:colcon.colcon_core.environment:checking '/home/masaki/ros2_setup_scripts/ros2_ws/install/mypkg/lib/pkgconfig/mypkg.pc'
[0.809s] Level 1:colcon.colcon_core.environment:checking '/home/masaki/ros2_setup_scripts/ros2_ws/install/mypkg/lib/python3.10/site-packages'
[0.809s] Level 1:colcon.colcon_core.shell:create_environment_hook('mypkg', 'pythonpath')
[0.810s] INFO:colcon.colcon_core.shell:Creating environment hook '/home/masaki/ros2_setup_scripts/ros2_ws/install/mypkg/share/mypkg/hook/pythonpath.ps1'
[0.810s] INFO:colcon.colcon_core.shell:Creating environment descriptor '/home/masaki/ros2_setup_scripts/ros2_ws/install/mypkg/share/mypkg/hook/pythonpath.dsv'
[0.810s] INFO:colcon.colcon_core.shell:Creating environment hook '/home/masaki/ros2_setup_scripts/ros2_ws/install/mypkg/share/mypkg/hook/pythonpath.sh'
[0.811s] Level 1:colcon.colcon_core.environment:checking '/home/masaki/ros2_setup_scripts/ros2_ws/install/mypkg/bin'
[0.811s] Level 1:colcon.colcon_core.environment:create_environment_scripts_only(mypkg)
[0.811s] INFO:colcon.colcon_core.shell:Creating package script '/home/masaki/ros2_setup_scripts/ros2_ws/install/mypkg/share/mypkg/package.ps1'
[0.812s] INFO:colcon.colcon_core.shell:Creating package descriptor '/home/masaki/ros2_setup_scripts/ros2_ws/install/mypkg/share/mypkg/package.dsv'
[0.812s] INFO:colcon.colcon_core.shell:Creating package script '/home/masaki/ros2_setup_scripts/ros2_ws/install/mypkg/share/mypkg/package.sh'
[0.812s] INFO:colcon.colcon_core.shell:Creating package script '/home/masaki/ros2_setup_scripts/ros2_ws/install/mypkg/share/mypkg/package.bash'
[0.813s] INFO:colcon.colcon_core.shell:Creating package script '/home/masaki/ros2_setup_scripts/ros2_ws/install/mypkg/share/mypkg/package.zsh'
[0.813s] Level 1:colcon.colcon_core.environment:create_file_with_runtime_dependencies(/home/masaki/ros2_setup_scripts/ros2_ws/install/mypkg/share/colcon-core/packages/mypkg)
[0.813s] DEBUG:colcon.colcon_parallel_executor.executor.parallel:closing loop
[0.814s] DEBUG:colcon.colcon_parallel_executor.executor.parallel:loop closed
[0.814s] DEBUG:colcon.colcon_parallel_executor.executor.parallel:run_until_complete finished with '0'
[0.814s] DEBUG:colcon.colcon_core.event_reactor:joining thread
[0.817s] INFO:colcon.colcon_core.plugin_system:Skipping extension 'colcon_notification.desktop_notification.terminal_notifier': Not used on non-Darwin systems
[0.817s] INFO:colcon.colcon_core.plugin_system:Skipping extension 'colcon_notification.desktop_notification.win32': Not used on non-Windows systems
[0.817s] INFO:colcon.colcon_notification.desktop_notification:Sending desktop notification using 'notify2'
[0.817s] DEBUG:colcon.colcon_notification.desktop_notification.notify2:Failed to initialize notify2: org.freedesktop.DBus.Error.FileNotFound: Failed to connect to socket /run/user/1000/bus: No such file or directory
[0.817s] DEBUG:colcon.colcon_core.event_reactor:joined thread
[0.817s] INFO:colcon.colcon_core.shell:Creating prefix script '/home/masaki/ros2_setup_scripts/ros2_ws/install/local_setup.ps1'
[0.818s] INFO:colcon.colcon_core.shell:Creating prefix util module '/home/masaki/ros2_setup_scripts/ros2_ws/install/_local_setup_util_ps1.py'
[0.819s] INFO:colcon.colcon_core.shell:Creating prefix chain script '/home/masaki/ros2_setup_scripts/ros2_ws/install/setup.ps1'
[0.819s] INFO:colcon.colcon_core.shell:Creating prefix script '/home/masaki/ros2_setup_scripts/ros2_ws/install/local_setup.sh'
[0.820s] INFO:colcon.colcon_core.shell:Creating prefix util module '/home/masaki/ros2_setup_scripts/ros2_ws/install/_local_setup_util_sh.py'
[0.820s] INFO:colcon.colcon_core.shell:Creating prefix chain script '/home/masaki/ros2_setup_scripts/ros2_ws/install/setup.sh'
[0.821s] INFO:colcon.colcon_core.shell:Creating prefix script '/home/masaki/ros2_setup_scripts/ros2_ws/install/local_setup.bash'
[0.821s] INFO:colcon.colcon_core.shell:Creating prefix chain script '/home/masaki/ros2_setup_scripts/ros2_ws/install/setup.bash'
[0.822s] INFO:colcon.colcon_core.shell:Creating prefix script '/home/masaki/ros2_setup_scripts/ros2_ws/install/local_setup.zsh'
[0.822s] INFO:colcon.colcon_core.shell:Creating prefix chain script '/home/masaki/ros2_setup_scripts/ros2_ws/install/setup.zsh'
