[0.287s] DEBUG:colcon:Command line arguments: ['/usr/bin/colcon', 'build']
[0.287s] DEBUG:colcon:Parsed command line arguments: Namespace(log_base=None, log_level=None, verb_name='build', build_base='build', install_base='install', merge_install=False, symlink_install=False, test_result_base=None, continue_on_error=False, executor='parallel', parallel_workers=24, event_handlers=None, ignore_user_meta=False, metas=['./colcon.meta'], base_paths=['.'], packages_ignore=None, packages_ignore_regex=None, paths=None, packages_up_to=None, packages_up_to_regex=None, packages_above=None, packages_above_and_dependencies=None, packages_above_depth=None, packages_select_by_dep=None, packages_skip_by_dep=None, packages_skip_up_to=None, packages_select_build_failed=False, packages_skip_build_finished=False, packages_select_test_failures=False, packages_skip_test_passed=False, packages_select=None, packages_skip=None, packages_select_regex=None, packages_skip_regex=None, packages_start=None, packages_end=None, allow_overriding=[], cmake_args=None, cmake_target=None, cmake_target_skip_unavailable=False, cmake_clean_cache=False, cmake_clean_first=False, cmake_force_configure=False, ament_cmake_args=None, catkin_cmake_args=None, catkin_skip_building_tests=False, verb_parser=<colcon_defaults.argument_parser.defaults.DefaultArgumentsDecorator object at 0x746c6cc3ca00>, verb_extension=<colcon_core.verb.build.BuildVerb object at 0x746c6cd662f0>, main=<bound method BuildVerb.main of <colcon_core.verb.build.BuildVerb object at 0x746c6cd662f0>>)
[0.489s] Level 1:colcon.colcon_core.package_discovery:discover_packages(colcon_meta) check parameters
[0.489s] Level 1:colcon.colcon_core.package_discovery:discover_packages(recursive) check parameters
[0.489s] Level 1:colcon.colcon_core.package_discovery:discover_packages(ignore) check parameters
[0.489s] Level 1:colcon.colcon_core.package_discovery:discover_packages(path) check parameters
[0.489s] Level 1:colcon.colcon_core.package_discovery:discover_packages(colcon_meta) discover
[0.489s] Level 1:colcon.colcon_core.package_discovery:discover_packages(recursive) discover
[0.489s] INFO:colcon.colcon_core.package_discovery:Crawling recursively for packages in '/home/masaki/ros2_setup_scripts/happy_ws/src'
[0.489s] Level 1:colcon.colcon_core.package_identification:_identify(.) by extensions ['ignore', 'ignore_ament_install']
[0.489s] Level 1:colcon.colcon_core.package_identification:_identify(.) by extension 'ignore'
[0.489s] Level 1:colcon.colcon_core.package_identification:_identify(.) by extension 'ignore_ament_install'
[0.489s] Level 1:colcon.colcon_core.package_identification:_identify(.) by extensions ['colcon_pkg']
[0.489s] Level 1:colcon.colcon_core.package_identification:_identify(.) by extension 'colcon_pkg'
[0.489s] Level 1:colcon.colcon_core.package_identification:_identify(.) by extensions ['colcon_meta']
[0.489s] Level 1:colcon.colcon_core.package_identification:_identify(.) by extension 'colcon_meta'
[0.489s] Level 1:colcon.colcon_core.package_identification:_identify(.) by extensions ['ros']
[0.489s] Level 1:colcon.colcon_core.package_identification:_identify(.) by extension 'ros'
[0.503s] Level 1:colcon.colcon_core.package_identification:_identify(.) by extensions ['cmake', 'python']
[0.503s] Level 1:colcon.colcon_core.package_identification:_identify(.) by extension 'cmake'
[0.503s] Level 1:colcon.colcon_core.package_identification:_identify(.) by extension 'python'
[0.503s] Level 1:colcon.colcon_core.package_identification:_identify(.) by extensions ['python_setup_py']
[0.503s] Level 1:colcon.colcon_core.package_identification:_identify(.) by extension 'python_setup_py'
[0.503s] Level 1:colcon.colcon_core.package_identification:_identify(build) by extensions ['ignore', 'ignore_ament_install']
[0.503s] Level 1:colcon.colcon_core.package_identification:_identify(build) by extension 'ignore'
[0.503s] Level 1:colcon.colcon_core.package_identification:_identify(build) ignored
[0.503s] Level 1:colcon.colcon_core.package_identification:_identify(happy_topic) by extensions ['ignore', 'ignore_ament_install']
[0.504s] Level 1:colcon.colcon_core.package_identification:_identify(happy_topic) by extension 'ignore'
[0.504s] Level 1:colcon.colcon_core.package_identification:_identify(happy_topic) by extension 'ignore_ament_install'
[0.504s] Level 1:colcon.colcon_core.package_identification:_identify(happy_topic) by extensions ['colcon_pkg']
[0.504s] Level 1:colcon.colcon_core.package_identification:_identify(happy_topic) by extension 'colcon_pkg'
[0.504s] Level 1:colcon.colcon_core.package_identification:_identify(happy_topic) by extensions ['colcon_meta']
[0.504s] Level 1:colcon.colcon_core.package_identification:_identify(happy_topic) by extension 'colcon_meta'
[0.504s] Level 1:colcon.colcon_core.package_identification:_identify(happy_topic) by extensions ['ros']
[0.504s] Level 1:colcon.colcon_core.package_identification:_identify(happy_topic) by extension 'ros'
[0.508s] DEBUG:colcon.colcon_core.package_identification:Package 'happy_topic' with type 'ros.ament_python' and name 'happy_topic'
[0.508s] Level 1:colcon.colcon_core.package_identification:_identify(hello) by extensions ['ignore', 'ignore_ament_install']
[0.508s] Level 1:colcon.colcon_core.package_identification:_identify(hello) by extension 'ignore'
[0.508s] Level 1:colcon.colcon_core.package_identification:_identify(hello) by extension 'ignore_ament_install'
[0.508s] Level 1:colcon.colcon_core.package_identification:_identify(hello) by extensions ['colcon_pkg']
[0.509s] Level 1:colcon.colcon_core.package_identification:_identify(hello) by extension 'colcon_pkg'
[0.509s] Level 1:colcon.colcon_core.package_identification:_identify(hello) by extensions ['colcon_meta']
[0.509s] Level 1:colcon.colcon_core.package_identification:_identify(hello) by extension 'colcon_meta'
[0.509s] Level 1:colcon.colcon_core.package_identification:_identify(hello) by extensions ['ros']
[0.509s] Level 1:colcon.colcon_core.package_identification:_identify(hello) by extension 'ros'
[0.510s] DEBUG:colcon.colcon_core.package_identification:Package 'hello' with type 'ros.ament_python' and name 'hello'
[0.510s] Level 1:colcon.colcon_core.package_identification:_identify(install) by extensions ['ignore', 'ignore_ament_install']
[0.510s] Level 1:colcon.colcon_core.package_identification:_identify(install) by extension 'ignore'
[0.510s] Level 1:colcon.colcon_core.package_identification:_identify(install) ignored
[0.510s] Level 1:colcon.colcon_core.package_identification:_identify(log) by extensions ['ignore', 'ignore_ament_install']
[0.510s] Level 1:colcon.colcon_core.package_identification:_identify(log) by extension 'ignore'
[0.510s] Level 1:colcon.colcon_core.package_identification:_identify(log) ignored
[0.510s] Level 1:colcon.colcon_core.package_identification:_identify(my_happy) by extensions ['ignore', 'ignore_ament_install']
[0.510s] Level 1:colcon.colcon_core.package_identification:_identify(my_happy) by extension 'ignore'
[0.510s] Level 1:colcon.colcon_core.package_identification:_identify(my_happy) by extension 'ignore_ament_install'
[0.511s] Level 1:colcon.colcon_core.package_identification:_identify(my_happy) by extensions ['colcon_pkg']
[0.511s] Level 1:colcon.colcon_core.package_identification:_identify(my_happy) by extension 'colcon_pkg'
[0.511s] Level 1:colcon.colcon_core.package_identification:_identify(my_happy) by extensions ['colcon_meta']
[0.511s] Level 1:colcon.colcon_core.package_identification:_identify(my_happy) by extension 'colcon_meta'
[0.511s] Level 1:colcon.colcon_core.package_identification:_identify(my_happy) by extensions ['ros']
[0.511s] Level 1:colcon.colcon_core.package_identification:_identify(my_happy) by extension 'ros'
[0.511s] DEBUG:colcon.colcon_core.package_identification:Package 'my_happy' with type 'ros.ament_python' and name 'my_happy'
[0.511s] Level 1:colcon.colcon_core.package_identification:_identify(time_topic) by extensions ['ignore', 'ignore_ament_install']
[0.511s] Level 1:colcon.colcon_core.package_identification:_identify(time_topic) by extension 'ignore'
[0.511s] Level 1:colcon.colcon_core.package_identification:_identify(time_topic) by extension 'ignore_ament_install'
[0.511s] Level 1:colcon.colcon_core.package_identification:_identify(time_topic) by extensions ['colcon_pkg']
[0.511s] Level 1:colcon.colcon_core.package_identification:_identify(time_topic) by extension 'colcon_pkg'
[0.511s] Level 1:colcon.colcon_core.package_identification:_identify(time_topic) by extensions ['colcon_meta']
[0.511s] Level 1:colcon.colcon_core.package_identification:_identify(time_topic) by extension 'colcon_meta'
[0.511s] Level 1:colcon.colcon_core.package_identification:_identify(time_topic) by extensions ['ros']
[0.511s] Level 1:colcon.colcon_core.package_identification:_identify(time_topic) by extension 'ros'
[0.512s] DEBUG:colcon.colcon_core.package_identification:Package 'time_topic' with type 'ros.ament_python' and name 'time_topic'
[0.512s] Level 1:colcon.colcon_core.package_discovery:discover_packages(recursive) using defaults
[0.512s] Level 1:colcon.colcon_core.package_discovery:discover_packages(ignore) discover
[0.512s] Level 1:colcon.colcon_core.package_discovery:discover_packages(ignore) using defaults
[0.512s] Level 1:colcon.colcon_core.package_discovery:discover_packages(path) discover
[0.512s] Level 1:colcon.colcon_core.package_discovery:discover_packages(path) using defaults
[0.541s] Level 1:colcon.colcon_core.package_discovery:discover_packages(prefix_path) check parameters
[0.541s] Level 1:colcon.colcon_core.package_discovery:discover_packages(prefix_path) discover
[0.544s] DEBUG:colcon.colcon_installed_package_information.package_discovery:Found 2 installed packages in /home/masaki/ros2_setup_scripts/happy_ws/install
[0.546s] DEBUG:colcon.colcon_installed_package_information.package_discovery:Found 378 installed packages in /opt/ros/humble
[0.552s] Level 1:colcon.colcon_core.package_discovery:discover_packages(prefix_path) using defaults
[0.628s] Level 5:colcon.colcon_core.verb:set package 'happy_topic' build argument 'cmake_args' from command line to 'None'
[0.628s] Level 5:colcon.colcon_core.verb:set package 'happy_topic' build argument 'cmake_target' from command line to 'None'
[0.628s] Level 5:colcon.colcon_core.verb:set package 'happy_topic' build argument 'cmake_target_skip_unavailable' from command line to 'False'
[0.628s] Level 5:colcon.colcon_core.verb:set package 'happy_topic' build argument 'cmake_clean_cache' from command line to 'False'
[0.628s] Level 5:colcon.colcon_core.verb:set package 'happy_topic' build argument 'cmake_clean_first' from command line to 'False'
[0.628s] Level 5:colcon.colcon_core.verb:set package 'happy_topic' build argument 'cmake_force_configure' from command line to 'False'
[0.628s] Level 5:colcon.colcon_core.verb:set package 'happy_topic' build argument 'ament_cmake_args' from command line to 'None'
[0.628s] Level 5:colcon.colcon_core.verb:set package 'happy_topic' build argument 'catkin_cmake_args' from command line to 'None'
[0.628s] Level 5:colcon.colcon_core.verb:set package 'happy_topic' build argument 'catkin_skip_building_tests' from command line to 'False'
[0.628s] DEBUG:colcon.colcon_core.verb:Building package 'happy_topic' with the following arguments: {'ament_cmake_args': None, 'build_base': '/home/masaki/ros2_setup_scripts/happy_ws/src/build/happy_topic', 'catkin_cmake_args': None, 'catkin_skip_building_tests': False, 'cmake_args': None, 'cmake_clean_cache': False, 'cmake_clean_first': False, 'cmake_force_configure': False, 'cmake_target': None, 'cmake_target_skip_unavailable': False, 'install_base': '/home/masaki/ros2_setup_scripts/happy_ws/src/install/happy_topic', 'merge_install': False, 'path': '/home/masaki/ros2_setup_scripts/happy_ws/src/happy_topic', 'symlink_install': False, 'test_result_base': None}
[0.628s] Level 5:colcon.colcon_core.verb:set package 'hello' build argument 'cmake_args' from command line to 'None'
[0.628s] Level 5:colcon.colcon_core.verb:set package 'hello' build argument 'cmake_target' from command line to 'None'
[0.628s] Level 5:colcon.colcon_core.verb:set package 'hello' build argument 'cmake_target_skip_unavailable' from command line to 'False'
[0.628s] Level 5:colcon.colcon_core.verb:set package 'hello' build argument 'cmake_clean_cache' from command line to 'False'
[0.628s] Level 5:colcon.colcon_core.verb:set package 'hello' build argument 'cmake_clean_first' from command line to 'False'
[0.628s] Level 5:colcon.colcon_core.verb:set package 'hello' build argument 'cmake_force_configure' from command line to 'False'
[0.628s] Level 5:colcon.colcon_core.verb:set package 'hello' build argument 'ament_cmake_args' from command line to 'None'
[0.628s] Level 5:colcon.colcon_core.verb:set package 'hello' build argument 'catkin_cmake_args' from command line to 'None'
[0.628s] Level 5:colcon.colcon_core.verb:set package 'hello' build argument 'catkin_skip_building_tests' from command line to 'False'
[0.628s] DEBUG:colcon.colcon_core.verb:Building package 'hello' with the following arguments: {'ament_cmake_args': None, 'build_base': '/home/masaki/ros2_setup_scripts/happy_ws/src/build/hello', 'catkin_cmake_args': None, 'catkin_skip_building_tests': False, 'cmake_args': None, 'cmake_clean_cache': False, 'cmake_clean_first': False, 'cmake_force_configure': False, 'cmake_target': None, 'cmake_target_skip_unavailable': False, 'install_base': '/home/masaki/ros2_setup_scripts/happy_ws/src/install/hello', 'merge_install': False, 'path': '/home/masaki/ros2_setup_scripts/happy_ws/src/hello', 'symlink_install': False, 'test_result_base': None}
[0.628s] Level 5:colcon.colcon_core.verb:set package 'my_happy' build argument 'cmake_args' from command line to 'None'
[0.628s] Level 5:colcon.colcon_core.verb:set package 'my_happy' build argument 'cmake_target' from command line to 'None'
[0.628s] Level 5:colcon.colcon_core.verb:set package 'my_happy' build argument 'cmake_target_skip_unavailable' from command line to 'False'
[0.629s] Level 5:colcon.colcon_core.verb:set package 'my_happy' build argument 'cmake_clean_cache' from command line to 'False'
[0.629s] Level 5:colcon.colcon_core.verb:set package 'my_happy' build argument 'cmake_clean_first' from command line to 'False'
[0.629s] Level 5:colcon.colcon_core.verb:set package 'my_happy' build argument 'cmake_force_configure' from command line to 'False'
[0.629s] Level 5:colcon.colcon_core.verb:set package 'my_happy' build argument 'ament_cmake_args' from command line to 'None'
[0.629s] Level 5:colcon.colcon_core.verb:set package 'my_happy' build argument 'catkin_cmake_args' from command line to 'None'
[0.629s] Level 5:colcon.colcon_core.verb:set package 'my_happy' build argument 'catkin_skip_building_tests' from command line to 'False'
[0.629s] DEBUG:colcon.colcon_core.verb:Building package 'my_happy' with the following arguments: {'ament_cmake_args': None, 'build_base': '/home/masaki/ros2_setup_scripts/happy_ws/src/build/my_happy', 'catkin_cmake_args': None, 'catkin_skip_building_tests': False, 'cmake_args': None, 'cmake_clean_cache': False, 'cmake_clean_first': False, 'cmake_force_configure': False, 'cmake_target': None, 'cmake_target_skip_unavailable': False, 'install_base': '/home/masaki/ros2_setup_scripts/happy_ws/src/install/my_happy', 'merge_install': False, 'path': '/home/masaki/ros2_setup_scripts/happy_ws/src/my_happy', 'symlink_install': False, 'test_result_base': None}
[0.629s] Level 5:colcon.colcon_core.verb:set package 'time_topic' build argument 'cmake_args' from command line to 'None'
[0.629s] Level 5:colcon.colcon_core.verb:set package 'time_topic' build argument 'cmake_target' from command line to 'None'
[0.629s] Level 5:colcon.colcon_core.verb:set package 'time_topic' build argument 'cmake_target_skip_unavailable' from command line to 'False'
[0.629s] Level 5:colcon.colcon_core.verb:set package 'time_topic' build argument 'cmake_clean_cache' from command line to 'False'
[0.629s] Level 5:colcon.colcon_core.verb:set package 'time_topic' build argument 'cmake_clean_first' from command line to 'False'
[0.629s] Level 5:colcon.colcon_core.verb:set package 'time_topic' build argument 'cmake_force_configure' from command line to 'False'
[0.629s] Level 5:colcon.colcon_core.verb:set package 'time_topic' build argument 'ament_cmake_args' from command line to 'None'
[0.629s] Level 5:colcon.colcon_core.verb:set package 'time_topic' build argument 'catkin_cmake_args' from command line to 'None'
[0.629s] Level 5:colcon.colcon_core.verb:set package 'time_topic' build argument 'catkin_skip_building_tests' from command line to 'False'
[0.629s] DEBUG:colcon.colcon_core.verb:Building package 'time_topic' with the following arguments: {'ament_cmake_args': None, 'build_base': '/home/masaki/ros2_setup_scripts/happy_ws/src/build/time_topic', 'catkin_cmake_args': None, 'catkin_skip_building_tests': False, 'cmake_args': None, 'cmake_clean_cache': False, 'cmake_clean_first': False, 'cmake_force_configure': False, 'cmake_target': None, 'cmake_target_skip_unavailable': False, 'install_base': '/home/masaki/ros2_setup_scripts/happy_ws/src/install/time_topic', 'merge_install': False, 'path': '/home/masaki/ros2_setup_scripts/happy_ws/src/time_topic', 'symlink_install': False, 'test_result_base': None}
[0.629s] INFO:colcon.colcon_core.executor:Executing jobs using 'parallel' executor
[0.630s] DEBUG:colcon.colcon_parallel_executor.executor.parallel:run_until_complete
[0.630s] INFO:colcon.colcon_ros.task.ament_python.build:Building ROS package in '/home/masaki/ros2_setup_scripts/happy_ws/src/happy_topic' with build type 'ament_python'
[0.630s] Level 1:colcon.colcon_core.shell:create_environment_hook('happy_topic', 'ament_prefix_path')
[0.634s] INFO:colcon.colcon_core.plugin_system:Skipping extension 'colcon_core.shell.bat': Not used on non-Windows systems
[0.634s] INFO:colcon.colcon_core.shell:Creating environment hook '/home/masaki/ros2_setup_scripts/happy_ws/src/install/happy_topic/share/happy_topic/hook/ament_prefix_path.ps1'
[0.635s] INFO:colcon.colcon_core.shell:Creating environment descriptor '/home/masaki/ros2_setup_scripts/happy_ws/src/install/happy_topic/share/happy_topic/hook/ament_prefix_path.dsv'
[0.636s] INFO:colcon.colcon_core.shell:Creating environment hook '/home/masaki/ros2_setup_scripts/happy_ws/src/install/happy_topic/share/happy_topic/hook/ament_prefix_path.sh'
[0.636s] INFO:colcon.colcon_core.shell:Skip shell extension 'powershell' for command environment: Not usable outside of PowerShell
[0.636s] DEBUG:colcon.colcon_core.shell:Skip shell extension 'dsv' for command environment
[0.639s] INFO:colcon.colcon_ros.task.ament_python.build:Building ROS package in '/home/masaki/ros2_setup_scripts/happy_ws/src/hello' with build type 'ament_python'
[0.639s] Level 1:colcon.colcon_core.shell:create_environment_hook('hello', 'ament_prefix_path')
[0.639s] INFO:colcon.colcon_core.shell:Creating environment hook '/home/masaki/ros2_setup_scripts/happy_ws/src/install/hello/share/hello/hook/ament_prefix_path.ps1'
[0.640s] INFO:colcon.colcon_core.shell:Creating environment descriptor '/home/masaki/ros2_setup_scripts/happy_ws/src/install/hello/share/hello/hook/ament_prefix_path.dsv'
[0.640s] INFO:colcon.colcon_core.shell:Creating environment hook '/home/masaki/ros2_setup_scripts/happy_ws/src/install/hello/share/hello/hook/ament_prefix_path.sh'
[0.641s] INFO:colcon.colcon_core.shell:Skip shell extension 'powershell' for command environment: Not usable outside of PowerShell
[0.641s] DEBUG:colcon.colcon_core.shell:Skip shell extension 'dsv' for command environment
[0.643s] INFO:colcon.colcon_ros.task.ament_python.build:Building ROS package in '/home/masaki/ros2_setup_scripts/happy_ws/src/my_happy' with build type 'ament_python'
[0.643s] Level 1:colcon.colcon_core.shell:create_environment_hook('my_happy', 'ament_prefix_path')
[0.643s] INFO:colcon.colcon_core.shell:Creating environment hook '/home/masaki/ros2_setup_scripts/happy_ws/src/install/my_happy/share/my_happy/hook/ament_prefix_path.ps1'
[0.644s] INFO:colcon.colcon_core.shell:Creating environment descriptor '/home/masaki/ros2_setup_scripts/happy_ws/src/install/my_happy/share/my_happy/hook/ament_prefix_path.dsv'
[0.644s] INFO:colcon.colcon_core.shell:Creating environment hook '/home/masaki/ros2_setup_scripts/happy_ws/src/install/my_happy/share/my_happy/hook/ament_prefix_path.sh'
[0.644s] INFO:colcon.colcon_core.shell:Skip shell extension 'powershell' for command environment: Not usable outside of PowerShell
[0.644s] DEBUG:colcon.colcon_core.shell:Skip shell extension 'dsv' for command environment
[0.646s] INFO:colcon.colcon_ros.task.ament_python.build:Building ROS package in '/home/masaki/ros2_setup_scripts/happy_ws/src/time_topic' with build type 'ament_python'
[0.647s] Level 1:colcon.colcon_core.shell:create_environment_hook('time_topic', 'ament_prefix_path')
[0.647s] INFO:colcon.colcon_core.shell:Creating environment hook '/home/masaki/ros2_setup_scripts/happy_ws/src/install/time_topic/share/time_topic/hook/ament_prefix_path.ps1'
[0.648s] INFO:colcon.colcon_core.shell:Creating environment descriptor '/home/masaki/ros2_setup_scripts/happy_ws/src/install/time_topic/share/time_topic/hook/ament_prefix_path.dsv'
[0.648s] INFO:colcon.colcon_core.shell:Creating environment hook '/home/masaki/ros2_setup_scripts/happy_ws/src/install/time_topic/share/time_topic/hook/ament_prefix_path.sh'
[0.648s] INFO:colcon.colcon_core.shell:Skip shell extension 'powershell' for command environment: Not usable outside of PowerShell
[0.648s] DEBUG:colcon.colcon_core.shell:Skip shell extension 'dsv' for command environment
[0.966s] INFO:colcon.colcon_core.task.python.build:Building Python package in '/home/masaki/ros2_setup_scripts/happy_ws/src/hello'
[0.966s] INFO:colcon.colcon_core.shell:Skip shell extension 'powershell' for command environment: Not usable outside of PowerShell
[0.966s] DEBUG:colcon.colcon_core.shell:Skip shell extension 'dsv' for command environment
[1.109s] INFO:colcon.colcon_core.task.python.build:Building Python package in '/home/masaki/ros2_setup_scripts/happy_ws/src/my_happy'
[1.109s] INFO:colcon.colcon_core.shell:Skip shell extension 'powershell' for command environment: Not usable outside of PowerShell
[1.109s] DEBUG:colcon.colcon_core.shell:Skip shell extension 'dsv' for command environment
[1.122s] DEBUG:colcon.colcon_parallel_executor.executor.parallel:closing loop
[1.122s] DEBUG:colcon.colcon_parallel_executor.executor.parallel:loop closed
[1.122s] DEBUG:colcon.colcon_parallel_executor.executor.parallel:run_until_complete finished with 'Command '['/usr/bin/python3', '-c', 'import sys;from contextlib import suppress;exec("with suppress(ImportError):    from setuptools.extern.packaging.specifiers    import SpecifierSet");exec("with suppress(ImportError):    from packaging.specifiers import SpecifierSet");from distutils.core import run_setup;dist = run_setup(    \'setup.py\', script_args=(\'--dry-run\',), stop_after=\'config\');skip_keys = (\'cmdclass\', \'distclass\', \'ext_modules\', \'metadata\');data = {    key: value for key, value in dist.__dict__.items()     if (        not key.startswith(\'_\') and         not callable(value) and         key not in skip_keys and         key not in dist.display_option_names    )};data[\'metadata\'] = {    k: v for k, v in dist.metadata.__dict__.items()     if k not in (\'license_files\', \'provides_extras\')};sys.stdout.buffer.write(repr(data).encode(\'utf-8\'))']' returned non-zero exit status 1.'
[1.122s] DEBUG:colcon.colcon_core.event_reactor:joining thread
[1.132s] INFO:colcon.colcon_core.plugin_system:Skipping extension 'colcon_notification.desktop_notification.terminal_notifier': Not used on non-Darwin systems
[1.132s] INFO:colcon.colcon_core.plugin_system:Skipping extension 'colcon_notification.desktop_notification.win32': Not used on non-Windows systems
[1.132s] INFO:colcon.colcon_notification.desktop_notification:Sending desktop notification using 'notify2'
[1.132s] DEBUG:colcon.colcon_notification.desktop_notification.notify2:Failed to initialize notify2: org.freedesktop.DBus.Error.FileNotFound: Failed to connect to socket /run/user/1000/bus: No such file or directory
[1.132s] DEBUG:colcon.colcon_core.event_reactor:joined thread
[1.132s] INFO:colcon.colcon_core.shell:Creating prefix script '/home/masaki/ros2_setup_scripts/happy_ws/src/install/local_setup.ps1'
[1.133s] INFO:colcon.colcon_core.shell:Creating prefix util module '/home/masaki/ros2_setup_scripts/happy_ws/src/install/_local_setup_util_ps1.py'
[1.134s] INFO:colcon.colcon_core.shell:Creating prefix chain script '/home/masaki/ros2_setup_scripts/happy_ws/src/install/setup.ps1'
[1.135s] INFO:colcon.colcon_core.shell:Creating prefix script '/home/masaki/ros2_setup_scripts/happy_ws/src/install/local_setup.sh'
[1.136s] INFO:colcon.colcon_core.shell:Creating prefix util module '/home/masaki/ros2_setup_scripts/happy_ws/src/install/_local_setup_util_sh.py'
[1.136s] INFO:colcon.colcon_core.shell:Creating prefix chain script '/home/masaki/ros2_setup_scripts/happy_ws/src/install/setup.sh'
[1.137s] INFO:colcon.colcon_core.shell:Creating prefix script '/home/masaki/ros2_setup_scripts/happy_ws/src/install/local_setup.bash'
[1.138s] INFO:colcon.colcon_core.shell:Creating prefix chain script '/home/masaki/ros2_setup_scripts/happy_ws/src/install/setup.bash'
[1.138s] INFO:colcon.colcon_core.shell:Creating prefix script '/home/masaki/ros2_setup_scripts/happy_ws/src/install/local_setup.zsh'
[1.139s] INFO:colcon.colcon_core.shell:Creating prefix chain script '/home/masaki/ros2_setup_scripts/happy_ws/src/install/setup.zsh'
