/home/masaki/ros2_setup_scripts/happy_ws/src/install/my_happy/lib/python3.10/site-packages/my_happy/__init__.py
/home/masaki/ros2_setup_scripts/happy_ws/src/install/my_happy/lib/python3.10/site-packages/my_happy/happy_node2.py
/home/masaki/ros2_setup_scripts/happy_ws/src/install/my_happy/lib/python3.10/site-packages/my_happy/happy_pub_node.py
/home/masaki/ros2_setup_scripts/happy_ws/src/install/my_happy/lib/python3.10/site-packages/my_happy/happy_node3.py
/home/masaki/ros2_setup_scripts/happy_ws/src/install/my_happy/lib/python3.10/site-packages/my_happy/happy_node.py
/home/masaki/ros2_setup_scripts/happy_ws/src/install/my_happy/lib/python3.10/site-packages/my_happy/__pycache__/__init__.cpython-310.pyc
/home/masaki/ros2_setup_scripts/happy_ws/src/install/my_happy/lib/python3.10/site-packages/my_happy/__pycache__/happy_node2.cpython-310.pyc
/home/masaki/ros2_setup_scripts/happy_ws/src/install/my_happy/lib/python3.10/site-packages/my_happy/__pycache__/happy_pub_node.cpython-310.pyc
/home/masaki/ros2_setup_scripts/happy_ws/src/install/my_happy/lib/python3.10/site-packages/my_happy/__pycache__/happy_node3.cpython-310.pyc
/home/masaki/ros2_setup_scripts/happy_ws/src/install/my_happy/lib/python3.10/site-packages/my_happy/__pycache__/happy_node.cpython-310.pyc
/home/masaki/ros2_setup_scripts/happy_ws/src/install/my_happy/share/ament_index/resource_index/packages/my_happy
/home/masaki/ros2_setup_scripts/happy_ws/src/install/my_happy/share/my_happy/package.xml
/home/masaki/ros2_setup_scripts/happy_ws/src/install/my_happy/lib/python3.10/site-packages/my_happy-0.0.0-py3.10.egg-info/top_level.txt
/home/masaki/ros2_setup_scripts/happy_ws/src/install/my_happy/lib/python3.10/site-packages/my_happy-0.0.0-py3.10.egg-info/entry_points.txt
/home/masaki/ros2_setup_scripts/happy_ws/src/install/my_happy/lib/python3.10/site-packages/my_happy-0.0.0-py3.10.egg-info/PKG-INFO
/home/masaki/ros2_setup_scripts/happy_ws/src/install/my_happy/lib/python3.10/site-packages/my_happy-0.0.0-py3.10.egg-info/requires.txt
/home/masaki/ros2_setup_scripts/happy_ws/src/install/my_happy/lib/python3.10/site-packages/my_happy-0.0.0-py3.10.egg-info/dependency_links.txt
/home/masaki/ros2_setup_scripts/happy_ws/src/install/my_happy/lib/python3.10/site-packages/my_happy-0.0.0-py3.10.egg-info/SOURCES.txt
/home/masaki/ros2_setup_scripts/happy_ws/src/install/my_happy/lib/python3.10/site-packages/my_happy-0.0.0-py3.10.egg-info/zip-safe
/home/masaki/ros2_setup_scripts/happy_ws/src/install/my_happy/lib/my_happy/happy_node
/home/masaki/ros2_setup_scripts/happy_ws/src/install/my_happy/lib/my_happy/happy_node2
/home/masaki/ros2_setup_scripts/happy_ws/src/install/my_happy/lib/my_happy/happy_node3
/home/masaki/ros2_setup_scripts/happy_ws/src/install/my_happy/lib/my_happy/happy_pub_node
