[0.184s] Invoking command in '/home/masaki/ros2_setup_scripts/turtlebot3_ws/build/turtlebot3_simulations': AMENT_PREFIX_PATH=/home/masaki/ros2_setup_scripts/turtlebot3_ws/install/turtlebot3_manipulation_gazebo:/home/masaki/ros2_setup_scripts/turtlebot3_ws/install/turtlebot3_gazebo:/home/masaki/ros2_setup_scripts/turtlebot3_ws/install/turtlebot3_fake_node:${AMENT_PREFIX_PATH} CMAKE_PREFIX_PATH=/home/masaki/ros2_setup_scripts/turtlebot3_ws/install/turtlebot3_manipulation_gazebo:/home/masaki/ros2_setup_scripts/turtlebot3_ws/install/turtlebot3_gazebo:/home/masaki/ros2_setup_scripts/turtlebot3_ws/install/turtlebot3_fake_node:/opt/ros/humble CONDA_PROMPT_MODIFIER=(base) /usr/bin/cmake --build /home/masaki/ros2_setup_scripts/turtlebot3_ws/build/turtlebot3_simulations -- -j24 -l24
[0.210s] Invoked command in '/home/masaki/ros2_setup_scripts/turtlebot3_ws/build/turtlebot3_simulations' returned '0': AMENT_PREFIX_PATH=/home/masaki/ros2_setup_scripts/turtlebot3_ws/install/turtlebot3_manipulation_gazebo:/home/masaki/ros2_setup_scripts/turtlebot3_ws/install/turtlebot3_gazebo:/home/masaki/ros2_setup_scripts/turtlebot3_ws/install/turtlebot3_fake_node:${AMENT_PREFIX_PATH} CMAKE_PREFIX_PATH=/home/masaki/ros2_setup_scripts/turtlebot3_ws/install/turtlebot3_manipulation_gazebo:/home/masaki/ros2_setup_scripts/turtlebot3_ws/install/turtlebot3_gazebo:/home/masaki/ros2_setup_scripts/turtlebot3_ws/install/turtlebot3_fake_node:/opt/ros/humble CONDA_PROMPT_MODIFIER=(base) /usr/bin/cmake --build /home/masaki/ros2_setup_scripts/turtlebot3_ws/build/turtlebot3_simulations -- -j24 -l24
[0.212s] Invoking command in '/home/masaki/ros2_setup_scripts/turtlebot3_ws/build/turtlebot3_simulations': AMENT_PREFIX_PATH=/home/masaki/ros2_setup_scripts/turtlebot3_ws/install/turtlebot3_manipulation_gazebo:/home/masaki/ros2_setup_scripts/turtlebot3_ws/install/turtlebot3_gazebo:/home/masaki/ros2_setup_scripts/turtlebot3_ws/install/turtlebot3_fake_node:${AMENT_PREFIX_PATH} CMAKE_PREFIX_PATH=/home/masaki/ros2_setup_scripts/turtlebot3_ws/install/turtlebot3_manipulation_gazebo:/home/masaki/ros2_setup_scripts/turtlebot3_ws/install/turtlebot3_gazebo:/home/masaki/ros2_setup_scripts/turtlebot3_ws/install/turtlebot3_fake_node:/opt/ros/humble CONDA_PROMPT_MODIFIER=(base) /usr/bin/cmake --install /home/masaki/ros2_setup_scripts/turtlebot3_ws/build/turtlebot3_simulations
[0.218s] -- Install configuration: ""
[0.219s] -- Execute custom install script
[0.219s] -- Up-to-date symlink: /home/masaki/ros2_setup_scripts/turtlebot3_ws/install/turtlebot3_simulations/share/ament_index/resource_index/package_run_dependencies/turtlebot3_simulations
[0.220s] -- Up-to-date symlink: /home/masaki/ros2_setup_scripts/turtlebot3_ws/install/turtlebot3_simulations/share/ament_index/resource_index/parent_prefix_path/turtlebot3_simulations
[0.220s] -- Up-to-date symlink: /home/masaki/ros2_setup_scripts/turtlebot3_ws/install/turtlebot3_simulations/share/turtlebot3_simulations/environment/ament_prefix_path.sh
[0.221s] -- Up-to-date symlink: /home/masaki/ros2_setup_scripts/turtlebot3_ws/install/turtlebot3_simulations/share/turtlebot3_simulations/environment/ament_prefix_path.dsv
[0.221s] -- Up-to-date symlink: /home/masaki/ros2_setup_scripts/turtlebot3_ws/install/turtlebot3_simulations/share/turtlebot3_simulations/environment/path.sh
[0.221s] -- Up-to-date symlink: /home/masaki/ros2_setup_scripts/turtlebot3_ws/install/turtlebot3_simulations/share/turtlebot3_simulations/environment/path.dsv
[0.222s] -- Up-to-date symlink: /home/masaki/ros2_setup_scripts/turtlebot3_ws/install/turtlebot3_simulations/share/turtlebot3_simulations/local_setup.bash
[0.222s] -- Up-to-date symlink: /home/masaki/ros2_setup_scripts/turtlebot3_ws/install/turtlebot3_simulations/share/turtlebot3_simulations/local_setup.sh
[0.222s] -- Up-to-date symlink: /home/masaki/ros2_setup_scripts/turtlebot3_ws/install/turtlebot3_simulations/share/turtlebot3_simulations/local_setup.zsh
[0.223s] -- Up-to-date symlink: /home/masaki/ros2_setup_scripts/turtlebot3_ws/install/turtlebot3_simulations/share/turtlebot3_simulations/local_setup.dsv
[0.223s] -- Symlinking: /home/masaki/ros2_setup_scripts/turtlebot3_ws/install/turtlebot3_simulations/share/turtlebot3_simulations/package.dsv
[0.229s] -- Up-to-date symlink: /home/masaki/ros2_setup_scripts/turtlebot3_ws/install/turtlebot3_simulations/share/ament_index/resource_index/packages/turtlebot3_simulations
[0.229s] -- Up-to-date symlink: /home/masaki/ros2_setup_scripts/turtlebot3_ws/install/turtlebot3_simulations/share/turtlebot3_simulations/cmake/turtlebot3_simulationsConfig.cmake
[0.229s] -- Up-to-date symlink: /home/masaki/ros2_setup_scripts/turtlebot3_ws/install/turtlebot3_simulations/share/turtlebot3_simulations/cmake/turtlebot3_simulationsConfig-version.cmake
[0.229s] -- Up-to-date symlink: /home/masaki/ros2_setup_scripts/turtlebot3_ws/install/turtlebot3_simulations/share/turtlebot3_simulations/package.xml
[0.231s] Invoked command in '/home/masaki/ros2_setup_scripts/turtlebot3_ws/build/turtlebot3_simulations' returned '0': AMENT_PREFIX_PATH=/home/masaki/ros2_setup_scripts/turtlebot3_ws/install/turtlebot3_manipulation_gazebo:/home/masaki/ros2_setup_scripts/turtlebot3_ws/install/turtlebot3_gazebo:/home/masaki/ros2_setup_scripts/turtlebot3_ws/install/turtlebot3_fake_node:${AMENT_PREFIX_PATH} CMAKE_PREFIX_PATH=/home/masaki/ros2_setup_scripts/turtlebot3_ws/install/turtlebot3_manipulation_gazebo:/home/masaki/ros2_setup_scripts/turtlebot3_ws/install/turtlebot3_gazebo:/home/masaki/ros2_setup_scripts/turtlebot3_ws/install/turtlebot3_fake_node:/opt/ros/humble CONDA_PROMPT_MODIFIER=(base) /usr/bin/cmake --install /home/masaki/ros2_setup_scripts/turtlebot3_ws/build/turtlebot3_simulations
