[0.891s] Invoking command in '/home/masaki/ros2_setup_scripts/happy_ws/src/happy_topic': PYTHONPATH=/home/masaki/ros2_setup_scripts/happy_ws/build/happy_topic/prefix_override:/usr/lib/python3/dist-packages/colcon_core/task/python/colcon_distutils_commands:/home/masaki/ros2_setup_scripts/happy_ws/install/happy_topic/lib/python3.10/site-packages:${PYTHONPATH} /usr/bin/python3 -W ignore:setup.py install is deprecated -W ignore:easy_install command is deprecated setup.py egg_info --egg-base ../../build/happy_topic build --build-base /home/masaki/ros2_setup_scripts/happy_ws/build/happy_topic/build install --record /home/masaki/ros2_setup_scripts/happy_ws/build/happy_topic/install.log --install-scripts $base/lib/happy_topic --single-version-externally-managed install_data
[1.027s] running egg_info
[1.028s] creating ../../build/happy_topic/happy_topic.egg-info
[1.028s] writing ../../build/happy_topic/happy_topic.egg-info/PKG-INFO
[1.029s] writing dependency_links to ../../build/happy_topic/happy_topic.egg-info/dependency_links.txt
[1.029s] writing entry points to ../../build/happy_topic/happy_topic.egg-info/entry_points.txt
[1.029s] writing requirements to ../../build/happy_topic/happy_topic.egg-info/requires.txt
[1.029s] writing top-level names to ../../build/happy_topic/happy_topic.egg-info/top_level.txt
[1.030s] writing manifest file '../../build/happy_topic/happy_topic.egg-info/SOURCES.txt'
[1.030s] reading manifest file '../../build/happy_topic/happy_topic.egg-info/SOURCES.txt'
[1.030s] writing manifest file '../../build/happy_topic/happy_topic.egg-info/SOURCES.txt'
[1.030s] running build
[1.030s] running build_py
[1.030s] creating /home/masaki/ros2_setup_scripts/happy_ws/build/happy_topic/build
[1.031s] creating /home/masaki/ros2_setup_scripts/happy_ws/build/happy_topic/build/lib
[1.031s] creating /home/masaki/ros2_setup_scripts/happy_ws/build/happy_topic/build/lib/happy_topic
[1.031s] copying happy_topic/happy_sub_node.py -> /home/masaki/ros2_setup_scripts/happy_ws/build/happy_topic/build/lib/happy_topic
[1.031s] copying happy_topic/__init__.py -> /home/masaki/ros2_setup_scripts/happy_ws/build/happy_topic/build/lib/happy_topic
[1.031s] copying happy_topic/happy_pub_node.py -> /home/masaki/ros2_setup_scripts/happy_ws/build/happy_topic/build/lib/happy_topic
[1.032s] running install
[1.032s] running install_lib
[1.032s] creating /home/masaki/ros2_setup_scripts/happy_ws/install/happy_topic/lib/python3.10/site-packages/happy_topic
[1.032s] copying /home/masaki/ros2_setup_scripts/happy_ws/build/happy_topic/build/lib/happy_topic/happy_sub_node.py -> /home/masaki/ros2_setup_scripts/happy_ws/install/happy_topic/lib/python3.10/site-packages/happy_topic
[1.032s] copying /home/masaki/ros2_setup_scripts/happy_ws/build/happy_topic/build/lib/happy_topic/__init__.py -> /home/masaki/ros2_setup_scripts/happy_ws/install/happy_topic/lib/python3.10/site-packages/happy_topic
[1.033s] copying /home/masaki/ros2_setup_scripts/happy_ws/build/happy_topic/build/lib/happy_topic/happy_pub_node.py -> /home/masaki/ros2_setup_scripts/happy_ws/install/happy_topic/lib/python3.10/site-packages/happy_topic
[1.033s] byte-compiling /home/masaki/ros2_setup_scripts/happy_ws/install/happy_topic/lib/python3.10/site-packages/happy_topic/happy_sub_node.py to happy_sub_node.cpython-310.pyc
[1.033s] byte-compiling /home/masaki/ros2_setup_scripts/happy_ws/install/happy_topic/lib/python3.10/site-packages/happy_topic/__init__.py to __init__.cpython-310.pyc
[1.033s] byte-compiling /home/masaki/ros2_setup_scripts/happy_ws/install/happy_topic/lib/python3.10/site-packages/happy_topic/happy_pub_node.py to happy_pub_node.cpython-310.pyc
[1.034s] running install_data
[1.034s] creating /home/masaki/ros2_setup_scripts/happy_ws/install/happy_topic/share/ament_index
[1.034s] creating /home/masaki/ros2_setup_scripts/happy_ws/install/happy_topic/share/ament_index/resource_index
[1.034s] creating /home/masaki/ros2_setup_scripts/happy_ws/install/happy_topic/share/ament_index/resource_index/packages
[1.034s] copying resource/happy_topic -> /home/masaki/ros2_setup_scripts/happy_ws/install/happy_topic/share/ament_index/resource_index/packages
[1.034s] copying package.xml -> /home/masaki/ros2_setup_scripts/happy_ws/install/happy_topic/share/happy_topic
[1.034s] running install_egg_info
[1.036s] Copying ../../build/happy_topic/happy_topic.egg-info to /home/masaki/ros2_setup_scripts/happy_ws/install/happy_topic/lib/python3.10/site-packages/happy_topic-0.0.0-py3.10.egg-info
[1.037s] running install_scripts
[1.049s] Installing happy_pub_node script to /home/masaki/ros2_setup_scripts/happy_ws/install/happy_topic/lib/happy_topic
[1.049s] Installing happy_sub_node script to /home/masaki/ros2_setup_scripts/happy_ws/install/happy_topic/lib/happy_topic
[1.049s] writing list of installed files to '/home/masaki/ros2_setup_scripts/happy_ws/build/happy_topic/install.log'
[1.083s] Invoked command in '/home/masaki/ros2_setup_scripts/happy_ws/src/happy_topic' returned '0': PYTHONPATH=/home/masaki/ros2_setup_scripts/happy_ws/build/happy_topic/prefix_override:/usr/lib/python3/dist-packages/colcon_core/task/python/colcon_distutils_commands:/home/masaki/ros2_setup_scripts/happy_ws/install/happy_topic/lib/python3.10/site-packages:${PYTHONPATH} /usr/bin/python3 -W ignore:setup.py install is deprecated -W ignore:easy_install command is deprecated setup.py egg_info --egg-base ../../build/happy_topic build --build-base /home/masaki/ros2_setup_scripts/happy_ws/build/happy_topic/build install --record /home/masaki/ros2_setup_scripts/happy_ws/build/happy_topic/install.log --install-scripts $base/lib/happy_topic --single-version-externally-managed install_data
