[0.014s] Invoking command in '/home/masaki/ros2_setup_scripts/turtlebot3_ws/build/turtlebot3_manipulation_gazebo': CMAKE_PREFIX_PATH=/home/masaki/ros2_setup_scripts/ros2_ws/install/mypkg:/home/masaki/ros2_setup_scripts/happy_ws/install/hello:/opt/ros/humble /usr/bin/cmake /home/masaki/ros2_setup_scripts/turtlebot3_ws/src/turtlebot3_simulations/turtlebot3_manipulation_gazebo -DAMENT_CMAKE_SYMLINK_INSTALL=1 -DCMAKE_INSTALL_PREFIX=/home/masaki/ros2_setup_scripts/turtlebot3_ws/install/turtlebot3_manipulation_gazebo
[0.090s] -- The C compiler identification is GNU 9.5.0
[0.434s] -- The CXX compiler identification is GNU 9.5.0
[0.728s] -- Detecting C compiler ABI info
[0.818s] -- Detecting C compiler ABI info - done
[0.822s] -- Check for working C compiler: /usr/bin/cc - skipped
[0.822s] -- Detecting C compile features
[0.822s] -- Detecting C compile features - done
[0.824s] -- Detecting CXX compiler ABI info
[0.978s] -- Detecting CXX compiler ABI info - done
[0.982s] -- Check for working CXX compiler: /usr/bin/c++ - skipped
[0.982s] -- Detecting CXX compile features
[0.982s] -- Detecting CXX compile features - done
[0.983s] -- Found ament_cmake: 1.3.14 (/opt/ros/humble/share/ament_cmake/cmake)
[1.075s] -- Found Python3: /usr/bin/python3 (found version "3.10.12") found components: Interpreter 
[1.120s] -- Override CMake install command with custom implementation using symlinks instead of copying resources
[1.181s] -- Configuring done
[1.183s] -- Generating done
[1.185s] -- Build files have been written to: /home/masaki/ros2_setup_scripts/turtlebot3_ws/build/turtlebot3_manipulation_gazebo
[1.187s] Invoked command in '/home/masaki/ros2_setup_scripts/turtlebot3_ws/build/turtlebot3_manipulation_gazebo' returned '0': CMAKE_PREFIX_PATH=/home/masaki/ros2_setup_scripts/ros2_ws/install/mypkg:/home/masaki/ros2_setup_scripts/happy_ws/install/hello:/opt/ros/humble /usr/bin/cmake /home/masaki/ros2_setup_scripts/turtlebot3_ws/src/turtlebot3_simulations/turtlebot3_manipulation_gazebo -DAMENT_CMAKE_SYMLINK_INSTALL=1 -DCMAKE_INSTALL_PREFIX=/home/masaki/ros2_setup_scripts/turtlebot3_ws/install/turtlebot3_manipulation_gazebo
[1.189s] Invoking command in '/home/masaki/ros2_setup_scripts/turtlebot3_ws/build/turtlebot3_manipulation_gazebo': CMAKE_PREFIX_PATH=/home/masaki/ros2_setup_scripts/ros2_ws/install/mypkg:/home/masaki/ros2_setup_scripts/happy_ws/install/hello:/opt/ros/humble /usr/bin/cmake --build /home/masaki/ros2_setup_scripts/turtlebot3_ws/build/turtlebot3_manipulation_gazebo -- -j24 -l24
[1.212s] Invoked command in '/home/masaki/ros2_setup_scripts/turtlebot3_ws/build/turtlebot3_manipulation_gazebo' returned '0': CMAKE_PREFIX_PATH=/home/masaki/ros2_setup_scripts/ros2_ws/install/mypkg:/home/masaki/ros2_setup_scripts/happy_ws/install/hello:/opt/ros/humble /usr/bin/cmake --build /home/masaki/ros2_setup_scripts/turtlebot3_ws/build/turtlebot3_manipulation_gazebo -- -j24 -l24
[1.219s] Invoking command in '/home/masaki/ros2_setup_scripts/turtlebot3_ws/build/turtlebot3_manipulation_gazebo': CMAKE_PREFIX_PATH=/home/masaki/ros2_setup_scripts/ros2_ws/install/mypkg:/home/masaki/ros2_setup_scripts/happy_ws/install/hello:/opt/ros/humble /usr/bin/cmake --install /home/masaki/ros2_setup_scripts/turtlebot3_ws/build/turtlebot3_manipulation_gazebo
[1.223s] -- Install configuration: ""
[1.224s] -- Execute custom install script
[1.225s] -- Symlinking: /home/masaki/ros2_setup_scripts/turtlebot3_ws/install/turtlebot3_manipulation_gazebo/share/turtlebot3_manipulation_gazebo/config/gazebo_controller_manager.yaml
[1.230s] -- Symlinking: /home/masaki/ros2_setup_scripts/turtlebot3_ws/install/turtlebot3_manipulation_gazebo/share/turtlebot3_manipulation_gazebo/config/hardware_controller_manager.yaml
[1.235s] -- Symlinking: /home/masaki/ros2_setup_scripts/turtlebot3_ws/install/turtlebot3_manipulation_gazebo/share/turtlebot3_manipulation_gazebo/gazebo/materials.xacro
[1.240s] -- Symlinking: /home/masaki/ros2_setup_scripts/turtlebot3_ws/install/turtlebot3_manipulation_gazebo/share/turtlebot3_manipulation_gazebo/gazebo/open_manipulator_x.gazebo.xacro
[1.245s] -- Symlinking: /home/masaki/ros2_setup_scripts/turtlebot3_ws/install/turtlebot3_manipulation_gazebo/share/turtlebot3_manipulation_gazebo/gazebo/turtlebot3_waffle_pi.gazebo.xacro
[1.250s] -- Symlinking: /home/masaki/ros2_setup_scripts/turtlebot3_ws/install/turtlebot3_manipulation_gazebo/share/turtlebot3_manipulation_gazebo/launch/base.launch.py
[1.255s] -- Symlinking: /home/masaki/ros2_setup_scripts/turtlebot3_ws/install/turtlebot3_manipulation_gazebo/share/turtlebot3_manipulation_gazebo/launch/fake.launch.py
[1.260s] -- Symlinking: /home/masaki/ros2_setup_scripts/turtlebot3_ws/install/turtlebot3_manipulation_gazebo/share/turtlebot3_manipulation_gazebo/launch/gazebo.launch.py
[1.266s] -- Symlinking: /home/masaki/ros2_setup_scripts/turtlebot3_ws/install/turtlebot3_manipulation_gazebo/share/turtlebot3_manipulation_gazebo/launch/turtlebot3_home_service_challenge.launch.py
[1.272s] -- Symlinking: /home/masaki/ros2_setup_scripts/turtlebot3_ws/install/turtlebot3_manipulation_gazebo/share/turtlebot3_manipulation_gazebo/ros2_control/turtlebot3_manipulation_system.ros2_control.xacro
[1.277s] -- Symlinking: /home/masaki/ros2_setup_scripts/turtlebot3_ws/install/turtlebot3_manipulation_gazebo/share/turtlebot3_manipulation_gazebo/rviz/turtlebot3_manipulation.rviz
[1.282s] -- Symlinking: /home/masaki/ros2_setup_scripts/turtlebot3_ws/install/turtlebot3_manipulation_gazebo/share/turtlebot3_manipulation_gazebo/urdf/open_manipulator_x.urdf.xacro
[1.286s] -- Symlinking: /home/masaki/ros2_setup_scripts/turtlebot3_ws/install/turtlebot3_manipulation_gazebo/share/turtlebot3_manipulation_gazebo/urdf/turtlebot3_manipulation.urdf.xacro
[1.291s] -- Symlinking: /home/masaki/ros2_setup_scripts/turtlebot3_ws/install/turtlebot3_manipulation_gazebo/share/turtlebot3_manipulation_gazebo/urdf/turtlebot3_waffle_pi.urdf.xacro
[1.297s] -- Symlinking: /home/masaki/ros2_setup_scripts/turtlebot3_ws/install/turtlebot3_manipulation_gazebo/share/turtlebot3_manipulation_gazebo/worlds/turtlebot3_home_service_challenge.world
[1.303s] -- Symlinking: /home/masaki/ros2_setup_scripts/turtlebot3_ws/install/turtlebot3_manipulation_gazebo/share/turtlebot3_manipulation_gazebo/models/turtlebot3_home_service_challenge/marker0/materials/textures/Marker0.png
[1.309s] -- Symlinking: /home/masaki/ros2_setup_scripts/turtlebot3_ws/install/turtlebot3_manipulation_gazebo/share/turtlebot3_manipulation_gazebo/models/turtlebot3_home_service_challenge/marker0/meshes/Marker0.dae
[1.315s] -- Symlinking: /home/masaki/ros2_setup_scripts/turtlebot3_ws/install/turtlebot3_manipulation_gazebo/share/turtlebot3_manipulation_gazebo/models/turtlebot3_home_service_challenge/marker0/model-1_4.sdf
[1.320s] -- Symlinking: /home/masaki/ros2_setup_scripts/turtlebot3_ws/install/turtlebot3_manipulation_gazebo/share/turtlebot3_manipulation_gazebo/models/turtlebot3_home_service_challenge/marker0/model-1_5.sdf
[1.325s] -- Symlinking: /home/masaki/ros2_setup_scripts/turtlebot3_ws/install/turtlebot3_manipulation_gazebo/share/turtlebot3_manipulation_gazebo/models/turtlebot3_home_service_challenge/marker0/model.config
[1.330s] -- Symlinking: /home/masaki/ros2_setup_scripts/turtlebot3_ws/install/turtlebot3_manipulation_gazebo/share/turtlebot3_manipulation_gazebo/models/turtlebot3_home_service_challenge/marker0/model.sdf
[1.335s] -- Symlinking: /home/masaki/ros2_setup_scripts/turtlebot3_ws/install/turtlebot3_manipulation_gazebo/share/turtlebot3_manipulation_gazebo/models/turtlebot3_home_service_challenge/marker1/materials/textures/Marker1.png
[1.340s] -- Symlinking: /home/masaki/ros2_setup_scripts/turtlebot3_ws/install/turtlebot3_manipulation_gazebo/share/turtlebot3_manipulation_gazebo/models/turtlebot3_home_service_challenge/marker1/meshes/Marker1.dae
[1.345s] -- Symlinking: /home/masaki/ros2_setup_scripts/turtlebot3_ws/install/turtlebot3_manipulation_gazebo/share/turtlebot3_manipulation_gazebo/models/turtlebot3_home_service_challenge/marker1/model-1_4.sdf
[1.350s] -- Symlinking: /home/masaki/ros2_setup_scripts/turtlebot3_ws/install/turtlebot3_manipulation_gazebo/share/turtlebot3_manipulation_gazebo/models/turtlebot3_home_service_challenge/marker1/model-1_5.sdf
[1.355s] -- Symlinking: /home/masaki/ros2_setup_scripts/turtlebot3_ws/install/turtlebot3_manipulation_gazebo/share/turtlebot3_manipulation_gazebo/models/turtlebot3_home_service_challenge/marker1/model.config
[1.361s] -- Symlinking: /home/masaki/ros2_setup_scripts/turtlebot3_ws/install/turtlebot3_manipulation_gazebo/share/turtlebot3_manipulation_gazebo/models/turtlebot3_home_service_challenge/marker1/model.sdf
[1.366s] -- Symlinking: /home/masaki/ros2_setup_scripts/turtlebot3_ws/install/turtlebot3_manipulation_gazebo/share/turtlebot3_manipulation_gazebo/models/turtlebot3_home_service_challenge/marker2/materials/textures/Marker2.png
[1.373s] -- Symlinking: /home/masaki/ros2_setup_scripts/turtlebot3_ws/install/turtlebot3_manipulation_gazebo/share/turtlebot3_manipulation_gazebo/models/turtlebot3_home_service_challenge/marker2/meshes/Marker2.dae
[1.378s] -- Symlinking: /home/masaki/ros2_setup_scripts/turtlebot3_ws/install/turtlebot3_manipulation_gazebo/share/turtlebot3_manipulation_gazebo/models/turtlebot3_home_service_challenge/marker2/model-1_4.sdf
[1.383s] -- Symlinking: /home/masaki/ros2_setup_scripts/turtlebot3_ws/install/turtlebot3_manipulation_gazebo/share/turtlebot3_manipulation_gazebo/models/turtlebot3_home_service_challenge/marker2/model-1_5.sdf
[1.388s] -- Symlinking: /home/masaki/ros2_setup_scripts/turtlebot3_ws/install/turtlebot3_manipulation_gazebo/share/turtlebot3_manipulation_gazebo/models/turtlebot3_home_service_challenge/marker2/model.config
[1.394s] -- Symlinking: /home/masaki/ros2_setup_scripts/turtlebot3_ws/install/turtlebot3_manipulation_gazebo/share/turtlebot3_manipulation_gazebo/models/turtlebot3_home_service_challenge/marker2/model.sdf
[1.401s] -- Symlinking: /home/masaki/ros2_setup_scripts/turtlebot3_ws/install/turtlebot3_manipulation_gazebo/share/turtlebot3_manipulation_gazebo/models/turtlebot3_home_service_challenge/marker3/materials/textures/Marker3.png
[1.407s] -- Symlinking: /home/masaki/ros2_setup_scripts/turtlebot3_ws/install/turtlebot3_manipulation_gazebo/share/turtlebot3_manipulation_gazebo/models/turtlebot3_home_service_challenge/marker3/meshes/Marker3.dae
[1.412s] -- Symlinking: /home/masaki/ros2_setup_scripts/turtlebot3_ws/install/turtlebot3_manipulation_gazebo/share/turtlebot3_manipulation_gazebo/models/turtlebot3_home_service_challenge/marker3/model-1_4.sdf
[1.418s] -- Symlinking: /home/masaki/ros2_setup_scripts/turtlebot3_ws/install/turtlebot3_manipulation_gazebo/share/turtlebot3_manipulation_gazebo/models/turtlebot3_home_service_challenge/marker3/model-1_5.sdf
[1.423s] -- Symlinking: /home/masaki/ros2_setup_scripts/turtlebot3_ws/install/turtlebot3_manipulation_gazebo/share/turtlebot3_manipulation_gazebo/models/turtlebot3_home_service_challenge/marker3/model.config
[1.428s] -- Symlinking: /home/masaki/ros2_setup_scripts/turtlebot3_ws/install/turtlebot3_manipulation_gazebo/share/turtlebot3_manipulation_gazebo/models/turtlebot3_home_service_challenge/marker3/model.sdf
[1.433s] -- Symlinking: /home/masaki/ros2_setup_scripts/turtlebot3_ws/install/turtlebot3_manipulation_gazebo/share/turtlebot3_manipulation_gazebo/models/turtlebot3_home_service_challenge/marker4/materials/textures/Marker4.png
[1.439s] -- Symlinking: /home/masaki/ros2_setup_scripts/turtlebot3_ws/install/turtlebot3_manipulation_gazebo/share/turtlebot3_manipulation_gazebo/models/turtlebot3_home_service_challenge/marker4/meshes/Marker4.dae
[1.443s] -- Symlinking: /home/masaki/ros2_setup_scripts/turtlebot3_ws/install/turtlebot3_manipulation_gazebo/share/turtlebot3_manipulation_gazebo/models/turtlebot3_home_service_challenge/marker4/model-1_4.sdf
[1.448s] -- Symlinking: /home/masaki/ros2_setup_scripts/turtlebot3_ws/install/turtlebot3_manipulation_gazebo/share/turtlebot3_manipulation_gazebo/models/turtlebot3_home_service_challenge/marker4/model-1_5.sdf
[1.452s] -- Symlinking: /home/masaki/ros2_setup_scripts/turtlebot3_ws/install/turtlebot3_manipulation_gazebo/share/turtlebot3_manipulation_gazebo/models/turtlebot3_home_service_challenge/marker4/model.config
[1.458s] -- Symlinking: /home/masaki/ros2_setup_scripts/turtlebot3_ws/install/turtlebot3_manipulation_gazebo/share/turtlebot3_manipulation_gazebo/models/turtlebot3_home_service_challenge/marker4/model.sdf
[1.463s] -- Symlinking: /home/masaki/ros2_setup_scripts/turtlebot3_ws/install/turtlebot3_manipulation_gazebo/share/turtlebot3_manipulation_gazebo/models/turtlebot3_home_service_challenge/marker5/materials/textures/Marker5.png
[1.467s] -- Symlinking: /home/masaki/ros2_setup_scripts/turtlebot3_ws/install/turtlebot3_manipulation_gazebo/share/turtlebot3_manipulation_gazebo/models/turtlebot3_home_service_challenge/marker5/meshes/Marker5.dae
[1.472s] -- Symlinking: /home/masaki/ros2_setup_scripts/turtlebot3_ws/install/turtlebot3_manipulation_gazebo/share/turtlebot3_manipulation_gazebo/models/turtlebot3_home_service_challenge/marker5/model-1_4.sdf
[1.477s] -- Symlinking: /home/masaki/ros2_setup_scripts/turtlebot3_ws/install/turtlebot3_manipulation_gazebo/share/turtlebot3_manipulation_gazebo/models/turtlebot3_home_service_challenge/marker5/model-1_5.sdf
[1.483s] -- Symlinking: /home/masaki/ros2_setup_scripts/turtlebot3_ws/install/turtlebot3_manipulation_gazebo/share/turtlebot3_manipulation_gazebo/models/turtlebot3_home_service_challenge/marker5/model.config
[1.487s] -- Symlinking: /home/masaki/ros2_setup_scripts/turtlebot3_ws/install/turtlebot3_manipulation_gazebo/share/turtlebot3_manipulation_gazebo/models/turtlebot3_home_service_challenge/marker5/model.sdf
[1.492s] -- Symlinking: /home/masaki/ros2_setup_scripts/turtlebot3_ws/install/turtlebot3_manipulation_gazebo/share/turtlebot3_manipulation_gazebo/models/turtlebot3_home_service_challenge/marker6/materials/textures/Marker6.png
[1.498s] -- Symlinking: /home/masaki/ros2_setup_scripts/turtlebot3_ws/install/turtlebot3_manipulation_gazebo/share/turtlebot3_manipulation_gazebo/models/turtlebot3_home_service_challenge/marker6/meshes/Marker6.dae
[1.503s] -- Symlinking: /home/masaki/ros2_setup_scripts/turtlebot3_ws/install/turtlebot3_manipulation_gazebo/share/turtlebot3_manipulation_gazebo/models/turtlebot3_home_service_challenge/marker6/model-1_4.sdf
[1.508s] -- Symlinking: /home/masaki/ros2_setup_scripts/turtlebot3_ws/install/turtlebot3_manipulation_gazebo/share/turtlebot3_manipulation_gazebo/models/turtlebot3_home_service_challenge/marker6/model-1_5.sdf
[1.513s] -- Symlinking: /home/masaki/ros2_setup_scripts/turtlebot3_ws/install/turtlebot3_manipulation_gazebo/share/turtlebot3_manipulation_gazebo/models/turtlebot3_home_service_challenge/marker6/model.config
[1.518s] -- Symlinking: /home/masaki/ros2_setup_scripts/turtlebot3_ws/install/turtlebot3_manipulation_gazebo/share/turtlebot3_manipulation_gazebo/models/turtlebot3_home_service_challenge/marker6/model.sdf
[1.523s] -- Symlinking: /home/masaki/ros2_setup_scripts/turtlebot3_ws/install/turtlebot3_manipulation_gazebo/share/turtlebot3_manipulation_gazebo/models/turtlebot3_home_service_challenge/marker7/materials/textures/Marker7.png
[1.528s] -- Symlinking: /home/masaki/ros2_setup_scripts/turtlebot3_ws/install/turtlebot3_manipulation_gazebo/share/turtlebot3_manipulation_gazebo/models/turtlebot3_home_service_challenge/marker7/meshes/Marker7.dae
[1.533s] -- Symlinking: /home/masaki/ros2_setup_scripts/turtlebot3_ws/install/turtlebot3_manipulation_gazebo/share/turtlebot3_manipulation_gazebo/models/turtlebot3_home_service_challenge/marker7/model-1_4.sdf
[1.537s] -- Symlinking: /home/masaki/ros2_setup_scripts/turtlebot3_ws/install/turtlebot3_manipulation_gazebo/share/turtlebot3_manipulation_gazebo/models/turtlebot3_home_service_challenge/marker7/model-1_5.sdf
[1.541s] -- Symlinking: /home/masaki/ros2_setup_scripts/turtlebot3_ws/install/turtlebot3_manipulation_gazebo/share/turtlebot3_manipulation_gazebo/models/turtlebot3_home_service_challenge/marker7/model.config
[1.545s] -- Symlinking: /home/masaki/ros2_setup_scripts/turtlebot3_ws/install/turtlebot3_manipulation_gazebo/share/turtlebot3_manipulation_gazebo/models/turtlebot3_home_service_challenge/marker7/model.sdf
[1.550s] -- Symlinking: /home/masaki/ros2_setup_scripts/turtlebot3_ws/install/turtlebot3_manipulation_gazebo/share/turtlebot3_manipulation_gazebo/models/turtlebot3_home_service_challenge/marker8/materials/textures/Marker8.png
[1.555s] -- Symlinking: /home/masaki/ros2_setup_scripts/turtlebot3_ws/install/turtlebot3_manipulation_gazebo/share/turtlebot3_manipulation_gazebo/models/turtlebot3_home_service_challenge/marker8/meshes/Marker8.dae
[1.560s] -- Symlinking: /home/masaki/ros2_setup_scripts/turtlebot3_ws/install/turtlebot3_manipulation_gazebo/share/turtlebot3_manipulation_gazebo/models/turtlebot3_home_service_challenge/marker8/model-1_4.sdf
[1.565s] -- Symlinking: /home/masaki/ros2_setup_scripts/turtlebot3_ws/install/turtlebot3_manipulation_gazebo/share/turtlebot3_manipulation_gazebo/models/turtlebot3_home_service_challenge/marker8/model-1_5.sdf
[1.570s] -- Symlinking: /home/masaki/ros2_setup_scripts/turtlebot3_ws/install/turtlebot3_manipulation_gazebo/share/turtlebot3_manipulation_gazebo/models/turtlebot3_home_service_challenge/marker8/model.config
[1.575s] -- Symlinking: /home/masaki/ros2_setup_scripts/turtlebot3_ws/install/turtlebot3_manipulation_gazebo/share/turtlebot3_manipulation_gazebo/models/turtlebot3_home_service_challenge/marker8/model.sdf
[1.579s] -- Symlinking: /home/masaki/ros2_setup_scripts/turtlebot3_ws/install/turtlebot3_manipulation_gazebo/share/turtlebot3_manipulation_gazebo/models/turtlebot3_home_service_challenge/marker9/materials/textures/Marker9.png
[1.584s] -- Symlinking: /home/masaki/ros2_setup_scripts/turtlebot3_ws/install/turtlebot3_manipulation_gazebo/share/turtlebot3_manipulation_gazebo/models/turtlebot3_home_service_challenge/marker9/meshes/Marker9.dae
[1.589s] -- Symlinking: /home/masaki/ros2_setup_scripts/turtlebot3_ws/install/turtlebot3_manipulation_gazebo/share/turtlebot3_manipulation_gazebo/models/turtlebot3_home_service_challenge/marker9/model-1_4.sdf
[1.594s] -- Symlinking: /home/masaki/ros2_setup_scripts/turtlebot3_ws/install/turtlebot3_manipulation_gazebo/share/turtlebot3_manipulation_gazebo/models/turtlebot3_home_service_challenge/marker9/model-1_5.sdf
[1.599s] -- Symlinking: /home/masaki/ros2_setup_scripts/turtlebot3_ws/install/turtlebot3_manipulation_gazebo/share/turtlebot3_manipulation_gazebo/models/turtlebot3_home_service_challenge/marker9/model.config
[1.603s] -- Symlinking: /home/masaki/ros2_setup_scripts/turtlebot3_ws/install/turtlebot3_manipulation_gazebo/share/turtlebot3_manipulation_gazebo/models/turtlebot3_home_service_challenge/marker9/model.sdf
[1.609s] -- Symlinking: /home/masaki/ros2_setup_scripts/turtlebot3_ws/install/turtlebot3_manipulation_gazebo/share/turtlebot3_manipulation_gazebo/meshes/open_manipulator_x/gripper_left_palm.stl
[1.614s] -- Symlinking: /home/masaki/ros2_setup_scripts/turtlebot3_ws/install/turtlebot3_manipulation_gazebo/share/turtlebot3_manipulation_gazebo/meshes/open_manipulator_x/gripper_right_palm.stl
[1.620s] -- Symlinking: /home/masaki/ros2_setup_scripts/turtlebot3_ws/install/turtlebot3_manipulation_gazebo/share/turtlebot3_manipulation_gazebo/meshes/open_manipulator_x/link1.stl
[1.625s] -- Symlinking: /home/masaki/ros2_setup_scripts/turtlebot3_ws/install/turtlebot3_manipulation_gazebo/share/turtlebot3_manipulation_gazebo/meshes/open_manipulator_x/link2.stl
[1.630s] -- Symlinking: /home/masaki/ros2_setup_scripts/turtlebot3_ws/install/turtlebot3_manipulation_gazebo/share/turtlebot3_manipulation_gazebo/meshes/open_manipulator_x/link3.stl
[1.635s] -- Symlinking: /home/masaki/ros2_setup_scripts/turtlebot3_ws/install/turtlebot3_manipulation_gazebo/share/turtlebot3_manipulation_gazebo/meshes/open_manipulator_x/link4.stl
[1.641s] -- Symlinking: /home/masaki/ros2_setup_scripts/turtlebot3_ws/install/turtlebot3_manipulation_gazebo/share/turtlebot3_manipulation_gazebo/meshes/open_manipulator_x/link5.stl
[1.645s] -- Symlinking: /home/masaki/ros2_setup_scripts/turtlebot3_ws/install/turtlebot3_manipulation_gazebo/share/turtlebot3_manipulation_gazebo/meshes/turtlebot3_waffle_pi/base.stl
[1.650s] -- Symlinking: /home/masaki/ros2_setup_scripts/turtlebot3_ws/install/turtlebot3_manipulation_gazebo/share/turtlebot3_manipulation_gazebo/meshes/turtlebot3_waffle_pi/ladar.stl
[1.655s] -- Symlinking: /home/masaki/ros2_setup_scripts/turtlebot3_ws/install/turtlebot3_manipulation_gazebo/share/turtlebot3_manipulation_gazebo/meshes/turtlebot3_waffle_pi/left_tire.stl
[1.660s] -- Symlinking: /home/masaki/ros2_setup_scripts/turtlebot3_ws/install/turtlebot3_manipulation_gazebo/share/turtlebot3_manipulation_gazebo/meshes/turtlebot3_waffle_pi/right_tire.stl
[1.665s] -- Symlinking: /home/masaki/ros2_setup_scripts/turtlebot3_ws/install/turtlebot3_manipulation_gazebo/share/ament_index/resource_index/package_run_dependencies/turtlebot3_manipulation_gazebo
[1.670s] -- Symlinking: /home/masaki/ros2_setup_scripts/turtlebot3_ws/install/turtlebot3_manipulation_gazebo/share/ament_index/resource_index/parent_prefix_path/turtlebot3_manipulation_gazebo
[1.675s] -- Symlinking: /home/masaki/ros2_setup_scripts/turtlebot3_ws/install/turtlebot3_manipulation_gazebo/share/turtlebot3_manipulation_gazebo/environment/ament_prefix_path.sh
[1.680s] -- Symlinking: /home/masaki/ros2_setup_scripts/turtlebot3_ws/install/turtlebot3_manipulation_gazebo/share/turtlebot3_manipulation_gazebo/environment/ament_prefix_path.dsv
[1.685s] -- Symlinking: /home/masaki/ros2_setup_scripts/turtlebot3_ws/install/turtlebot3_manipulation_gazebo/share/turtlebot3_manipulation_gazebo/environment/path.sh
[1.690s] -- Symlinking: /home/masaki/ros2_setup_scripts/turtlebot3_ws/install/turtlebot3_manipulation_gazebo/share/turtlebot3_manipulation_gazebo/environment/path.dsv
[1.695s] -- Symlinking: /home/masaki/ros2_setup_scripts/turtlebot3_ws/install/turtlebot3_manipulation_gazebo/share/turtlebot3_manipulation_gazebo/local_setup.bash
[1.699s] -- Symlinking: /home/masaki/ros2_setup_scripts/turtlebot3_ws/install/turtlebot3_manipulation_gazebo/share/turtlebot3_manipulation_gazebo/local_setup.sh
[1.705s] -- Symlinking: /home/masaki/ros2_setup_scripts/turtlebot3_ws/install/turtlebot3_manipulation_gazebo/share/turtlebot3_manipulation_gazebo/local_setup.zsh
[1.711s] -- Symlinking: /home/masaki/ros2_setup_scripts/turtlebot3_ws/install/turtlebot3_manipulation_gazebo/share/turtlebot3_manipulation_gazebo/local_setup.dsv
[1.716s] -- Symlinking: /home/masaki/ros2_setup_scripts/turtlebot3_ws/install/turtlebot3_manipulation_gazebo/share/turtlebot3_manipulation_gazebo/package.dsv
[1.721s] -- Symlinking: /home/masaki/ros2_setup_scripts/turtlebot3_ws/install/turtlebot3_manipulation_gazebo/share/ament_index/resource_index/packages/turtlebot3_manipulation_gazebo
[1.726s] -- Symlinking: /home/masaki/ros2_setup_scripts/turtlebot3_ws/install/turtlebot3_manipulation_gazebo/share/turtlebot3_manipulation_gazebo/cmake/turtlebot3_manipulation_gazeboConfig.cmake
[1.731s] -- Symlinking: /home/masaki/ros2_setup_scripts/turtlebot3_ws/install/turtlebot3_manipulation_gazebo/share/turtlebot3_manipulation_gazebo/cmake/turtlebot3_manipulation_gazeboConfig-version.cmake
[1.737s] -- Symlinking: /home/masaki/ros2_setup_scripts/turtlebot3_ws/install/turtlebot3_manipulation_gazebo/share/turtlebot3_manipulation_gazebo/package.xml
[1.742s] Invoked command in '/home/masaki/ros2_setup_scripts/turtlebot3_ws/build/turtlebot3_manipulation_gazebo' returned '0': CMAKE_PREFIX_PATH=/home/masaki/ros2_setup_scripts/ros2_ws/install/mypkg:/home/masaki/ros2_setup_scripts/happy_ws/install/hello:/opt/ros/humble /usr/bin/cmake --install /home/masaki/ros2_setup_scripts/turtlebot3_ws/build/turtlebot3_manipulation_gazebo
