[0.180s] DEBUG:colcon:Command line arguments: ['/usr/bin/colcon', 'build']
[0.180s] DEBUG:colcon:Parsed command line arguments: Namespace(log_base=None, log_level=None, verb_name='build', build_base='build', install_base='install', merge_install=False, symlink_install=False, test_result_base=None, continue_on_error=False, executor='parallel', parallel_workers=24, event_handlers=None, ignore_user_meta=False, metas=['./colcon.meta'], base_paths=['.'], packages_ignore=None, packages_ignore_regex=None, paths=None, packages_up_to=None, packages_up_to_regex=None, packages_above=None, packages_above_and_dependencies=None, packages_above_depth=None, packages_select_by_dep=None, packages_skip_by_dep=None, packages_skip_up_to=None, packages_select_build_failed=False, packages_skip_build_finished=False, packages_select_test_failures=False, packages_skip_test_passed=False, packages_select=None, packages_skip=None, packages_select_regex=None, packages_skip_regex=None, packages_start=None, packages_end=None, allow_overriding=[], cmake_args=None, cmake_target=None, cmake_target_skip_unavailable=False, cmake_clean_cache=False, cmake_clean_first=False, cmake_force_configure=False, ament_cmake_args=None, catkin_cmake_args=None, catkin_skip_building_tests=False, verb_parser=<colcon_defaults.argument_parser.defaults.DefaultArgumentsDecorator object at 0x70fad1e601c0>, verb_extension=<colcon_core.verb.build.BuildVerb object at 0x70fad1f6dab0>, main=<bound method BuildVerb.main of <colcon_core.verb.build.BuildVerb object at 0x70fad1f6dab0>>)
[0.391s] Level 1:colcon.colcon_core.package_discovery:discover_packages(colcon_meta) check parameters
[0.391s] Level 1:colcon.colcon_core.package_discovery:discover_packages(recursive) check parameters
[0.391s] Level 1:colcon.colcon_core.package_discovery:discover_packages(ignore) check parameters
[0.391s] Level 1:colcon.colcon_core.package_discovery:discover_packages(path) check parameters
[0.391s] Level 1:colcon.colcon_core.package_discovery:discover_packages(colcon_meta) discover
[0.391s] Level 1:colcon.colcon_core.package_discovery:discover_packages(recursive) discover
[0.392s] INFO:colcon.colcon_core.package_discovery:Crawling recursively for packages in '/home/masaki/ros2_setup_scripts/happy_ws'
[0.392s] Level 1:colcon.colcon_core.package_identification:_identify(.) by extensions ['ignore', 'ignore_ament_install']
[0.392s] Level 1:colcon.colcon_core.package_identification:_identify(.) by extension 'ignore'
[0.392s] Level 1:colcon.colcon_core.package_identification:_identify(.) by extension 'ignore_ament_install'
[0.392s] Level 1:colcon.colcon_core.package_identification:_identify(.) by extensions ['colcon_pkg']
[0.392s] Level 1:colcon.colcon_core.package_identification:_identify(.) by extension 'colcon_pkg'
[0.392s] Level 1:colcon.colcon_core.package_identification:_identify(.) by extensions ['colcon_meta']
[0.392s] Level 1:colcon.colcon_core.package_identification:_identify(.) by extension 'colcon_meta'
[0.392s] Level 1:colcon.colcon_core.package_identification:_identify(.) by extensions ['ros']
[0.392s] Level 1:colcon.colcon_core.package_identification:_identify(.) by extension 'ros'
[0.402s] Level 1:colcon.colcon_core.package_identification:_identify(.) by extensions ['cmake', 'python']
[0.402s] Level 1:colcon.colcon_core.package_identification:_identify(.) by extension 'cmake'
[0.402s] Level 1:colcon.colcon_core.package_identification:_identify(.) by extension 'python'
[0.402s] Level 1:colcon.colcon_core.package_identification:_identify(.) by extensions ['python_setup_py']
[0.402s] Level 1:colcon.colcon_core.package_identification:_identify(.) by extension 'python_setup_py'
[0.402s] Level 1:colcon.colcon_core.package_identification:_identify(build) by extensions ['ignore', 'ignore_ament_install']
[0.402s] Level 1:colcon.colcon_core.package_identification:_identify(build) by extension 'ignore'
[0.402s] Level 1:colcon.colcon_core.package_identification:_identify(build) ignored
[0.403s] Level 1:colcon.colcon_core.package_identification:_identify(install) by extensions ['ignore', 'ignore_ament_install']
[0.403s] Level 1:colcon.colcon_core.package_identification:_identify(install) by extension 'ignore'
[0.403s] Level 1:colcon.colcon_core.package_identification:_identify(install) ignored
[0.403s] Level 1:colcon.colcon_core.package_identification:_identify(log) by extensions ['ignore', 'ignore_ament_install']
[0.403s] Level 1:colcon.colcon_core.package_identification:_identify(log) by extension 'ignore'
[0.403s] Level 1:colcon.colcon_core.package_identification:_identify(log) ignored
[0.404s] Level 1:colcon.colcon_core.package_identification:_identify(src) by extensions ['ignore', 'ignore_ament_install']
[0.404s] Level 1:colcon.colcon_core.package_identification:_identify(src) by extension 'ignore'
[0.404s] Level 1:colcon.colcon_core.package_identification:_identify(src) by extension 'ignore_ament_install'
[0.404s] Level 1:colcon.colcon_core.package_identification:_identify(src) by extensions ['colcon_pkg']
[0.404s] Level 1:colcon.colcon_core.package_identification:_identify(src) by extension 'colcon_pkg'
[0.404s] Level 1:colcon.colcon_core.package_identification:_identify(src) by extensions ['colcon_meta']
[0.404s] Level 1:colcon.colcon_core.package_identification:_identify(src) by extension 'colcon_meta'
[0.404s] Level 1:colcon.colcon_core.package_identification:_identify(src) by extensions ['ros']
[0.404s] Level 1:colcon.colcon_core.package_identification:_identify(src) by extension 'ros'
[0.404s] Level 1:colcon.colcon_core.package_identification:_identify(src) by extensions ['cmake', 'python']
[0.404s] Level 1:colcon.colcon_core.package_identification:_identify(src) by extension 'cmake'
[0.404s] Level 1:colcon.colcon_core.package_identification:_identify(src) by extension 'python'
[0.404s] Level 1:colcon.colcon_core.package_identification:_identify(src) by extensions ['python_setup_py']
[0.404s] Level 1:colcon.colcon_core.package_identification:_identify(src) by extension 'python_setup_py'
[0.404s] Level 1:colcon.colcon_core.package_identification:_identify(src/build) by extensions ['ignore', 'ignore_ament_install']
[0.404s] Level 1:colcon.colcon_core.package_identification:_identify(src/build) by extension 'ignore'
[0.404s] Level 1:colcon.colcon_core.package_identification:_identify(src/build) ignored
[0.405s] Level 1:colcon.colcon_core.package_identification:_identify(src/happy_topic) by extensions ['ignore', 'ignore_ament_install']
[0.405s] Level 1:colcon.colcon_core.package_identification:_identify(src/happy_topic) by extension 'ignore'
[0.405s] Level 1:colcon.colcon_core.package_identification:_identify(src/happy_topic) by extension 'ignore_ament_install'
[0.405s] Level 1:colcon.colcon_core.package_identification:_identify(src/happy_topic) by extensions ['colcon_pkg']
[0.405s] Level 1:colcon.colcon_core.package_identification:_identify(src/happy_topic) by extension 'colcon_pkg'
[0.405s] Level 1:colcon.colcon_core.package_identification:_identify(src/happy_topic) by extensions ['colcon_meta']
[0.405s] Level 1:colcon.colcon_core.package_identification:_identify(src/happy_topic) by extension 'colcon_meta'
[0.405s] Level 1:colcon.colcon_core.package_identification:_identify(src/happy_topic) by extensions ['ros']
[0.405s] Level 1:colcon.colcon_core.package_identification:_identify(src/happy_topic) by extension 'ros'
[0.407s] DEBUG:colcon.colcon_core.package_identification:Package 'src/happy_topic' with type 'ros.ament_python' and name 'happy_topic'
[0.408s] Level 1:colcon.colcon_core.package_identification:_identify(src/hello) by extensions ['ignore', 'ignore_ament_install']
[0.408s] Level 1:colcon.colcon_core.package_identification:_identify(src/hello) by extension 'ignore'
[0.408s] Level 1:colcon.colcon_core.package_identification:_identify(src/hello) by extension 'ignore_ament_install'
[0.408s] Level 1:colcon.colcon_core.package_identification:_identify(src/hello) by extensions ['colcon_pkg']
[0.408s] Level 1:colcon.colcon_core.package_identification:_identify(src/hello) by extension 'colcon_pkg'
[0.408s] Level 1:colcon.colcon_core.package_identification:_identify(src/hello) by extensions ['colcon_meta']
[0.408s] Level 1:colcon.colcon_core.package_identification:_identify(src/hello) by extension 'colcon_meta'
[0.408s] Level 1:colcon.colcon_core.package_identification:_identify(src/hello) by extensions ['ros']
[0.408s] Level 1:colcon.colcon_core.package_identification:_identify(src/hello) by extension 'ros'
[0.409s] DEBUG:colcon.colcon_core.package_identification:Package 'src/hello' with type 'ros.ament_python' and name 'hello'
[0.409s] Level 1:colcon.colcon_core.package_identification:_identify(src/install) by extensions ['ignore', 'ignore_ament_install']
[0.409s] Level 1:colcon.colcon_core.package_identification:_identify(src/install) by extension 'ignore'
[0.409s] Level 1:colcon.colcon_core.package_identification:_identify(src/install) ignored
[0.410s] Level 1:colcon.colcon_core.package_identification:_identify(src/log) by extensions ['ignore', 'ignore_ament_install']
[0.410s] Level 1:colcon.colcon_core.package_identification:_identify(src/log) by extension 'ignore'
[0.410s] Level 1:colcon.colcon_core.package_identification:_identify(src/log) ignored
[0.410s] Level 1:colcon.colcon_core.package_identification:_identify(src/my_happy) by extensions ['ignore', 'ignore_ament_install']
[0.410s] Level 1:colcon.colcon_core.package_identification:_identify(src/my_happy) by extension 'ignore'
[0.411s] Level 1:colcon.colcon_core.package_identification:_identify(src/my_happy) by extension 'ignore_ament_install'
[0.411s] Level 1:colcon.colcon_core.package_identification:_identify(src/my_happy) by extensions ['colcon_pkg']
[0.411s] Level 1:colcon.colcon_core.package_identification:_identify(src/my_happy) by extension 'colcon_pkg'
[0.411s] Level 1:colcon.colcon_core.package_identification:_identify(src/my_happy) by extensions ['colcon_meta']
[0.411s] Level 1:colcon.colcon_core.package_identification:_identify(src/my_happy) by extension 'colcon_meta'
[0.411s] Level 1:colcon.colcon_core.package_identification:_identify(src/my_happy) by extensions ['ros']
[0.411s] Level 1:colcon.colcon_core.package_identification:_identify(src/my_happy) by extension 'ros'
[0.411s] DEBUG:colcon.colcon_core.package_identification:Package 'src/my_happy' with type 'ros.ament_python' and name 'my_happy'
[0.412s] Level 1:colcon.colcon_core.package_identification:_identify(src/time_topic) by extensions ['ignore', 'ignore_ament_install']
[0.412s] Level 1:colcon.colcon_core.package_identification:_identify(src/time_topic) by extension 'ignore'
[0.412s] Level 1:colcon.colcon_core.package_identification:_identify(src/time_topic) by extension 'ignore_ament_install'
[0.412s] Level 1:colcon.colcon_core.package_identification:_identify(src/time_topic) by extensions ['colcon_pkg']
[0.412s] Level 1:colcon.colcon_core.package_identification:_identify(src/time_topic) by extension 'colcon_pkg'
[0.412s] Level 1:colcon.colcon_core.package_identification:_identify(src/time_topic) by extensions ['colcon_meta']
[0.412s] Level 1:colcon.colcon_core.package_identification:_identify(src/time_topic) by extension 'colcon_meta'
[0.412s] Level 1:colcon.colcon_core.package_identification:_identify(src/time_topic) by extensions ['ros']
[0.412s] Level 1:colcon.colcon_core.package_identification:_identify(src/time_topic) by extension 'ros'
[0.413s] DEBUG:colcon.colcon_core.package_identification:Package 'src/time_topic' with type 'ros.ament_python' and name 'time_topic'
[0.413s] Level 1:colcon.colcon_core.package_discovery:discover_packages(recursive) using defaults
[0.413s] Level 1:colcon.colcon_core.package_discovery:discover_packages(ignore) discover
[0.413s] Level 1:colcon.colcon_core.package_discovery:discover_packages(ignore) using defaults
[0.413s] Level 1:colcon.colcon_core.package_discovery:discover_packages(path) discover
[0.413s] Level 1:colcon.colcon_core.package_discovery:discover_packages(path) using defaults
[0.439s] Level 1:colcon.colcon_core.package_discovery:discover_packages(prefix_path) check parameters
[0.439s] Level 1:colcon.colcon_core.package_discovery:discover_packages(prefix_path) discover
[0.442s] DEBUG:colcon.colcon_installed_package_information.package_discovery:Found 378 installed packages in /opt/ros/humble
[0.448s] Level 1:colcon.colcon_core.package_discovery:discover_packages(prefix_path) using defaults
[0.472s] Level 5:colcon.colcon_core.verb:set package 'happy_topic' build argument 'cmake_args' from command line to 'None'
[0.472s] Level 5:colcon.colcon_core.verb:set package 'happy_topic' build argument 'cmake_target' from command line to 'None'
[0.472s] Level 5:colcon.colcon_core.verb:set package 'happy_topic' build argument 'cmake_target_skip_unavailable' from command line to 'False'
[0.472s] Level 5:colcon.colcon_core.verb:set package 'happy_topic' build argument 'cmake_clean_cache' from command line to 'False'
[0.472s] Level 5:colcon.colcon_core.verb:set package 'happy_topic' build argument 'cmake_clean_first' from command line to 'False'
[0.472s] Level 5:colcon.colcon_core.verb:set package 'happy_topic' build argument 'cmake_force_configure' from command line to 'False'
[0.472s] Level 5:colcon.colcon_core.verb:set package 'happy_topic' build argument 'ament_cmake_args' from command line to 'None'
[0.472s] Level 5:colcon.colcon_core.verb:set package 'happy_topic' build argument 'catkin_cmake_args' from command line to 'None'
[0.472s] Level 5:colcon.colcon_core.verb:set package 'happy_topic' build argument 'catkin_skip_building_tests' from command line to 'False'
[0.472s] DEBUG:colcon.colcon_core.verb:Building package 'happy_topic' with the following arguments: {'ament_cmake_args': None, 'build_base': '/home/masaki/ros2_setup_scripts/happy_ws/build/happy_topic', 'catkin_cmake_args': None, 'catkin_skip_building_tests': False, 'cmake_args': None, 'cmake_clean_cache': False, 'cmake_clean_first': False, 'cmake_force_configure': False, 'cmake_target': None, 'cmake_target_skip_unavailable': False, 'install_base': '/home/masaki/ros2_setup_scripts/happy_ws/install/happy_topic', 'merge_install': False, 'path': '/home/masaki/ros2_setup_scripts/happy_ws/src/happy_topic', 'symlink_install': False, 'test_result_base': None}
[0.472s] Level 5:colcon.colcon_core.verb:set package 'hello' build argument 'cmake_args' from command line to 'None'
[0.472s] Level 5:colcon.colcon_core.verb:set package 'hello' build argument 'cmake_target' from command line to 'None'
[0.472s] Level 5:colcon.colcon_core.verb:set package 'hello' build argument 'cmake_target_skip_unavailable' from command line to 'False'
[0.472s] Level 5:colcon.colcon_core.verb:set package 'hello' build argument 'cmake_clean_cache' from command line to 'False'
[0.472s] Level 5:colcon.colcon_core.verb:set package 'hello' build argument 'cmake_clean_first' from command line to 'False'
[0.473s] Level 5:colcon.colcon_core.verb:set package 'hello' build argument 'cmake_force_configure' from command line to 'False'
[0.473s] Level 5:colcon.colcon_core.verb:set package 'hello' build argument 'ament_cmake_args' from command line to 'None'
[0.473s] Level 5:colcon.colcon_core.verb:set package 'hello' build argument 'catkin_cmake_args' from command line to 'None'
[0.473s] Level 5:colcon.colcon_core.verb:set package 'hello' build argument 'catkin_skip_building_tests' from command line to 'False'
[0.473s] DEBUG:colcon.colcon_core.verb:Building package 'hello' with the following arguments: {'ament_cmake_args': None, 'build_base': '/home/masaki/ros2_setup_scripts/happy_ws/build/hello', 'catkin_cmake_args': None, 'catkin_skip_building_tests': False, 'cmake_args': None, 'cmake_clean_cache': False, 'cmake_clean_first': False, 'cmake_force_configure': False, 'cmake_target': None, 'cmake_target_skip_unavailable': False, 'install_base': '/home/masaki/ros2_setup_scripts/happy_ws/install/hello', 'merge_install': False, 'path': '/home/masaki/ros2_setup_scripts/happy_ws/src/hello', 'symlink_install': False, 'test_result_base': None}
[0.473s] Level 5:colcon.colcon_core.verb:set package 'my_happy' build argument 'cmake_args' from command line to 'None'
[0.473s] Level 5:colcon.colcon_core.verb:set package 'my_happy' build argument 'cmake_target' from command line to 'None'
[0.473s] Level 5:colcon.colcon_core.verb:set package 'my_happy' build argument 'cmake_target_skip_unavailable' from command line to 'False'
[0.473s] Level 5:colcon.colcon_core.verb:set package 'my_happy' build argument 'cmake_clean_cache' from command line to 'False'
[0.473s] Level 5:colcon.colcon_core.verb:set package 'my_happy' build argument 'cmake_clean_first' from command line to 'False'
[0.473s] Level 5:colcon.colcon_core.verb:set package 'my_happy' build argument 'cmake_force_configure' from command line to 'False'
[0.473s] Level 5:colcon.colcon_core.verb:set package 'my_happy' build argument 'ament_cmake_args' from command line to 'None'
[0.473s] Level 5:colcon.colcon_core.verb:set package 'my_happy' build argument 'catkin_cmake_args' from command line to 'None'
[0.473s] Level 5:colcon.colcon_core.verb:set package 'my_happy' build argument 'catkin_skip_building_tests' from command line to 'False'
[0.473s] DEBUG:colcon.colcon_core.verb:Building package 'my_happy' with the following arguments: {'ament_cmake_args': None, 'build_base': '/home/masaki/ros2_setup_scripts/happy_ws/build/my_happy', 'catkin_cmake_args': None, 'catkin_skip_building_tests': False, 'cmake_args': None, 'cmake_clean_cache': False, 'cmake_clean_first': False, 'cmake_force_configure': False, 'cmake_target': None, 'cmake_target_skip_unavailable': False, 'install_base': '/home/masaki/ros2_setup_scripts/happy_ws/install/my_happy', 'merge_install': False, 'path': '/home/masaki/ros2_setup_scripts/happy_ws/src/my_happy', 'symlink_install': False, 'test_result_base': None}
[0.473s] Level 5:colcon.colcon_core.verb:set package 'time_topic' build argument 'cmake_args' from command line to 'None'
[0.473s] Level 5:colcon.colcon_core.verb:set package 'time_topic' build argument 'cmake_target' from command line to 'None'
[0.473s] Level 5:colcon.colcon_core.verb:set package 'time_topic' build argument 'cmake_target_skip_unavailable' from command line to 'False'
[0.473s] Level 5:colcon.colcon_core.verb:set package 'time_topic' build argument 'cmake_clean_cache' from command line to 'False'
[0.473s] Level 5:colcon.colcon_core.verb:set package 'time_topic' build argument 'cmake_clean_first' from command line to 'False'
[0.473s] Level 5:colcon.colcon_core.verb:set package 'time_topic' build argument 'cmake_force_configure' from command line to 'False'
[0.473s] Level 5:colcon.colcon_core.verb:set package 'time_topic' build argument 'ament_cmake_args' from command line to 'None'
[0.473s] Level 5:colcon.colcon_core.verb:set package 'time_topic' build argument 'catkin_cmake_args' from command line to 'None'
[0.473s] Level 5:colcon.colcon_core.verb:set package 'time_topic' build argument 'catkin_skip_building_tests' from command line to 'False'
[0.473s] DEBUG:colcon.colcon_core.verb:Building package 'time_topic' with the following arguments: {'ament_cmake_args': None, 'build_base': '/home/masaki/ros2_setup_scripts/happy_ws/build/time_topic', 'catkin_cmake_args': None, 'catkin_skip_building_tests': False, 'cmake_args': None, 'cmake_clean_cache': False, 'cmake_clean_first': False, 'cmake_force_configure': False, 'cmake_target': None, 'cmake_target_skip_unavailable': False, 'install_base': '/home/masaki/ros2_setup_scripts/happy_ws/install/time_topic', 'merge_install': False, 'path': '/home/masaki/ros2_setup_scripts/happy_ws/src/time_topic', 'symlink_install': False, 'test_result_base': None}
[0.473s] INFO:colcon.colcon_core.executor:Executing jobs using 'parallel' executor
[0.474s] DEBUG:colcon.colcon_parallel_executor.executor.parallel:run_until_complete
[0.474s] INFO:colcon.colcon_ros.task.ament_python.build:Building ROS package in '/home/masaki/ros2_setup_scripts/happy_ws/src/happy_topic' with build type 'ament_python'
[0.474s] Level 1:colcon.colcon_core.shell:create_environment_hook('happy_topic', 'ament_prefix_path')
[0.479s] INFO:colcon.colcon_core.plugin_system:Skipping extension 'colcon_core.shell.bat': Not used on non-Windows systems
[0.479s] INFO:colcon.colcon_core.shell:Creating environment hook '/home/masaki/ros2_setup_scripts/happy_ws/install/happy_topic/share/happy_topic/hook/ament_prefix_path.ps1'
[0.480s] INFO:colcon.colcon_core.shell:Creating environment descriptor '/home/masaki/ros2_setup_scripts/happy_ws/install/happy_topic/share/happy_topic/hook/ament_prefix_path.dsv'
[0.481s] INFO:colcon.colcon_core.shell:Creating environment hook '/home/masaki/ros2_setup_scripts/happy_ws/install/happy_topic/share/happy_topic/hook/ament_prefix_path.sh'
[0.482s] INFO:colcon.colcon_core.shell:Skip shell extension 'powershell' for command environment: Not usable outside of PowerShell
[0.482s] DEBUG:colcon.colcon_core.shell:Skip shell extension 'dsv' for command environment
[0.484s] INFO:colcon.colcon_ros.task.ament_python.build:Building ROS package in '/home/masaki/ros2_setup_scripts/happy_ws/src/hello' with build type 'ament_python'
[0.484s] Level 1:colcon.colcon_core.shell:create_environment_hook('hello', 'ament_prefix_path')
[0.484s] INFO:colcon.colcon_core.shell:Creating environment hook '/home/masaki/ros2_setup_scripts/happy_ws/install/hello/share/hello/hook/ament_prefix_path.ps1'
[0.484s] INFO:colcon.colcon_core.shell:Creating environment descriptor '/home/masaki/ros2_setup_scripts/happy_ws/install/hello/share/hello/hook/ament_prefix_path.dsv'
[0.485s] INFO:colcon.colcon_core.shell:Creating environment hook '/home/masaki/ros2_setup_scripts/happy_ws/install/hello/share/hello/hook/ament_prefix_path.sh'
[0.485s] INFO:colcon.colcon_core.shell:Skip shell extension 'powershell' for command environment: Not usable outside of PowerShell
[0.485s] DEBUG:colcon.colcon_core.shell:Skip shell extension 'dsv' for command environment
[0.487s] INFO:colcon.colcon_ros.task.ament_python.build:Building ROS package in '/home/masaki/ros2_setup_scripts/happy_ws/src/my_happy' with build type 'ament_python'
[0.487s] Level 1:colcon.colcon_core.shell:create_environment_hook('my_happy', 'ament_prefix_path')
[0.487s] INFO:colcon.colcon_core.shell:Creating environment hook '/home/masaki/ros2_setup_scripts/happy_ws/install/my_happy/share/my_happy/hook/ament_prefix_path.ps1'
[0.488s] INFO:colcon.colcon_core.shell:Creating environment descriptor '/home/masaki/ros2_setup_scripts/happy_ws/install/my_happy/share/my_happy/hook/ament_prefix_path.dsv'
[0.488s] INFO:colcon.colcon_core.shell:Creating environment hook '/home/masaki/ros2_setup_scripts/happy_ws/install/my_happy/share/my_happy/hook/ament_prefix_path.sh'
[0.489s] INFO:colcon.colcon_core.shell:Skip shell extension 'powershell' for command environment: Not usable outside of PowerShell
[0.489s] DEBUG:colcon.colcon_core.shell:Skip shell extension 'dsv' for command environment
[0.490s] INFO:colcon.colcon_ros.task.ament_python.build:Building ROS package in '/home/masaki/ros2_setup_scripts/happy_ws/src/time_topic' with build type 'ament_python'
[0.490s] Level 1:colcon.colcon_core.shell:create_environment_hook('time_topic', 'ament_prefix_path')
[0.491s] INFO:colcon.colcon_core.shell:Creating environment hook '/home/masaki/ros2_setup_scripts/happy_ws/install/time_topic/share/time_topic/hook/ament_prefix_path.ps1'
[0.491s] INFO:colcon.colcon_core.shell:Creating environment descriptor '/home/masaki/ros2_setup_scripts/happy_ws/install/time_topic/share/time_topic/hook/ament_prefix_path.dsv'
[0.491s] INFO:colcon.colcon_core.shell:Creating environment hook '/home/masaki/ros2_setup_scripts/happy_ws/install/time_topic/share/time_topic/hook/ament_prefix_path.sh'
[0.492s] INFO:colcon.colcon_core.shell:Skip shell extension 'powershell' for command environment: Not usable outside of PowerShell
[0.492s] DEBUG:colcon.colcon_core.shell:Skip shell extension 'dsv' for command environment
[0.630s] INFO:colcon.colcon_core.task.python.build:Building Python package in '/home/masaki/ros2_setup_scripts/happy_ws/src/happy_topic'
[0.630s] INFO:colcon.colcon_core.shell:Skip shell extension 'powershell' for command environment: Not usable outside of PowerShell
[0.630s] DEBUG:colcon.colcon_core.shell:Skip shell extension 'dsv' for command environment
[0.776s] INFO:colcon.colcon_core.task.python.build:Building Python package in '/home/masaki/ros2_setup_scripts/happy_ws/src/hello'
[0.776s] INFO:colcon.colcon_core.shell:Skip shell extension 'powershell' for command environment: Not usable outside of PowerShell
[0.776s] DEBUG:colcon.colcon_core.shell:Skip shell extension 'dsv' for command environment
[0.918s] INFO:colcon.colcon_core.task.python.build:Building Python package in '/home/masaki/ros2_setup_scripts/happy_ws/src/my_happy'
[0.918s] INFO:colcon.colcon_core.shell:Skip shell extension 'powershell' for command environment: Not usable outside of PowerShell
[0.918s] DEBUG:colcon.colcon_core.shell:Skip shell extension 'dsv' for command environment
[1.054s] INFO:colcon.colcon_core.task.python.build:Building Python package in '/home/masaki/ros2_setup_scripts/happy_ws/src/time_topic'
[1.054s] INFO:colcon.colcon_core.shell:Skip shell extension 'powershell' for command environment: Not usable outside of PowerShell
[1.054s] DEBUG:colcon.colcon_core.shell:Skip shell extension 'dsv' for command environment
[1.385s] DEBUG:colcon.colcon_core.task.python.build:Available setuptools commands: build, dist_info, setopt, clean, saveopts, test, egg_info, symlink_data, install, compile_catalog, install_scripts, init_catalog, bdist_dumb, install_data, bdist_rpm, build_scripts, update_catalog, build_ext, sdist, install_headers, upload, rotate, register, bdist, develop, bdist_egg, build_py, easy_install, upload_docs, alias, install_egg_info, extract_messages, check, build_clib, install_lib
[1.387s] DEBUG:colcon.colcon_core.task.python.build:Available setuptools commands: build, dist_info, setopt, clean, saveopts, test, egg_info, symlink_data, install, compile_catalog, install_scripts, init_catalog, bdist_dumb, install_data, bdist_rpm, build_scripts, update_catalog, build_ext, sdist, install_headers, upload, rotate, register, bdist, develop, bdist_egg, build_py, easy_install, upload_docs, alias, install_egg_info, extract_messages, check, build_clib, install_lib
[1.387s] DEBUG:colcon.colcon_core.event_handler.log_command:Invoking command in '/home/masaki/ros2_setup_scripts/happy_ws/src/my_happy': PYTHONPATH=/home/masaki/ros2_setup_scripts/happy_ws/build/my_happy/prefix_override:/usr/lib/python3/dist-packages/colcon_core/task/python/colcon_distutils_commands:/home/masaki/ros2_setup_scripts/happy_ws/install/my_happy/lib/python3.10/site-packages:${PYTHONPATH} /usr/bin/python3 -W ignore:setup.py install is deprecated -W ignore:easy_install command is deprecated setup.py egg_info --egg-base ../../build/my_happy build --build-base /home/masaki/ros2_setup_scripts/happy_ws/build/my_happy/build install --record /home/masaki/ros2_setup_scripts/happy_ws/build/my_happy/install.log --install-scripts $base/lib/my_happy --single-version-externally-managed install_data
[1.389s] DEBUG:colcon.colcon_core.task.python.build:Available setuptools commands: build, dist_info, setopt, clean, saveopts, test, egg_info, symlink_data, install, compile_catalog, install_scripts, init_catalog, bdist_dumb, install_data, bdist_rpm, build_scripts, update_catalog, build_ext, sdist, install_headers, upload, rotate, register, bdist, develop, bdist_egg, build_py, easy_install, upload_docs, alias, install_egg_info, extract_messages, check, build_clib, install_lib
[1.391s] DEBUG:colcon.colcon_core.event_handler.log_command:Invoking command in '/home/masaki/ros2_setup_scripts/happy_ws/src/time_topic': PYTHONPATH=/home/masaki/ros2_setup_scripts/happy_ws/build/time_topic/prefix_override:/usr/lib/python3/dist-packages/colcon_core/task/python/colcon_distutils_commands:/home/masaki/ros2_setup_scripts/happy_ws/install/time_topic/lib/python3.10/site-packages:${PYTHONPATH} /usr/bin/python3 -W ignore:setup.py install is deprecated -W ignore:easy_install command is deprecated setup.py egg_info --egg-base ../../build/time_topic build --build-base /home/masaki/ros2_setup_scripts/happy_ws/build/time_topic/build install --record /home/masaki/ros2_setup_scripts/happy_ws/build/time_topic/install.log --install-scripts $base/lib/time_topic --single-version-externally-managed install_data
[1.392s] DEBUG:colcon.colcon_core.task.python.build:Available setuptools commands: build, dist_info, setopt, clean, saveopts, test, egg_info, symlink_data, install, compile_catalog, install_scripts, init_catalog, bdist_dumb, install_data, bdist_rpm, build_scripts, update_catalog, build_ext, sdist, install_headers, upload, rotate, register, bdist, develop, bdist_egg, build_py, easy_install, upload_docs, alias, install_egg_info, extract_messages, check, build_clib, install_lib
[1.393s] DEBUG:colcon.colcon_core.event_handler.log_command:Invoking command in '/home/masaki/ros2_setup_scripts/happy_ws/src/hello': PYTHONPATH=/home/masaki/ros2_setup_scripts/happy_ws/build/hello/prefix_override:/usr/lib/python3/dist-packages/colcon_core/task/python/colcon_distutils_commands:/home/masaki/ros2_setup_scripts/happy_ws/install/hello/lib/python3.10/site-packages:${PYTHONPATH} /usr/bin/python3 -W ignore:setup.py install is deprecated -W ignore:easy_install command is deprecated setup.py egg_info --egg-base ../../build/hello build --build-base /home/masaki/ros2_setup_scripts/happy_ws/build/hello/build install --record /home/masaki/ros2_setup_scripts/happy_ws/build/hello/install.log --install-scripts $base/lib/hello --single-version-externally-managed install_data
[1.395s] DEBUG:colcon.colcon_core.event_handler.log_command:Invoking command in '/home/masaki/ros2_setup_scripts/happy_ws/src/happy_topic': PYTHONPATH=/home/masaki/ros2_setup_scripts/happy_ws/build/happy_topic/prefix_override:/usr/lib/python3/dist-packages/colcon_core/task/python/colcon_distutils_commands:/home/masaki/ros2_setup_scripts/happy_ws/install/happy_topic/lib/python3.10/site-packages:${PYTHONPATH} /usr/bin/python3 -W ignore:setup.py install is deprecated -W ignore:easy_install command is deprecated setup.py egg_info --egg-base ../../build/happy_topic build --build-base /home/masaki/ros2_setup_scripts/happy_ws/build/happy_topic/build install --record /home/masaki/ros2_setup_scripts/happy_ws/build/happy_topic/install.log --install-scripts $base/lib/happy_topic --single-version-externally-managed install_data
[1.555s] DEBUG:colcon.colcon_core.event_handler.log_command:Invoked command in '/home/masaki/ros2_setup_scripts/happy_ws/src/time_topic' returned '0': PYTHONPATH=/home/masaki/ros2_setup_scripts/happy_ws/build/time_topic/prefix_override:/usr/lib/python3/dist-packages/colcon_core/task/python/colcon_distutils_commands:/home/masaki/ros2_setup_scripts/happy_ws/install/time_topic/lib/python3.10/site-packages:${PYTHONPATH} /usr/bin/python3 -W ignore:setup.py install is deprecated -W ignore:easy_install command is deprecated setup.py egg_info --egg-base ../../build/time_topic build --build-base /home/masaki/ros2_setup_scripts/happy_ws/build/time_topic/build install --record /home/masaki/ros2_setup_scripts/happy_ws/build/time_topic/install.log --install-scripts $base/lib/time_topic --single-version-externally-managed install_data
[1.559s] Level 1:colcon.colcon_core.environment:checking '/home/masaki/ros2_setup_scripts/happy_ws/install/time_topic' for CMake module files
[1.560s] Level 1:colcon.colcon_core.environment:checking '/home/masaki/ros2_setup_scripts/happy_ws/install/time_topic' for CMake config files
[1.562s] Level 1:colcon.colcon_core.environment:checking '/home/masaki/ros2_setup_scripts/happy_ws/install/time_topic/lib'
[1.562s] Level 1:colcon.colcon_core.environment:checking '/home/masaki/ros2_setup_scripts/happy_ws/install/time_topic/bin'
[1.562s] Level 1:colcon.colcon_core.environment:checking '/home/masaki/ros2_setup_scripts/happy_ws/install/time_topic/lib/pkgconfig/time_topic.pc'
[1.562s] Level 1:colcon.colcon_core.environment:checking '/home/masaki/ros2_setup_scripts/happy_ws/install/time_topic/lib/python3.10/site-packages'
[1.562s] Level 1:colcon.colcon_core.shell:create_environment_hook('time_topic', 'pythonpath')
[1.562s] INFO:colcon.colcon_core.shell:Creating environment hook '/home/masaki/ros2_setup_scripts/happy_ws/install/time_topic/share/time_topic/hook/pythonpath.ps1'
[1.562s] INFO:colcon.colcon_core.shell:Creating environment descriptor '/home/masaki/ros2_setup_scripts/happy_ws/install/time_topic/share/time_topic/hook/pythonpath.dsv'
[1.563s] INFO:colcon.colcon_core.shell:Creating environment hook '/home/masaki/ros2_setup_scripts/happy_ws/install/time_topic/share/time_topic/hook/pythonpath.sh'
[1.563s] Level 1:colcon.colcon_core.environment:checking '/home/masaki/ros2_setup_scripts/happy_ws/install/time_topic/bin'
[1.563s] Level 1:colcon.colcon_core.environment:create_environment_scripts_only(time_topic)
[1.563s] INFO:colcon.colcon_core.shell:Creating package script '/home/masaki/ros2_setup_scripts/happy_ws/install/time_topic/share/time_topic/package.ps1'
[1.564s] INFO:colcon.colcon_core.shell:Creating package descriptor '/home/masaki/ros2_setup_scripts/happy_ws/install/time_topic/share/time_topic/package.dsv'
[1.565s] INFO:colcon.colcon_core.shell:Creating package script '/home/masaki/ros2_setup_scripts/happy_ws/install/time_topic/share/time_topic/package.sh'
[1.565s] INFO:colcon.colcon_core.shell:Creating package script '/home/masaki/ros2_setup_scripts/happy_ws/install/time_topic/share/time_topic/package.bash'
[1.566s] INFO:colcon.colcon_core.shell:Creating package script '/home/masaki/ros2_setup_scripts/happy_ws/install/time_topic/share/time_topic/package.zsh'
[1.567s] Level 1:colcon.colcon_core.environment:create_file_with_runtime_dependencies(/home/masaki/ros2_setup_scripts/happy_ws/install/time_topic/share/colcon-core/packages/time_topic)
[1.569s] Level 1:colcon.colcon_core.environment:checking '/home/masaki/ros2_setup_scripts/happy_ws/install/my_happy' for CMake module files
[1.569s] DEBUG:colcon.colcon_core.event_handler.log_command:Invoked command in '/home/masaki/ros2_setup_scripts/happy_ws/src/my_happy' returned '0': PYTHONPATH=/home/masaki/ros2_setup_scripts/happy_ws/build/my_happy/prefix_override:/usr/lib/python3/dist-packages/colcon_core/task/python/colcon_distutils_commands:/home/masaki/ros2_setup_scripts/happy_ws/install/my_happy/lib/python3.10/site-packages:${PYTHONPATH} /usr/bin/python3 -W ignore:setup.py install is deprecated -W ignore:easy_install command is deprecated setup.py egg_info --egg-base ../../build/my_happy build --build-base /home/masaki/ros2_setup_scripts/happy_ws/build/my_happy/build install --record /home/masaki/ros2_setup_scripts/happy_ws/build/my_happy/install.log --install-scripts $base/lib/my_happy --single-version-externally-managed install_data
[1.570s] Level 1:colcon.colcon_core.environment:checking '/home/masaki/ros2_setup_scripts/happy_ws/install/my_happy' for CMake config files
[1.572s] Level 1:colcon.colcon_core.environment:checking '/home/masaki/ros2_setup_scripts/happy_ws/install/my_happy/lib'
[1.573s] Level 1:colcon.colcon_core.environment:checking '/home/masaki/ros2_setup_scripts/happy_ws/install/my_happy/bin'
[1.573s] Level 1:colcon.colcon_core.environment:checking '/home/masaki/ros2_setup_scripts/happy_ws/install/my_happy/lib/pkgconfig/my_happy.pc'
[1.573s] Level 1:colcon.colcon_core.environment:checking '/home/masaki/ros2_setup_scripts/happy_ws/install/my_happy/lib/python3.10/site-packages'
[1.573s] Level 1:colcon.colcon_core.shell:create_environment_hook('my_happy', 'pythonpath')
[1.573s] INFO:colcon.colcon_core.shell:Creating environment hook '/home/masaki/ros2_setup_scripts/happy_ws/install/my_happy/share/my_happy/hook/pythonpath.ps1'
[1.573s] INFO:colcon.colcon_core.shell:Creating environment descriptor '/home/masaki/ros2_setup_scripts/happy_ws/install/my_happy/share/my_happy/hook/pythonpath.dsv'
[1.574s] INFO:colcon.colcon_core.shell:Creating environment hook '/home/masaki/ros2_setup_scripts/happy_ws/install/my_happy/share/my_happy/hook/pythonpath.sh'
[1.574s] Level 1:colcon.colcon_core.environment:checking '/home/masaki/ros2_setup_scripts/happy_ws/install/my_happy/bin'
[1.574s] Level 1:colcon.colcon_core.environment:create_environment_scripts_only(my_happy)
[1.574s] INFO:colcon.colcon_core.shell:Creating package script '/home/masaki/ros2_setup_scripts/happy_ws/install/my_happy/share/my_happy/package.ps1'
[1.575s] INFO:colcon.colcon_core.shell:Creating package descriptor '/home/masaki/ros2_setup_scripts/happy_ws/install/my_happy/share/my_happy/package.dsv'
[1.575s] INFO:colcon.colcon_core.shell:Creating package script '/home/masaki/ros2_setup_scripts/happy_ws/install/my_happy/share/my_happy/package.sh'
[1.575s] INFO:colcon.colcon_core.shell:Creating package script '/home/masaki/ros2_setup_scripts/happy_ws/install/my_happy/share/my_happy/package.bash'
[1.575s] INFO:colcon.colcon_core.shell:Creating package script '/home/masaki/ros2_setup_scripts/happy_ws/install/my_happy/share/my_happy/package.zsh'
[1.576s] Level 1:colcon.colcon_core.environment:create_file_with_runtime_dependencies(/home/masaki/ros2_setup_scripts/happy_ws/install/my_happy/share/colcon-core/packages/my_happy)
[1.576s] Level 1:colcon.colcon_core.environment:checking '/home/masaki/ros2_setup_scripts/happy_ws/install/hello' for CMake module files
[1.577s] DEBUG:colcon.colcon_core.event_handler.log_command:Invoked command in '/home/masaki/ros2_setup_scripts/happy_ws/src/hello' returned '0': PYTHONPATH=/home/masaki/ros2_setup_scripts/happy_ws/build/hello/prefix_override:/usr/lib/python3/dist-packages/colcon_core/task/python/colcon_distutils_commands:/home/masaki/ros2_setup_scripts/happy_ws/install/hello/lib/python3.10/site-packages:${PYTHONPATH} /usr/bin/python3 -W ignore:setup.py install is deprecated -W ignore:easy_install command is deprecated setup.py egg_info --egg-base ../../build/hello build --build-base /home/masaki/ros2_setup_scripts/happy_ws/build/hello/build install --record /home/masaki/ros2_setup_scripts/happy_ws/build/hello/install.log --install-scripts $base/lib/hello --single-version-externally-managed install_data
[1.577s] Level 1:colcon.colcon_core.environment:checking '/home/masaki/ros2_setup_scripts/happy_ws/install/hello' for CMake config files
[1.579s] Level 1:colcon.colcon_core.environment:checking '/home/masaki/ros2_setup_scripts/happy_ws/install/hello/lib'
[1.579s] Level 1:colcon.colcon_core.environment:checking '/home/masaki/ros2_setup_scripts/happy_ws/install/hello/bin'
[1.579s] Level 1:colcon.colcon_core.environment:checking '/home/masaki/ros2_setup_scripts/happy_ws/install/hello/lib/pkgconfig/hello.pc'
[1.579s] Level 1:colcon.colcon_core.environment:checking '/home/masaki/ros2_setup_scripts/happy_ws/install/hello/lib/python3.10/site-packages'
[1.579s] Level 1:colcon.colcon_core.shell:create_environment_hook('hello', 'pythonpath')
[1.579s] INFO:colcon.colcon_core.shell:Creating environment hook '/home/masaki/ros2_setup_scripts/happy_ws/install/hello/share/hello/hook/pythonpath.ps1'
[1.580s] INFO:colcon.colcon_core.shell:Creating environment descriptor '/home/masaki/ros2_setup_scripts/happy_ws/install/hello/share/hello/hook/pythonpath.dsv'
[1.580s] INFO:colcon.colcon_core.shell:Creating environment hook '/home/masaki/ros2_setup_scripts/happy_ws/install/hello/share/hello/hook/pythonpath.sh'
[1.580s] Level 1:colcon.colcon_core.environment:checking '/home/masaki/ros2_setup_scripts/happy_ws/install/hello/bin'
[1.580s] Level 1:colcon.colcon_core.environment:create_environment_scripts_only(hello)
[1.581s] INFO:colcon.colcon_core.shell:Creating package script '/home/masaki/ros2_setup_scripts/happy_ws/install/hello/share/hello/package.ps1'
[1.581s] INFO:colcon.colcon_core.shell:Creating package descriptor '/home/masaki/ros2_setup_scripts/happy_ws/install/hello/share/hello/package.dsv'
[1.581s] INFO:colcon.colcon_core.shell:Creating package script '/home/masaki/ros2_setup_scripts/happy_ws/install/hello/share/hello/package.sh'
[1.581s] INFO:colcon.colcon_core.shell:Creating package script '/home/masaki/ros2_setup_scripts/happy_ws/install/hello/share/hello/package.bash'
[1.582s] INFO:colcon.colcon_core.shell:Creating package script '/home/masaki/ros2_setup_scripts/happy_ws/install/hello/share/hello/package.zsh'
[1.582s] Level 1:colcon.colcon_core.environment:create_file_with_runtime_dependencies(/home/masaki/ros2_setup_scripts/happy_ws/install/hello/share/colcon-core/packages/hello)
[1.582s] Level 1:colcon.colcon_core.environment:checking '/home/masaki/ros2_setup_scripts/happy_ws/install/happy_topic' for CMake module files
[1.583s] DEBUG:colcon.colcon_core.event_handler.log_command:Invoked command in '/home/masaki/ros2_setup_scripts/happy_ws/src/happy_topic' returned '0': PYTHONPATH=/home/masaki/ros2_setup_scripts/happy_ws/build/happy_topic/prefix_override:/usr/lib/python3/dist-packages/colcon_core/task/python/colcon_distutils_commands:/home/masaki/ros2_setup_scripts/happy_ws/install/happy_topic/lib/python3.10/site-packages:${PYTHONPATH} /usr/bin/python3 -W ignore:setup.py install is deprecated -W ignore:easy_install command is deprecated setup.py egg_info --egg-base ../../build/happy_topic build --build-base /home/masaki/ros2_setup_scripts/happy_ws/build/happy_topic/build install --record /home/masaki/ros2_setup_scripts/happy_ws/build/happy_topic/install.log --install-scripts $base/lib/happy_topic --single-version-externally-managed install_data
[1.583s] Level 1:colcon.colcon_core.environment:checking '/home/masaki/ros2_setup_scripts/happy_ws/install/happy_topic' for CMake config files
[1.585s] Level 1:colcon.colcon_core.environment:checking '/home/masaki/ros2_setup_scripts/happy_ws/install/happy_topic/lib'
[1.585s] Level 1:colcon.colcon_core.environment:checking '/home/masaki/ros2_setup_scripts/happy_ws/install/happy_topic/bin'
[1.585s] Level 1:colcon.colcon_core.environment:checking '/home/masaki/ros2_setup_scripts/happy_ws/install/happy_topic/lib/pkgconfig/happy_topic.pc'
[1.585s] Level 1:colcon.colcon_core.environment:checking '/home/masaki/ros2_setup_scripts/happy_ws/install/happy_topic/lib/python3.10/site-packages'
[1.585s] Level 1:colcon.colcon_core.shell:create_environment_hook('happy_topic', 'pythonpath')
[1.585s] INFO:colcon.colcon_core.shell:Creating environment hook '/home/masaki/ros2_setup_scripts/happy_ws/install/happy_topic/share/happy_topic/hook/pythonpath.ps1'
[1.585s] INFO:colcon.colcon_core.shell:Creating environment descriptor '/home/masaki/ros2_setup_scripts/happy_ws/install/happy_topic/share/happy_topic/hook/pythonpath.dsv'
[1.586s] INFO:colcon.colcon_core.shell:Creating environment hook '/home/masaki/ros2_setup_scripts/happy_ws/install/happy_topic/share/happy_topic/hook/pythonpath.sh'
[1.586s] Level 1:colcon.colcon_core.environment:checking '/home/masaki/ros2_setup_scripts/happy_ws/install/happy_topic/bin'
[1.586s] Level 1:colcon.colcon_core.environment:create_environment_scripts_only(happy_topic)
[1.586s] INFO:colcon.colcon_core.shell:Creating package script '/home/masaki/ros2_setup_scripts/happy_ws/install/happy_topic/share/happy_topic/package.ps1'
[1.587s] INFO:colcon.colcon_core.shell:Creating package descriptor '/home/masaki/ros2_setup_scripts/happy_ws/install/happy_topic/share/happy_topic/package.dsv'
[1.587s] INFO:colcon.colcon_core.shell:Creating package script '/home/masaki/ros2_setup_scripts/happy_ws/install/happy_topic/share/happy_topic/package.sh'
[1.587s] INFO:colcon.colcon_core.shell:Creating package script '/home/masaki/ros2_setup_scripts/happy_ws/install/happy_topic/share/happy_topic/package.bash'
[1.588s] INFO:colcon.colcon_core.shell:Creating package script '/home/masaki/ros2_setup_scripts/happy_ws/install/happy_topic/share/happy_topic/package.zsh'
[1.588s] Level 1:colcon.colcon_core.environment:create_file_with_runtime_dependencies(/home/masaki/ros2_setup_scripts/happy_ws/install/happy_topic/share/colcon-core/packages/happy_topic)
[1.588s] DEBUG:colcon.colcon_parallel_executor.executor.parallel:closing loop
[1.588s] DEBUG:colcon.colcon_parallel_executor.executor.parallel:loop closed
[1.589s] DEBUG:colcon.colcon_parallel_executor.executor.parallel:run_until_complete finished with '0'
[1.589s] DEBUG:colcon.colcon_core.event_reactor:joining thread
[1.596s] INFO:colcon.colcon_core.plugin_system:Skipping extension 'colcon_notification.desktop_notification.terminal_notifier': Not used on non-Darwin systems
[1.596s] INFO:colcon.colcon_core.plugin_system:Skipping extension 'colcon_notification.desktop_notification.win32': Not used on non-Windows systems
[1.596s] INFO:colcon.colcon_notification.desktop_notification:Sending desktop notification using 'notify2'
[1.596s] DEBUG:colcon.colcon_notification.desktop_notification.notify2:Failed to initialize notify2: org.freedesktop.DBus.Error.FileNotFound: Failed to connect to socket /run/user/1000/bus: No such file or directory
[1.596s] DEBUG:colcon.colcon_core.event_reactor:joined thread
[1.597s] INFO:colcon.colcon_core.shell:Creating prefix script '/home/masaki/ros2_setup_scripts/happy_ws/install/local_setup.ps1'
[1.597s] INFO:colcon.colcon_core.shell:Creating prefix util module '/home/masaki/ros2_setup_scripts/happy_ws/install/_local_setup_util_ps1.py'
[1.598s] INFO:colcon.colcon_core.shell:Creating prefix chain script '/home/masaki/ros2_setup_scripts/happy_ws/install/setup.ps1'
[1.599s] INFO:colcon.colcon_core.shell:Creating prefix script '/home/masaki/ros2_setup_scripts/happy_ws/install/local_setup.sh'
[1.600s] INFO:colcon.colcon_core.shell:Creating prefix util module '/home/masaki/ros2_setup_scripts/happy_ws/install/_local_setup_util_sh.py'
[1.600s] INFO:colcon.colcon_core.shell:Creating prefix chain script '/home/masaki/ros2_setup_scripts/happy_ws/install/setup.sh'
[1.601s] INFO:colcon.colcon_core.shell:Creating prefix script '/home/masaki/ros2_setup_scripts/happy_ws/install/local_setup.bash'
[1.601s] INFO:colcon.colcon_core.shell:Creating prefix chain script '/home/masaki/ros2_setup_scripts/happy_ws/install/setup.bash'
[1.603s] INFO:colcon.colcon_core.shell:Creating prefix script '/home/masaki/ros2_setup_scripts/happy_ws/install/local_setup.zsh'
[1.603s] INFO:colcon.colcon_core.shell:Creating prefix chain script '/home/masaki/ros2_setup_scripts/happy_ws/install/setup.zsh'
