[0.168s] Invoking command in '/home/masaki/ros2_setup_scripts/turtlebot3_ws/build/turtlebot3_simulations': AMENT_PREFIX_PATH=/home/masaki/ros2_setup_scripts/turtlebot3_ws/install/turtlebot3_manipulation_gazebo:/home/masaki/ros2_setup_scripts/turtlebot3_ws/install/turtlebot3_gazebo:/home/masaki/ros2_setup_scripts/turtlebot3_ws/install/turtlebot3_fake_node:${AMENT_PREFIX_PATH} CMAKE_PREFIX_PATH=/home/masaki/ros2_setup_scripts/turtlebot3_ws/install/turtlebot3_manipulation_gazebo:/home/masaki/ros2_setup_scripts/turtlebot3_ws/install/turtlebot3_gazebo:/home/masaki/ros2_setup_scripts/turtlebot3_ws/install/turtlebot3_fake_node:/home/masaki/ros2_setup_scripts/ros2_ws/install/mypkg:/home/masaki/ros2_setup_scripts/happy_ws/install/hello:/opt/ros/humble /usr/bin/cmake /home/masaki/ros2_setup_scripts/turtlebot3_ws/src/turtlebot3_simulations/turtlebot3_simulations -DAMENT_CMAKE_SYMLINK_INSTALL=1 -DCMAKE_INSTALL_PREFIX=/home/masaki/ros2_setup_scripts/turtlebot3_ws/install/turtlebot3_simulations
[0.303s] -- The C compiler identification is GNU 9.5.0
[0.658s] -- The CXX compiler identification is GNU 9.5.0
[1.000s] -- Detecting C compiler ABI info
[1.184s] -- Detecting C compiler ABI info - done
[1.188s] -- Check for working C compiler: /usr/bin/cc - skipped
[1.188s] -- Detecting C compile features
[1.188s] -- Detecting C compile features - done
[1.190s] -- Detecting CXX compiler ABI info
[1.378s] -- Detecting CXX compiler ABI info - done
[1.381s] -- Check for working CXX compiler: /usr/bin/c++ - skipped
[1.382s] -- Detecting CXX compile features
[1.382s] -- Detecting CXX compile features - done
[1.383s] -- Found ament_cmake: 1.3.14 (/opt/ros/humble/share/ament_cmake/cmake)
[1.465s] -- Found Python3: /usr/bin/python3 (found version "3.10.12") found components: Interpreter 
[1.500s] -- Override CMake install command with custom implementation using symlinks instead of copying resources
[1.548s] -- Configuring done
[1.550s] -- Generating done
[1.551s] -- Build files have been written to: /home/masaki/ros2_setup_scripts/turtlebot3_ws/build/turtlebot3_simulations
[1.554s] Invoked command in '/home/masaki/ros2_setup_scripts/turtlebot3_ws/build/turtlebot3_simulations' returned '0': AMENT_PREFIX_PATH=/home/masaki/ros2_setup_scripts/turtlebot3_ws/install/turtlebot3_manipulation_gazebo:/home/masaki/ros2_setup_scripts/turtlebot3_ws/install/turtlebot3_gazebo:/home/masaki/ros2_setup_scripts/turtlebot3_ws/install/turtlebot3_fake_node:${AMENT_PREFIX_PATH} CMAKE_PREFIX_PATH=/home/masaki/ros2_setup_scripts/turtlebot3_ws/install/turtlebot3_manipulation_gazebo:/home/masaki/ros2_setup_scripts/turtlebot3_ws/install/turtlebot3_gazebo:/home/masaki/ros2_setup_scripts/turtlebot3_ws/install/turtlebot3_fake_node:/home/masaki/ros2_setup_scripts/ros2_ws/install/mypkg:/home/masaki/ros2_setup_scripts/happy_ws/install/hello:/opt/ros/humble /usr/bin/cmake /home/masaki/ros2_setup_scripts/turtlebot3_ws/src/turtlebot3_simulations/turtlebot3_simulations -DAMENT_CMAKE_SYMLINK_INSTALL=1 -DCMAKE_INSTALL_PREFIX=/home/masaki/ros2_setup_scripts/turtlebot3_ws/install/turtlebot3_simulations
[1.555s] Invoking command in '/home/masaki/ros2_setup_scripts/turtlebot3_ws/build/turtlebot3_simulations': AMENT_PREFIX_PATH=/home/masaki/ros2_setup_scripts/turtlebot3_ws/install/turtlebot3_manipulation_gazebo:/home/masaki/ros2_setup_scripts/turtlebot3_ws/install/turtlebot3_gazebo:/home/masaki/ros2_setup_scripts/turtlebot3_ws/install/turtlebot3_fake_node:${AMENT_PREFIX_PATH} CMAKE_PREFIX_PATH=/home/masaki/ros2_setup_scripts/turtlebot3_ws/install/turtlebot3_manipulation_gazebo:/home/masaki/ros2_setup_scripts/turtlebot3_ws/install/turtlebot3_gazebo:/home/masaki/ros2_setup_scripts/turtlebot3_ws/install/turtlebot3_fake_node:/home/masaki/ros2_setup_scripts/ros2_ws/install/mypkg:/home/masaki/ros2_setup_scripts/happy_ws/install/hello:/opt/ros/humble /usr/bin/cmake --build /home/masaki/ros2_setup_scripts/turtlebot3_ws/build/turtlebot3_simulations -- -j24 -l24
[1.574s] Invoked command in '/home/masaki/ros2_setup_scripts/turtlebot3_ws/build/turtlebot3_simulations' returned '0': AMENT_PREFIX_PATH=/home/masaki/ros2_setup_scripts/turtlebot3_ws/install/turtlebot3_manipulation_gazebo:/home/masaki/ros2_setup_scripts/turtlebot3_ws/install/turtlebot3_gazebo:/home/masaki/ros2_setup_scripts/turtlebot3_ws/install/turtlebot3_fake_node:${AMENT_PREFIX_PATH} CMAKE_PREFIX_PATH=/home/masaki/ros2_setup_scripts/turtlebot3_ws/install/turtlebot3_manipulation_gazebo:/home/masaki/ros2_setup_scripts/turtlebot3_ws/install/turtlebot3_gazebo:/home/masaki/ros2_setup_scripts/turtlebot3_ws/install/turtlebot3_fake_node:/home/masaki/ros2_setup_scripts/ros2_ws/install/mypkg:/home/masaki/ros2_setup_scripts/happy_ws/install/hello:/opt/ros/humble /usr/bin/cmake --build /home/masaki/ros2_setup_scripts/turtlebot3_ws/build/turtlebot3_simulations -- -j24 -l24
[1.575s] Invoking command in '/home/masaki/ros2_setup_scripts/turtlebot3_ws/build/turtlebot3_simulations': AMENT_PREFIX_PATH=/home/masaki/ros2_setup_scripts/turtlebot3_ws/install/turtlebot3_manipulation_gazebo:/home/masaki/ros2_setup_scripts/turtlebot3_ws/install/turtlebot3_gazebo:/home/masaki/ros2_setup_scripts/turtlebot3_ws/install/turtlebot3_fake_node:${AMENT_PREFIX_PATH} CMAKE_PREFIX_PATH=/home/masaki/ros2_setup_scripts/turtlebot3_ws/install/turtlebot3_manipulation_gazebo:/home/masaki/ros2_setup_scripts/turtlebot3_ws/install/turtlebot3_gazebo:/home/masaki/ros2_setup_scripts/turtlebot3_ws/install/turtlebot3_fake_node:/home/masaki/ros2_setup_scripts/ros2_ws/install/mypkg:/home/masaki/ros2_setup_scripts/happy_ws/install/hello:/opt/ros/humble /usr/bin/cmake --install /home/masaki/ros2_setup_scripts/turtlebot3_ws/build/turtlebot3_simulations
[1.579s] -- Install configuration: ""
[1.579s] -- Execute custom install script
[1.580s] -- Symlinking: /home/masaki/ros2_setup_scripts/turtlebot3_ws/install/turtlebot3_simulations/share/ament_index/resource_index/package_run_dependencies/turtlebot3_simulations
[1.584s] -- Symlinking: /home/masaki/ros2_setup_scripts/turtlebot3_ws/install/turtlebot3_simulations/share/ament_index/resource_index/parent_prefix_path/turtlebot3_simulations
[1.588s] -- Symlinking: /home/masaki/ros2_setup_scripts/turtlebot3_ws/install/turtlebot3_simulations/share/turtlebot3_simulations/environment/ament_prefix_path.sh
[1.592s] -- Symlinking: /home/masaki/ros2_setup_scripts/turtlebot3_ws/install/turtlebot3_simulations/share/turtlebot3_simulations/environment/ament_prefix_path.dsv
[1.596s] -- Symlinking: /home/masaki/ros2_setup_scripts/turtlebot3_ws/install/turtlebot3_simulations/share/turtlebot3_simulations/environment/path.sh
[1.600s] -- Symlinking: /home/masaki/ros2_setup_scripts/turtlebot3_ws/install/turtlebot3_simulations/share/turtlebot3_simulations/environment/path.dsv
[1.604s] -- Symlinking: /home/masaki/ros2_setup_scripts/turtlebot3_ws/install/turtlebot3_simulations/share/turtlebot3_simulations/local_setup.bash
[1.608s] -- Symlinking: /home/masaki/ros2_setup_scripts/turtlebot3_ws/install/turtlebot3_simulations/share/turtlebot3_simulations/local_setup.sh
[1.612s] -- Symlinking: /home/masaki/ros2_setup_scripts/turtlebot3_ws/install/turtlebot3_simulations/share/turtlebot3_simulations/local_setup.zsh
[1.616s] -- Symlinking: /home/masaki/ros2_setup_scripts/turtlebot3_ws/install/turtlebot3_simulations/share/turtlebot3_simulations/local_setup.dsv
[1.620s] -- Symlinking: /home/masaki/ros2_setup_scripts/turtlebot3_ws/install/turtlebot3_simulations/share/turtlebot3_simulations/package.dsv
[1.625s] -- Symlinking: /home/masaki/ros2_setup_scripts/turtlebot3_ws/install/turtlebot3_simulations/share/ament_index/resource_index/packages/turtlebot3_simulations
[1.629s] -- Symlinking: /home/masaki/ros2_setup_scripts/turtlebot3_ws/install/turtlebot3_simulations/share/turtlebot3_simulations/cmake/turtlebot3_simulationsConfig.cmake
[1.633s] -- Symlinking: /home/masaki/ros2_setup_scripts/turtlebot3_ws/install/turtlebot3_simulations/share/turtlebot3_simulations/cmake/turtlebot3_simulationsConfig-version.cmake
[1.637s] -- Symlinking: /home/masaki/ros2_setup_scripts/turtlebot3_ws/install/turtlebot3_simulations/share/turtlebot3_simulations/package.xml
[1.642s] Invoked command in '/home/masaki/ros2_setup_scripts/turtlebot3_ws/build/turtlebot3_simulations' returned '0': AMENT_PREFIX_PATH=/home/masaki/ros2_setup_scripts/turtlebot3_ws/install/turtlebot3_manipulation_gazebo:/home/masaki/ros2_setup_scripts/turtlebot3_ws/install/turtlebot3_gazebo:/home/masaki/ros2_setup_scripts/turtlebot3_ws/install/turtlebot3_fake_node:${AMENT_PREFIX_PATH} CMAKE_PREFIX_PATH=/home/masaki/ros2_setup_scripts/turtlebot3_ws/install/turtlebot3_manipulation_gazebo:/home/masaki/ros2_setup_scripts/turtlebot3_ws/install/turtlebot3_gazebo:/home/masaki/ros2_setup_scripts/turtlebot3_ws/install/turtlebot3_fake_node:/home/masaki/ros2_setup_scripts/ros2_ws/install/mypkg:/home/masaki/ros2_setup_scripts/happy_ws/install/hello:/opt/ros/humble /usr/bin/cmake --install /home/masaki/ros2_setup_scripts/turtlebot3_ws/build/turtlebot3_simulations
