running egg_info
creating ../build/happy_topic/happy_topic.egg-info
writing ../build/happy_topic/happy_topic.egg-info/PKG-INFO
writing dependency_links to ../build/happy_topic/happy_topic.egg-info/dependency_links.txt
writing entry points to ../build/happy_topic/happy_topic.egg-info/entry_points.txt
writing requirements to ../build/happy_topic/happy_topic.egg-info/requires.txt
writing top-level names to ../build/happy_topic/happy_topic.egg-info/top_level.txt
writing manifest file '../build/happy_topic/happy_topic.egg-info/SOURCES.txt'
reading manifest file '../build/happy_topic/happy_topic.egg-info/SOURCES.txt'
writing manifest file '../build/happy_topic/happy_topic.egg-info/SOURCES.txt'
running build
running build_py
creating /home/masaki/ros2_setup_scripts/happy_ws/src/build/happy_topic/build
creating /home/masaki/ros2_setup_scripts/happy_ws/src/build/happy_topic/build/lib
creating /home/masaki/ros2_setup_scripts/happy_ws/src/build/happy_topic/build/lib/happy_topic
copying happy_topic/happy_sub_node.py -> /home/masaki/ros2_setup_scripts/happy_ws/src/build/happy_topic/build/lib/happy_topic
copying happy_topic/__init__.py -> /home/masaki/ros2_setup_scripts/happy_ws/src/build/happy_topic/build/lib/happy_topic
copying happy_topic/happy_pub_node.py -> /home/masaki/ros2_setup_scripts/happy_ws/src/build/happy_topic/build/lib/happy_topic
running install
running install_lib
creating /home/masaki/ros2_setup_scripts/happy_ws/src/install/happy_topic/lib/python3.10/site-packages/happy_topic
copying /home/masaki/ros2_setup_scripts/happy_ws/src/build/happy_topic/build/lib/happy_topic/happy_sub_node.py -> /home/masaki/ros2_setup_scripts/happy_ws/src/install/happy_topic/lib/python3.10/site-packages/happy_topic
copying /home/masaki/ros2_setup_scripts/happy_ws/src/build/happy_topic/build/lib/happy_topic/__init__.py -> /home/masaki/ros2_setup_scripts/happy_ws/src/install/happy_topic/lib/python3.10/site-packages/happy_topic
copying /home/masaki/ros2_setup_scripts/happy_ws/src/build/happy_topic/build/lib/happy_topic/happy_pub_node.py -> /home/masaki/ros2_setup_scripts/happy_ws/src/install/happy_topic/lib/python3.10/site-packages/happy_topic
byte-compiling /home/masaki/ros2_setup_scripts/happy_ws/src/install/happy_topic/lib/python3.10/site-packages/happy_topic/happy_sub_node.py to happy_sub_node.cpython-310.pyc
byte-compiling /home/masaki/ros2_setup_scripts/happy_ws/src/install/happy_topic/lib/python3.10/site-packages/happy_topic/__init__.py to __init__.cpython-310.pyc
byte-compiling /home/masaki/ros2_setup_scripts/happy_ws/src/install/happy_topic/lib/python3.10/site-packages/happy_topic/happy_pub_node.py to happy_pub_node.cpython-310.pyc
running install_data
creating /home/masaki/ros2_setup_scripts/happy_ws/src/install/happy_topic/share/ament_index
creating /home/masaki/ros2_setup_scripts/happy_ws/src/install/happy_topic/share/ament_index/resource_index
creating /home/masaki/ros2_setup_scripts/happy_ws/src/install/happy_topic/share/ament_index/resource_index/packages
copying resource/happy_topic -> /home/masaki/ros2_setup_scripts/happy_ws/src/install/happy_topic/share/ament_index/resource_index/packages
copying package.xml -> /home/masaki/ros2_setup_scripts/happy_ws/src/install/happy_topic/share/happy_topic
running install_egg_info
Copying ../build/happy_topic/happy_topic.egg-info to /home/masaki/ros2_setup_scripts/happy_ws/src/install/happy_topic/lib/python3.10/site-packages/happy_topic-0.0.0-py3.10.egg-info
running install_scripts
Installing happy_pub_node script to /home/masaki/ros2_setup_scripts/happy_ws/src/install/happy_topic/lib/happy_topic
Installing happy_sub_node script to /home/masaki/ros2_setup_scripts/happy_ws/src/install/happy_topic/lib/happy_topic
writing list of installed files to '/home/masaki/ros2_setup_scripts/happy_ws/src/build/happy_topic/install.log'
