[0.892s] Invoking command in '/home/masaki/ros2_setup_scripts/happy_ws/src/happy_topic': PYTHONPATH=/home/masaki/ros2_setup_scripts/happy_ws/src/build/happy_topic/prefix_override:/usr/lib/python3/dist-packages/colcon_core/task/python/colcon_distutils_commands:/home/masaki/ros2_setup_scripts/happy_ws/src/install/happy_topic/lib/python3.10/site-packages:${PYTHONPATH} /usr/bin/python3 -W ignore:setup.py install is deprecated -W ignore:easy_install command is deprecated setup.py egg_info --egg-base ../build/happy_topic build --build-base /home/masaki/ros2_setup_scripts/happy_ws/src/build/happy_topic/build install --record /home/masaki/ros2_setup_scripts/happy_ws/src/build/happy_topic/install.log --install-scripts $base/lib/happy_topic --single-version-externally-managed install_data
[1.025s] running egg_info
[1.026s] creating ../build/happy_topic/happy_topic.egg-info
[1.026s] writing ../build/happy_topic/happy_topic.egg-info/PKG-INFO
[1.026s] writing dependency_links to ../build/happy_topic/happy_topic.egg-info/dependency_links.txt
[1.026s] writing entry points to ../build/happy_topic/happy_topic.egg-info/entry_points.txt
[1.026s] writing requirements to ../build/happy_topic/happy_topic.egg-info/requires.txt
[1.027s] writing top-level names to ../build/happy_topic/happy_topic.egg-info/top_level.txt
[1.027s] writing manifest file '../build/happy_topic/happy_topic.egg-info/SOURCES.txt'
[1.027s] reading manifest file '../build/happy_topic/happy_topic.egg-info/SOURCES.txt'
[1.028s] writing manifest file '../build/happy_topic/happy_topic.egg-info/SOURCES.txt'
[1.028s] running build
[1.028s] running build_py
[1.028s] creating /home/masaki/ros2_setup_scripts/happy_ws/src/build/happy_topic/build
[1.028s] creating /home/masaki/ros2_setup_scripts/happy_ws/src/build/happy_topic/build/lib
[1.028s] creating /home/masaki/ros2_setup_scripts/happy_ws/src/build/happy_topic/build/lib/happy_topic
[1.028s] copying happy_topic/happy_sub_node.py -> /home/masaki/ros2_setup_scripts/happy_ws/src/build/happy_topic/build/lib/happy_topic
[1.028s] copying happy_topic/__init__.py -> /home/masaki/ros2_setup_scripts/happy_ws/src/build/happy_topic/build/lib/happy_topic
[1.028s] copying happy_topic/happy_pub_node.py -> /home/masaki/ros2_setup_scripts/happy_ws/src/build/happy_topic/build/lib/happy_topic
[1.028s] running install
[1.028s] running install_lib
[1.028s] creating /home/masaki/ros2_setup_scripts/happy_ws/src/install/happy_topic/lib/python3.10/site-packages/happy_topic
[1.028s] copying /home/masaki/ros2_setup_scripts/happy_ws/src/build/happy_topic/build/lib/happy_topic/happy_sub_node.py -> /home/masaki/ros2_setup_scripts/happy_ws/src/install/happy_topic/lib/python3.10/site-packages/happy_topic
[1.028s] copying /home/masaki/ros2_setup_scripts/happy_ws/src/build/happy_topic/build/lib/happy_topic/__init__.py -> /home/masaki/ros2_setup_scripts/happy_ws/src/install/happy_topic/lib/python3.10/site-packages/happy_topic
[1.028s] copying /home/masaki/ros2_setup_scripts/happy_ws/src/build/happy_topic/build/lib/happy_topic/happy_pub_node.py -> /home/masaki/ros2_setup_scripts/happy_ws/src/install/happy_topic/lib/python3.10/site-packages/happy_topic
[1.028s] byte-compiling /home/masaki/ros2_setup_scripts/happy_ws/src/install/happy_topic/lib/python3.10/site-packages/happy_topic/happy_sub_node.py to happy_sub_node.cpython-310.pyc
[1.028s] byte-compiling /home/masaki/ros2_setup_scripts/happy_ws/src/install/happy_topic/lib/python3.10/site-packages/happy_topic/__init__.py to __init__.cpython-310.pyc
[1.028s] byte-compiling /home/masaki/ros2_setup_scripts/happy_ws/src/install/happy_topic/lib/python3.10/site-packages/happy_topic/happy_pub_node.py to happy_pub_node.cpython-310.pyc
[1.029s] running install_data
[1.029s] creating /home/masaki/ros2_setup_scripts/happy_ws/src/install/happy_topic/share/ament_index
[1.029s] creating /home/masaki/ros2_setup_scripts/happy_ws/src/install/happy_topic/share/ament_index/resource_index
[1.029s] creating /home/masaki/ros2_setup_scripts/happy_ws/src/install/happy_topic/share/ament_index/resource_index/packages
[1.030s] copying resource/happy_topic -> /home/masaki/ros2_setup_scripts/happy_ws/src/install/happy_topic/share/ament_index/resource_index/packages
[1.030s] copying package.xml -> /home/masaki/ros2_setup_scripts/happy_ws/src/install/happy_topic/share/happy_topic
[1.030s] running install_egg_info
[1.031s] Copying ../build/happy_topic/happy_topic.egg-info to /home/masaki/ros2_setup_scripts/happy_ws/src/install/happy_topic/lib/python3.10/site-packages/happy_topic-0.0.0-py3.10.egg-info
[1.032s] running install_scripts
[1.045s] Installing happy_pub_node script to /home/masaki/ros2_setup_scripts/happy_ws/src/install/happy_topic/lib/happy_topic
[1.045s] Installing happy_sub_node script to /home/masaki/ros2_setup_scripts/happy_ws/src/install/happy_topic/lib/happy_topic
[1.046s] writing list of installed files to '/home/masaki/ros2_setup_scripts/happy_ws/src/build/happy_topic/install.log'
[1.073s] Invoked command in '/home/masaki/ros2_setup_scripts/happy_ws/src/happy_topic' returned '0': PYTHONPATH=/home/masaki/ros2_setup_scripts/happy_ws/src/build/happy_topic/prefix_override:/usr/lib/python3/dist-packages/colcon_core/task/python/colcon_distutils_commands:/home/masaki/ros2_setup_scripts/happy_ws/src/install/happy_topic/lib/python3.10/site-packages:${PYTHONPATH} /usr/bin/python3 -W ignore:setup.py install is deprecated -W ignore:easy_install command is deprecated setup.py egg_info --egg-base ../build/happy_topic build --build-base /home/masaki/ros2_setup_scripts/happy_ws/src/build/happy_topic/build install --record /home/masaki/ros2_setup_scripts/happy_ws/src/build/happy_topic/install.log --install-scripts $base/lib/happy_topic --single-version-externally-managed install_data
