[0.887s] Invoking command in '/home/masaki/ros2_setup_scripts/happy_ws/src/hello': PYTHONPATH=/home/masaki/ros2_setup_scripts/happy_ws/build/hello/prefix_override:/usr/lib/python3/dist-packages/colcon_core/task/python/colcon_distutils_commands:/home/masaki/ros2_setup_scripts/happy_ws/install/hello/lib/python3.10/site-packages:${PYTHONPATH} /usr/bin/python3 -W ignore:setup.py install is deprecated -W ignore:easy_install command is deprecated setup.py egg_info --egg-base ../../build/hello build --build-base /home/masaki/ros2_setup_scripts/happy_ws/build/hello/build install --record /home/masaki/ros2_setup_scripts/happy_ws/build/hello/install.log --install-scripts $base/lib/hello --single-version-externally-managed install_data
[1.018s] running egg_info
[1.019s] writing ../../build/hello/hello.egg-info/PKG-INFO
[1.020s] writing dependency_links to ../../build/hello/hello.egg-info/dependency_links.txt
[1.021s] writing entry points to ../../build/hello/hello.egg-info/entry_points.txt
[1.021s] writing requirements to ../../build/hello/hello.egg-info/requires.txt
[1.021s] writing top-level names to ../../build/hello/hello.egg-info/top_level.txt
[1.022s] reading manifest file '../../build/hello/hello.egg-info/SOURCES.txt'
[1.023s] writing manifest file '../../build/hello/hello.egg-info/SOURCES.txt'
[1.023s] running build
[1.023s] running build_py
[1.023s] running install
[1.023s] running install_lib
[1.024s] running install_data
[1.024s] running install_egg_info
[1.025s] removing '/home/masaki/ros2_setup_scripts/happy_ws/install/hello/lib/python3.10/site-packages/hello-0.0.0-py3.10.egg-info' (and everything under it)
[1.026s] Copying ../../build/hello/hello.egg-info to /home/masaki/ros2_setup_scripts/happy_ws/install/hello/lib/python3.10/site-packages/hello-0.0.0-py3.10.egg-info
[1.026s] running install_scripts
[1.040s] Installing hello_node script to /home/masaki/ros2_setup_scripts/happy_ws/install/hello/lib/hello
[1.040s] writing list of installed files to '/home/masaki/ros2_setup_scripts/happy_ws/build/hello/install.log'
[1.056s] Invoked command in '/home/masaki/ros2_setup_scripts/happy_ws/src/hello' returned '0': PYTHONPATH=/home/masaki/ros2_setup_scripts/happy_ws/build/hello/prefix_override:/usr/lib/python3/dist-packages/colcon_core/task/python/colcon_distutils_commands:/home/masaki/ros2_setup_scripts/happy_ws/install/hello/lib/python3.10/site-packages:${PYTHONPATH} /usr/bin/python3 -W ignore:setup.py install is deprecated -W ignore:easy_install command is deprecated setup.py egg_info --egg-base ../../build/hello build --build-base /home/masaki/ros2_setup_scripts/happy_ws/build/hello/build install --record /home/masaki/ros2_setup_scripts/happy_ws/build/hello/install.log --install-scripts $base/lib/hello --single-version-externally-managed install_data
