[0.900s] Invoking command in '/home/masaki/ros2_setup_scripts/happy_ws/src/time_topic': PYTHONPATH=/home/masaki/ros2_setup_scripts/happy_ws/build/time_topic/prefix_override:/usr/lib/python3/dist-packages/colcon_core/task/python/colcon_distutils_commands:/home/masaki/ros2_setup_scripts/happy_ws/install/time_topic/lib/python3.10/site-packages:${PYTHONPATH} /usr/bin/python3 -W ignore:setup.py install is deprecated -W ignore:easy_install command is deprecated setup.py egg_info --egg-base ../../build/time_topic build --build-base /home/masaki/ros2_setup_scripts/happy_ws/build/time_topic/build install --record /home/masaki/ros2_setup_scripts/happy_ws/build/time_topic/install.log --install-scripts $base/lib/time_topic --single-version-externally-managed install_data
[1.027s] running egg_info
[1.027s] writing ../../build/time_topic/time_topic.egg-info/PKG-INFO
[1.028s] writing dependency_links to ../../build/time_topic/time_topic.egg-info/dependency_links.txt
[1.028s] writing entry points to ../../build/time_topic/time_topic.egg-info/entry_points.txt
[1.028s] writing requirements to ../../build/time_topic/time_topic.egg-info/requires.txt
[1.028s] writing top-level names to ../../build/time_topic/time_topic.egg-info/top_level.txt
[1.029s] reading manifest file '../../build/time_topic/time_topic.egg-info/SOURCES.txt'
[1.030s] writing manifest file '../../build/time_topic/time_topic.egg-info/SOURCES.txt'
[1.030s] running build
[1.030s] running build_py
[1.030s] running install
[1.031s] running install_lib
[1.032s] running install_data
[1.032s] running install_egg_info
[1.033s] removing '/home/masaki/ros2_setup_scripts/happy_ws/install/time_topic/lib/python3.10/site-packages/time_topic-0.0.0-py3.10.egg-info' (and everything under it)
[1.034s] Copying ../../build/time_topic/time_topic.egg-info to /home/masaki/ros2_setup_scripts/happy_ws/install/time_topic/lib/python3.10/site-packages/time_topic-0.0.0-py3.10.egg-info
[1.034s] running install_scripts
[1.047s] Installing time_pub_node script to /home/masaki/ros2_setup_scripts/happy_ws/install/time_topic/lib/time_topic
[1.047s] writing list of installed files to '/home/masaki/ros2_setup_scripts/happy_ws/build/time_topic/install.log'
[1.064s] Invoked command in '/home/masaki/ros2_setup_scripts/happy_ws/src/time_topic' returned '0': PYTHONPATH=/home/masaki/ros2_setup_scripts/happy_ws/build/time_topic/prefix_override:/usr/lib/python3/dist-packages/colcon_core/task/python/colcon_distutils_commands:/home/masaki/ros2_setup_scripts/happy_ws/install/time_topic/lib/python3.10/site-packages:${PYTHONPATH} /usr/bin/python3 -W ignore:setup.py install is deprecated -W ignore:easy_install command is deprecated setup.py egg_info --egg-base ../../build/time_topic build --build-base /home/masaki/ros2_setup_scripts/happy_ws/build/time_topic/build install --record /home/masaki/ros2_setup_scripts/happy_ws/build/time_topic/install.log --install-scripts $base/lib/time_topic --single-version-externally-managed install_data
