[0.314s] Invoking command in '/home/masaki/ros2_setup_scripts/ros2_ws/src/mypkg': CONDA_PROMPT_MODIFIER=(base) PYTHONPATH=/home/masaki/ros2_setup_scripts/ros2_ws/build/mypkg/prefix_override:/usr/lib/python3/dist-packages/colcon_core/task/python/colcon_distutils_commands:/home/masaki/ros2_setup_scripts/ros2_ws/install/mypkg/lib/python3.10/site-packages:${PYTHONPATH} /usr/bin/python3 -W ignore:setup.py install is deprecated -W ignore:easy_install command is deprecated setup.py egg_info --egg-base ../../build/mypkg build --build-base /home/masaki/ros2_setup_scripts/ros2_ws/build/mypkg/build install --record /home/masaki/ros2_setup_scripts/ros2_ws/build/mypkg/install.log --install-scripts $base/lib/mypkg --single-version-externally-managed install_data
[0.419s] running egg_info
[0.419s] writing ../../build/mypkg/mypkg.egg-info/PKG-INFO
[0.419s] writing dependency_links to ../../build/mypkg/mypkg.egg-info/dependency_links.txt
[0.419s] writing entry points to ../../build/mypkg/mypkg.egg-info/entry_points.txt
[0.420s] writing requirements to ../../build/mypkg/mypkg.egg-info/requires.txt
[0.420s] writing top-level names to ../../build/mypkg/mypkg.egg-info/top_level.txt
[0.420s] reading manifest file '../../build/mypkg/mypkg.egg-info/SOURCES.txt'
[0.421s] writing manifest file '../../build/mypkg/mypkg.egg-info/SOURCES.txt'
[0.421s] running build
[0.421s] running build_py
[0.421s] copying mypkg/listener.py -> /home/masaki/ros2_setup_scripts/ros2_ws/build/mypkg/build/lib/mypkg
[0.421s] running install
[0.421s] running install_lib
[0.422s] copying /home/masaki/ros2_setup_scripts/ros2_ws/build/mypkg/build/lib/mypkg/listener.py -> /home/masaki/ros2_setup_scripts/ros2_ws/install/mypkg/lib/python3.10/site-packages/mypkg
[0.422s] byte-compiling /home/masaki/ros2_setup_scripts/ros2_ws/install/mypkg/lib/python3.10/site-packages/mypkg/listener.py to listener.cpython-310.pyc
[0.422s] running install_data
[0.422s] running install_egg_info
[0.423s] removing '/home/masaki/ros2_setup_scripts/ros2_ws/install/mypkg/lib/python3.10/site-packages/mypkg-0.0.0-py3.10.egg-info' (and everything under it)
[0.423s] Copying ../../build/mypkg/mypkg.egg-info to /home/masaki/ros2_setup_scripts/ros2_ws/install/mypkg/lib/python3.10/site-packages/mypkg-0.0.0-py3.10.egg-info
[0.424s] running install_scripts
[0.436s] Installing listener script to /home/masaki/ros2_setup_scripts/ros2_ws/install/mypkg/lib/mypkg
[0.436s] Installing talker script to /home/masaki/ros2_setup_scripts/ros2_ws/install/mypkg/lib/mypkg
[0.436s] writing list of installed files to '/home/masaki/ros2_setup_scripts/ros2_ws/build/mypkg/install.log'
[0.449s] Invoked command in '/home/masaki/ros2_setup_scripts/ros2_ws/src/mypkg' returned '0': CONDA_PROMPT_MODIFIER=(base) PYTHONPATH=/home/masaki/ros2_setup_scripts/ros2_ws/build/mypkg/prefix_override:/usr/lib/python3/dist-packages/colcon_core/task/python/colcon_distutils_commands:/home/masaki/ros2_setup_scripts/ros2_ws/install/mypkg/lib/python3.10/site-packages:${PYTHONPATH} /usr/bin/python3 -W ignore:setup.py install is deprecated -W ignore:easy_install command is deprecated setup.py egg_info --egg-base ../../build/mypkg build --build-base /home/masaki/ros2_setup_scripts/ros2_ws/build/mypkg/build install --record /home/masaki/ros2_setup_scripts/ros2_ws/build/mypkg/install.log --install-scripts $base/lib/mypkg --single-version-externally-managed install_data
