[0.884s] Invoking command in '/home/masaki/ros2_setup_scripts/happy_ws/src/time_topic': PYTHONPATH=/home/masaki/ros2_setup_scripts/happy_ws/build/time_topic/prefix_override:/usr/lib/python3/dist-packages/colcon_core/task/python/colcon_distutils_commands:/home/masaki/ros2_setup_scripts/happy_ws/install/time_topic/lib/python3.10/site-packages:${PYTHONPATH} /usr/bin/python3 -W ignore:setup.py install is deprecated -W ignore:easy_install command is deprecated setup.py egg_info --egg-base ../../build/time_topic build --build-base /home/masaki/ros2_setup_scripts/happy_ws/build/time_topic/build install --record /home/masaki/ros2_setup_scripts/happy_ws/build/time_topic/install.log --install-scripts $base/lib/time_topic --single-version-externally-managed install_data
[1.020s] running egg_info
[1.020s] creating ../../build/time_topic/time_topic.egg-info
[1.021s] writing ../../build/time_topic/time_topic.egg-info/PKG-INFO
[1.021s] writing dependency_links to ../../build/time_topic/time_topic.egg-info/dependency_links.txt
[1.021s] writing entry points to ../../build/time_topic/time_topic.egg-info/entry_points.txt
[1.021s] writing requirements to ../../build/time_topic/time_topic.egg-info/requires.txt
[1.021s] writing top-level names to ../../build/time_topic/time_topic.egg-info/top_level.txt
[1.021s] writing manifest file '../../build/time_topic/time_topic.egg-info/SOURCES.txt'
[1.022s] reading manifest file '../../build/time_topic/time_topic.egg-info/SOURCES.txt'
[1.022s] writing manifest file '../../build/time_topic/time_topic.egg-info/SOURCES.txt'
[1.023s] running build
[1.023s] running build_py
[1.023s] creating /home/masaki/ros2_setup_scripts/happy_ws/build/time_topic/build
[1.023s] creating /home/masaki/ros2_setup_scripts/happy_ws/build/time_topic/build/lib
[1.023s] creating /home/masaki/ros2_setup_scripts/happy_ws/build/time_topic/build/lib/time_topic
[1.023s] copying time_topic/time_pub_node.py -> /home/masaki/ros2_setup_scripts/happy_ws/build/time_topic/build/lib/time_topic
[1.024s] copying time_topic/__init__.py -> /home/masaki/ros2_setup_scripts/happy_ws/build/time_topic/build/lib/time_topic
[1.024s] running install
[1.024s] running install_lib
[1.025s] creating /home/masaki/ros2_setup_scripts/happy_ws/install/time_topic/lib/python3.10/site-packages/time_topic
[1.025s] copying /home/masaki/ros2_setup_scripts/happy_ws/build/time_topic/build/lib/time_topic/time_pub_node.py -> /home/masaki/ros2_setup_scripts/happy_ws/install/time_topic/lib/python3.10/site-packages/time_topic
[1.025s] copying /home/masaki/ros2_setup_scripts/happy_ws/build/time_topic/build/lib/time_topic/__init__.py -> /home/masaki/ros2_setup_scripts/happy_ws/install/time_topic/lib/python3.10/site-packages/time_topic
[1.026s] byte-compiling /home/masaki/ros2_setup_scripts/happy_ws/install/time_topic/lib/python3.10/site-packages/time_topic/time_pub_node.py to time_pub_node.cpython-310.pyc
[1.026s] byte-compiling /home/masaki/ros2_setup_scripts/happy_ws/install/time_topic/lib/python3.10/site-packages/time_topic/__init__.py to __init__.cpython-310.pyc
[1.026s] running install_data
[1.026s] creating /home/masaki/ros2_setup_scripts/happy_ws/install/time_topic/share/ament_index
[1.026s] creating /home/masaki/ros2_setup_scripts/happy_ws/install/time_topic/share/ament_index/resource_index
[1.026s] creating /home/masaki/ros2_setup_scripts/happy_ws/install/time_topic/share/ament_index/resource_index/packages
[1.026s] copying resource/time_topic -> /home/masaki/ros2_setup_scripts/happy_ws/install/time_topic/share/ament_index/resource_index/packages
[1.026s] copying package.xml -> /home/masaki/ros2_setup_scripts/happy_ws/install/time_topic/share/time_topic
[1.026s] running install_egg_info
[1.028s] Copying ../../build/time_topic/time_topic.egg-info to /home/masaki/ros2_setup_scripts/happy_ws/install/time_topic/lib/python3.10/site-packages/time_topic-0.0.0-py3.10.egg-info
[1.029s] running install_scripts
[1.043s] Installing time_pub_node script to /home/masaki/ros2_setup_scripts/happy_ws/install/time_topic/lib/time_topic
[1.044s] writing list of installed files to '/home/masaki/ros2_setup_scripts/happy_ws/build/time_topic/install.log'
[1.073s] Invoked command in '/home/masaki/ros2_setup_scripts/happy_ws/src/time_topic' returned '0': PYTHONPATH=/home/masaki/ros2_setup_scripts/happy_ws/build/time_topic/prefix_override:/usr/lib/python3/dist-packages/colcon_core/task/python/colcon_distutils_commands:/home/masaki/ros2_setup_scripts/happy_ws/install/time_topic/lib/python3.10/site-packages:${PYTHONPATH} /usr/bin/python3 -W ignore:setup.py install is deprecated -W ignore:easy_install command is deprecated setup.py egg_info --egg-base ../../build/time_topic build --build-base /home/masaki/ros2_setup_scripts/happy_ws/build/time_topic/build install --record /home/masaki/ros2_setup_scripts/happy_ws/build/time_topic/install.log --install-scripts $base/lib/time_topic --single-version-externally-managed install_data
