[0.559s] Invoking command in '/home/masaki/ros2_setup_scripts/happy_ws/src/my_happy': CONDA_PROMPT_MODIFIER=(base) PYTHONPATH=/home/masaki/ros2_setup_scripts/happy_ws/build/my_happy/prefix_override:/usr/lib/python3/dist-packages/colcon_core/task/python/colcon_distutils_commands:/home/masaki/ros2_setup_scripts/happy_ws/install/my_happy/lib/python3.10/site-packages:${PYTHONPATH} /usr/bin/python3 -W ignore:setup.py install is deprecated -W ignore:easy_install command is deprecated setup.py egg_info --egg-base ../../build/my_happy build --build-base /home/masaki/ros2_setup_scripts/happy_ws/build/my_happy/build install --record /home/masaki/ros2_setup_scripts/happy_ws/build/my_happy/install.log --install-scripts $base/lib/my_happy --single-version-externally-managed install_data
[0.679s] running egg_info
[0.680s] creating ../../build/my_happy/my_happy.egg-info
[0.680s] writing ../../build/my_happy/my_happy.egg-info/PKG-INFO
[0.680s] writing dependency_links to ../../build/my_happy/my_happy.egg-info/dependency_links.txt
[0.680s] writing entry points to ../../build/my_happy/my_happy.egg-info/entry_points.txt
[0.680s] writing requirements to ../../build/my_happy/my_happy.egg-info/requires.txt
[0.680s] writing top-level names to ../../build/my_happy/my_happy.egg-info/top_level.txt
[0.680s] writing manifest file '../../build/my_happy/my_happy.egg-info/SOURCES.txt'
[0.681s] reading manifest file '../../build/my_happy/my_happy.egg-info/SOURCES.txt'
[0.682s] writing manifest file '../../build/my_happy/my_happy.egg-info/SOURCES.txt'
[0.683s] running build
[0.683s] running build_py
[0.683s] creating /home/masaki/ros2_setup_scripts/happy_ws/build/my_happy/build
[0.683s] creating /home/masaki/ros2_setup_scripts/happy_ws/build/my_happy/build/lib
[0.684s] creating /home/masaki/ros2_setup_scripts/happy_ws/build/my_happy/build/lib/my_happy
[0.684s] copying my_happy/__init__.py -> /home/masaki/ros2_setup_scripts/happy_ws/build/my_happy/build/lib/my_happy
[0.684s] copying my_happy/happy_node.py -> /home/masaki/ros2_setup_scripts/happy_ws/build/my_happy/build/lib/my_happy
[0.684s] running install
[0.684s] running install_lib
[0.684s] creating /home/masaki/ros2_setup_scripts/happy_ws/install/my_happy/lib/python3.10/site-packages/my_happy
[0.684s] copying /home/masaki/ros2_setup_scripts/happy_ws/build/my_happy/build/lib/my_happy/__init__.py -> /home/masaki/ros2_setup_scripts/happy_ws/install/my_happy/lib/python3.10/site-packages/my_happy
[0.684s] copying /home/masaki/ros2_setup_scripts/happy_ws/build/my_happy/build/lib/my_happy/happy_node.py -> /home/masaki/ros2_setup_scripts/happy_ws/install/my_happy/lib/python3.10/site-packages/my_happy
[0.685s] byte-compiling /home/masaki/ros2_setup_scripts/happy_ws/install/my_happy/lib/python3.10/site-packages/my_happy/__init__.py to __init__.cpython-310.pyc
[0.685s] byte-compiling /home/masaki/ros2_setup_scripts/happy_ws/install/my_happy/lib/python3.10/site-packages/my_happy/happy_node.py to happy_node.cpython-310.pyc
[0.685s] running install_data
[0.685s] creating /home/masaki/ros2_setup_scripts/happy_ws/install/my_happy/share/ament_index
[0.685s] creating /home/masaki/ros2_setup_scripts/happy_ws/install/my_happy/share/ament_index/resource_index
[0.685s] creating /home/masaki/ros2_setup_scripts/happy_ws/install/my_happy/share/ament_index/resource_index/packages
[0.685s] copying resource/my_happy -> /home/masaki/ros2_setup_scripts/happy_ws/install/my_happy/share/ament_index/resource_index/packages
[0.686s] copying package.xml -> /home/masaki/ros2_setup_scripts/happy_ws/install/my_happy/share/my_happy
[0.686s] running install_egg_info
[0.687s] Copying ../../build/my_happy/my_happy.egg-info to /home/masaki/ros2_setup_scripts/happy_ws/install/my_happy/lib/python3.10/site-packages/my_happy-0.0.0-py3.10.egg-info
[0.687s] running install_scripts
[0.700s] Installing happy_node script to /home/masaki/ros2_setup_scripts/happy_ws/install/my_happy/lib/my_happy
[0.700s] writing list of installed files to '/home/masaki/ros2_setup_scripts/happy_ws/build/my_happy/install.log'
[0.715s] Invoked command in '/home/masaki/ros2_setup_scripts/happy_ws/src/my_happy' returned '0': CONDA_PROMPT_MODIFIER=(base) PYTHONPATH=/home/masaki/ros2_setup_scripts/happy_ws/build/my_happy/prefix_override:/usr/lib/python3/dist-packages/colcon_core/task/python/colcon_distutils_commands:/home/masaki/ros2_setup_scripts/happy_ws/install/my_happy/lib/python3.10/site-packages:${PYTHONPATH} /usr/bin/python3 -W ignore:setup.py install is deprecated -W ignore:easy_install command is deprecated setup.py egg_info --egg-base ../../build/my_happy build --build-base /home/masaki/ros2_setup_scripts/happy_ws/build/my_happy/build install --record /home/masaki/ros2_setup_scripts/happy_ws/build/my_happy/install.log --install-scripts $base/lib/my_happy --single-version-externally-managed install_data
