[0.290s] DEBUG:colcon:Command line arguments: ['/usr/bin/colcon', 'build', '--symlink-install']
[0.291s] DEBUG:colcon:Parsed command line arguments: Namespace(log_base=None, log_level=None, verb_name='build', build_base='build', install_base='install', merge_install=False, symlink_install=True, test_result_base=None, continue_on_error=False, executor='parallel', parallel_workers=24, event_handlers=None, ignore_user_meta=False, metas=['./colcon.meta'], base_paths=['.'], packages_ignore=None, packages_ignore_regex=None, paths=None, packages_up_to=None, packages_up_to_regex=None, packages_above=None, packages_above_and_dependencies=None, packages_above_depth=None, packages_select_by_dep=None, packages_skip_by_dep=None, packages_skip_up_to=None, packages_select_build_failed=False, packages_skip_build_finished=False, packages_select_test_failures=False, packages_skip_test_passed=False, packages_select=None, packages_skip=None, packages_select_regex=None, packages_skip_regex=None, packages_start=None, packages_end=None, allow_overriding=[], cmake_args=None, cmake_target=None, cmake_target_skip_unavailable=False, cmake_clean_cache=False, cmake_clean_first=False, cmake_force_configure=False, ament_cmake_args=None, catkin_cmake_args=None, catkin_skip_building_tests=False, verb_parser=<colcon_defaults.argument_parser.defaults.DefaultArgumentsDecorator object at 0x7e9ab560c400>, verb_extension=<colcon_core.verb.build.BuildVerb object at 0x7e9ab575dcf0>, main=<bound method BuildVerb.main of <colcon_core.verb.build.BuildVerb object at 0x7e9ab575dcf0>>)
[0.497s] Level 1:colcon.colcon_core.package_discovery:discover_packages(colcon_meta) check parameters
[0.497s] Level 1:colcon.colcon_core.package_discovery:discover_packages(recursive) check parameters
[0.497s] Level 1:colcon.colcon_core.package_discovery:discover_packages(ignore) check parameters
[0.497s] Level 1:colcon.colcon_core.package_discovery:discover_packages(path) check parameters
[0.497s] Level 1:colcon.colcon_core.package_discovery:discover_packages(colcon_meta) discover
[0.497s] Level 1:colcon.colcon_core.package_discovery:discover_packages(recursive) discover
[0.497s] INFO:colcon.colcon_core.package_discovery:Crawling recursively for packages in '/home/masaki/ros2_setup_scripts/turtlebot3_ws'
[0.497s] Level 1:colcon.colcon_core.package_identification:_identify(.) by extensions ['ignore', 'ignore_ament_install']
[0.497s] Level 1:colcon.colcon_core.package_identification:_identify(.) by extension 'ignore'
[0.497s] Level 1:colcon.colcon_core.package_identification:_identify(.) by extension 'ignore_ament_install'
[0.498s] Level 1:colcon.colcon_core.package_identification:_identify(.) by extensions ['colcon_pkg']
[0.498s] Level 1:colcon.colcon_core.package_identification:_identify(.) by extension 'colcon_pkg'
[0.498s] Level 1:colcon.colcon_core.package_identification:_identify(.) by extensions ['colcon_meta']
[0.498s] Level 1:colcon.colcon_core.package_identification:_identify(.) by extension 'colcon_meta'
[0.498s] Level 1:colcon.colcon_core.package_identification:_identify(.) by extensions ['ros']
[0.498s] Level 1:colcon.colcon_core.package_identification:_identify(.) by extension 'ros'
[0.512s] Level 1:colcon.colcon_core.package_identification:_identify(.) by extensions ['cmake', 'python']
[0.512s] Level 1:colcon.colcon_core.package_identification:_identify(.) by extension 'cmake'
[0.512s] Level 1:colcon.colcon_core.package_identification:_identify(.) by extension 'python'
[0.512s] Level 1:colcon.colcon_core.package_identification:_identify(.) by extensions ['python_setup_py']
[0.512s] Level 1:colcon.colcon_core.package_identification:_identify(.) by extension 'python_setup_py'
[0.512s] Level 1:colcon.colcon_core.package_identification:_identify(build) by extensions ['ignore', 'ignore_ament_install']
[0.512s] Level 1:colcon.colcon_core.package_identification:_identify(build) by extension 'ignore'
[0.512s] Level 1:colcon.colcon_core.package_identification:_identify(build) ignored
[0.512s] Level 1:colcon.colcon_core.package_identification:_identify(install) by extensions ['ignore', 'ignore_ament_install']
[0.512s] Level 1:colcon.colcon_core.package_identification:_identify(install) by extension 'ignore'
[0.512s] Level 1:colcon.colcon_core.package_identification:_identify(install) ignored
[0.512s] Level 1:colcon.colcon_core.package_identification:_identify(log) by extensions ['ignore', 'ignore_ament_install']
[0.512s] Level 1:colcon.colcon_core.package_identification:_identify(log) by extension 'ignore'
[0.513s] Level 1:colcon.colcon_core.package_identification:_identify(log) ignored
[0.513s] Level 1:colcon.colcon_core.package_identification:_identify(src) by extensions ['ignore', 'ignore_ament_install']
[0.513s] Level 1:colcon.colcon_core.package_identification:_identify(src) by extension 'ignore'
[0.513s] Level 1:colcon.colcon_core.package_identification:_identify(src) by extension 'ignore_ament_install'
[0.513s] Level 1:colcon.colcon_core.package_identification:_identify(src) by extensions ['colcon_pkg']
[0.513s] Level 1:colcon.colcon_core.package_identification:_identify(src) by extension 'colcon_pkg'
[0.513s] Level 1:colcon.colcon_core.package_identification:_identify(src) by extensions ['colcon_meta']
[0.513s] Level 1:colcon.colcon_core.package_identification:_identify(src) by extension 'colcon_meta'
[0.513s] Level 1:colcon.colcon_core.package_identification:_identify(src) by extensions ['ros']
[0.513s] Level 1:colcon.colcon_core.package_identification:_identify(src) by extension 'ros'
[0.513s] Level 1:colcon.colcon_core.package_identification:_identify(src) by extensions ['cmake', 'python']
[0.513s] Level 1:colcon.colcon_core.package_identification:_identify(src) by extension 'cmake'
[0.513s] Level 1:colcon.colcon_core.package_identification:_identify(src) by extension 'python'
[0.513s] Level 1:colcon.colcon_core.package_identification:_identify(src) by extensions ['python_setup_py']
[0.513s] Level 1:colcon.colcon_core.package_identification:_identify(src) by extension 'python_setup_py'
[0.513s] Level 1:colcon.colcon_core.package_identification:_identify(src/turtlebot3_simulations) by extensions ['ignore', 'ignore_ament_install']
[0.513s] Level 1:colcon.colcon_core.package_identification:_identify(src/turtlebot3_simulations) by extension 'ignore'
[0.513s] Level 1:colcon.colcon_core.package_identification:_identify(src/turtlebot3_simulations) by extension 'ignore_ament_install'
[0.513s] Level 1:colcon.colcon_core.package_identification:_identify(src/turtlebot3_simulations) by extensions ['colcon_pkg']
[0.513s] Level 1:colcon.colcon_core.package_identification:_identify(src/turtlebot3_simulations) by extension 'colcon_pkg'
[0.514s] Level 1:colcon.colcon_core.package_identification:_identify(src/turtlebot3_simulations) by extensions ['colcon_meta']
[0.514s] Level 1:colcon.colcon_core.package_identification:_identify(src/turtlebot3_simulations) by extension 'colcon_meta'
[0.514s] Level 1:colcon.colcon_core.package_identification:_identify(src/turtlebot3_simulations) by extensions ['ros']
[0.514s] Level 1:colcon.colcon_core.package_identification:_identify(src/turtlebot3_simulations) by extension 'ros'
[0.514s] Level 1:colcon.colcon_core.package_identification:_identify(src/turtlebot3_simulations) by extensions ['cmake', 'python']
[0.514s] Level 1:colcon.colcon_core.package_identification:_identify(src/turtlebot3_simulations) by extension 'cmake'
[0.514s] Level 1:colcon.colcon_core.package_identification:_identify(src/turtlebot3_simulations) by extension 'python'
[0.514s] Level 1:colcon.colcon_core.package_identification:_identify(src/turtlebot3_simulations) by extensions ['python_setup_py']
[0.514s] Level 1:colcon.colcon_core.package_identification:_identify(src/turtlebot3_simulations) by extension 'python_setup_py'
[0.514s] Level 1:colcon.colcon_core.package_identification:_identify(src/turtlebot3_simulations/turtlebot3_fake_node) by extensions ['ignore', 'ignore_ament_install']
[0.514s] Level 1:colcon.colcon_core.package_identification:_identify(src/turtlebot3_simulations/turtlebot3_fake_node) by extension 'ignore'
[0.514s] Level 1:colcon.colcon_core.package_identification:_identify(src/turtlebot3_simulations/turtlebot3_fake_node) by extension 'ignore_ament_install'
[0.514s] Level 1:colcon.colcon_core.package_identification:_identify(src/turtlebot3_simulations/turtlebot3_fake_node) by extensions ['colcon_pkg']
[0.514s] Level 1:colcon.colcon_core.package_identification:_identify(src/turtlebot3_simulations/turtlebot3_fake_node) by extension 'colcon_pkg'
[0.514s] Level 1:colcon.colcon_core.package_identification:_identify(src/turtlebot3_simulations/turtlebot3_fake_node) by extensions ['colcon_meta']
[0.514s] Level 1:colcon.colcon_core.package_identification:_identify(src/turtlebot3_simulations/turtlebot3_fake_node) by extension 'colcon_meta'
[0.514s] Level 1:colcon.colcon_core.package_identification:_identify(src/turtlebot3_simulations/turtlebot3_fake_node) by extensions ['ros']
[0.514s] Level 1:colcon.colcon_core.package_identification:_identify(src/turtlebot3_simulations/turtlebot3_fake_node) by extension 'ros'
[0.517s] DEBUG:colcon.colcon_core.package_identification:Package 'src/turtlebot3_simulations/turtlebot3_fake_node' with type 'ros.ament_cmake' and name 'turtlebot3_fake_node'
[0.517s] Level 1:colcon.colcon_core.package_identification:_identify(src/turtlebot3_simulations/turtlebot3_gazebo) by extensions ['ignore', 'ignore_ament_install']
[0.517s] Level 1:colcon.colcon_core.package_identification:_identify(src/turtlebot3_simulations/turtlebot3_gazebo) by extension 'ignore'
[0.517s] Level 1:colcon.colcon_core.package_identification:_identify(src/turtlebot3_simulations/turtlebot3_gazebo) by extension 'ignore_ament_install'
[0.517s] Level 1:colcon.colcon_core.package_identification:_identify(src/turtlebot3_simulations/turtlebot3_gazebo) by extensions ['colcon_pkg']
[0.518s] Level 1:colcon.colcon_core.package_identification:_identify(src/turtlebot3_simulations/turtlebot3_gazebo) by extension 'colcon_pkg'
[0.518s] Level 1:colcon.colcon_core.package_identification:_identify(src/turtlebot3_simulations/turtlebot3_gazebo) by extensions ['colcon_meta']
[0.518s] Level 1:colcon.colcon_core.package_identification:_identify(src/turtlebot3_simulations/turtlebot3_gazebo) by extension 'colcon_meta'
[0.518s] Level 1:colcon.colcon_core.package_identification:_identify(src/turtlebot3_simulations/turtlebot3_gazebo) by extensions ['ros']
[0.518s] Level 1:colcon.colcon_core.package_identification:_identify(src/turtlebot3_simulations/turtlebot3_gazebo) by extension 'ros'
[0.519s] DEBUG:colcon.colcon_core.package_identification:Package 'src/turtlebot3_simulations/turtlebot3_gazebo' with type 'ros.ament_cmake' and name 'turtlebot3_gazebo'
[0.519s] Level 1:colcon.colcon_core.package_identification:_identify(src/turtlebot3_simulations/turtlebot3_manipulation_gazebo) by extensions ['ignore', 'ignore_ament_install']
[0.519s] Level 1:colcon.colcon_core.package_identification:_identify(src/turtlebot3_simulations/turtlebot3_manipulation_gazebo) by extension 'ignore'
[0.519s] Level 1:colcon.colcon_core.package_identification:_identify(src/turtlebot3_simulations/turtlebot3_manipulation_gazebo) by extension 'ignore_ament_install'
[0.519s] Level 1:colcon.colcon_core.package_identification:_identify(src/turtlebot3_simulations/turtlebot3_manipulation_gazebo) by extensions ['colcon_pkg']
[0.519s] Level 1:colcon.colcon_core.package_identification:_identify(src/turtlebot3_simulations/turtlebot3_manipulation_gazebo) by extension 'colcon_pkg'
[0.519s] Level 1:colcon.colcon_core.package_identification:_identify(src/turtlebot3_simulations/turtlebot3_manipulation_gazebo) by extensions ['colcon_meta']
[0.519s] Level 1:colcon.colcon_core.package_identification:_identify(src/turtlebot3_simulations/turtlebot3_manipulation_gazebo) by extension 'colcon_meta'
[0.519s] Level 1:colcon.colcon_core.package_identification:_identify(src/turtlebot3_simulations/turtlebot3_manipulation_gazebo) by extensions ['ros']
[0.519s] Level 1:colcon.colcon_core.package_identification:_identify(src/turtlebot3_simulations/turtlebot3_manipulation_gazebo) by extension 'ros'
[0.520s] DEBUG:colcon.colcon_core.package_identification:Package 'src/turtlebot3_simulations/turtlebot3_manipulation_gazebo' with type 'ros.ament_cmake' and name 'turtlebot3_manipulation_gazebo'
[0.520s] Level 1:colcon.colcon_core.package_identification:_identify(src/turtlebot3_simulations/turtlebot3_simulations) by extensions ['ignore', 'ignore_ament_install']
[0.520s] Level 1:colcon.colcon_core.package_identification:_identify(src/turtlebot3_simulations/turtlebot3_simulations) by extension 'ignore'
[0.520s] Level 1:colcon.colcon_core.package_identification:_identify(src/turtlebot3_simulations/turtlebot3_simulations) by extension 'ignore_ament_install'
[0.520s] Level 1:colcon.colcon_core.package_identification:_identify(src/turtlebot3_simulations/turtlebot3_simulations) by extensions ['colcon_pkg']
[0.520s] Level 1:colcon.colcon_core.package_identification:_identify(src/turtlebot3_simulations/turtlebot3_simulations) by extension 'colcon_pkg'
[0.520s] Level 1:colcon.colcon_core.package_identification:_identify(src/turtlebot3_simulations/turtlebot3_simulations) by extensions ['colcon_meta']
[0.520s] Level 1:colcon.colcon_core.package_identification:_identify(src/turtlebot3_simulations/turtlebot3_simulations) by extension 'colcon_meta'
[0.520s] Level 1:colcon.colcon_core.package_identification:_identify(src/turtlebot3_simulations/turtlebot3_simulations) by extensions ['ros']
[0.520s] Level 1:colcon.colcon_core.package_identification:_identify(src/turtlebot3_simulations/turtlebot3_simulations) by extension 'ros'
[0.521s] DEBUG:colcon.colcon_core.package_identification:Package 'src/turtlebot3_simulations/turtlebot3_simulations' with type 'ros.ament_cmake' and name 'turtlebot3_simulations'
[0.521s] Level 1:colcon.colcon_core.package_discovery:discover_packages(recursive) using defaults
[0.521s] Level 1:colcon.colcon_core.package_discovery:discover_packages(ignore) discover
[0.521s] Level 1:colcon.colcon_core.package_discovery:discover_packages(ignore) using defaults
[0.521s] Level 1:colcon.colcon_core.package_discovery:discover_packages(path) discover
[0.521s] Level 1:colcon.colcon_core.package_discovery:discover_packages(path) using defaults
[0.543s] Level 1:colcon.colcon_core.package_discovery:discover_packages(prefix_path) check parameters
[0.543s] Level 1:colcon.colcon_core.package_discovery:discover_packages(prefix_path) discover
[0.553s] DEBUG:colcon.colcon_installed_package_information.package_discovery:Found 378 installed packages in /opt/ros/humble
[0.554s] Level 1:colcon.colcon_core.package_discovery:discover_packages(prefix_path) using defaults
[0.582s] Level 5:colcon.colcon_core.verb:set package 'turtlebot3_fake_node' build argument 'cmake_args' from command line to 'None'
[0.582s] Level 5:colcon.colcon_core.verb:set package 'turtlebot3_fake_node' build argument 'cmake_target' from command line to 'None'
[0.582s] Level 5:colcon.colcon_core.verb:set package 'turtlebot3_fake_node' build argument 'cmake_target_skip_unavailable' from command line to 'False'
[0.582s] Level 5:colcon.colcon_core.verb:set package 'turtlebot3_fake_node' build argument 'cmake_clean_cache' from command line to 'False'
[0.582s] Level 5:colcon.colcon_core.verb:set package 'turtlebot3_fake_node' build argument 'cmake_clean_first' from command line to 'False'
[0.582s] Level 5:colcon.colcon_core.verb:set package 'turtlebot3_fake_node' build argument 'cmake_force_configure' from command line to 'False'
[0.582s] Level 5:colcon.colcon_core.verb:set package 'turtlebot3_fake_node' build argument 'ament_cmake_args' from command line to 'None'
[0.582s] Level 5:colcon.colcon_core.verb:set package 'turtlebot3_fake_node' build argument 'catkin_cmake_args' from command line to 'None'
[0.582s] Level 5:colcon.colcon_core.verb:set package 'turtlebot3_fake_node' build argument 'catkin_skip_building_tests' from command line to 'False'
[0.582s] DEBUG:colcon.colcon_core.verb:Building package 'turtlebot3_fake_node' with the following arguments: {'ament_cmake_args': None, 'build_base': '/home/masaki/ros2_setup_scripts/turtlebot3_ws/build/turtlebot3_fake_node', 'catkin_cmake_args': None, 'catkin_skip_building_tests': False, 'cmake_args': None, 'cmake_clean_cache': False, 'cmake_clean_first': False, 'cmake_force_configure': False, 'cmake_target': None, 'cmake_target_skip_unavailable': False, 'install_base': '/home/masaki/ros2_setup_scripts/turtlebot3_ws/install/turtlebot3_fake_node', 'merge_install': False, 'path': '/home/masaki/ros2_setup_scripts/turtlebot3_ws/src/turtlebot3_simulations/turtlebot3_fake_node', 'symlink_install': True, 'test_result_base': None}
[0.583s] Level 5:colcon.colcon_core.verb:set package 'turtlebot3_gazebo' build argument 'cmake_args' from command line to 'None'
[0.583s] Level 5:colcon.colcon_core.verb:set package 'turtlebot3_gazebo' build argument 'cmake_target' from command line to 'None'
[0.583s] Level 5:colcon.colcon_core.verb:set package 'turtlebot3_gazebo' build argument 'cmake_target_skip_unavailable' from command line to 'False'
[0.583s] Level 5:colcon.colcon_core.verb:set package 'turtlebot3_gazebo' build argument 'cmake_clean_cache' from command line to 'False'
[0.583s] Level 5:colcon.colcon_core.verb:set package 'turtlebot3_gazebo' build argument 'cmake_clean_first' from command line to 'False'
[0.583s] Level 5:colcon.colcon_core.verb:set package 'turtlebot3_gazebo' build argument 'cmake_force_configure' from command line to 'False'
[0.583s] Level 5:colcon.colcon_core.verb:set package 'turtlebot3_gazebo' build argument 'ament_cmake_args' from command line to 'None'
[0.583s] Level 5:colcon.colcon_core.verb:set package 'turtlebot3_gazebo' build argument 'catkin_cmake_args' from command line to 'None'
[0.583s] Level 5:colcon.colcon_core.verb:set package 'turtlebot3_gazebo' build argument 'catkin_skip_building_tests' from command line to 'False'
[0.583s] DEBUG:colcon.colcon_core.verb:Building package 'turtlebot3_gazebo' with the following arguments: {'ament_cmake_args': None, 'build_base': '/home/masaki/ros2_setup_scripts/turtlebot3_ws/build/turtlebot3_gazebo', 'catkin_cmake_args': None, 'catkin_skip_building_tests': False, 'cmake_args': None, 'cmake_clean_cache': False, 'cmake_clean_first': False, 'cmake_force_configure': False, 'cmake_target': None, 'cmake_target_skip_unavailable': False, 'install_base': '/home/masaki/ros2_setup_scripts/turtlebot3_ws/install/turtlebot3_gazebo', 'merge_install': False, 'path': '/home/masaki/ros2_setup_scripts/turtlebot3_ws/src/turtlebot3_simulations/turtlebot3_gazebo', 'symlink_install': True, 'test_result_base': None}
[0.583s] Level 5:colcon.colcon_core.verb:set package 'turtlebot3_manipulation_gazebo' build argument 'cmake_args' from command line to 'None'
[0.583s] Level 5:colcon.colcon_core.verb:set package 'turtlebot3_manipulation_gazebo' build argument 'cmake_target' from command line to 'None'
[0.583s] Level 5:colcon.colcon_core.verb:set package 'turtlebot3_manipulation_gazebo' build argument 'cmake_target_skip_unavailable' from command line to 'False'
[0.583s] Level 5:colcon.colcon_core.verb:set package 'turtlebot3_manipulation_gazebo' build argument 'cmake_clean_cache' from command line to 'False'
[0.583s] Level 5:colcon.colcon_core.verb:set package 'turtlebot3_manipulation_gazebo' build argument 'cmake_clean_first' from command line to 'False'
[0.583s] Level 5:colcon.colcon_core.verb:set package 'turtlebot3_manipulation_gazebo' build argument 'cmake_force_configure' from command line to 'False'
[0.583s] Level 5:colcon.colcon_core.verb:set package 'turtlebot3_manipulation_gazebo' build argument 'ament_cmake_args' from command line to 'None'
[0.583s] Level 5:colcon.colcon_core.verb:set package 'turtlebot3_manipulation_gazebo' build argument 'catkin_cmake_args' from command line to 'None'
[0.583s] Level 5:colcon.colcon_core.verb:set package 'turtlebot3_manipulation_gazebo' build argument 'catkin_skip_building_tests' from command line to 'False'
[0.583s] DEBUG:colcon.colcon_core.verb:Building package 'turtlebot3_manipulation_gazebo' with the following arguments: {'ament_cmake_args': None, 'build_base': '/home/masaki/ros2_setup_scripts/turtlebot3_ws/build/turtlebot3_manipulation_gazebo', 'catkin_cmake_args': None, 'catkin_skip_building_tests': False, 'cmake_args': None, 'cmake_clean_cache': False, 'cmake_clean_first': False, 'cmake_force_configure': False, 'cmake_target': None, 'cmake_target_skip_unavailable': False, 'install_base': '/home/masaki/ros2_setup_scripts/turtlebot3_ws/install/turtlebot3_manipulation_gazebo', 'merge_install': False, 'path': '/home/masaki/ros2_setup_scripts/turtlebot3_ws/src/turtlebot3_simulations/turtlebot3_manipulation_gazebo', 'symlink_install': True, 'test_result_base': None}
[0.584s] Level 5:colcon.colcon_core.verb:set package 'turtlebot3_simulations' build argument 'cmake_args' from command line to 'None'
[0.584s] Level 5:colcon.colcon_core.verb:set package 'turtlebot3_simulations' build argument 'cmake_target' from command line to 'None'
[0.584s] Level 5:colcon.colcon_core.verb:set package 'turtlebot3_simulations' build argument 'cmake_target_skip_unavailable' from command line to 'False'
[0.584s] Level 5:colcon.colcon_core.verb:set package 'turtlebot3_simulations' build argument 'cmake_clean_cache' from command line to 'False'
[0.584s] Level 5:colcon.colcon_core.verb:set package 'turtlebot3_simulations' build argument 'cmake_clean_first' from command line to 'False'
[0.584s] Level 5:colcon.colcon_core.verb:set package 'turtlebot3_simulations' build argument 'cmake_force_configure' from command line to 'False'
[0.584s] Level 5:colcon.colcon_core.verb:set package 'turtlebot3_simulations' build argument 'ament_cmake_args' from command line to 'None'
[0.584s] Level 5:colcon.colcon_core.verb:set package 'turtlebot3_simulations' build argument 'catkin_cmake_args' from command line to 'None'
[0.584s] Level 5:colcon.colcon_core.verb:set package 'turtlebot3_simulations' build argument 'catkin_skip_building_tests' from command line to 'False'
[0.584s] DEBUG:colcon.colcon_core.verb:Building package 'turtlebot3_simulations' with the following arguments: {'ament_cmake_args': None, 'build_base': '/home/masaki/ros2_setup_scripts/turtlebot3_ws/build/turtlebot3_simulations', 'catkin_cmake_args': None, 'catkin_skip_building_tests': False, 'cmake_args': None, 'cmake_clean_cache': False, 'cmake_clean_first': False, 'cmake_force_configure': False, 'cmake_target': None, 'cmake_target_skip_unavailable': False, 'install_base': '/home/masaki/ros2_setup_scripts/turtlebot3_ws/install/turtlebot3_simulations', 'merge_install': False, 'path': '/home/masaki/ros2_setup_scripts/turtlebot3_ws/src/turtlebot3_simulations/turtlebot3_simulations', 'symlink_install': True, 'test_result_base': None}
[0.584s] INFO:colcon.colcon_core.executor:Executing jobs using 'parallel' executor
[0.585s] DEBUG:colcon.colcon_parallel_executor.executor.parallel:run_until_complete
[0.585s] INFO:colcon.colcon_ros.task.ament_cmake.build:Building ROS package in '/home/masaki/ros2_setup_scripts/turtlebot3_ws/src/turtlebot3_simulations/turtlebot3_fake_node' with build type 'ament_cmake'
[0.585s] INFO:colcon.colcon_cmake.task.cmake.build:Building CMake package in '/home/masaki/ros2_setup_scripts/turtlebot3_ws/src/turtlebot3_simulations/turtlebot3_fake_node'
[0.590s] INFO:colcon.colcon_core.plugin_system:Skipping extension 'colcon_core.shell.bat': Not used on non-Windows systems
[0.590s] INFO:colcon.colcon_core.shell:Skip shell extension 'powershell' for command environment: Not usable outside of PowerShell
[0.590s] DEBUG:colcon.colcon_core.shell:Skip shell extension 'dsv' for command environment
[0.593s] INFO:colcon.colcon_ros.task.ament_cmake.build:Building ROS package in '/home/masaki/ros2_setup_scripts/turtlebot3_ws/src/turtlebot3_simulations/turtlebot3_gazebo' with build type 'ament_cmake'
[0.594s] INFO:colcon.colcon_cmake.task.cmake.build:Building CMake package in '/home/masaki/ros2_setup_scripts/turtlebot3_ws/src/turtlebot3_simulations/turtlebot3_gazebo'
[0.594s] INFO:colcon.colcon_core.shell:Skip shell extension 'powershell' for command environment: Not usable outside of PowerShell
[0.594s] DEBUG:colcon.colcon_core.shell:Skip shell extension 'dsv' for command environment
[0.596s] INFO:colcon.colcon_ros.task.ament_cmake.build:Building ROS package in '/home/masaki/ros2_setup_scripts/turtlebot3_ws/src/turtlebot3_simulations/turtlebot3_manipulation_gazebo' with build type 'ament_cmake'
[0.596s] INFO:colcon.colcon_cmake.task.cmake.build:Building CMake package in '/home/masaki/ros2_setup_scripts/turtlebot3_ws/src/turtlebot3_simulations/turtlebot3_manipulation_gazebo'
[0.596s] INFO:colcon.colcon_core.shell:Skip shell extension 'powershell' for command environment: Not usable outside of PowerShell
[0.597s] DEBUG:colcon.colcon_core.shell:Skip shell extension 'dsv' for command environment
[0.607s] DEBUG:colcon.colcon_core.event_handler.log_command:Invoking command in '/home/masaki/ros2_setup_scripts/turtlebot3_ws/build/turtlebot3_fake_node': CMAKE_PREFIX_PATH=/opt/ros/humble CONDA_PROMPT_MODIFIER=(base) /usr/bin/cmake --build /home/masaki/ros2_setup_scripts/turtlebot3_ws/build/turtlebot3_fake_node -- -j24 -l24
[0.612s] DEBUG:colcon.colcon_core.event_handler.log_command:Invoking command in '/home/masaki/ros2_setup_scripts/turtlebot3_ws/build/turtlebot3_gazebo': CMAKE_PREFIX_PATH=/opt/ros/humble CONDA_PROMPT_MODIFIER=(base) /usr/bin/cmake --build /home/masaki/ros2_setup_scripts/turtlebot3_ws/build/turtlebot3_gazebo -- -j24 -l24
[0.618s] DEBUG:colcon.colcon_core.event_handler.log_command:Invoking command in '/home/masaki/ros2_setup_scripts/turtlebot3_ws/build/turtlebot3_manipulation_gazebo': CMAKE_PREFIX_PATH=/opt/ros/humble CONDA_PROMPT_MODIFIER=(base) /usr/bin/cmake --build /home/masaki/ros2_setup_scripts/turtlebot3_ws/build/turtlebot3_manipulation_gazebo -- -j24 -l24
[0.662s] DEBUG:colcon.colcon_core.event_handler.log_command:Invoked command in '/home/masaki/ros2_setup_scripts/turtlebot3_ws/build/turtlebot3_manipulation_gazebo' returned '0': CMAKE_PREFIX_PATH=/opt/ros/humble CONDA_PROMPT_MODIFIER=(base) /usr/bin/cmake --build /home/masaki/ros2_setup_scripts/turtlebot3_ws/build/turtlebot3_manipulation_gazebo -- -j24 -l24
[0.669s] DEBUG:colcon.colcon_core.event_handler.log_command:Invoking command in '/home/masaki/ros2_setup_scripts/turtlebot3_ws/build/turtlebot3_manipulation_gazebo': CMAKE_PREFIX_PATH=/opt/ros/humble CONDA_PROMPT_MODIFIER=(base) /usr/bin/cmake --install /home/masaki/ros2_setup_scripts/turtlebot3_ws/build/turtlebot3_manipulation_gazebo
[0.719s] Level 1:colcon.colcon_core.environment:create_environment_scripts_only(turtlebot3_manipulation_gazebo)
[0.720s] DEBUG:colcon.colcon_core.event_handler.log_command:Invoked command in '/home/masaki/ros2_setup_scripts/turtlebot3_ws/build/turtlebot3_manipulation_gazebo' returned '0': CMAKE_PREFIX_PATH=/opt/ros/humble CONDA_PROMPT_MODIFIER=(base) /usr/bin/cmake --install /home/masaki/ros2_setup_scripts/turtlebot3_ws/build/turtlebot3_manipulation_gazebo
[0.726s] Level 1:colcon.colcon_core.environment:checking '/home/masaki/ros2_setup_scripts/turtlebot3_ws/install/turtlebot3_manipulation_gazebo' for CMake module files
[0.726s] Level 1:colcon.colcon_core.environment:checking '/home/masaki/ros2_setup_scripts/turtlebot3_ws/install/turtlebot3_manipulation_gazebo' for CMake config files
[0.727s] Level 1:colcon.colcon_core.shell:create_environment_hook('turtlebot3_manipulation_gazebo', 'cmake_prefix_path')
[0.727s] INFO:colcon.colcon_core.shell:Creating environment hook '/home/masaki/ros2_setup_scripts/turtlebot3_ws/install/turtlebot3_manipulation_gazebo/share/turtlebot3_manipulation_gazebo/hook/cmake_prefix_path.ps1'
[0.728s] INFO:colcon.colcon_core.shell:Creating environment descriptor '/home/masaki/ros2_setup_scripts/turtlebot3_ws/install/turtlebot3_manipulation_gazebo/share/turtlebot3_manipulation_gazebo/hook/cmake_prefix_path.dsv'
[0.728s] INFO:colcon.colcon_core.shell:Creating environment hook '/home/masaki/ros2_setup_scripts/turtlebot3_ws/install/turtlebot3_manipulation_gazebo/share/turtlebot3_manipulation_gazebo/hook/cmake_prefix_path.sh'
[0.729s] Level 1:colcon.colcon_core.environment:checking '/home/masaki/ros2_setup_scripts/turtlebot3_ws/install/turtlebot3_manipulation_gazebo/bin'
[0.729s] Level 1:colcon.colcon_core.environment:checking '/home/masaki/ros2_setup_scripts/turtlebot3_ws/install/turtlebot3_manipulation_gazebo/lib/pkgconfig/turtlebot3_manipulation_gazebo.pc'
[0.729s] Level 1:colcon.colcon_core.environment:checking '/home/masaki/ros2_setup_scripts/turtlebot3_ws/install/turtlebot3_manipulation_gazebo/lib/python3.10/site-packages'
[0.729s] Level 1:colcon.colcon_core.environment:checking '/home/masaki/ros2_setup_scripts/turtlebot3_ws/install/turtlebot3_manipulation_gazebo/bin'
[0.729s] INFO:colcon.colcon_core.shell:Creating package script '/home/masaki/ros2_setup_scripts/turtlebot3_ws/install/turtlebot3_manipulation_gazebo/share/turtlebot3_manipulation_gazebo/package.ps1'
[0.730s] INFO:colcon.colcon_core.shell:Creating package descriptor '/home/masaki/ros2_setup_scripts/turtlebot3_ws/install/turtlebot3_manipulation_gazebo/share/turtlebot3_manipulation_gazebo/package.dsv'
[0.731s] INFO:colcon.colcon_core.shell:Creating package script '/home/masaki/ros2_setup_scripts/turtlebot3_ws/install/turtlebot3_manipulation_gazebo/share/turtlebot3_manipulation_gazebo/package.sh'
[0.731s] INFO:colcon.colcon_core.shell:Creating package script '/home/masaki/ros2_setup_scripts/turtlebot3_ws/install/turtlebot3_manipulation_gazebo/share/turtlebot3_manipulation_gazebo/package.bash'
[0.732s] INFO:colcon.colcon_core.shell:Creating package script '/home/masaki/ros2_setup_scripts/turtlebot3_ws/install/turtlebot3_manipulation_gazebo/share/turtlebot3_manipulation_gazebo/package.zsh'
[0.733s] Level 1:colcon.colcon_core.environment:create_file_with_runtime_dependencies(/home/masaki/ros2_setup_scripts/turtlebot3_ws/install/turtlebot3_manipulation_gazebo/share/colcon-core/packages/turtlebot3_manipulation_gazebo)
[0.734s] Level 1:colcon.colcon_core.environment:create_environment_scripts_only(turtlebot3_manipulation_gazebo)
[0.734s] Level 1:colcon.colcon_core.environment:checking '/home/masaki/ros2_setup_scripts/turtlebot3_ws/install/turtlebot3_manipulation_gazebo' for CMake module files
[0.734s] Level 1:colcon.colcon_core.environment:checking '/home/masaki/ros2_setup_scripts/turtlebot3_ws/install/turtlebot3_manipulation_gazebo' for CMake config files
[0.735s] Level 1:colcon.colcon_core.shell:create_environment_hook('turtlebot3_manipulation_gazebo', 'cmake_prefix_path')
[0.735s] INFO:colcon.colcon_core.shell:Creating environment hook '/home/masaki/ros2_setup_scripts/turtlebot3_ws/install/turtlebot3_manipulation_gazebo/share/turtlebot3_manipulation_gazebo/hook/cmake_prefix_path.ps1'
[0.735s] INFO:colcon.colcon_core.shell:Creating environment descriptor '/home/masaki/ros2_setup_scripts/turtlebot3_ws/install/turtlebot3_manipulation_gazebo/share/turtlebot3_manipulation_gazebo/hook/cmake_prefix_path.dsv'
[0.735s] INFO:colcon.colcon_core.shell:Creating environment hook '/home/masaki/ros2_setup_scripts/turtlebot3_ws/install/turtlebot3_manipulation_gazebo/share/turtlebot3_manipulation_gazebo/hook/cmake_prefix_path.sh'
[0.736s] Level 1:colcon.colcon_core.environment:checking '/home/masaki/ros2_setup_scripts/turtlebot3_ws/install/turtlebot3_manipulation_gazebo/bin'
[0.736s] Level 1:colcon.colcon_core.environment:checking '/home/masaki/ros2_setup_scripts/turtlebot3_ws/install/turtlebot3_manipulation_gazebo/lib/pkgconfig/turtlebot3_manipulation_gazebo.pc'
[0.736s] Level 1:colcon.colcon_core.environment:checking '/home/masaki/ros2_setup_scripts/turtlebot3_ws/install/turtlebot3_manipulation_gazebo/lib/python3.10/site-packages'
[0.736s] Level 1:colcon.colcon_core.environment:checking '/home/masaki/ros2_setup_scripts/turtlebot3_ws/install/turtlebot3_manipulation_gazebo/bin'
[0.736s] INFO:colcon.colcon_core.shell:Creating package script '/home/masaki/ros2_setup_scripts/turtlebot3_ws/install/turtlebot3_manipulation_gazebo/share/turtlebot3_manipulation_gazebo/package.ps1'
[0.737s] INFO:colcon.colcon_core.shell:Creating package descriptor '/home/masaki/ros2_setup_scripts/turtlebot3_ws/install/turtlebot3_manipulation_gazebo/share/turtlebot3_manipulation_gazebo/package.dsv'
[0.737s] INFO:colcon.colcon_core.shell:Creating package script '/home/masaki/ros2_setup_scripts/turtlebot3_ws/install/turtlebot3_manipulation_gazebo/share/turtlebot3_manipulation_gazebo/package.sh'
[0.737s] INFO:colcon.colcon_core.shell:Creating package script '/home/masaki/ros2_setup_scripts/turtlebot3_ws/install/turtlebot3_manipulation_gazebo/share/turtlebot3_manipulation_gazebo/package.bash'
[0.737s] INFO:colcon.colcon_core.shell:Creating package script '/home/masaki/ros2_setup_scripts/turtlebot3_ws/install/turtlebot3_manipulation_gazebo/share/turtlebot3_manipulation_gazebo/package.zsh'
[0.738s] Level 1:colcon.colcon_core.environment:create_file_with_runtime_dependencies(/home/masaki/ros2_setup_scripts/turtlebot3_ws/install/turtlebot3_manipulation_gazebo/share/colcon-core/packages/turtlebot3_manipulation_gazebo)
[0.739s] DEBUG:colcon.colcon_core.event_handler.log_command:Invoked command in '/home/masaki/ros2_setup_scripts/turtlebot3_ws/build/turtlebot3_fake_node' returned '0': CMAKE_PREFIX_PATH=/opt/ros/humble CONDA_PROMPT_MODIFIER=(base) /usr/bin/cmake --build /home/masaki/ros2_setup_scripts/turtlebot3_ws/build/turtlebot3_fake_node -- -j24 -l24
[0.741s] DEBUG:colcon.colcon_core.event_handler.log_command:Invoking command in '/home/masaki/ros2_setup_scripts/turtlebot3_ws/build/turtlebot3_fake_node': CMAKE_PREFIX_PATH=/opt/ros/humble CONDA_PROMPT_MODIFIER=(base) /usr/bin/cmake --install /home/masaki/ros2_setup_scripts/turtlebot3_ws/build/turtlebot3_fake_node
[0.762s] Level 1:colcon.colcon_core.environment:create_environment_scripts_only(turtlebot3_fake_node)
[0.762s] Level 1:colcon.colcon_core.environment:checking '/home/masaki/ros2_setup_scripts/turtlebot3_ws/install/turtlebot3_fake_node' for CMake module files
[0.763s] DEBUG:colcon.colcon_core.event_handler.log_command:Invoked command in '/home/masaki/ros2_setup_scripts/turtlebot3_ws/build/turtlebot3_fake_node' returned '0': CMAKE_PREFIX_PATH=/opt/ros/humble CONDA_PROMPT_MODIFIER=(base) /usr/bin/cmake --install /home/masaki/ros2_setup_scripts/turtlebot3_ws/build/turtlebot3_fake_node
[0.763s] Level 1:colcon.colcon_core.environment:checking '/home/masaki/ros2_setup_scripts/turtlebot3_ws/install/turtlebot3_fake_node' for CMake config files
[0.763s] Level 1:colcon.colcon_core.shell:create_environment_hook('turtlebot3_fake_node', 'cmake_prefix_path')
[0.763s] INFO:colcon.colcon_core.shell:Creating environment hook '/home/masaki/ros2_setup_scripts/turtlebot3_ws/install/turtlebot3_fake_node/share/turtlebot3_fake_node/hook/cmake_prefix_path.ps1'
[0.763s] INFO:colcon.colcon_core.shell:Creating environment descriptor '/home/masaki/ros2_setup_scripts/turtlebot3_ws/install/turtlebot3_fake_node/share/turtlebot3_fake_node/hook/cmake_prefix_path.dsv'
[0.764s] INFO:colcon.colcon_core.shell:Creating environment hook '/home/masaki/ros2_setup_scripts/turtlebot3_ws/install/turtlebot3_fake_node/share/turtlebot3_fake_node/hook/cmake_prefix_path.sh'
[0.764s] Level 1:colcon.colcon_core.environment:checking '/home/masaki/ros2_setup_scripts/turtlebot3_ws/install/turtlebot3_fake_node/lib'
[0.764s] Level 1:colcon.colcon_core.environment:checking '/home/masaki/ros2_setup_scripts/turtlebot3_ws/install/turtlebot3_fake_node/bin'
[0.764s] Level 1:colcon.colcon_core.environment:checking '/home/masaki/ros2_setup_scripts/turtlebot3_ws/install/turtlebot3_fake_node/lib/pkgconfig/turtlebot3_fake_node.pc'
[0.765s] Level 1:colcon.colcon_core.environment:checking '/home/masaki/ros2_setup_scripts/turtlebot3_ws/install/turtlebot3_fake_node/lib/python3.10/site-packages'
[0.765s] Level 1:colcon.colcon_core.environment:checking '/home/masaki/ros2_setup_scripts/turtlebot3_ws/install/turtlebot3_fake_node/bin'
[0.765s] INFO:colcon.colcon_core.shell:Creating package script '/home/masaki/ros2_setup_scripts/turtlebot3_ws/install/turtlebot3_fake_node/share/turtlebot3_fake_node/package.ps1'
[0.765s] INFO:colcon.colcon_core.shell:Creating package descriptor '/home/masaki/ros2_setup_scripts/turtlebot3_ws/install/turtlebot3_fake_node/share/turtlebot3_fake_node/package.dsv'
[0.766s] INFO:colcon.colcon_core.shell:Creating package script '/home/masaki/ros2_setup_scripts/turtlebot3_ws/install/turtlebot3_fake_node/share/turtlebot3_fake_node/package.sh'
[0.766s] INFO:colcon.colcon_core.shell:Creating package script '/home/masaki/ros2_setup_scripts/turtlebot3_ws/install/turtlebot3_fake_node/share/turtlebot3_fake_node/package.bash'
[0.766s] INFO:colcon.colcon_core.shell:Creating package script '/home/masaki/ros2_setup_scripts/turtlebot3_ws/install/turtlebot3_fake_node/share/turtlebot3_fake_node/package.zsh'
[0.766s] Level 1:colcon.colcon_core.environment:create_file_with_runtime_dependencies(/home/masaki/ros2_setup_scripts/turtlebot3_ws/install/turtlebot3_fake_node/share/colcon-core/packages/turtlebot3_fake_node)
[0.767s] Level 1:colcon.colcon_core.environment:create_environment_scripts_only(turtlebot3_fake_node)
[0.767s] Level 1:colcon.colcon_core.environment:checking '/home/masaki/ros2_setup_scripts/turtlebot3_ws/install/turtlebot3_fake_node' for CMake module files
[0.767s] Level 1:colcon.colcon_core.environment:checking '/home/masaki/ros2_setup_scripts/turtlebot3_ws/install/turtlebot3_fake_node' for CMake config files
[0.767s] Level 1:colcon.colcon_core.shell:create_environment_hook('turtlebot3_fake_node', 'cmake_prefix_path')
[0.768s] INFO:colcon.colcon_core.shell:Creating environment hook '/home/masaki/ros2_setup_scripts/turtlebot3_ws/install/turtlebot3_fake_node/share/turtlebot3_fake_node/hook/cmake_prefix_path.ps1'
[0.768s] INFO:colcon.colcon_core.shell:Creating environment descriptor '/home/masaki/ros2_setup_scripts/turtlebot3_ws/install/turtlebot3_fake_node/share/turtlebot3_fake_node/hook/cmake_prefix_path.dsv'
[0.768s] INFO:colcon.colcon_core.shell:Creating environment hook '/home/masaki/ros2_setup_scripts/turtlebot3_ws/install/turtlebot3_fake_node/share/turtlebot3_fake_node/hook/cmake_prefix_path.sh'
[0.768s] Level 1:colcon.colcon_core.environment:checking '/home/masaki/ros2_setup_scripts/turtlebot3_ws/install/turtlebot3_fake_node/lib'
[0.769s] Level 1:colcon.colcon_core.environment:checking '/home/masaki/ros2_setup_scripts/turtlebot3_ws/install/turtlebot3_fake_node/bin'
[0.769s] Level 1:colcon.colcon_core.environment:checking '/home/masaki/ros2_setup_scripts/turtlebot3_ws/install/turtlebot3_fake_node/lib/pkgconfig/turtlebot3_fake_node.pc'
[0.769s] Level 1:colcon.colcon_core.environment:checking '/home/masaki/ros2_setup_scripts/turtlebot3_ws/install/turtlebot3_fake_node/lib/python3.10/site-packages'
[0.769s] Level 1:colcon.colcon_core.environment:checking '/home/masaki/ros2_setup_scripts/turtlebot3_ws/install/turtlebot3_fake_node/bin'
[0.769s] INFO:colcon.colcon_core.shell:Creating package script '/home/masaki/ros2_setup_scripts/turtlebot3_ws/install/turtlebot3_fake_node/share/turtlebot3_fake_node/package.ps1'
[0.770s] INFO:colcon.colcon_core.shell:Creating package descriptor '/home/masaki/ros2_setup_scripts/turtlebot3_ws/install/turtlebot3_fake_node/share/turtlebot3_fake_node/package.dsv'
[0.770s] INFO:colcon.colcon_core.shell:Creating package script '/home/masaki/ros2_setup_scripts/turtlebot3_ws/install/turtlebot3_fake_node/share/turtlebot3_fake_node/package.sh'
[0.770s] INFO:colcon.colcon_core.shell:Creating package script '/home/masaki/ros2_setup_scripts/turtlebot3_ws/install/turtlebot3_fake_node/share/turtlebot3_fake_node/package.bash'
[0.770s] INFO:colcon.colcon_core.shell:Creating package script '/home/masaki/ros2_setup_scripts/turtlebot3_ws/install/turtlebot3_fake_node/share/turtlebot3_fake_node/package.zsh'
[0.771s] Level 1:colcon.colcon_core.environment:create_file_with_runtime_dependencies(/home/masaki/ros2_setup_scripts/turtlebot3_ws/install/turtlebot3_fake_node/share/colcon-core/packages/turtlebot3_fake_node)
[0.822s] DEBUG:colcon.colcon_core.event_handler.log_command:Invoked command in '/home/masaki/ros2_setup_scripts/turtlebot3_ws/build/turtlebot3_gazebo' returned '0': CMAKE_PREFIX_PATH=/opt/ros/humble CONDA_PROMPT_MODIFIER=(base) /usr/bin/cmake --build /home/masaki/ros2_setup_scripts/turtlebot3_ws/build/turtlebot3_gazebo -- -j24 -l24
[0.824s] DEBUG:colcon.colcon_core.event_handler.log_command:Invoking command in '/home/masaki/ros2_setup_scripts/turtlebot3_ws/build/turtlebot3_gazebo': CMAKE_PREFIX_PATH=/opt/ros/humble CONDA_PROMPT_MODIFIER=(base) /usr/bin/cmake --install /home/masaki/ros2_setup_scripts/turtlebot3_ws/build/turtlebot3_gazebo
[0.877s] Level 1:colcon.colcon_core.environment:create_environment_scripts_only(turtlebot3_gazebo)
[0.878s] Level 1:colcon.colcon_core.environment:checking '/home/masaki/ros2_setup_scripts/turtlebot3_ws/install/turtlebot3_gazebo' for CMake module files
[0.878s] DEBUG:colcon.colcon_core.event_handler.log_command:Invoked command in '/home/masaki/ros2_setup_scripts/turtlebot3_ws/build/turtlebot3_gazebo' returned '0': CMAKE_PREFIX_PATH=/opt/ros/humble CONDA_PROMPT_MODIFIER=(base) /usr/bin/cmake --install /home/masaki/ros2_setup_scripts/turtlebot3_ws/build/turtlebot3_gazebo
[0.878s] Level 1:colcon.colcon_core.environment:checking '/home/masaki/ros2_setup_scripts/turtlebot3_ws/install/turtlebot3_gazebo' for CMake config files
[0.879s] Level 1:colcon.colcon_core.shell:create_environment_hook('turtlebot3_gazebo', 'cmake_prefix_path')
[0.880s] INFO:colcon.colcon_core.shell:Creating environment hook '/home/masaki/ros2_setup_scripts/turtlebot3_ws/install/turtlebot3_gazebo/share/turtlebot3_gazebo/hook/cmake_prefix_path.ps1'
[0.880s] INFO:colcon.colcon_core.shell:Creating environment descriptor '/home/masaki/ros2_setup_scripts/turtlebot3_ws/install/turtlebot3_gazebo/share/turtlebot3_gazebo/hook/cmake_prefix_path.dsv'
[0.880s] INFO:colcon.colcon_core.shell:Creating environment hook '/home/masaki/ros2_setup_scripts/turtlebot3_ws/install/turtlebot3_gazebo/share/turtlebot3_gazebo/hook/cmake_prefix_path.sh'
[0.881s] Level 1:colcon.colcon_core.environment:checking '/home/masaki/ros2_setup_scripts/turtlebot3_ws/install/turtlebot3_gazebo/lib'
[0.881s] Level 1:colcon.colcon_core.environment:checking '/home/masaki/ros2_setup_scripts/turtlebot3_ws/install/turtlebot3_gazebo/bin'
[0.881s] Level 1:colcon.colcon_core.environment:checking '/home/masaki/ros2_setup_scripts/turtlebot3_ws/install/turtlebot3_gazebo/lib/pkgconfig/turtlebot3_gazebo.pc'
[0.881s] Level 1:colcon.colcon_core.environment:checking '/home/masaki/ros2_setup_scripts/turtlebot3_ws/install/turtlebot3_gazebo/lib/python3.10/site-packages'
[0.881s] Level 1:colcon.colcon_core.environment:checking '/home/masaki/ros2_setup_scripts/turtlebot3_ws/install/turtlebot3_gazebo/bin'
[0.881s] INFO:colcon.colcon_core.shell:Creating package script '/home/masaki/ros2_setup_scripts/turtlebot3_ws/install/turtlebot3_gazebo/share/turtlebot3_gazebo/package.ps1'
[0.882s] INFO:colcon.colcon_core.shell:Creating package descriptor '/home/masaki/ros2_setup_scripts/turtlebot3_ws/install/turtlebot3_gazebo/share/turtlebot3_gazebo/package.dsv'
[0.882s] INFO:colcon.colcon_core.shell:Creating package script '/home/masaki/ros2_setup_scripts/turtlebot3_ws/install/turtlebot3_gazebo/share/turtlebot3_gazebo/package.sh'
[0.882s] INFO:colcon.colcon_core.shell:Creating package script '/home/masaki/ros2_setup_scripts/turtlebot3_ws/install/turtlebot3_gazebo/share/turtlebot3_gazebo/package.bash'
[0.883s] INFO:colcon.colcon_core.shell:Creating package script '/home/masaki/ros2_setup_scripts/turtlebot3_ws/install/turtlebot3_gazebo/share/turtlebot3_gazebo/package.zsh'
[0.883s] Level 1:colcon.colcon_core.environment:create_file_with_runtime_dependencies(/home/masaki/ros2_setup_scripts/turtlebot3_ws/install/turtlebot3_gazebo/share/colcon-core/packages/turtlebot3_gazebo)
[0.883s] Level 1:colcon.colcon_core.environment:create_environment_scripts_only(turtlebot3_gazebo)
[0.884s] Level 1:colcon.colcon_core.environment:checking '/home/masaki/ros2_setup_scripts/turtlebot3_ws/install/turtlebot3_gazebo' for CMake module files
[0.884s] Level 1:colcon.colcon_core.environment:checking '/home/masaki/ros2_setup_scripts/turtlebot3_ws/install/turtlebot3_gazebo' for CMake config files
[0.885s] Level 1:colcon.colcon_core.shell:create_environment_hook('turtlebot3_gazebo', 'cmake_prefix_path')
[0.885s] INFO:colcon.colcon_core.shell:Creating environment hook '/home/masaki/ros2_setup_scripts/turtlebot3_ws/install/turtlebot3_gazebo/share/turtlebot3_gazebo/hook/cmake_prefix_path.ps1'
[0.886s] INFO:colcon.colcon_core.shell:Creating environment descriptor '/home/masaki/ros2_setup_scripts/turtlebot3_ws/install/turtlebot3_gazebo/share/turtlebot3_gazebo/hook/cmake_prefix_path.dsv'
[0.886s] INFO:colcon.colcon_core.shell:Creating environment hook '/home/masaki/ros2_setup_scripts/turtlebot3_ws/install/turtlebot3_gazebo/share/turtlebot3_gazebo/hook/cmake_prefix_path.sh'
[0.886s] Level 1:colcon.colcon_core.environment:checking '/home/masaki/ros2_setup_scripts/turtlebot3_ws/install/turtlebot3_gazebo/lib'
[0.887s] Level 1:colcon.colcon_core.environment:checking '/home/masaki/ros2_setup_scripts/turtlebot3_ws/install/turtlebot3_gazebo/bin'
[0.887s] Level 1:colcon.colcon_core.environment:checking '/home/masaki/ros2_setup_scripts/turtlebot3_ws/install/turtlebot3_gazebo/lib/pkgconfig/turtlebot3_gazebo.pc'
[0.887s] Level 1:colcon.colcon_core.environment:checking '/home/masaki/ros2_setup_scripts/turtlebot3_ws/install/turtlebot3_gazebo/lib/python3.10/site-packages'
[0.887s] Level 1:colcon.colcon_core.environment:checking '/home/masaki/ros2_setup_scripts/turtlebot3_ws/install/turtlebot3_gazebo/bin'
[0.887s] INFO:colcon.colcon_core.shell:Creating package script '/home/masaki/ros2_setup_scripts/turtlebot3_ws/install/turtlebot3_gazebo/share/turtlebot3_gazebo/package.ps1'
[0.888s] INFO:colcon.colcon_core.shell:Creating package descriptor '/home/masaki/ros2_setup_scripts/turtlebot3_ws/install/turtlebot3_gazebo/share/turtlebot3_gazebo/package.dsv'
[0.888s] INFO:colcon.colcon_core.shell:Creating package script '/home/masaki/ros2_setup_scripts/turtlebot3_ws/install/turtlebot3_gazebo/share/turtlebot3_gazebo/package.sh'
[0.888s] INFO:colcon.colcon_core.shell:Creating package script '/home/masaki/ros2_setup_scripts/turtlebot3_ws/install/turtlebot3_gazebo/share/turtlebot3_gazebo/package.bash'
[0.889s] INFO:colcon.colcon_core.shell:Creating package script '/home/masaki/ros2_setup_scripts/turtlebot3_ws/install/turtlebot3_gazebo/share/turtlebot3_gazebo/package.zsh'
[0.889s] Level 1:colcon.colcon_core.environment:create_file_with_runtime_dependencies(/home/masaki/ros2_setup_scripts/turtlebot3_ws/install/turtlebot3_gazebo/share/colcon-core/packages/turtlebot3_gazebo)
[0.889s] INFO:colcon.colcon_ros.task.ament_cmake.build:Building ROS package in '/home/masaki/ros2_setup_scripts/turtlebot3_ws/src/turtlebot3_simulations/turtlebot3_simulations' with build type 'ament_cmake'
[0.889s] INFO:colcon.colcon_cmake.task.cmake.build:Building CMake package in '/home/masaki/ros2_setup_scripts/turtlebot3_ws/src/turtlebot3_simulations/turtlebot3_simulations'
[0.890s] INFO:colcon.colcon_core.shell:Skip shell extension 'powershell' for command environment: Not usable outside of PowerShell
[0.890s] DEBUG:colcon.colcon_core.shell:Skip shell extension 'dsv' for command environment
[1.075s] DEBUG:colcon.colcon_core.event_handler.log_command:Invoking command in '/home/masaki/ros2_setup_scripts/turtlebot3_ws/build/turtlebot3_simulations': AMENT_PREFIX_PATH=/home/masaki/ros2_setup_scripts/turtlebot3_ws/install/turtlebot3_manipulation_gazebo:/home/masaki/ros2_setup_scripts/turtlebot3_ws/install/turtlebot3_gazebo:/home/masaki/ros2_setup_scripts/turtlebot3_ws/install/turtlebot3_fake_node:${AMENT_PREFIX_PATH} CMAKE_PREFIX_PATH=/home/masaki/ros2_setup_scripts/turtlebot3_ws/install/turtlebot3_manipulation_gazebo:/home/masaki/ros2_setup_scripts/turtlebot3_ws/install/turtlebot3_gazebo:/home/masaki/ros2_setup_scripts/turtlebot3_ws/install/turtlebot3_fake_node:/opt/ros/humble CONDA_PROMPT_MODIFIER=(base) /usr/bin/cmake --build /home/masaki/ros2_setup_scripts/turtlebot3_ws/build/turtlebot3_simulations -- -j24 -l24
[1.101s] DEBUG:colcon.colcon_core.event_handler.log_command:Invoked command in '/home/masaki/ros2_setup_scripts/turtlebot3_ws/build/turtlebot3_simulations' returned '0': AMENT_PREFIX_PATH=/home/masaki/ros2_setup_scripts/turtlebot3_ws/install/turtlebot3_manipulation_gazebo:/home/masaki/ros2_setup_scripts/turtlebot3_ws/install/turtlebot3_gazebo:/home/masaki/ros2_setup_scripts/turtlebot3_ws/install/turtlebot3_fake_node:${AMENT_PREFIX_PATH} CMAKE_PREFIX_PATH=/home/masaki/ros2_setup_scripts/turtlebot3_ws/install/turtlebot3_manipulation_gazebo:/home/masaki/ros2_setup_scripts/turtlebot3_ws/install/turtlebot3_gazebo:/home/masaki/ros2_setup_scripts/turtlebot3_ws/install/turtlebot3_fake_node:/opt/ros/humble CONDA_PROMPT_MODIFIER=(base) /usr/bin/cmake --build /home/masaki/ros2_setup_scripts/turtlebot3_ws/build/turtlebot3_simulations -- -j24 -l24
[1.104s] DEBUG:colcon.colcon_core.event_handler.log_command:Invoking command in '/home/masaki/ros2_setup_scripts/turtlebot3_ws/build/turtlebot3_simulations': AMENT_PREFIX_PATH=/home/masaki/ros2_setup_scripts/turtlebot3_ws/install/turtlebot3_manipulation_gazebo:/home/masaki/ros2_setup_scripts/turtlebot3_ws/install/turtlebot3_gazebo:/home/masaki/ros2_setup_scripts/turtlebot3_ws/install/turtlebot3_fake_node:${AMENT_PREFIX_PATH} CMAKE_PREFIX_PATH=/home/masaki/ros2_setup_scripts/turtlebot3_ws/install/turtlebot3_manipulation_gazebo:/home/masaki/ros2_setup_scripts/turtlebot3_ws/install/turtlebot3_gazebo:/home/masaki/ros2_setup_scripts/turtlebot3_ws/install/turtlebot3_fake_node:/opt/ros/humble CONDA_PROMPT_MODIFIER=(base) /usr/bin/cmake --install /home/masaki/ros2_setup_scripts/turtlebot3_ws/build/turtlebot3_simulations
[1.121s] Level 1:colcon.colcon_core.environment:create_environment_scripts_only(turtlebot3_simulations)
[1.122s] Level 1:colcon.colcon_core.environment:checking '/home/masaki/ros2_setup_scripts/turtlebot3_ws/install/turtlebot3_simulations' for CMake module files
[1.122s] DEBUG:colcon.colcon_core.event_handler.log_command:Invoked command in '/home/masaki/ros2_setup_scripts/turtlebot3_ws/build/turtlebot3_simulations' returned '0': AMENT_PREFIX_PATH=/home/masaki/ros2_setup_scripts/turtlebot3_ws/install/turtlebot3_manipulation_gazebo:/home/masaki/ros2_setup_scripts/turtlebot3_ws/install/turtlebot3_gazebo:/home/masaki/ros2_setup_scripts/turtlebot3_ws/install/turtlebot3_fake_node:${AMENT_PREFIX_PATH} CMAKE_PREFIX_PATH=/home/masaki/ros2_setup_scripts/turtlebot3_ws/install/turtlebot3_manipulation_gazebo:/home/masaki/ros2_setup_scripts/turtlebot3_ws/install/turtlebot3_gazebo:/home/masaki/ros2_setup_scripts/turtlebot3_ws/install/turtlebot3_fake_node:/opt/ros/humble CONDA_PROMPT_MODIFIER=(base) /usr/bin/cmake --install /home/masaki/ros2_setup_scripts/turtlebot3_ws/build/turtlebot3_simulations
[1.122s] Level 1:colcon.colcon_core.environment:checking '/home/masaki/ros2_setup_scripts/turtlebot3_ws/install/turtlebot3_simulations' for CMake config files
[1.123s] Level 1:colcon.colcon_core.shell:create_environment_hook('turtlebot3_simulations', 'cmake_prefix_path')
[1.123s] INFO:colcon.colcon_core.shell:Creating environment hook '/home/masaki/ros2_setup_scripts/turtlebot3_ws/install/turtlebot3_simulations/share/turtlebot3_simulations/hook/cmake_prefix_path.ps1'
[1.123s] INFO:colcon.colcon_core.shell:Creating environment descriptor '/home/masaki/ros2_setup_scripts/turtlebot3_ws/install/turtlebot3_simulations/share/turtlebot3_simulations/hook/cmake_prefix_path.dsv'
[1.123s] INFO:colcon.colcon_core.shell:Creating environment hook '/home/masaki/ros2_setup_scripts/turtlebot3_ws/install/turtlebot3_simulations/share/turtlebot3_simulations/hook/cmake_prefix_path.sh'
[1.124s] Level 1:colcon.colcon_core.environment:checking '/home/masaki/ros2_setup_scripts/turtlebot3_ws/install/turtlebot3_simulations/bin'
[1.124s] Level 1:colcon.colcon_core.environment:checking '/home/masaki/ros2_setup_scripts/turtlebot3_ws/install/turtlebot3_simulations/lib/pkgconfig/turtlebot3_simulations.pc'
[1.124s] Level 1:colcon.colcon_core.environment:checking '/home/masaki/ros2_setup_scripts/turtlebot3_ws/install/turtlebot3_simulations/lib/python3.10/site-packages'
[1.124s] Level 1:colcon.colcon_core.environment:checking '/home/masaki/ros2_setup_scripts/turtlebot3_ws/install/turtlebot3_simulations/bin'
[1.124s] INFO:colcon.colcon_core.shell:Creating package script '/home/masaki/ros2_setup_scripts/turtlebot3_ws/install/turtlebot3_simulations/share/turtlebot3_simulations/package.ps1'
[1.125s] INFO:colcon.colcon_core.shell:Creating package descriptor '/home/masaki/ros2_setup_scripts/turtlebot3_ws/install/turtlebot3_simulations/share/turtlebot3_simulations/package.dsv'
[1.125s] INFO:colcon.colcon_core.shell:Creating package script '/home/masaki/ros2_setup_scripts/turtlebot3_ws/install/turtlebot3_simulations/share/turtlebot3_simulations/package.sh'
[1.125s] INFO:colcon.colcon_core.shell:Creating package script '/home/masaki/ros2_setup_scripts/turtlebot3_ws/install/turtlebot3_simulations/share/turtlebot3_simulations/package.bash'
[1.126s] INFO:colcon.colcon_core.shell:Creating package script '/home/masaki/ros2_setup_scripts/turtlebot3_ws/install/turtlebot3_simulations/share/turtlebot3_simulations/package.zsh'
[1.126s] Level 1:colcon.colcon_core.environment:create_file_with_runtime_dependencies(/home/masaki/ros2_setup_scripts/turtlebot3_ws/install/turtlebot3_simulations/share/colcon-core/packages/turtlebot3_simulations)
[1.127s] Level 1:colcon.colcon_core.environment:create_environment_scripts_only(turtlebot3_simulations)
[1.127s] Level 1:colcon.colcon_core.environment:checking '/home/masaki/ros2_setup_scripts/turtlebot3_ws/install/turtlebot3_simulations' for CMake module files
[1.127s] Level 1:colcon.colcon_core.environment:checking '/home/masaki/ros2_setup_scripts/turtlebot3_ws/install/turtlebot3_simulations' for CMake config files
[1.127s] Level 1:colcon.colcon_core.shell:create_environment_hook('turtlebot3_simulations', 'cmake_prefix_path')
[1.127s] INFO:colcon.colcon_core.shell:Creating environment hook '/home/masaki/ros2_setup_scripts/turtlebot3_ws/install/turtlebot3_simulations/share/turtlebot3_simulations/hook/cmake_prefix_path.ps1'
[1.127s] INFO:colcon.colcon_core.shell:Creating environment descriptor '/home/masaki/ros2_setup_scripts/turtlebot3_ws/install/turtlebot3_simulations/share/turtlebot3_simulations/hook/cmake_prefix_path.dsv'
[1.128s] INFO:colcon.colcon_core.shell:Creating environment hook '/home/masaki/ros2_setup_scripts/turtlebot3_ws/install/turtlebot3_simulations/share/turtlebot3_simulations/hook/cmake_prefix_path.sh'
[1.128s] Level 1:colcon.colcon_core.environment:checking '/home/masaki/ros2_setup_scripts/turtlebot3_ws/install/turtlebot3_simulations/bin'
[1.128s] Level 1:colcon.colcon_core.environment:checking '/home/masaki/ros2_setup_scripts/turtlebot3_ws/install/turtlebot3_simulations/lib/pkgconfig/turtlebot3_simulations.pc'
[1.128s] Level 1:colcon.colcon_core.environment:checking '/home/masaki/ros2_setup_scripts/turtlebot3_ws/install/turtlebot3_simulations/lib/python3.10/site-packages'
[1.129s] Level 1:colcon.colcon_core.environment:checking '/home/masaki/ros2_setup_scripts/turtlebot3_ws/install/turtlebot3_simulations/bin'
[1.129s] INFO:colcon.colcon_core.shell:Creating package script '/home/masaki/ros2_setup_scripts/turtlebot3_ws/install/turtlebot3_simulations/share/turtlebot3_simulations/package.ps1'
[1.129s] INFO:colcon.colcon_core.shell:Creating package descriptor '/home/masaki/ros2_setup_scripts/turtlebot3_ws/install/turtlebot3_simulations/share/turtlebot3_simulations/package.dsv'
[1.130s] INFO:colcon.colcon_core.shell:Creating package script '/home/masaki/ros2_setup_scripts/turtlebot3_ws/install/turtlebot3_simulations/share/turtlebot3_simulations/package.sh'
[1.130s] INFO:colcon.colcon_core.shell:Creating package script '/home/masaki/ros2_setup_scripts/turtlebot3_ws/install/turtlebot3_simulations/share/turtlebot3_simulations/package.bash'
[1.130s] INFO:colcon.colcon_core.shell:Creating package script '/home/masaki/ros2_setup_scripts/turtlebot3_ws/install/turtlebot3_simulations/share/turtlebot3_simulations/package.zsh'
[1.130s] Level 1:colcon.colcon_core.environment:create_file_with_runtime_dependencies(/home/masaki/ros2_setup_scripts/turtlebot3_ws/install/turtlebot3_simulations/share/colcon-core/packages/turtlebot3_simulations)
[1.131s] DEBUG:colcon.colcon_parallel_executor.executor.parallel:closing loop
[1.131s] DEBUG:colcon.colcon_parallel_executor.executor.parallel:loop closed
[1.131s] DEBUG:colcon.colcon_parallel_executor.executor.parallel:run_until_complete finished with '0'
[1.132s] DEBUG:colcon.colcon_core.event_reactor:joining thread
[1.137s] INFO:colcon.colcon_core.plugin_system:Skipping extension 'colcon_notification.desktop_notification.terminal_notifier': Not used on non-Darwin systems
[1.137s] INFO:colcon.colcon_core.plugin_system:Skipping extension 'colcon_notification.desktop_notification.win32': Not used on non-Windows systems
[1.137s] INFO:colcon.colcon_notification.desktop_notification:Sending desktop notification using 'notify2'
[1.137s] DEBUG:colcon.colcon_notification.desktop_notification.notify2:Failed to initialize notify2: org.freedesktop.DBus.Error.FileNotFound: Failed to connect to socket /run/user/1000/bus: No such file or directory
[1.137s] DEBUG:colcon.colcon_core.event_reactor:joined thread
[1.137s] INFO:colcon.colcon_core.shell:Creating prefix script '/home/masaki/ros2_setup_scripts/turtlebot3_ws/install/local_setup.ps1'
[1.138s] INFO:colcon.colcon_core.shell:Creating prefix util module '/home/masaki/ros2_setup_scripts/turtlebot3_ws/install/_local_setup_util_ps1.py'
[1.139s] INFO:colcon.colcon_core.shell:Creating prefix chain script '/home/masaki/ros2_setup_scripts/turtlebot3_ws/install/setup.ps1'
[1.140s] INFO:colcon.colcon_core.shell:Creating prefix script '/home/masaki/ros2_setup_scripts/turtlebot3_ws/install/local_setup.sh'
[1.141s] INFO:colcon.colcon_core.shell:Creating prefix util module '/home/masaki/ros2_setup_scripts/turtlebot3_ws/install/_local_setup_util_sh.py'
[1.141s] INFO:colcon.colcon_core.shell:Creating prefix chain script '/home/masaki/ros2_setup_scripts/turtlebot3_ws/install/setup.sh'
[1.142s] INFO:colcon.colcon_core.shell:Creating prefix script '/home/masaki/ros2_setup_scripts/turtlebot3_ws/install/local_setup.bash'
[1.143s] INFO:colcon.colcon_core.shell:Creating prefix chain script '/home/masaki/ros2_setup_scripts/turtlebot3_ws/install/setup.bash'
[1.143s] INFO:colcon.colcon_core.shell:Creating prefix script '/home/masaki/ros2_setup_scripts/turtlebot3_ws/install/local_setup.zsh'
[1.144s] INFO:colcon.colcon_core.shell:Creating prefix chain script '/home/masaki/ros2_setup_scripts/turtlebot3_ws/install/setup.zsh'
