[0.451s] Invoking command in '/home/masaki/ros2_setup_scripts/happy_ws/src/hello': CONDA_PROMPT_MODIFIER=(base) PYTHONPATH=/home/masaki/ros2_setup_scripts/happy_ws/build/hello/prefix_override:/usr/lib/python3/dist-packages/colcon_core/task/python/colcon_distutils_commands:/home/masaki/ros2_setup_scripts/happy_ws/install/hello/lib/python3.10/site-packages:${PYTHONPATH} /usr/bin/python3 -W ignore:setup.py install is deprecated -W ignore:easy_install command is deprecated setup.py egg_info --egg-base ../../build/hello build --build-base /home/masaki/ros2_setup_scripts/happy_ws/build/hello/build install --record /home/masaki/ros2_setup_scripts/happy_ws/build/hello/install.log --install-scripts $base/lib/hello --single-version-externally-managed install_data
[0.568s] running egg_info
[0.569s] writing ../../build/hello/hello.egg-info/PKG-INFO
[0.569s] writing dependency_links to ../../build/hello/hello.egg-info/dependency_links.txt
[0.569s] writing entry points to ../../build/hello/hello.egg-info/entry_points.txt
[0.569s] writing requirements to ../../build/hello/hello.egg-info/requires.txt
[0.569s] writing top-level names to ../../build/hello/hello.egg-info/top_level.txt
[0.570s] reading manifest file '../../build/hello/hello.egg-info/SOURCES.txt'
[0.571s] writing manifest file '../../build/hello/hello.egg-info/SOURCES.txt'
[0.571s] running build
[0.571s] running build_py
[0.571s] running install
[0.571s] running install_lib
[0.572s] running install_data
[0.572s] running install_egg_info
[0.573s] removing '/home/masaki/ros2_setup_scripts/happy_ws/install/hello/lib/python3.10/site-packages/hello-0.0.0-py3.10.egg-info' (and everything under it)
[0.573s] Copying ../../build/hello/hello.egg-info to /home/masaki/ros2_setup_scripts/happy_ws/install/hello/lib/python3.10/site-packages/hello-0.0.0-py3.10.egg-info
[0.573s] running install_scripts
[0.585s] Installing hello_node script to /home/masaki/ros2_setup_scripts/happy_ws/install/hello/lib/hello
[0.585s] writing list of installed files to '/home/masaki/ros2_setup_scripts/happy_ws/build/hello/install.log'
[0.599s] Invoked command in '/home/masaki/ros2_setup_scripts/happy_ws/src/hello' returned '0': CONDA_PROMPT_MODIFIER=(base) PYTHONPATH=/home/masaki/ros2_setup_scripts/happy_ws/build/hello/prefix_override:/usr/lib/python3/dist-packages/colcon_core/task/python/colcon_distutils_commands:/home/masaki/ros2_setup_scripts/happy_ws/install/hello/lib/python3.10/site-packages:${PYTHONPATH} /usr/bin/python3 -W ignore:setup.py install is deprecated -W ignore:easy_install command is deprecated setup.py egg_info --egg-base ../../build/hello build --build-base /home/masaki/ros2_setup_scripts/happy_ws/build/hello/build install --record /home/masaki/ros2_setup_scripts/happy_ws/build/hello/install.log --install-scripts $base/lib/hello --single-version-externally-managed install_data
