running egg_info
creating ../build/time_topic/time_topic.egg-info
writing ../build/time_topic/time_topic.egg-info/PKG-INFO
writing dependency_links to ../build/time_topic/time_topic.egg-info/dependency_links.txt
writing entry points to ../build/time_topic/time_topic.egg-info/entry_points.txt
writing requirements to ../build/time_topic/time_topic.egg-info/requires.txt
writing top-level names to ../build/time_topic/time_topic.egg-info/top_level.txt
writing manifest file '../build/time_topic/time_topic.egg-info/SOURCES.txt'
reading manifest file '../build/time_topic/time_topic.egg-info/SOURCES.txt'
writing manifest file '../build/time_topic/time_topic.egg-info/SOURCES.txt'
running build
running build_py
creating /home/masaki/ros2_setup_scripts/happy_ws/src/build/time_topic/build
creating /home/masaki/ros2_setup_scripts/happy_ws/src/build/time_topic/build/lib
creating /home/masaki/ros2_setup_scripts/happy_ws/src/build/time_topic/build/lib/time_topic
copying time_topic/time_pub_node.py -> /home/masaki/ros2_setup_scripts/happy_ws/src/build/time_topic/build/lib/time_topic
copying time_topic/__init__.py -> /home/masaki/ros2_setup_scripts/happy_ws/src/build/time_topic/build/lib/time_topic
running install
running install_lib
creating /home/masaki/ros2_setup_scripts/happy_ws/src/install/time_topic/lib/python3.10/site-packages/time_topic
copying /home/masaki/ros2_setup_scripts/happy_ws/src/build/time_topic/build/lib/time_topic/time_pub_node.py -> /home/masaki/ros2_setup_scripts/happy_ws/src/install/time_topic/lib/python3.10/site-packages/time_topic
copying /home/masaki/ros2_setup_scripts/happy_ws/src/build/time_topic/build/lib/time_topic/__init__.py -> /home/masaki/ros2_setup_scripts/happy_ws/src/install/time_topic/lib/python3.10/site-packages/time_topic
byte-compiling /home/masaki/ros2_setup_scripts/happy_ws/src/install/time_topic/lib/python3.10/site-packages/time_topic/time_pub_node.py to time_pub_node.cpython-310.pyc
byte-compiling /home/masaki/ros2_setup_scripts/happy_ws/src/install/time_topic/lib/python3.10/site-packages/time_topic/__init__.py to __init__.cpython-310.pyc
running install_data
creating /home/masaki/ros2_setup_scripts/happy_ws/src/install/time_topic/share/ament_index
creating /home/masaki/ros2_setup_scripts/happy_ws/src/install/time_topic/share/ament_index/resource_index
creating /home/masaki/ros2_setup_scripts/happy_ws/src/install/time_topic/share/ament_index/resource_index/packages
copying resource/time_topic -> /home/masaki/ros2_setup_scripts/happy_ws/src/install/time_topic/share/ament_index/resource_index/packages
copying package.xml -> /home/masaki/ros2_setup_scripts/happy_ws/src/install/time_topic/share/time_topic
running install_egg_info
Copying ../build/time_topic/time_topic.egg-info to /home/masaki/ros2_setup_scripts/happy_ws/src/install/time_topic/lib/python3.10/site-packages/time_topic-0.0.0-py3.10.egg-info
running install_scripts
Installing time_pub_node script to /home/masaki/ros2_setup_scripts/happy_ws/src/install/time_topic/lib/time_topic
writing list of installed files to '/home/masaki/ros2_setup_scripts/happy_ws/src/build/time_topic/install.log'
