[0.881s] Invoking command in '/home/masaki/ros2_setup_scripts/happy_ws/src/time_topic': PYTHONPATH=/home/masaki/ros2_setup_scripts/happy_ws/src/build/time_topic/prefix_override:/usr/lib/python3/dist-packages/colcon_core/task/python/colcon_distutils_commands:/home/masaki/ros2_setup_scripts/happy_ws/src/install/time_topic/lib/python3.10/site-packages:${PYTHONPATH} /usr/bin/python3 -W ignore:setup.py install is deprecated -W ignore:easy_install command is deprecated setup.py egg_info --egg-base ../build/time_topic build --build-base /home/masaki/ros2_setup_scripts/happy_ws/src/build/time_topic/build install --record /home/masaki/ros2_setup_scripts/happy_ws/src/build/time_topic/install.log --install-scripts $base/lib/time_topic --single-version-externally-managed install_data
[1.009s] running egg_info
[1.009s] creating ../build/time_topic/time_topic.egg-info
[1.010s] writing ../build/time_topic/time_topic.egg-info/PKG-INFO
[1.010s] writing dependency_links to ../build/time_topic/time_topic.egg-info/dependency_links.txt
[1.010s] writing entry points to ../build/time_topic/time_topic.egg-info/entry_points.txt
[1.010s] writing requirements to ../build/time_topic/time_topic.egg-info/requires.txt
[1.010s] writing top-level names to ../build/time_topic/time_topic.egg-info/top_level.txt
[1.011s] writing manifest file '../build/time_topic/time_topic.egg-info/SOURCES.txt'
[1.013s] reading manifest file '../build/time_topic/time_topic.egg-info/SOURCES.txt'
[1.014s] writing manifest file '../build/time_topic/time_topic.egg-info/SOURCES.txt'
[1.014s] running build
[1.014s] running build_py
[1.014s] creating /home/masaki/ros2_setup_scripts/happy_ws/src/build/time_topic/build
[1.014s] creating /home/masaki/ros2_setup_scripts/happy_ws/src/build/time_topic/build/lib
[1.015s] creating /home/masaki/ros2_setup_scripts/happy_ws/src/build/time_topic/build/lib/time_topic
[1.015s] copying time_topic/time_pub_node.py -> /home/masaki/ros2_setup_scripts/happy_ws/src/build/time_topic/build/lib/time_topic
[1.015s] copying time_topic/__init__.py -> /home/masaki/ros2_setup_scripts/happy_ws/src/build/time_topic/build/lib/time_topic
[1.015s] running install
[1.015s] running install_lib
[1.015s] creating /home/masaki/ros2_setup_scripts/happy_ws/src/install/time_topic/lib/python3.10/site-packages/time_topic
[1.016s] copying /home/masaki/ros2_setup_scripts/happy_ws/src/build/time_topic/build/lib/time_topic/time_pub_node.py -> /home/masaki/ros2_setup_scripts/happy_ws/src/install/time_topic/lib/python3.10/site-packages/time_topic
[1.016s] copying /home/masaki/ros2_setup_scripts/happy_ws/src/build/time_topic/build/lib/time_topic/__init__.py -> /home/masaki/ros2_setup_scripts/happy_ws/src/install/time_topic/lib/python3.10/site-packages/time_topic
[1.016s] byte-compiling /home/masaki/ros2_setup_scripts/happy_ws/src/install/time_topic/lib/python3.10/site-packages/time_topic/time_pub_node.py to time_pub_node.cpython-310.pyc
[1.016s] byte-compiling /home/masaki/ros2_setup_scripts/happy_ws/src/install/time_topic/lib/python3.10/site-packages/time_topic/__init__.py to __init__.cpython-310.pyc
[1.017s] running install_data
[1.017s] creating /home/masaki/ros2_setup_scripts/happy_ws/src/install/time_topic/share/ament_index
[1.017s] creating /home/masaki/ros2_setup_scripts/happy_ws/src/install/time_topic/share/ament_index/resource_index
[1.017s] creating /home/masaki/ros2_setup_scripts/happy_ws/src/install/time_topic/share/ament_index/resource_index/packages
[1.017s] copying resource/time_topic -> /home/masaki/ros2_setup_scripts/happy_ws/src/install/time_topic/share/ament_index/resource_index/packages
[1.017s] copying package.xml -> /home/masaki/ros2_setup_scripts/happy_ws/src/install/time_topic/share/time_topic
[1.018s] running install_egg_info
[1.018s] Copying ../build/time_topic/time_topic.egg-info to /home/masaki/ros2_setup_scripts/happy_ws/src/install/time_topic/lib/python3.10/site-packages/time_topic-0.0.0-py3.10.egg-info
[1.018s] running install_scripts
[1.030s] Installing time_pub_node script to /home/masaki/ros2_setup_scripts/happy_ws/src/install/time_topic/lib/time_topic
[1.030s] writing list of installed files to '/home/masaki/ros2_setup_scripts/happy_ws/src/build/time_topic/install.log'
[1.058s] Invoked command in '/home/masaki/ros2_setup_scripts/happy_ws/src/time_topic' returned '0': PYTHONPATH=/home/masaki/ros2_setup_scripts/happy_ws/src/build/time_topic/prefix_override:/usr/lib/python3/dist-packages/colcon_core/task/python/colcon_distutils_commands:/home/masaki/ros2_setup_scripts/happy_ws/src/install/time_topic/lib/python3.10/site-packages:${PYTHONPATH} /usr/bin/python3 -W ignore:setup.py install is deprecated -W ignore:easy_install command is deprecated setup.py egg_info --egg-base ../build/time_topic build --build-base /home/masaki/ros2_setup_scripts/happy_ws/src/build/time_topic/build install --record /home/masaki/ros2_setup_scripts/happy_ws/src/build/time_topic/install.log --install-scripts $base/lib/time_topic --single-version-externally-managed install_data
