[0.012s] Invoking command in '/home/masaki/ros2_setup_scripts/turtlebot3_ws/build/turtlebot3_gazebo': CMAKE_PREFIX_PATH=/home/masaki/ros2_setup_scripts/ros2_ws/install/mypkg:/home/masaki/ros2_setup_scripts/happy_ws/install/hello:/opt/ros/humble /usr/bin/cmake /home/masaki/ros2_setup_scripts/turtlebot3_ws/src/turtlebot3_simulations/turtlebot3_gazebo -DAMENT_CMAKE_SYMLINK_INSTALL=1 -DCMAKE_INSTALL_PREFIX=/home/masaki/ros2_setup_scripts/turtlebot3_ws/install/turtlebot3_gazebo
[0.092s] -- The C compiler identification is GNU 9.5.0
[0.437s] -- The CXX compiler identification is GNU 9.5.0
[0.735s] -- Detecting C compiler ABI info
[0.820s] -- Detecting C compiler ABI info - done
[0.825s] -- Check for working C compiler: /usr/bin/cc - skipped
[0.825s] -- Detecting C compile features
[0.825s] -- Detecting C compile features - done
[0.827s] -- Detecting CXX compiler ABI info
[0.981s] -- Detecting CXX compiler ABI info - done
[0.985s] -- Check for working CXX compiler: /usr/bin/c++ - skipped
[0.985s] -- Detecting CXX compile features
[0.985s] -- Detecting CXX compile features - done
[0.986s] -- Found ament_cmake: 1.3.14 (/opt/ros/humble/share/ament_cmake/cmake)
[1.078s] -- Found Python3: /usr/bin/python3 (found version "3.10.12") found components: Interpreter 
[1.123s] -- Override CMake install command with custom implementation using symlinks instead of copying resources
[1.142s] [33mCMake Warning (dev) at /usr/share/cmake-3.22/Modules/FindPackageHandleStandardArgs.cmake:438 (message):
[1.142s]   The package name passed to `find_package_handle_standard_args` (PkgConfig)
[1.142s]   does not match the name of the calling package (gazebo).  This can lead to
[1.142s]   problems in calling code that expects `find_package` result variables
[1.142s]   (e.g., `_FOUND`) to follow a certain pattern.
[1.142s] Call Stack (most recent call first):
[1.142s]   /usr/share/cmake-3.22/Modules/FindPkgConfig.cmake:99 (find_package_handle_standard_args)
[1.142s]   /usr/lib/x86_64-linux-gnu/cmake/gazebo/gazebo-config.cmake:72 (include)
[1.142s]   CMakeLists.txt:23 (find_package)
[1.142s] This warning is for project developers.  Use -Wno-dev to suppress it.
[1.142s] [0m
[1.142s] -- Found PkgConfig: /usr/bin/pkg-config (found version "0.29.2") 
[1.144s] -- Checking for module 'bullet>=2.82'
[1.151s] --   Found bullet, version 3.05
[1.268s] -- Found fcl: /usr/include (found suitable version "0.7.0", minimum required is "0.5.0") 
[1.294s] -- Found assimp: /usr/include (found version "5.2.0") 
[1.314s] -- Found DART: /usr/include (Required is at least version "6.6") found components: dart 
[1.645s] -- Found Boost: /usr/lib/x86_64-linux-gnu/cmake/Boost-1.74.0/BoostConfig.cmake (found suitable version "1.74.0", minimum required is "1.40.0") found components: thread system filesystem program_options regex iostreams date_time 
[2.402s] -- Found Protobuf: /usr/lib/x86_64-linux-gnu/libprotobuf.so (found version "3.12.4") 
[2.405s] -- Looking for ignition-math6 -- found version 6.16.0
[2.408s] -- Searching for dependencies of ignition-math6
[2.409s] -- Looking for OGRE...
[2.409s] -- OGRE_PREFIX_WATCH changed.
[2.413s] -- Checking for module 'OGRE'
[2.422s] --   Found OGRE, version 1.9.0
[2.438s] -- Found Ogre Ghadamon (1.9.0)
[2.808s] -- Found OGRE: optimized;/usr/lib/x86_64-linux-gnu/libOgreMain.so;debug;/usr/lib/x86_64-linux-gnu/libOgreMain.so
[2.814s] -- Looking for OGRE_Paging...
[3.280s] -- Found OGRE_Paging: optimized;/usr/lib/x86_64-linux-gnu/libOgrePaging.so;debug;/usr/lib/x86_64-linux-gnu/libOgrePaging.so
[3.281s] -- Looking for OGRE_Terrain...
[3.702s] -- Found OGRE_Terrain: optimized;/usr/lib/x86_64-linux-gnu/libOgreTerrain.so;debug;/usr/lib/x86_64-linux-gnu/libOgreTerrain.so
[3.702s] -- Looking for OGRE_Property...
[4.046s] -- Found OGRE_Property: optimized;/usr/lib/x86_64-linux-gnu/libOgreProperty.so;debug;/usr/lib/x86_64-linux-gnu/libOgreProperty.so
[4.046s] -- Looking for OGRE_RTShaderSystem...
[4.414s] -- Found OGRE_RTShaderSystem: optimized;/usr/lib/x86_64-linux-gnu/libOgreRTShaderSystem.so;debug;/usr/lib/x86_64-linux-gnu/libOgreRTShaderSystem.so
[4.414s] -- Looking for OGRE_Volume...
[4.798s] -- Found OGRE_Volume: optimized;/usr/lib/x86_64-linux-gnu/libOgreVolume.so;debug;/usr/lib/x86_64-linux-gnu/libOgreVolume.so
[4.798s] -- Looking for OGRE_Overlay...
[5.206s] -- Found OGRE_Overlay: optimized;/usr/lib/x86_64-linux-gnu/libOgreOverlay.so;debug;/usr/lib/x86_64-linux-gnu/libOgreOverlay.so
[37.793s] -- Looking for ignition-math6 -- found version 6.16.0
[37.794s] -- Looking for ignition-transport8 -- found version 8.2.1
[37.794s] -- Searching for dependencies of ignition-transport8
[38.793s] -- Found Protobuf: /usr/lib/x86_64-linux-gnu/libprotobuf.so (found suitable version "3.12.4", minimum required is "3") 
[39.823s] -- Config-file not installed for ZeroMQ -- checking for pkg-config
[39.826s] -- Checking for module 'libzmq >= 4'
[39.836s] --   Found libzmq , version 4.3.4
[39.854s] -- Found ZeroMQ: TRUE (Required is at least version "4") 
[39.889s] -- Checking for module 'uuid'
[39.896s] --   Found uuid, version 2.37.2
[39.914s] -- Found UUID: TRUE  
[39.915s] -- Looking for ignition-msgs5 -- found version 5.8.1
[39.915s] -- Searching for dependencies of ignition-msgs5
[40.878s] -- Looking for ignition-math6 -- found version 6.16.0
[40.881s] -- Checking for module 'tinyxml2'
[40.888s] --   Found tinyxml2, version 9.0.0
[40.905s] -- Looking for ignition-msgs5 -- found version 5.8.1
[40.907s] -- Looking for ignition-common3 -- found version 3.14.0
[40.907s] -- Searching for dependencies of ignition-common3
[40.940s] -- Looking for dlfcn.h - found
[40.971s] -- Looking for libdl - found
[40.972s] -- Found DL: TRUE  
[41.041s] -- Found tinyobjloader: /usr/lib/x86_64-linux-gnu/cmake/tinyobjloader/tinyobjloader-config.cmake (found version "2.0.0") 
[41.042s] -- Searching for <ignition-common3> component [graphics]
[41.043s] -- Looking for ignition-common3-graphics -- found version 3.14.0
[41.043s] -- Searching for dependencies of ignition-common3-graphics
[41.043s] -- Looking for ignition-math6 -- found version 6.16.0
[41.045s] -- Looking for ignition-fuel_tools4 -- found version 4.4.0
[41.045s] -- Searching for dependencies of ignition-fuel_tools4
[43.612s] -- Found CURL: /usr/lib/x86_64-linux-gnu/libcurl.so (found version "7.81.0")  
[43.619s] -- Checking for module 'jsoncpp'
[43.627s] --   Found jsoncpp, version 1.9.5
[43.644s] -- Found JSONCPP: TRUE  
[43.648s] -- Checking for module 'libzip'
[43.654s] --   Found libzip, version 1.7.3
[43.672s] -- Found ZIP: TRUE  
[43.672s] -- Looking for ignition-common3 -- found version 3.14.0
[43.673s] -- Looking for ignition-math6 -- found version 6.16.0
[43.673s] -- Looking for ignition-msgs5 -- found version 5.8.1
[43.676s] -- Found gazebo_ros_pkgs: 3.9.0 (/opt/ros/humble/share/gazebo_ros_pkgs/cmake)
[43.677s] -- Found geometry_msgs: 4.9.1 (/opt/ros/humble/share/geometry_msgs/cmake)
[43.857s] -- Found rosidl_generator_c: 3.1.9 (/opt/ros/humble/share/rosidl_generator_c/cmake)
[43.860s] -- Found rosidl_adapter: 3.1.9 (/opt/ros/humble/share/rosidl_adapter/cmake)
[43.865s] -- Found rosidl_generator_cpp: 3.1.9 (/opt/ros/humble/share/rosidl_generator_cpp/cmake)
[43.872s] -- Using all available rosidl_typesupport_c: rosidl_typesupport_fastrtps_c;rosidl_typesupport_introspection_c
[43.881s] -- Using all available rosidl_typesupport_cpp: rosidl_typesupport_fastrtps_cpp;rosidl_typesupport_introspection_cpp
[43.902s] -- Found nav_msgs: 4.9.1 (/opt/ros/humble/share/nav_msgs/cmake)
[43.911s] -- Found rclcpp: 16.0.19 (/opt/ros/humble/share/rclcpp/cmake)
[43.932s] -- Found rmw_implementation_cmake: 6.1.2 (/opt/ros/humble/share/rmw_implementation_cmake/cmake)
[43.933s] -- Found rmw_fastrtps_cpp: 6.2.10 (/opt/ros/humble/share/rmw_fastrtps_cpp/cmake)
[44.886s] -- Found OpenSSL: /usr/lib/x86_64-linux-gnu/libcrypto.so (found version "3.0.2")  
[45.988s] -- Found FastRTPS: /opt/ros/humble/include  
[48.267s] -- Using RMW implementation 'rmw_fastrtps_cpp' as default
[48.273s] -- Found Threads: TRUE  
[48.296s] -- Found sensor_msgs: 4.9.1 (/opt/ros/humble/share/sensor_msgs/cmake)
[48.305s] -- Found tf2: 0.25.20 (/opt/ros/humble/share/tf2/cmake)
[48.354s] -- Configuring done
[48.397s] -- Generating done
[48.403s] -- Build files have been written to: /home/masaki/ros2_setup_scripts/turtlebot3_ws/build/turtlebot3_gazebo
[48.411s] Invoked command in '/home/masaki/ros2_setup_scripts/turtlebot3_ws/build/turtlebot3_gazebo' returned '0': CMAKE_PREFIX_PATH=/home/masaki/ros2_setup_scripts/ros2_ws/install/mypkg:/home/masaki/ros2_setup_scripts/happy_ws/install/hello:/opt/ros/humble /usr/bin/cmake /home/masaki/ros2_setup_scripts/turtlebot3_ws/src/turtlebot3_simulations/turtlebot3_gazebo -DAMENT_CMAKE_SYMLINK_INSTALL=1 -DCMAKE_INSTALL_PREFIX=/home/masaki/ros2_setup_scripts/turtlebot3_ws/install/turtlebot3_gazebo
[48.413s] Invoking command in '/home/masaki/ros2_setup_scripts/turtlebot3_ws/build/turtlebot3_gazebo': CMAKE_PREFIX_PATH=/home/masaki/ros2_setup_scripts/ros2_ws/install/mypkg:/home/masaki/ros2_setup_scripts/happy_ws/install/hello:/opt/ros/humble /usr/bin/cmake --build /home/masaki/ros2_setup_scripts/turtlebot3_ws/build/turtlebot3_gazebo -- -j24 -l24
[48.443s] [  8%] [32mBuilding CXX object CMakeFiles/traffic_bar_plugin.dir/src/traffic_bar_plugin.cpp.o[0m
[48.444s] [ 16%] [32mBuilding CXX object CMakeFiles/obstacles.dir/src/obstacles.cpp.o[0m
[48.444s] [ 25%] [32mBuilding CXX object CMakeFiles/turtlebot3_drive.dir/src/turtlebot3_drive.cpp.o[0m
[48.444s] [ 33%] [32mBuilding CXX object CMakeFiles/traffic_light_plugin.dir/src/traffic_light_plugin.cpp.o[0m
[48.445s] [ 41%] [32mBuilding CXX object CMakeFiles/obstacle1.dir/src/obstacle1.cpp.o[0m
[48.446s] [ 50%] [32mBuilding CXX object CMakeFiles/obstacle2.dir/src/obstacle2.cpp.o[0m
[54.570s] In file included from [01m[K/home/masaki/ros2_setup_scripts/turtlebot3_ws/src/turtlebot3_simulations/turtlebot3_gazebo/src/obstacles.cpp:17[m[K:
[54.571s] [01m[K/home/masaki/ros2_setup_scripts/turtlebot3_ws/src/turtlebot3_simulations/turtlebot3_gazebo/include/turtlebot3_gazebo/obstacles.hpp:39:36:[m[K [01;35m[Kwarning: [m[Kextra ‘[01m[K;[m[K’ [[01;35m[K-Wpedantic[m[K]
[54.571s]    39 | GZ_REGISTER_MODEL_PLUGIN(Obstacles)[01;35m[K;[m[K
[54.571s]       |                                    [01;35m[K^[m[K
[54.589s] In file included from [01m[K/home/masaki/ros2_setup_scripts/turtlebot3_ws/src/turtlebot3_simulations/turtlebot3_gazebo/src/traffic_light_plugin.cpp:17[m[K:
[54.589s] [01m[K/home/masaki/ros2_setup_scripts/turtlebot3_ws/src/turtlebot3_simulations/turtlebot3_gazebo/include/turtlebot3_gazebo/traffic_light_plugin.hpp:50:39:[m[K [01;35m[Kwarning: [m[Kextra ‘[01m[K;[m[K’ [[01;35m[K-Wpedantic[m[K]
[54.589s]    50 | GZ_REGISTER_MODEL_PLUGIN(TrafficLight)[01;35m[K;[m[K
[54.590s]       |                                       [01;35m[K^[m[K
[54.622s] In file included from [01m[K/home/masaki/ros2_setup_scripts/turtlebot3_ws/src/turtlebot3_simulations/turtlebot3_gazebo/src/obstacle1.cpp:17[m[K:
[54.622s] [01m[K/home/masaki/ros2_setup_scripts/turtlebot3_ws/src/turtlebot3_simulations/turtlebot3_gazebo/include/turtlebot3_gazebo/obstacle1.hpp:36:36:[m[K [01;35m[Kwarning: [m[Kextra ‘[01m[K;[m[K’ [[01;35m[K-Wpedantic[m[K]
[54.622s]    36 | GZ_REGISTER_MODEL_PLUGIN(Obstacle1)[01;35m[K;[m[K
[54.622s]       |                                    [01;35m[K^[m[K
[54.623s] In file included from [01m[K/home/masaki/ros2_setup_scripts/turtlebot3_ws/src/turtlebot3_simulations/turtlebot3_gazebo/src/obstacle2.cpp:17[m[K:
[54.623s] [01m[K/home/masaki/ros2_setup_scripts/turtlebot3_ws/src/turtlebot3_simulations/turtlebot3_gazebo/include/turtlebot3_gazebo/obstacle2.hpp:37:36:[m[K [01;35m[Kwarning: [m[Kextra ‘[01m[K;[m[K’ [[01;35m[K-Wpedantic[m[K]
[54.623s]    37 | GZ_REGISTER_MODEL_PLUGIN(Obstacle2)[01;35m[K;[m[K
[54.623s]       |                                    [01;35m[K^[m[K
[54.634s] In file included from [01m[K/home/masaki/ros2_setup_scripts/turtlebot3_ws/src/turtlebot3_simulations/turtlebot3_gazebo/src/traffic_bar_plugin.cpp:17[m[K:
[54.634s] [01m[K/home/masaki/ros2_setup_scripts/turtlebot3_ws/src/turtlebot3_simulations/turtlebot3_gazebo/include/turtlebot3_gazebo/traffic_bar_plugin.hpp:43:37:[m[K [01;35m[Kwarning: [m[Kextra ‘[01m[K;[m[K’ [[01;35m[K-Wpedantic[m[K]
[54.634s]    43 | GZ_REGISTER_MODEL_PLUGIN(TrafficBar)[01;35m[K;[m[K
[54.634s]       |                                     [01;35m[K^[m[K
[56.342s] [ 58%] [32m[1mLinking CXX executable turtlebot3_drive[0m
[56.789s] [ 66%] [32m[1mLinking CXX shared library libobstacles.so[0m
[56.793s] [ 75%] [32m[1mLinking CXX shared library libobstacle2.so[0m
[56.799s] [ 83%] [32m[1mLinking CXX shared library libobstacle1.so[0m
[56.882s] [ 91%] [32m[1mLinking CXX shared library libtraffic_bar_plugin.so[0m
[56.889s] [ 91%] Built target turtlebot3_drive
[56.920s] [100%] [32m[1mLinking CXX shared library libtraffic_light_plugin.so[0m
[57.094s] [100%] Built target obstacle2
[57.094s] [100%] Built target obstacle1
[57.094s] [100%] Built target obstacles
[57.154s] [100%] Built target traffic_bar_plugin
[57.197s] [100%] Built target traffic_light_plugin
[57.204s] Invoked command in '/home/masaki/ros2_setup_scripts/turtlebot3_ws/build/turtlebot3_gazebo' returned '0': CMAKE_PREFIX_PATH=/home/masaki/ros2_setup_scripts/ros2_ws/install/mypkg:/home/masaki/ros2_setup_scripts/happy_ws/install/hello:/opt/ros/humble /usr/bin/cmake --build /home/masaki/ros2_setup_scripts/turtlebot3_ws/build/turtlebot3_gazebo -- -j24 -l24
[57.205s] Invoking command in '/home/masaki/ros2_setup_scripts/turtlebot3_ws/build/turtlebot3_gazebo': CMAKE_PREFIX_PATH=/home/masaki/ros2_setup_scripts/ros2_ws/install/mypkg:/home/masaki/ros2_setup_scripts/happy_ws/install/hello:/opt/ros/humble /usr/bin/cmake --install /home/masaki/ros2_setup_scripts/turtlebot3_ws/build/turtlebot3_gazebo
[57.209s] -- Install configuration: ""
[57.210s] -- Execute custom install script
[57.210s] -- Symlinking: /home/masaki/ros2_setup_scripts/turtlebot3_ws/install/turtlebot3_gazebo/lib/turtlebot3_gazebo/turtlebot3_drive
[57.215s] -- Symlinking: /home/masaki/ros2_setup_scripts/turtlebot3_ws/install/turtlebot3_gazebo/share/turtlebot3_gazebo//launch/empty_world.launch.py
[57.219s] -- Symlinking: /home/masaki/ros2_setup_scripts/turtlebot3_ws/install/turtlebot3_gazebo/share/turtlebot3_gazebo//launch/multi_robot.launch.py
[57.223s] -- Symlinking: /home/masaki/ros2_setup_scripts/turtlebot3_ws/install/turtlebot3_gazebo/share/turtlebot3_gazebo//launch/multi_spawn_turtlebot3.launch.py
[57.228s] -- Symlinking: /home/masaki/ros2_setup_scripts/turtlebot3_ws/install/turtlebot3_gazebo/share/turtlebot3_gazebo//launch/robot_state_publisher.launch.py
[57.232s] -- Symlinking: /home/masaki/ros2_setup_scripts/turtlebot3_ws/install/turtlebot3_gazebo/share/turtlebot3_gazebo//launch/spawn_turtlebot3.launch.py
[57.236s] -- Symlinking: /home/masaki/ros2_setup_scripts/turtlebot3_ws/install/turtlebot3_gazebo/share/turtlebot3_gazebo//launch/turtlebot3_autorace_2020.launch.py
[57.241s] -- Symlinking: /home/masaki/ros2_setup_scripts/turtlebot3_ws/install/turtlebot3_gazebo/share/turtlebot3_gazebo//launch/turtlebot3_dqn_stage1.launch.py
[57.245s] -- Symlinking: /home/masaki/ros2_setup_scripts/turtlebot3_ws/install/turtlebot3_gazebo/share/turtlebot3_gazebo//launch/turtlebot3_dqn_stage2.launch.py
[57.249s] -- Symlinking: /home/masaki/ros2_setup_scripts/turtlebot3_ws/install/turtlebot3_gazebo/share/turtlebot3_gazebo//launch/turtlebot3_dqn_stage3.launch.py
[57.253s] -- Symlinking: /home/masaki/ros2_setup_scripts/turtlebot3_ws/install/turtlebot3_gazebo/share/turtlebot3_gazebo//launch/turtlebot3_dqn_stage4.launch.py
[57.257s] -- Symlinking: /home/masaki/ros2_setup_scripts/turtlebot3_ws/install/turtlebot3_gazebo/share/turtlebot3_gazebo//launch/turtlebot3_house.launch.py
[57.262s] -- Symlinking: /home/masaki/ros2_setup_scripts/turtlebot3_ws/install/turtlebot3_gazebo/share/turtlebot3_gazebo//launch/turtlebot3_world.launch.py
[57.269s] -- Symlinking: /home/masaki/ros2_setup_scripts/turtlebot3_ws/install/turtlebot3_gazebo/share/turtlebot3_gazebo//models/turtlebot3_autorace_2020/checker/materials/checker.png
[57.273s] -- Symlinking: /home/masaki/ros2_setup_scripts/turtlebot3_ws/install/turtlebot3_gazebo/share/turtlebot3_gazebo//models/turtlebot3_autorace_2020/checker/materials/scripts/checker.material
[57.277s] -- Symlinking: /home/masaki/ros2_setup_scripts/turtlebot3_ws/install/turtlebot3_gazebo/share/turtlebot3_gazebo//models/turtlebot3_autorace_2020/checker/materials/textures/checker.png
[57.282s] -- Symlinking: /home/masaki/ros2_setup_scripts/turtlebot3_ws/install/turtlebot3_gazebo/share/turtlebot3_gazebo//models/turtlebot3_autorace_2020/checker/model.config
[57.286s] -- Symlinking: /home/masaki/ros2_setup_scripts/turtlebot3_ws/install/turtlebot3_gazebo/share/turtlebot3_gazebo//models/turtlebot3_autorace_2020/checker/model.sdf
[57.290s] -- Symlinking: /home/masaki/ros2_setup_scripts/turtlebot3_ws/install/turtlebot3_gazebo/share/turtlebot3_gazebo//models/turtlebot3_autorace_2020/course/materials/scripts/course.material
[57.294s] -- Symlinking: /home/masaki/ros2_setup_scripts/turtlebot3_ws/install/turtlebot3_gazebo/share/turtlebot3_gazebo//models/turtlebot3_autorace_2020/course/materials/textures/course.png
[57.299s] -- Symlinking: /home/masaki/ros2_setup_scripts/turtlebot3_ws/install/turtlebot3_gazebo/share/turtlebot3_gazebo//models/turtlebot3_autorace_2020/course/model.config
[57.303s] -- Symlinking: /home/masaki/ros2_setup_scripts/turtlebot3_ws/install/turtlebot3_gazebo/share/turtlebot3_gazebo//models/turtlebot3_autorace_2020/course/model.sdf
[57.308s] -- Symlinking: /home/masaki/ros2_setup_scripts/turtlebot3_ws/install/turtlebot3_gazebo/share/turtlebot3_gazebo//models/turtlebot3_autorace_2020/traffic_bar/materials/scripts/traffic_bar.material
[57.312s] -- Symlinking: /home/masaki/ros2_setup_scripts/turtlebot3_ws/install/turtlebot3_gazebo/share/turtlebot3_gazebo//models/turtlebot3_autorace_2020/traffic_bar/materials/textures/traffic_bar.png
[57.316s] -- Symlinking: /home/masaki/ros2_setup_scripts/turtlebot3_ws/install/turtlebot3_gazebo/share/turtlebot3_gazebo//models/turtlebot3_autorace_2020/traffic_bar/model.config
[57.320s] -- Symlinking: /home/masaki/ros2_setup_scripts/turtlebot3_ws/install/turtlebot3_gazebo/share/turtlebot3_gazebo//models/turtlebot3_autorace_2020/traffic_bar/model.sdf
[57.324s] -- Symlinking: /home/masaki/ros2_setup_scripts/turtlebot3_ws/install/turtlebot3_gazebo/share/turtlebot3_gazebo//models/turtlebot3_autorace_2020/traffic_construction/materials/scripts/traffic_construction.material
[57.329s] -- Symlinking: /home/masaki/ros2_setup_scripts/turtlebot3_ws/install/turtlebot3_gazebo/share/turtlebot3_gazebo//models/turtlebot3_autorace_2020/traffic_construction/materials/textures/traffic_construction.png
[57.333s] -- Symlinking: /home/masaki/ros2_setup_scripts/turtlebot3_ws/install/turtlebot3_gazebo/share/turtlebot3_gazebo//models/turtlebot3_autorace_2020/traffic_construction/model.config
[57.337s] -- Symlinking: /home/masaki/ros2_setup_scripts/turtlebot3_ws/install/turtlebot3_gazebo/share/turtlebot3_gazebo//models/turtlebot3_autorace_2020/traffic_construction/model.sdf
[57.341s] -- Symlinking: /home/masaki/ros2_setup_scripts/turtlebot3_ws/install/turtlebot3_gazebo/share/turtlebot3_gazebo//models/turtlebot3_autorace_2020/traffic_intersection/materials/scripts/traffic_intersection.material
[57.346s] -- Symlinking: /home/masaki/ros2_setup_scripts/turtlebot3_ws/install/turtlebot3_gazebo/share/turtlebot3_gazebo//models/turtlebot3_autorace_2020/traffic_intersection/materials/textures/traffic_intersection.png
[57.350s] -- Symlinking: /home/masaki/ros2_setup_scripts/turtlebot3_ws/install/turtlebot3_gazebo/share/turtlebot3_gazebo//models/turtlebot3_autorace_2020/traffic_intersection/model.config
[57.355s] -- Symlinking: /home/masaki/ros2_setup_scripts/turtlebot3_ws/install/turtlebot3_gazebo/share/turtlebot3_gazebo//models/turtlebot3_autorace_2020/traffic_intersection/model.sdf
[57.360s] -- Symlinking: /home/masaki/ros2_setup_scripts/turtlebot3_ws/install/turtlebot3_gazebo/share/turtlebot3_gazebo//models/turtlebot3_autorace_2020/traffic_left/materials/scripts/traffic_is_left.material
[57.365s] -- Symlinking: /home/masaki/ros2_setup_scripts/turtlebot3_ws/install/turtlebot3_gazebo/share/turtlebot3_gazebo//models/turtlebot3_autorace_2020/traffic_left/materials/textures/traffic_left.png
[57.369s] -- Symlinking: /home/masaki/ros2_setup_scripts/turtlebot3_ws/install/turtlebot3_gazebo/share/turtlebot3_gazebo//models/turtlebot3_autorace_2020/traffic_left/model.config
[57.373s] -- Symlinking: /home/masaki/ros2_setup_scripts/turtlebot3_ws/install/turtlebot3_gazebo/share/turtlebot3_gazebo//models/turtlebot3_autorace_2020/traffic_left/model.sdf
[57.377s] -- Symlinking: /home/masaki/ros2_setup_scripts/turtlebot3_ws/install/turtlebot3_gazebo/share/turtlebot3_gazebo//models/turtlebot3_autorace_2020/traffic_light/materials/scripts/traffic_light.material
[57.381s] -- Symlinking: /home/masaki/ros2_setup_scripts/turtlebot3_ws/install/turtlebot3_gazebo/share/turtlebot3_gazebo//models/turtlebot3_autorace_2020/traffic_light/materials/textures/traffic_light.png
[57.385s] -- Symlinking: /home/masaki/ros2_setup_scripts/turtlebot3_ws/install/turtlebot3_gazebo/share/turtlebot3_gazebo//models/turtlebot3_autorace_2020/traffic_light/materials/textures/traffic_light_green.png
[57.389s] -- Symlinking: /home/masaki/ros2_setup_scripts/turtlebot3_ws/install/turtlebot3_gazebo/share/turtlebot3_gazebo//models/turtlebot3_autorace_2020/traffic_light/materials/textures/traffic_light_red.png
[57.394s] -- Symlinking: /home/masaki/ros2_setup_scripts/turtlebot3_ws/install/turtlebot3_gazebo/share/turtlebot3_gazebo//models/turtlebot3_autorace_2020/traffic_light/materials/textures/traffic_light_yellow.png
[57.398s] -- Symlinking: /home/masaki/ros2_setup_scripts/turtlebot3_ws/install/turtlebot3_gazebo/share/turtlebot3_gazebo//models/turtlebot3_autorace_2020/traffic_light/model.config
[57.402s] -- Symlinking: /home/masaki/ros2_setup_scripts/turtlebot3_ws/install/turtlebot3_gazebo/share/turtlebot3_gazebo//models/turtlebot3_autorace_2020/traffic_light/model.sdf
[57.406s] -- Symlinking: /home/masaki/ros2_setup_scripts/turtlebot3_ws/install/turtlebot3_gazebo/share/turtlebot3_gazebo//models/turtlebot3_autorace_2020/traffic_noentry/materials/scripts/traffic_noentry.material
[57.411s] -- Symlinking: /home/masaki/ros2_setup_scripts/turtlebot3_ws/install/turtlebot3_gazebo/share/turtlebot3_gazebo//models/turtlebot3_autorace_2020/traffic_noentry/materials/textures/traffic_noentry.png
[57.415s] -- Symlinking: /home/masaki/ros2_setup_scripts/turtlebot3_ws/install/turtlebot3_gazebo/share/turtlebot3_gazebo//models/turtlebot3_autorace_2020/traffic_noentry/model.config
[57.419s] -- Symlinking: /home/masaki/ros2_setup_scripts/turtlebot3_ws/install/turtlebot3_gazebo/share/turtlebot3_gazebo//models/turtlebot3_autorace_2020/traffic_noentry/model.sdf
[57.423s] -- Symlinking: /home/masaki/ros2_setup_scripts/turtlebot3_ws/install/turtlebot3_gazebo/share/turtlebot3_gazebo//models/turtlebot3_autorace_2020/traffic_parking/materials/scripts/traffic_parking.material
[57.427s] -- Symlinking: /home/masaki/ros2_setup_scripts/turtlebot3_ws/install/turtlebot3_gazebo/share/turtlebot3_gazebo//models/turtlebot3_autorace_2020/traffic_parking/materials/textures/traffic_parking.png
[57.431s] -- Symlinking: /home/masaki/ros2_setup_scripts/turtlebot3_ws/install/turtlebot3_gazebo/share/turtlebot3_gazebo//models/turtlebot3_autorace_2020/traffic_parking/model.config
[57.435s] -- Symlinking: /home/masaki/ros2_setup_scripts/turtlebot3_ws/install/turtlebot3_gazebo/share/turtlebot3_gazebo//models/turtlebot3_autorace_2020/traffic_parking/model.sdf
[57.440s] -- Symlinking: /home/masaki/ros2_setup_scripts/turtlebot3_ws/install/turtlebot3_gazebo/share/turtlebot3_gazebo//models/turtlebot3_autorace_2020/traffic_pl_left/materials/scripts/traffic_pl_left.material
[57.444s] -- Symlinking: /home/masaki/ros2_setup_scripts/turtlebot3_ws/install/turtlebot3_gazebo/share/turtlebot3_gazebo//models/turtlebot3_autorace_2020/traffic_pl_left/materials/textures/traffic_pl_left.png
[57.448s] -- Symlinking: /home/masaki/ros2_setup_scripts/turtlebot3_ws/install/turtlebot3_gazebo/share/turtlebot3_gazebo//models/turtlebot3_autorace_2020/traffic_pl_left/model.config
[57.452s] -- Symlinking: /home/masaki/ros2_setup_scripts/turtlebot3_ws/install/turtlebot3_gazebo/share/turtlebot3_gazebo//models/turtlebot3_autorace_2020/traffic_pl_left/model.sdf
[57.456s] -- Symlinking: /home/masaki/ros2_setup_scripts/turtlebot3_ws/install/turtlebot3_gazebo/share/turtlebot3_gazebo//models/turtlebot3_autorace_2020/traffic_right/materials/scripts/traffic_right.material
[57.460s] -- Symlinking: /home/masaki/ros2_setup_scripts/turtlebot3_ws/install/turtlebot3_gazebo/share/turtlebot3_gazebo//models/turtlebot3_autorace_2020/traffic_right/materials/textures/traffic_right.png
[57.465s] -- Symlinking: /home/masaki/ros2_setup_scripts/turtlebot3_ws/install/turtlebot3_gazebo/share/turtlebot3_gazebo//models/turtlebot3_autorace_2020/traffic_right/model.config
[57.470s] -- Symlinking: /home/masaki/ros2_setup_scripts/turtlebot3_ws/install/turtlebot3_gazebo/share/turtlebot3_gazebo//models/turtlebot3_autorace_2020/traffic_right/model.sdf
[57.474s] -- Symlinking: /home/masaki/ros2_setup_scripts/turtlebot3_ws/install/turtlebot3_gazebo/share/turtlebot3_gazebo//models/turtlebot3_autorace_2020/traffic_stop/materials/scripts/traffic_stop.material
[57.479s] -- Symlinking: /home/masaki/ros2_setup_scripts/turtlebot3_ws/install/turtlebot3_gazebo/share/turtlebot3_gazebo//models/turtlebot3_autorace_2020/traffic_stop/materials/textures/traffic_stop.png
[57.482s] -- Symlinking: /home/masaki/ros2_setup_scripts/turtlebot3_ws/install/turtlebot3_gazebo/share/turtlebot3_gazebo//models/turtlebot3_autorace_2020/traffic_stop/model.config
[57.487s] -- Symlinking: /home/masaki/ros2_setup_scripts/turtlebot3_ws/install/turtlebot3_gazebo/share/turtlebot3_gazebo//models/turtlebot3_autorace_2020/traffic_stop/model.sdf
[57.491s] -- Symlinking: /home/masaki/ros2_setup_scripts/turtlebot3_ws/install/turtlebot3_gazebo/share/turtlebot3_gazebo//models/turtlebot3_autorace_2020/traffic_tunnel/materials/scripts/tunnel.material
[57.495s] -- Symlinking: /home/masaki/ros2_setup_scripts/turtlebot3_ws/install/turtlebot3_gazebo/share/turtlebot3_gazebo//models/turtlebot3_autorace_2020/traffic_tunnel/materials/textures/tunnel.png
[57.499s] -- Symlinking: /home/masaki/ros2_setup_scripts/turtlebot3_ws/install/turtlebot3_gazebo/share/turtlebot3_gazebo//models/turtlebot3_autorace_2020/traffic_tunnel/model.config
[57.503s] -- Symlinking: /home/masaki/ros2_setup_scripts/turtlebot3_ws/install/turtlebot3_gazebo/share/turtlebot3_gazebo//models/turtlebot3_autorace_2020/traffic_tunnel/model.sdf
[57.508s] -- Symlinking: /home/masaki/ros2_setup_scripts/turtlebot3_ws/install/turtlebot3_gazebo/share/turtlebot3_gazebo//models/turtlebot3_burger/model-1_4.sdf
[57.512s] -- Symlinking: /home/masaki/ros2_setup_scripts/turtlebot3_ws/install/turtlebot3_gazebo/share/turtlebot3_gazebo//models/turtlebot3_burger/model.config
[57.517s] -- Symlinking: /home/masaki/ros2_setup_scripts/turtlebot3_ws/install/turtlebot3_gazebo/share/turtlebot3_gazebo//models/turtlebot3_burger/model.sdf
[57.522s] -- Symlinking: /home/masaki/ros2_setup_scripts/turtlebot3_ws/install/turtlebot3_gazebo/share/turtlebot3_gazebo//models/turtlebot3_burger_cam/model-1_4.sdf
[57.527s] -- Symlinking: /home/masaki/ros2_setup_scripts/turtlebot3_ws/install/turtlebot3_gazebo/share/turtlebot3_gazebo//models/turtlebot3_burger_cam/model.config
[57.531s] -- Symlinking: /home/masaki/ros2_setup_scripts/turtlebot3_ws/install/turtlebot3_gazebo/share/turtlebot3_gazebo//models/turtlebot3_burger_cam/model.sdf
[57.536s] -- Symlinking: /home/masaki/ros2_setup_scripts/turtlebot3_ws/install/turtlebot3_gazebo/share/turtlebot3_gazebo//models/turtlebot3_common/meshes/bases/burger_base.stl
[57.540s] -- Symlinking: /home/masaki/ros2_setup_scripts/turtlebot3_ws/install/turtlebot3_gazebo/share/turtlebot3_gazebo//models/turtlebot3_common/meshes/bases/waffle_base.stl
[57.545s] -- Symlinking: /home/masaki/ros2_setup_scripts/turtlebot3_ws/install/turtlebot3_gazebo/share/turtlebot3_gazebo//models/turtlebot3_common/meshes/bases/waffle_pi_base.stl
[57.550s] -- Symlinking: /home/masaki/ros2_setup_scripts/turtlebot3_ws/install/turtlebot3_gazebo/share/turtlebot3_gazebo//models/turtlebot3_common/meshes/burger_base.dae
[57.554s] -- Symlinking: /home/masaki/ros2_setup_scripts/turtlebot3_ws/install/turtlebot3_gazebo/share/turtlebot3_gazebo//models/turtlebot3_common/meshes/lds.dae
[57.559s] -- Symlinking: /home/masaki/ros2_setup_scripts/turtlebot3_ws/install/turtlebot3_gazebo/share/turtlebot3_gazebo//models/turtlebot3_common/meshes/r200.dae
[57.564s] -- Symlinking: /home/masaki/ros2_setup_scripts/turtlebot3_ws/install/turtlebot3_gazebo/share/turtlebot3_gazebo//models/turtlebot3_common/meshes/sensors/astra.dae
[57.569s] -- Symlinking: /home/masaki/ros2_setup_scripts/turtlebot3_ws/install/turtlebot3_gazebo/share/turtlebot3_gazebo//models/turtlebot3_common/meshes/sensors/astra.jpg
[57.574s] -- Symlinking: /home/masaki/ros2_setup_scripts/turtlebot3_ws/install/turtlebot3_gazebo/share/turtlebot3_gazebo//models/turtlebot3_common/meshes/sensors/lds.stl
[57.578s] -- Symlinking: /home/masaki/ros2_setup_scripts/turtlebot3_ws/install/turtlebot3_gazebo/share/turtlebot3_gazebo//models/turtlebot3_common/meshes/sensors/r200.dae
[57.583s] -- Symlinking: /home/masaki/ros2_setup_scripts/turtlebot3_ws/install/turtlebot3_gazebo/share/turtlebot3_gazebo//models/turtlebot3_common/meshes/sensors/r200.jpg
[57.587s] -- Symlinking: /home/masaki/ros2_setup_scripts/turtlebot3_ws/install/turtlebot3_gazebo/share/turtlebot3_gazebo//models/turtlebot3_common/meshes/tire.dae
[57.591s] -- Symlinking: /home/masaki/ros2_setup_scripts/turtlebot3_ws/install/turtlebot3_gazebo/share/turtlebot3_gazebo//models/turtlebot3_common/meshes/waffle_base.dae
[57.595s] -- Symlinking: /home/masaki/ros2_setup_scripts/turtlebot3_ws/install/turtlebot3_gazebo/share/turtlebot3_gazebo//models/turtlebot3_common/meshes/waffle_pi_base.dae
[57.600s] -- Symlinking: /home/masaki/ros2_setup_scripts/turtlebot3_ws/install/turtlebot3_gazebo/share/turtlebot3_gazebo//models/turtlebot3_common/meshes/wheels/left_tire.stl
[57.605s] -- Symlinking: /home/masaki/ros2_setup_scripts/turtlebot3_ws/install/turtlebot3_gazebo/share/turtlebot3_gazebo//models/turtlebot3_common/meshes/wheels/right_tire.stl
[57.609s] -- Symlinking: /home/masaki/ros2_setup_scripts/turtlebot3_ws/install/turtlebot3_gazebo/share/turtlebot3_gazebo//models/turtlebot3_common/model.config
[57.614s] -- Symlinking: /home/masaki/ros2_setup_scripts/turtlebot3_ws/install/turtlebot3_gazebo/share/turtlebot3_gazebo//models/turtlebot3_dqn_world/goal_box/model.config
[57.618s] -- Symlinking: /home/masaki/ros2_setup_scripts/turtlebot3_ws/install/turtlebot3_gazebo/share/turtlebot3_gazebo//models/turtlebot3_dqn_world/goal_box/model.sdf
[57.621s] -- Symlinking: /home/masaki/ros2_setup_scripts/turtlebot3_ws/install/turtlebot3_gazebo/share/turtlebot3_gazebo//models/turtlebot3_dqn_world/inner_walls/model.config
[57.625s] -- Symlinking: /home/masaki/ros2_setup_scripts/turtlebot3_ws/install/turtlebot3_gazebo/share/turtlebot3_gazebo//models/turtlebot3_dqn_world/inner_walls/model.sdf
[57.629s] -- Symlinking: /home/masaki/ros2_setup_scripts/turtlebot3_ws/install/turtlebot3_gazebo/share/turtlebot3_gazebo//models/turtlebot3_dqn_world/model.config
[57.633s] -- Symlinking: /home/masaki/ros2_setup_scripts/turtlebot3_ws/install/turtlebot3_gazebo/share/turtlebot3_gazebo//models/turtlebot3_dqn_world/model.sdf
[57.637s] -- Symlinking: /home/masaki/ros2_setup_scripts/turtlebot3_ws/install/turtlebot3_gazebo/share/turtlebot3_gazebo//models/turtlebot3_dqn_world/obstacle1/model.config
[57.641s] -- Symlinking: /home/masaki/ros2_setup_scripts/turtlebot3_ws/install/turtlebot3_gazebo/share/turtlebot3_gazebo//models/turtlebot3_dqn_world/obstacle1/model.sdf
[57.645s] -- Symlinking: /home/masaki/ros2_setup_scripts/turtlebot3_ws/install/turtlebot3_gazebo/share/turtlebot3_gazebo//models/turtlebot3_dqn_world/obstacle2/model.config
[57.649s] -- Symlinking: /home/masaki/ros2_setup_scripts/turtlebot3_ws/install/turtlebot3_gazebo/share/turtlebot3_gazebo//models/turtlebot3_dqn_world/obstacle2/model.sdf
[57.653s] -- Symlinking: /home/masaki/ros2_setup_scripts/turtlebot3_ws/install/turtlebot3_gazebo/share/turtlebot3_gazebo//models/turtlebot3_dqn_world/obstacles/model.config
[57.657s] -- Symlinking: /home/masaki/ros2_setup_scripts/turtlebot3_ws/install/turtlebot3_gazebo/share/turtlebot3_gazebo//models/turtlebot3_dqn_world/obstacles/model.sdf
[57.662s] -- Symlinking: /home/masaki/ros2_setup_scripts/turtlebot3_ws/install/turtlebot3_gazebo/share/turtlebot3_gazebo//models/turtlebot3_house/model.config
[57.666s] -- Symlinking: /home/masaki/ros2_setup_scripts/turtlebot3_ws/install/turtlebot3_gazebo/share/turtlebot3_gazebo//models/turtlebot3_house/model.sdf
[57.670s] -- Symlinking: /home/masaki/ros2_setup_scripts/turtlebot3_ws/install/turtlebot3_gazebo/share/turtlebot3_gazebo//models/turtlebot3_waffle/model-1_4.sdf
[57.675s] -- Symlinking: /home/masaki/ros2_setup_scripts/turtlebot3_ws/install/turtlebot3_gazebo/share/turtlebot3_gazebo//models/turtlebot3_waffle/model.config
[57.679s] -- Symlinking: /home/masaki/ros2_setup_scripts/turtlebot3_ws/install/turtlebot3_gazebo/share/turtlebot3_gazebo//models/turtlebot3_waffle/model.sdf
[57.683s] -- Symlinking: /home/masaki/ros2_setup_scripts/turtlebot3_ws/install/turtlebot3_gazebo/share/turtlebot3_gazebo//models/turtlebot3_waffle_pi/model-1_4_.sdf
[57.687s] -- Symlinking: /home/masaki/ros2_setup_scripts/turtlebot3_ws/install/turtlebot3_gazebo/share/turtlebot3_gazebo//models/turtlebot3_waffle_pi/model.config
[57.690s] -- Symlinking: /home/masaki/ros2_setup_scripts/turtlebot3_ws/install/turtlebot3_gazebo/share/turtlebot3_gazebo//models/turtlebot3_waffle_pi/model.sdf
[57.695s] -- Symlinking: /home/masaki/ros2_setup_scripts/turtlebot3_ws/install/turtlebot3_gazebo/share/turtlebot3_gazebo//models/turtlebot3_world/meshes/hexagon.dae
[57.698s] -- Symlinking: /home/masaki/ros2_setup_scripts/turtlebot3_ws/install/turtlebot3_gazebo/share/turtlebot3_gazebo//models/turtlebot3_world/meshes/wall.dae
[57.703s] -- Symlinking: /home/masaki/ros2_setup_scripts/turtlebot3_ws/install/turtlebot3_gazebo/share/turtlebot3_gazebo//models/turtlebot3_world/model-1_4.sdf
[57.706s] -- Symlinking: /home/masaki/ros2_setup_scripts/turtlebot3_ws/install/turtlebot3_gazebo/share/turtlebot3_gazebo//models/turtlebot3_world/model.config
[57.710s] -- Symlinking: /home/masaki/ros2_setup_scripts/turtlebot3_ws/install/turtlebot3_gazebo/share/turtlebot3_gazebo//models/turtlebot3_world/model.sdf
[57.715s] -- Symlinking: /home/masaki/ros2_setup_scripts/turtlebot3_ws/install/turtlebot3_gazebo/share/turtlebot3_gazebo//rviz/tb3_gazebo.rviz
[57.719s] -- Symlinking: /home/masaki/ros2_setup_scripts/turtlebot3_ws/install/turtlebot3_gazebo/share/turtlebot3_gazebo//urdf/common_properties.urdf
[57.723s] -- Symlinking: /home/masaki/ros2_setup_scripts/turtlebot3_ws/install/turtlebot3_gazebo/share/turtlebot3_gazebo//urdf/turtlebot3_burger.urdf
[57.727s] -- Symlinking: /home/masaki/ros2_setup_scripts/turtlebot3_ws/install/turtlebot3_gazebo/share/turtlebot3_gazebo//urdf/turtlebot3_burger_cam.urdf
[57.730s] -- Symlinking: /home/masaki/ros2_setup_scripts/turtlebot3_ws/install/turtlebot3_gazebo/share/turtlebot3_gazebo//urdf/turtlebot3_waffle.urdf
[57.734s] -- Symlinking: /home/masaki/ros2_setup_scripts/turtlebot3_ws/install/turtlebot3_gazebo/share/turtlebot3_gazebo//urdf/turtlebot3_waffle_pi.urdf
[57.738s] -- Symlinking: /home/masaki/ros2_setup_scripts/turtlebot3_ws/install/turtlebot3_gazebo/share/turtlebot3_gazebo//worlds/empty_world.world
[57.742s] -- Symlinking: /home/masaki/ros2_setup_scripts/turtlebot3_ws/install/turtlebot3_gazebo/share/turtlebot3_gazebo//worlds/turtlebot3_autorace_2020.world
[57.746s] -- Symlinking: /home/masaki/ros2_setup_scripts/turtlebot3_ws/install/turtlebot3_gazebo/share/turtlebot3_gazebo//worlds/turtlebot3_dqn_stage1.world
[57.750s] -- Symlinking: /home/masaki/ros2_setup_scripts/turtlebot3_ws/install/turtlebot3_gazebo/share/turtlebot3_gazebo//worlds/turtlebot3_dqn_stage2.world
[57.754s] -- Symlinking: /home/masaki/ros2_setup_scripts/turtlebot3_ws/install/turtlebot3_gazebo/share/turtlebot3_gazebo//worlds/turtlebot3_dqn_stage3.world
[57.759s] -- Symlinking: /home/masaki/ros2_setup_scripts/turtlebot3_ws/install/turtlebot3_gazebo/share/turtlebot3_gazebo//worlds/turtlebot3_dqn_stage4.world
[57.763s] -- Symlinking: /home/masaki/ros2_setup_scripts/turtlebot3_ws/install/turtlebot3_gazebo/share/turtlebot3_gazebo//worlds/turtlebot3_house.world
[57.768s] -- Symlinking: /home/masaki/ros2_setup_scripts/turtlebot3_ws/install/turtlebot3_gazebo/share/turtlebot3_gazebo//worlds/turtlebot3_world.world
[57.772s] -- Symlinking: /home/masaki/ros2_setup_scripts/turtlebot3_ws/install/turtlebot3_gazebo/include//turtlebot3_gazebo/obstacle1.hpp
[57.777s] -- Symlinking: /home/masaki/ros2_setup_scripts/turtlebot3_ws/install/turtlebot3_gazebo/include//turtlebot3_gazebo/obstacle2.hpp
[57.781s] -- Symlinking: /home/masaki/ros2_setup_scripts/turtlebot3_ws/install/turtlebot3_gazebo/include//turtlebot3_gazebo/obstacles.hpp
[57.785s] -- Symlinking: /home/masaki/ros2_setup_scripts/turtlebot3_ws/install/turtlebot3_gazebo/include//turtlebot3_gazebo/traffic_bar_plugin.hpp
[57.789s] -- Symlinking: /home/masaki/ros2_setup_scripts/turtlebot3_ws/install/turtlebot3_gazebo/include//turtlebot3_gazebo/traffic_light_plugin.hpp
[57.793s] -- Symlinking: /home/masaki/ros2_setup_scripts/turtlebot3_ws/install/turtlebot3_gazebo/include//turtlebot3_gazebo/turtlebot3_drive.hpp
[57.798s] -- Symlinking: /home/masaki/ros2_setup_scripts/turtlebot3_ws/install/turtlebot3_gazebo/share/ament_index/resource_index/package_run_dependencies/turtlebot3_gazebo
[57.802s] -- Symlinking: /home/masaki/ros2_setup_scripts/turtlebot3_ws/install/turtlebot3_gazebo/share/ament_index/resource_index/parent_prefix_path/turtlebot3_gazebo
[57.806s] -- Symlinking: /home/masaki/ros2_setup_scripts/turtlebot3_ws/install/turtlebot3_gazebo/share/turtlebot3_gazebo/environment/ament_prefix_path.sh
[57.811s] -- Symlinking: /home/masaki/ros2_setup_scripts/turtlebot3_ws/install/turtlebot3_gazebo/share/turtlebot3_gazebo/environment/ament_prefix_path.dsv
[57.816s] -- Symlinking: /home/masaki/ros2_setup_scripts/turtlebot3_ws/install/turtlebot3_gazebo/share/turtlebot3_gazebo/environment/path.sh
[57.820s] -- Symlinking: /home/masaki/ros2_setup_scripts/turtlebot3_ws/install/turtlebot3_gazebo/share/turtlebot3_gazebo/environment/path.dsv
[57.825s] -- Symlinking: /home/masaki/ros2_setup_scripts/turtlebot3_ws/install/turtlebot3_gazebo/share/turtlebot3_gazebo/local_setup.bash
[57.830s] -- Symlinking: /home/masaki/ros2_setup_scripts/turtlebot3_ws/install/turtlebot3_gazebo/share/turtlebot3_gazebo/local_setup.sh
[57.834s] -- Symlinking: /home/masaki/ros2_setup_scripts/turtlebot3_ws/install/turtlebot3_gazebo/share/turtlebot3_gazebo/local_setup.zsh
[57.839s] -- Symlinking: /home/masaki/ros2_setup_scripts/turtlebot3_ws/install/turtlebot3_gazebo/share/turtlebot3_gazebo/local_setup.dsv
[57.843s] -- Symlinking: /home/masaki/ros2_setup_scripts/turtlebot3_ws/install/turtlebot3_gazebo/share/turtlebot3_gazebo/package.dsv
[57.848s] -- Symlinking: /home/masaki/ros2_setup_scripts/turtlebot3_ws/install/turtlebot3_gazebo/share/ament_index/resource_index/packages/turtlebot3_gazebo
[57.853s] -- Symlinking: /home/masaki/ros2_setup_scripts/turtlebot3_ws/install/turtlebot3_gazebo/share/turtlebot3_gazebo/cmake/ament_cmake_export_include_directories-extras.cmake
[57.858s] -- Symlinking: /home/masaki/ros2_setup_scripts/turtlebot3_ws/install/turtlebot3_gazebo/share/turtlebot3_gazebo/cmake/ament_cmake_export_dependencies-extras.cmake
[57.865s] -- Symlinking: /home/masaki/ros2_setup_scripts/turtlebot3_ws/install/turtlebot3_gazebo/share/turtlebot3_gazebo/cmake/turtlebot3_gazeboConfig.cmake
[57.870s] -- Symlinking: /home/masaki/ros2_setup_scripts/turtlebot3_ws/install/turtlebot3_gazebo/share/turtlebot3_gazebo/cmake/turtlebot3_gazeboConfig-version.cmake
[57.875s] -- Symlinking: /home/masaki/ros2_setup_scripts/turtlebot3_ws/install/turtlebot3_gazebo/share/turtlebot3_gazebo/package.xml
[57.882s] Invoked command in '/home/masaki/ros2_setup_scripts/turtlebot3_ws/build/turtlebot3_gazebo' returned '0': CMAKE_PREFIX_PATH=/home/masaki/ros2_setup_scripts/ros2_ws/install/mypkg:/home/masaki/ros2_setup_scripts/happy_ws/install/hello:/opt/ros/humble /usr/bin/cmake --install /home/masaki/ros2_setup_scripts/turtlebot3_ws/build/turtlebot3_gazebo
