[0.618s] Invoking command in '/home/masaki/ros2_setup_scripts/happy_ws/src/my_happy': CONDA_PROMPT_MODIFIER=(base) PYTHONPATH=/home/masaki/ros2_setup_scripts/happy_ws/build/my_happy/prefix_override:/usr/lib/python3/dist-packages/colcon_core/task/python/colcon_distutils_commands:/home/masaki/ros2_setup_scripts/happy_ws/install/my_happy/lib/python3.10/site-packages:${PYTHONPATH} /usr/bin/python3 -W ignore:setup.py install is deprecated -W ignore:easy_install command is deprecated setup.py egg_info --egg-base ../../build/my_happy build --build-base /home/masaki/ros2_setup_scripts/happy_ws/build/my_happy/build install --record /home/masaki/ros2_setup_scripts/happy_ws/build/my_happy/install.log --install-scripts $base/lib/my_happy --single-version-externally-managed install_data
[0.731s] running egg_info
[0.731s] writing ../../build/my_happy/my_happy.egg-info/PKG-INFO
[0.732s] writing dependency_links to ../../build/my_happy/my_happy.egg-info/dependency_links.txt
[0.732s] writing entry points to ../../build/my_happy/my_happy.egg-info/entry_points.txt
[0.732s] writing requirements to ../../build/my_happy/my_happy.egg-info/requires.txt
[0.732s] writing top-level names to ../../build/my_happy/my_happy.egg-info/top_level.txt
[0.733s] reading manifest file '../../build/my_happy/my_happy.egg-info/SOURCES.txt'
[0.734s] writing manifest file '../../build/my_happy/my_happy.egg-info/SOURCES.txt'
[0.734s] running build
[0.734s] running build_py
[0.735s] copying my_happy/happy_pub_node.py -> /home/masaki/ros2_setup_scripts/happy_ws/build/my_happy/build/lib/my_happy
[0.735s] running install
[0.735s] running install_lib
[0.736s] copying /home/masaki/ros2_setup_scripts/happy_ws/build/my_happy/build/lib/my_happy/happy_pub_node.py -> /home/masaki/ros2_setup_scripts/happy_ws/install/my_happy/lib/python3.10/site-packages/my_happy
[0.736s] byte-compiling /home/masaki/ros2_setup_scripts/happy_ws/install/my_happy/lib/python3.10/site-packages/my_happy/happy_pub_node.py to happy_pub_node.cpython-310.pyc
[0.737s] running install_data
[0.737s] running install_egg_info
[0.738s] removing '/home/masaki/ros2_setup_scripts/happy_ws/install/my_happy/lib/python3.10/site-packages/my_happy-0.0.0-py3.10.egg-info' (and everything under it)
[0.738s] Copying ../../build/my_happy/my_happy.egg-info to /home/masaki/ros2_setup_scripts/happy_ws/install/my_happy/lib/python3.10/site-packages/my_happy-0.0.0-py3.10.egg-info
[0.739s] running install_scripts
[0.751s] Installing happy_node script to /home/masaki/ros2_setup_scripts/happy_ws/install/my_happy/lib/my_happy
[0.751s] Installing happy_node2 script to /home/masaki/ros2_setup_scripts/happy_ws/install/my_happy/lib/my_happy
[0.752s] Installing happy_node3 script to /home/masaki/ros2_setup_scripts/happy_ws/install/my_happy/lib/my_happy
[0.752s] Installing happy_pub_node script to /home/masaki/ros2_setup_scripts/happy_ws/install/my_happy/lib/my_happy
[0.752s] writing list of installed files to '/home/masaki/ros2_setup_scripts/happy_ws/build/my_happy/install.log'
[0.765s] Invoked command in '/home/masaki/ros2_setup_scripts/happy_ws/src/my_happy' returned '0': CONDA_PROMPT_MODIFIER=(base) PYTHONPATH=/home/masaki/ros2_setup_scripts/happy_ws/build/my_happy/prefix_override:/usr/lib/python3/dist-packages/colcon_core/task/python/colcon_distutils_commands:/home/masaki/ros2_setup_scripts/happy_ws/install/my_happy/lib/python3.10/site-packages:${PYTHONPATH} /usr/bin/python3 -W ignore:setup.py install is deprecated -W ignore:easy_install command is deprecated setup.py egg_info --egg-base ../../build/my_happy build --build-base /home/masaki/ros2_setup_scripts/happy_ws/build/my_happy/build install --record /home/masaki/ros2_setup_scripts/happy_ws/build/my_happy/install.log --install-scripts $base/lib/my_happy --single-version-externally-managed install_data
