[0.299s] Invoking command in '/home/masaki/ros2_setup_scripts/ros2_ws/src/mypkg': CONDA_PROMPT_MODIFIER=(base) PYTHONPATH=/home/masaki/ros2_setup_scripts/ros2_ws/build/mypkg/prefix_override:/usr/lib/python3/dist-packages/colcon_core/task/python/colcon_distutils_commands:/home/masaki/ros2_setup_scripts/ros2_ws/install/mypkg/lib/python3.10/site-packages:${PYTHONPATH} /usr/bin/python3 -W ignore:setup.py install is deprecated -W ignore:easy_install command is deprecated setup.py egg_info --egg-base ../../build/mypkg build --build-base /home/masaki/ros2_setup_scripts/ros2_ws/build/mypkg/build install --record /home/masaki/ros2_setup_scripts/ros2_ws/build/mypkg/install.log --install-scripts $base/lib/mypkg --single-version-externally-managed install_data
[0.413s] running egg_info
[0.413s] writing ../../build/mypkg/mypkg.egg-info/PKG-INFO
[0.414s] writing dependency_links to ../../build/mypkg/mypkg.egg-info/dependency_links.txt
[0.414s] writing entry points to ../../build/mypkg/mypkg.egg-info/entry_points.txt
[0.414s] writing requirements to ../../build/mypkg/mypkg.egg-info/requires.txt
[0.414s] writing top-level names to ../../build/mypkg/mypkg.egg-info/top_level.txt
[0.415s] reading manifest file '../../build/mypkg/mypkg.egg-info/SOURCES.txt'
[0.415s] writing manifest file '../../build/mypkg/mypkg.egg-info/SOURCES.txt'
[0.415s] running build
[0.416s] running build_py
[0.416s] running install
[0.416s] running install_lib
[0.417s] running install_data
[0.417s] running install_egg_info
[0.418s] removing '/home/masaki/ros2_setup_scripts/ros2_ws/install/mypkg/lib/python3.10/site-packages/mypkg-0.0.0-py3.10.egg-info' (and everything under it)
[0.418s] Copying ../../build/mypkg/mypkg.egg-info to /home/masaki/ros2_setup_scripts/ros2_ws/install/mypkg/lib/python3.10/site-packages/mypkg-0.0.0-py3.10.egg-info
[0.420s] running install_scripts
[0.433s] Installing listener script to /home/masaki/ros2_setup_scripts/ros2_ws/install/mypkg/lib/mypkg
[0.433s] Installing talker script to /home/masaki/ros2_setup_scripts/ros2_ws/install/mypkg/lib/mypkg
[0.433s] writing list of installed files to '/home/masaki/ros2_setup_scripts/ros2_ws/build/mypkg/install.log'
[0.447s] Invoked command in '/home/masaki/ros2_setup_scripts/ros2_ws/src/mypkg' returned '0': CONDA_PROMPT_MODIFIER=(base) PYTHONPATH=/home/masaki/ros2_setup_scripts/ros2_ws/build/mypkg/prefix_override:/usr/lib/python3/dist-packages/colcon_core/task/python/colcon_distutils_commands:/home/masaki/ros2_setup_scripts/ros2_ws/install/mypkg/lib/python3.10/site-packages:${PYTHONPATH} /usr/bin/python3 -W ignore:setup.py install is deprecated -W ignore:easy_install command is deprecated setup.py egg_info --egg-base ../../build/mypkg build --build-base /home/masaki/ros2_setup_scripts/ros2_ws/build/mypkg/build install --record /home/masaki/ros2_setup_scripts/ros2_ws/build/mypkg/install.log --install-scripts $base/lib/mypkg --single-version-externally-managed install_data
