[0.230s] DEBUG:colcon:Command line arguments: ['/usr/bin/colcon', 'build']
[0.230s] DEBUG:colcon:Parsed command line arguments: Namespace(log_base=None, log_level=None, verb_name='build', build_base='build', install_base='install', merge_install=False, symlink_install=False, test_result_base=None, continue_on_error=False, executor='parallel', parallel_workers=24, event_handlers=None, ignore_user_meta=False, metas=['./colcon.meta'], base_paths=['.'], packages_ignore=None, packages_ignore_regex=None, paths=None, packages_up_to=None, packages_up_to_regex=None, packages_above=None, packages_above_and_dependencies=None, packages_above_depth=None, packages_select_by_dep=None, packages_skip_by_dep=None, packages_skip_up_to=None, packages_select_build_failed=False, packages_skip_build_finished=False, packages_select_test_failures=False, packages_skip_test_passed=False, packages_select=None, packages_skip=None, packages_select_regex=None, packages_skip_regex=None, packages_start=None, packages_end=None, allow_overriding=[], cmake_args=None, cmake_target=None, cmake_target_skip_unavailable=False, cmake_clean_cache=False, cmake_clean_first=False, cmake_force_configure=False, ament_cmake_args=None, catkin_cmake_args=None, catkin_skip_building_tests=False, verb_parser=<colcon_defaults.argument_parser.defaults.DefaultArgumentsDecorator object at 0x7c98b5cd5b40>, verb_extension=<colcon_core.verb.build.BuildVerb object at 0x7c98b5e3b2e0>, main=<bound method BuildVerb.main of <colcon_core.verb.build.BuildVerb object at 0x7c98b5e3b2e0>>)
[0.442s] Level 1:colcon.colcon_core.package_discovery:discover_packages(colcon_meta) check parameters
[0.442s] Level 1:colcon.colcon_core.package_discovery:discover_packages(recursive) check parameters
[0.442s] Level 1:colcon.colcon_core.package_discovery:discover_packages(ignore) check parameters
[0.442s] Level 1:colcon.colcon_core.package_discovery:discover_packages(path) check parameters
[0.442s] Level 1:colcon.colcon_core.package_discovery:discover_packages(colcon_meta) discover
[0.443s] Level 1:colcon.colcon_core.package_discovery:discover_packages(recursive) discover
[0.443s] INFO:colcon.colcon_core.package_discovery:Crawling recursively for packages in '/home/masaki/ros2_setup_scripts/happy_ws'
[0.443s] Level 1:colcon.colcon_core.package_identification:_identify(.) by extensions ['ignore', 'ignore_ament_install']
[0.443s] Level 1:colcon.colcon_core.package_identification:_identify(.) by extension 'ignore'
[0.443s] Level 1:colcon.colcon_core.package_identification:_identify(.) by extension 'ignore_ament_install'
[0.443s] Level 1:colcon.colcon_core.package_identification:_identify(.) by extensions ['colcon_pkg']
[0.443s] Level 1:colcon.colcon_core.package_identification:_identify(.) by extension 'colcon_pkg'
[0.443s] Level 1:colcon.colcon_core.package_identification:_identify(.) by extensions ['colcon_meta']
[0.443s] Level 1:colcon.colcon_core.package_identification:_identify(.) by extension 'colcon_meta'
[0.443s] Level 1:colcon.colcon_core.package_identification:_identify(.) by extensions ['ros']
[0.443s] Level 1:colcon.colcon_core.package_identification:_identify(.) by extension 'ros'
[0.455s] Level 1:colcon.colcon_core.package_identification:_identify(.) by extensions ['cmake', 'python']
[0.455s] Level 1:colcon.colcon_core.package_identification:_identify(.) by extension 'cmake'
[0.455s] Level 1:colcon.colcon_core.package_identification:_identify(.) by extension 'python'
[0.455s] Level 1:colcon.colcon_core.package_identification:_identify(.) by extensions ['python_setup_py']
[0.455s] Level 1:colcon.colcon_core.package_identification:_identify(.) by extension 'python_setup_py'
[0.455s] Level 1:colcon.colcon_core.package_identification:_identify(build) by extensions ['ignore', 'ignore_ament_install']
[0.455s] Level 1:colcon.colcon_core.package_identification:_identify(build) by extension 'ignore'
[0.455s] Level 1:colcon.colcon_core.package_identification:_identify(build) ignored
[0.455s] Level 1:colcon.colcon_core.package_identification:_identify(install) by extensions ['ignore', 'ignore_ament_install']
[0.455s] Level 1:colcon.colcon_core.package_identification:_identify(install) by extension 'ignore'
[0.455s] Level 1:colcon.colcon_core.package_identification:_identify(install) ignored
[0.455s] Level 1:colcon.colcon_core.package_identification:_identify(log) by extensions ['ignore', 'ignore_ament_install']
[0.455s] Level 1:colcon.colcon_core.package_identification:_identify(log) by extension 'ignore'
[0.455s] Level 1:colcon.colcon_core.package_identification:_identify(log) ignored
[0.455s] Level 1:colcon.colcon_core.package_identification:_identify(src) by extensions ['ignore', 'ignore_ament_install']
[0.456s] Level 1:colcon.colcon_core.package_identification:_identify(src) by extension 'ignore'
[0.456s] Level 1:colcon.colcon_core.package_identification:_identify(src) by extension 'ignore_ament_install'
[0.456s] Level 1:colcon.colcon_core.package_identification:_identify(src) by extensions ['colcon_pkg']
[0.456s] Level 1:colcon.colcon_core.package_identification:_identify(src) by extension 'colcon_pkg'
[0.456s] Level 1:colcon.colcon_core.package_identification:_identify(src) by extensions ['colcon_meta']
[0.456s] Level 1:colcon.colcon_core.package_identification:_identify(src) by extension 'colcon_meta'
[0.456s] Level 1:colcon.colcon_core.package_identification:_identify(src) by extensions ['ros']
[0.456s] Level 1:colcon.colcon_core.package_identification:_identify(src) by extension 'ros'
[0.456s] Level 1:colcon.colcon_core.package_identification:_identify(src) by extensions ['cmake', 'python']
[0.456s] Level 1:colcon.colcon_core.package_identification:_identify(src) by extension 'cmake'
[0.456s] Level 1:colcon.colcon_core.package_identification:_identify(src) by extension 'python'
[0.456s] Level 1:colcon.colcon_core.package_identification:_identify(src) by extensions ['python_setup_py']
[0.456s] Level 1:colcon.colcon_core.package_identification:_identify(src) by extension 'python_setup_py'
[0.456s] Level 1:colcon.colcon_core.package_identification:_identify(src/build) by extensions ['ignore', 'ignore_ament_install']
[0.456s] Level 1:colcon.colcon_core.package_identification:_identify(src/build) by extension 'ignore'
[0.456s] Level 1:colcon.colcon_core.package_identification:_identify(src/build) ignored
[0.456s] Level 1:colcon.colcon_core.package_identification:_identify(src/happy_topic) by extensions ['ignore', 'ignore_ament_install']
[0.456s] Level 1:colcon.colcon_core.package_identification:_identify(src/happy_topic) by extension 'ignore'
[0.456s] Level 1:colcon.colcon_core.package_identification:_identify(src/happy_topic) by extension 'ignore_ament_install'
[0.456s] Level 1:colcon.colcon_core.package_identification:_identify(src/happy_topic) by extensions ['colcon_pkg']
[0.456s] Level 1:colcon.colcon_core.package_identification:_identify(src/happy_topic) by extension 'colcon_pkg'
[0.456s] Level 1:colcon.colcon_core.package_identification:_identify(src/happy_topic) by extensions ['colcon_meta']
[0.456s] Level 1:colcon.colcon_core.package_identification:_identify(src/happy_topic) by extension 'colcon_meta'
[0.456s] Level 1:colcon.colcon_core.package_identification:_identify(src/happy_topic) by extensions ['ros']
[0.456s] Level 1:colcon.colcon_core.package_identification:_identify(src/happy_topic) by extension 'ros'
[0.459s] DEBUG:colcon.colcon_core.package_identification:Package 'src/happy_topic' with type 'ros.ament_python' and name 'happy_topic'
[0.459s] Level 1:colcon.colcon_core.package_identification:_identify(src/hello) by extensions ['ignore', 'ignore_ament_install']
[0.460s] Level 1:colcon.colcon_core.package_identification:_identify(src/hello) by extension 'ignore'
[0.460s] Level 1:colcon.colcon_core.package_identification:_identify(src/hello) by extension 'ignore_ament_install'
[0.460s] Level 1:colcon.colcon_core.package_identification:_identify(src/hello) by extensions ['colcon_pkg']
[0.460s] Level 1:colcon.colcon_core.package_identification:_identify(src/hello) by extension 'colcon_pkg'
[0.460s] Level 1:colcon.colcon_core.package_identification:_identify(src/hello) by extensions ['colcon_meta']
[0.460s] Level 1:colcon.colcon_core.package_identification:_identify(src/hello) by extension 'colcon_meta'
[0.460s] Level 1:colcon.colcon_core.package_identification:_identify(src/hello) by extensions ['ros']
[0.460s] Level 1:colcon.colcon_core.package_identification:_identify(src/hello) by extension 'ros'
[0.460s] DEBUG:colcon.colcon_core.package_identification:Package 'src/hello' with type 'ros.ament_python' and name 'hello'
[0.460s] Level 1:colcon.colcon_core.package_identification:_identify(src/install) by extensions ['ignore', 'ignore_ament_install']
[0.461s] Level 1:colcon.colcon_core.package_identification:_identify(src/install) by extension 'ignore'
[0.461s] Level 1:colcon.colcon_core.package_identification:_identify(src/install) ignored
[0.461s] Level 1:colcon.colcon_core.package_identification:_identify(src/log) by extensions ['ignore', 'ignore_ament_install']
[0.461s] Level 1:colcon.colcon_core.package_identification:_identify(src/log) by extension 'ignore'
[0.461s] Level 1:colcon.colcon_core.package_identification:_identify(src/log) ignored
[0.461s] Level 1:colcon.colcon_core.package_identification:_identify(src/my_happy) by extensions ['ignore', 'ignore_ament_install']
[0.461s] Level 1:colcon.colcon_core.package_identification:_identify(src/my_happy) by extension 'ignore'
[0.461s] Level 1:colcon.colcon_core.package_identification:_identify(src/my_happy) by extension 'ignore_ament_install'
[0.461s] Level 1:colcon.colcon_core.package_identification:_identify(src/my_happy) by extensions ['colcon_pkg']
[0.461s] Level 1:colcon.colcon_core.package_identification:_identify(src/my_happy) by extension 'colcon_pkg'
[0.461s] Level 1:colcon.colcon_core.package_identification:_identify(src/my_happy) by extensions ['colcon_meta']
[0.461s] Level 1:colcon.colcon_core.package_identification:_identify(src/my_happy) by extension 'colcon_meta'
[0.461s] Level 1:colcon.colcon_core.package_identification:_identify(src/my_happy) by extensions ['ros']
[0.461s] Level 1:colcon.colcon_core.package_identification:_identify(src/my_happy) by extension 'ros'
[0.462s] DEBUG:colcon.colcon_core.package_identification:Package 'src/my_happy' with type 'ros.ament_python' and name 'my_happy'
[0.462s] Level 1:colcon.colcon_core.package_identification:_identify(src/time_topic) by extensions ['ignore', 'ignore_ament_install']
[0.462s] Level 1:colcon.colcon_core.package_identification:_identify(src/time_topic) by extension 'ignore'
[0.462s] Level 1:colcon.colcon_core.package_identification:_identify(src/time_topic) by extension 'ignore_ament_install'
[0.462s] Level 1:colcon.colcon_core.package_identification:_identify(src/time_topic) by extensions ['colcon_pkg']
[0.462s] Level 1:colcon.colcon_core.package_identification:_identify(src/time_topic) by extension 'colcon_pkg'
[0.462s] Level 1:colcon.colcon_core.package_identification:_identify(src/time_topic) by extensions ['colcon_meta']
[0.462s] Level 1:colcon.colcon_core.package_identification:_identify(src/time_topic) by extension 'colcon_meta'
[0.462s] Level 1:colcon.colcon_core.package_identification:_identify(src/time_topic) by extensions ['ros']
[0.462s] Level 1:colcon.colcon_core.package_identification:_identify(src/time_topic) by extension 'ros'
[0.462s] DEBUG:colcon.colcon_core.package_identification:Package 'src/time_topic' with type 'ros.ament_python' and name 'time_topic'
[0.462s] Level 1:colcon.colcon_core.package_discovery:discover_packages(recursive) using defaults
[0.462s] Level 1:colcon.colcon_core.package_discovery:discover_packages(ignore) discover
[0.462s] Level 1:colcon.colcon_core.package_discovery:discover_packages(ignore) using defaults
[0.462s] Level 1:colcon.colcon_core.package_discovery:discover_packages(path) discover
[0.462s] Level 1:colcon.colcon_core.package_discovery:discover_packages(path) using defaults
[0.491s] Level 1:colcon.colcon_core.package_discovery:discover_packages(prefix_path) check parameters
[0.491s] Level 1:colcon.colcon_core.package_discovery:discover_packages(prefix_path) discover
[0.494s] DEBUG:colcon.colcon_installed_package_information.package_discovery:Found 4 installed packages in /home/masaki/ros2_setup_scripts/happy_ws/src/install
[0.494s] DEBUG:colcon.colcon_installed_package_information.package_discovery:Found 2 installed packages in /home/masaki/ros2_setup_scripts/happy_ws/install
[0.496s] DEBUG:colcon.colcon_installed_package_information.package_discovery:Found 378 installed packages in /opt/ros/humble
[0.496s] Level 1:colcon.colcon_core.package_discovery:discover_packages(prefix_path) using defaults
[0.567s] Level 5:colcon.colcon_core.verb:set package 'happy_topic' build argument 'cmake_args' from command line to 'None'
[0.567s] Level 5:colcon.colcon_core.verb:set package 'happy_topic' build argument 'cmake_target' from command line to 'None'
[0.567s] Level 5:colcon.colcon_core.verb:set package 'happy_topic' build argument 'cmake_target_skip_unavailable' from command line to 'False'
[0.567s] Level 5:colcon.colcon_core.verb:set package 'happy_topic' build argument 'cmake_clean_cache' from command line to 'False'
[0.567s] Level 5:colcon.colcon_core.verb:set package 'happy_topic' build argument 'cmake_clean_first' from command line to 'False'
[0.567s] Level 5:colcon.colcon_core.verb:set package 'happy_topic' build argument 'cmake_force_configure' from command line to 'False'
[0.567s] Level 5:colcon.colcon_core.verb:set package 'happy_topic' build argument 'ament_cmake_args' from command line to 'None'
[0.567s] Level 5:colcon.colcon_core.verb:set package 'happy_topic' build argument 'catkin_cmake_args' from command line to 'None'
[0.567s] Level 5:colcon.colcon_core.verb:set package 'happy_topic' build argument 'catkin_skip_building_tests' from command line to 'False'
[0.567s] DEBUG:colcon.colcon_core.verb:Building package 'happy_topic' with the following arguments: {'ament_cmake_args': None, 'build_base': '/home/masaki/ros2_setup_scripts/happy_ws/build/happy_topic', 'catkin_cmake_args': None, 'catkin_skip_building_tests': False, 'cmake_args': None, 'cmake_clean_cache': False, 'cmake_clean_first': False, 'cmake_force_configure': False, 'cmake_target': None, 'cmake_target_skip_unavailable': False, 'install_base': '/home/masaki/ros2_setup_scripts/happy_ws/install/happy_topic', 'merge_install': False, 'path': '/home/masaki/ros2_setup_scripts/happy_ws/src/happy_topic', 'symlink_install': False, 'test_result_base': None}
[0.568s] Level 5:colcon.colcon_core.verb:set package 'hello' build argument 'cmake_args' from command line to 'None'
[0.568s] Level 5:colcon.colcon_core.verb:set package 'hello' build argument 'cmake_target' from command line to 'None'
[0.568s] Level 5:colcon.colcon_core.verb:set package 'hello' build argument 'cmake_target_skip_unavailable' from command line to 'False'
[0.568s] Level 5:colcon.colcon_core.verb:set package 'hello' build argument 'cmake_clean_cache' from command line to 'False'
[0.568s] Level 5:colcon.colcon_core.verb:set package 'hello' build argument 'cmake_clean_first' from command line to 'False'
[0.568s] Level 5:colcon.colcon_core.verb:set package 'hello' build argument 'cmake_force_configure' from command line to 'False'
[0.568s] Level 5:colcon.colcon_core.verb:set package 'hello' build argument 'ament_cmake_args' from command line to 'None'
[0.568s] Level 5:colcon.colcon_core.verb:set package 'hello' build argument 'catkin_cmake_args' from command line to 'None'
[0.568s] Level 5:colcon.colcon_core.verb:set package 'hello' build argument 'catkin_skip_building_tests' from command line to 'False'
[0.568s] DEBUG:colcon.colcon_core.verb:Building package 'hello' with the following arguments: {'ament_cmake_args': None, 'build_base': '/home/masaki/ros2_setup_scripts/happy_ws/build/hello', 'catkin_cmake_args': None, 'catkin_skip_building_tests': False, 'cmake_args': None, 'cmake_clean_cache': False, 'cmake_clean_first': False, 'cmake_force_configure': False, 'cmake_target': None, 'cmake_target_skip_unavailable': False, 'install_base': '/home/masaki/ros2_setup_scripts/happy_ws/install/hello', 'merge_install': False, 'path': '/home/masaki/ros2_setup_scripts/happy_ws/src/hello', 'symlink_install': False, 'test_result_base': None}
[0.568s] Level 5:colcon.colcon_core.verb:set package 'my_happy' build argument 'cmake_args' from command line to 'None'
[0.568s] Level 5:colcon.colcon_core.verb:set package 'my_happy' build argument 'cmake_target' from command line to 'None'
[0.568s] Level 5:colcon.colcon_core.verb:set package 'my_happy' build argument 'cmake_target_skip_unavailable' from command line to 'False'
[0.568s] Level 5:colcon.colcon_core.verb:set package 'my_happy' build argument 'cmake_clean_cache' from command line to 'False'
[0.568s] Level 5:colcon.colcon_core.verb:set package 'my_happy' build argument 'cmake_clean_first' from command line to 'False'
[0.568s] Level 5:colcon.colcon_core.verb:set package 'my_happy' build argument 'cmake_force_configure' from command line to 'False'
[0.568s] Level 5:colcon.colcon_core.verb:set package 'my_happy' build argument 'ament_cmake_args' from command line to 'None'
[0.568s] Level 5:colcon.colcon_core.verb:set package 'my_happy' build argument 'catkin_cmake_args' from command line to 'None'
[0.568s] Level 5:colcon.colcon_core.verb:set package 'my_happy' build argument 'catkin_skip_building_tests' from command line to 'False'
[0.568s] DEBUG:colcon.colcon_core.verb:Building package 'my_happy' with the following arguments: {'ament_cmake_args': None, 'build_base': '/home/masaki/ros2_setup_scripts/happy_ws/build/my_happy', 'catkin_cmake_args': None, 'catkin_skip_building_tests': False, 'cmake_args': None, 'cmake_clean_cache': False, 'cmake_clean_first': False, 'cmake_force_configure': False, 'cmake_target': None, 'cmake_target_skip_unavailable': False, 'install_base': '/home/masaki/ros2_setup_scripts/happy_ws/install/my_happy', 'merge_install': False, 'path': '/home/masaki/ros2_setup_scripts/happy_ws/src/my_happy', 'symlink_install': False, 'test_result_base': None}
[0.568s] Level 5:colcon.colcon_core.verb:set package 'time_topic' build argument 'cmake_args' from command line to 'None'
[0.568s] Level 5:colcon.colcon_core.verb:set package 'time_topic' build argument 'cmake_target' from command line to 'None'
[0.569s] Level 5:colcon.colcon_core.verb:set package 'time_topic' build argument 'cmake_target_skip_unavailable' from command line to 'False'
[0.569s] Level 5:colcon.colcon_core.verb:set package 'time_topic' build argument 'cmake_clean_cache' from command line to 'False'
[0.569s] Level 5:colcon.colcon_core.verb:set package 'time_topic' build argument 'cmake_clean_first' from command line to 'False'
[0.569s] Level 5:colcon.colcon_core.verb:set package 'time_topic' build argument 'cmake_force_configure' from command line to 'False'
[0.569s] Level 5:colcon.colcon_core.verb:set package 'time_topic' build argument 'ament_cmake_args' from command line to 'None'
[0.569s] Level 5:colcon.colcon_core.verb:set package 'time_topic' build argument 'catkin_cmake_args' from command line to 'None'
[0.569s] Level 5:colcon.colcon_core.verb:set package 'time_topic' build argument 'catkin_skip_building_tests' from command line to 'False'
[0.569s] DEBUG:colcon.colcon_core.verb:Building package 'time_topic' with the following arguments: {'ament_cmake_args': None, 'build_base': '/home/masaki/ros2_setup_scripts/happy_ws/build/time_topic', 'catkin_cmake_args': None, 'catkin_skip_building_tests': False, 'cmake_args': None, 'cmake_clean_cache': False, 'cmake_clean_first': False, 'cmake_force_configure': False, 'cmake_target': None, 'cmake_target_skip_unavailable': False, 'install_base': '/home/masaki/ros2_setup_scripts/happy_ws/install/time_topic', 'merge_install': False, 'path': '/home/masaki/ros2_setup_scripts/happy_ws/src/time_topic', 'symlink_install': False, 'test_result_base': None}
[0.569s] INFO:colcon.colcon_core.executor:Executing jobs using 'parallel' executor
[0.570s] DEBUG:colcon.colcon_parallel_executor.executor.parallel:run_until_complete
[0.570s] INFO:colcon.colcon_ros.task.ament_python.build:Building ROS package in '/home/masaki/ros2_setup_scripts/happy_ws/src/happy_topic' with build type 'ament_python'
[0.570s] Level 1:colcon.colcon_core.shell:create_environment_hook('happy_topic', 'ament_prefix_path')
[0.573s] INFO:colcon.colcon_core.plugin_system:Skipping extension 'colcon_core.shell.bat': Not used on non-Windows systems
[0.574s] INFO:colcon.colcon_core.shell:Creating environment hook '/home/masaki/ros2_setup_scripts/happy_ws/install/happy_topic/share/happy_topic/hook/ament_prefix_path.ps1'
[0.575s] INFO:colcon.colcon_core.shell:Creating environment descriptor '/home/masaki/ros2_setup_scripts/happy_ws/install/happy_topic/share/happy_topic/hook/ament_prefix_path.dsv'
[0.575s] INFO:colcon.colcon_core.shell:Creating environment hook '/home/masaki/ros2_setup_scripts/happy_ws/install/happy_topic/share/happy_topic/hook/ament_prefix_path.sh'
[0.576s] INFO:colcon.colcon_core.shell:Skip shell extension 'powershell' for command environment: Not usable outside of PowerShell
[0.577s] DEBUG:colcon.colcon_core.shell:Skip shell extension 'dsv' for command environment
[0.579s] INFO:colcon.colcon_ros.task.ament_python.build:Building ROS package in '/home/masaki/ros2_setup_scripts/happy_ws/src/hello' with build type 'ament_python'
[0.579s] Level 1:colcon.colcon_core.shell:create_environment_hook('hello', 'ament_prefix_path')
[0.579s] INFO:colcon.colcon_core.shell:Creating environment hook '/home/masaki/ros2_setup_scripts/happy_ws/install/hello/share/hello/hook/ament_prefix_path.ps1'
[0.580s] INFO:colcon.colcon_core.shell:Creating environment descriptor '/home/masaki/ros2_setup_scripts/happy_ws/install/hello/share/hello/hook/ament_prefix_path.dsv'
[0.580s] INFO:colcon.colcon_core.shell:Creating environment hook '/home/masaki/ros2_setup_scripts/happy_ws/install/hello/share/hello/hook/ament_prefix_path.sh'
[0.580s] INFO:colcon.colcon_core.shell:Skip shell extension 'powershell' for command environment: Not usable outside of PowerShell
[0.580s] DEBUG:colcon.colcon_core.shell:Skip shell extension 'dsv' for command environment
[0.582s] INFO:colcon.colcon_ros.task.ament_python.build:Building ROS package in '/home/masaki/ros2_setup_scripts/happy_ws/src/my_happy' with build type 'ament_python'
[0.582s] Level 1:colcon.colcon_core.shell:create_environment_hook('my_happy', 'ament_prefix_path')
[0.583s] INFO:colcon.colcon_core.shell:Creating environment hook '/home/masaki/ros2_setup_scripts/happy_ws/install/my_happy/share/my_happy/hook/ament_prefix_path.ps1'
[0.583s] INFO:colcon.colcon_core.shell:Creating environment descriptor '/home/masaki/ros2_setup_scripts/happy_ws/install/my_happy/share/my_happy/hook/ament_prefix_path.dsv'
[0.584s] INFO:colcon.colcon_core.shell:Creating environment hook '/home/masaki/ros2_setup_scripts/happy_ws/install/my_happy/share/my_happy/hook/ament_prefix_path.sh'
[0.584s] INFO:colcon.colcon_core.shell:Skip shell extension 'powershell' for command environment: Not usable outside of PowerShell
[0.584s] DEBUG:colcon.colcon_core.shell:Skip shell extension 'dsv' for command environment
[0.586s] INFO:colcon.colcon_ros.task.ament_python.build:Building ROS package in '/home/masaki/ros2_setup_scripts/happy_ws/src/time_topic' with build type 'ament_python'
[0.586s] Level 1:colcon.colcon_core.shell:create_environment_hook('time_topic', 'ament_prefix_path')
[0.586s] INFO:colcon.colcon_core.shell:Creating environment hook '/home/masaki/ros2_setup_scripts/happy_ws/install/time_topic/share/time_topic/hook/ament_prefix_path.ps1'
[0.587s] INFO:colcon.colcon_core.shell:Creating environment descriptor '/home/masaki/ros2_setup_scripts/happy_ws/install/time_topic/share/time_topic/hook/ament_prefix_path.dsv'
[0.587s] INFO:colcon.colcon_core.shell:Creating environment hook '/home/masaki/ros2_setup_scripts/happy_ws/install/time_topic/share/time_topic/hook/ament_prefix_path.sh'
[0.588s] INFO:colcon.colcon_core.shell:Skip shell extension 'powershell' for command environment: Not usable outside of PowerShell
[0.588s] DEBUG:colcon.colcon_core.shell:Skip shell extension 'dsv' for command environment
[0.733s] INFO:colcon.colcon_core.task.python.build:Building Python package in '/home/masaki/ros2_setup_scripts/happy_ws/src/happy_topic'
[0.733s] INFO:colcon.colcon_core.shell:Skip shell extension 'powershell' for command environment: Not usable outside of PowerShell
[0.733s] DEBUG:colcon.colcon_core.shell:Skip shell extension 'dsv' for command environment
[0.865s] INFO:colcon.colcon_core.task.python.build:Building Python package in '/home/masaki/ros2_setup_scripts/happy_ws/src/hello'
[0.865s] INFO:colcon.colcon_core.shell:Skip shell extension 'powershell' for command environment: Not usable outside of PowerShell
[0.865s] DEBUG:colcon.colcon_core.shell:Skip shell extension 'dsv' for command environment
[1.006s] INFO:colcon.colcon_core.task.python.build:Building Python package in '/home/masaki/ros2_setup_scripts/happy_ws/src/my_happy'
[1.006s] INFO:colcon.colcon_core.shell:Skip shell extension 'powershell' for command environment: Not usable outside of PowerShell
[1.007s] DEBUG:colcon.colcon_core.shell:Skip shell extension 'dsv' for command environment
[1.144s] INFO:colcon.colcon_core.task.python.build:Building Python package in '/home/masaki/ros2_setup_scripts/happy_ws/src/time_topic'
[1.144s] INFO:colcon.colcon_core.shell:Skip shell extension 'powershell' for command environment: Not usable outside of PowerShell
[1.144s] DEBUG:colcon.colcon_core.shell:Skip shell extension 'dsv' for command environment
[1.460s] DEBUG:colcon.colcon_core.task.python.build:Available setuptools commands: check, build_ext, install, install_headers, upload, sdist, install_scripts, setopt, bdist_rpm, bdist_egg, upload_docs, build_scripts, register, install_egg_info, egg_info, init_catalog, clean, test, build, dist_info, extract_messages, install_data, saveopts, easy_install, build_clib, compile_catalog, symlink_data, bdist, alias, install_lib, update_catalog, develop, rotate, bdist_dumb, build_py
[1.461s] DEBUG:colcon.colcon_core.event_handler.log_command:Invoking command in '/home/masaki/ros2_setup_scripts/happy_ws/src/happy_topic': PYTHONPATH=/home/masaki/ros2_setup_scripts/happy_ws/build/happy_topic/prefix_override:/usr/lib/python3/dist-packages/colcon_core/task/python/colcon_distutils_commands:/home/masaki/ros2_setup_scripts/happy_ws/install/happy_topic/lib/python3.10/site-packages:${PYTHONPATH} /usr/bin/python3 -W ignore:setup.py install is deprecated -W ignore:easy_install command is deprecated setup.py egg_info --egg-base ../../build/happy_topic build --build-base /home/masaki/ros2_setup_scripts/happy_ws/build/happy_topic/build install --record /home/masaki/ros2_setup_scripts/happy_ws/build/happy_topic/install.log --install-scripts $base/lib/happy_topic --single-version-externally-managed install_data
[1.463s] DEBUG:colcon.colcon_core.task.python.build:Available setuptools commands: check, build_ext, install, install_headers, upload, sdist, install_scripts, setopt, bdist_rpm, bdist_egg, upload_docs, build_scripts, register, install_egg_info, egg_info, init_catalog, clean, test, build, dist_info, extract_messages, install_data, saveopts, easy_install, build_clib, compile_catalog, symlink_data, bdist, alias, install_lib, update_catalog, develop, rotate, bdist_dumb, build_py
[1.464s] DEBUG:colcon.colcon_core.task.python.build:Available setuptools commands: check, build_ext, install, install_headers, upload, sdist, install_scripts, setopt, bdist_rpm, bdist_egg, upload_docs, build_scripts, register, install_egg_info, egg_info, init_catalog, clean, test, build, dist_info, extract_messages, install_data, saveopts, easy_install, build_clib, compile_catalog, symlink_data, bdist, alias, install_lib, update_catalog, develop, rotate, bdist_dumb, build_py
[1.465s] DEBUG:colcon.colcon_core.task.python.build:Available setuptools commands: check, build_ext, install, install_headers, upload, sdist, install_scripts, setopt, bdist_rpm, bdist_egg, upload_docs, build_scripts, register, install_egg_info, egg_info, init_catalog, clean, test, build, dist_info, extract_messages, install_data, saveopts, easy_install, build_clib, compile_catalog, symlink_data, bdist, alias, install_lib, update_catalog, develop, rotate, bdist_dumb, build_py
[1.466s] DEBUG:colcon.colcon_core.event_handler.log_command:Invoking command in '/home/masaki/ros2_setup_scripts/happy_ws/src/hello': PYTHONPATH=/home/masaki/ros2_setup_scripts/happy_ws/build/hello/prefix_override:/usr/lib/python3/dist-packages/colcon_core/task/python/colcon_distutils_commands:/home/masaki/ros2_setup_scripts/happy_ws/install/hello/lib/python3.10/site-packages:${PYTHONPATH} /usr/bin/python3 -W ignore:setup.py install is deprecated -W ignore:easy_install command is deprecated setup.py egg_info --egg-base ../../build/hello build --build-base /home/masaki/ros2_setup_scripts/happy_ws/build/hello/build install --record /home/masaki/ros2_setup_scripts/happy_ws/build/hello/install.log --install-scripts $base/lib/hello --single-version-externally-managed install_data
[1.469s] DEBUG:colcon.colcon_core.event_handler.log_command:Invoking command in '/home/masaki/ros2_setup_scripts/happy_ws/src/my_happy': PYTHONPATH=/home/masaki/ros2_setup_scripts/happy_ws/build/my_happy/prefix_override:/usr/lib/python3/dist-packages/colcon_core/task/python/colcon_distutils_commands:/home/masaki/ros2_setup_scripts/happy_ws/install/my_happy/lib/python3.10/site-packages:${PYTHONPATH} /usr/bin/python3 -W ignore:setup.py install is deprecated -W ignore:easy_install command is deprecated setup.py egg_info --egg-base ../../build/my_happy build --build-base /home/masaki/ros2_setup_scripts/happy_ws/build/my_happy/build install --record /home/masaki/ros2_setup_scripts/happy_ws/build/my_happy/install.log --install-scripts $base/lib/my_happy --single-version-externally-managed install_data
[1.470s] DEBUG:colcon.colcon_core.event_handler.log_command:Invoking command in '/home/masaki/ros2_setup_scripts/happy_ws/src/time_topic': PYTHONPATH=/home/masaki/ros2_setup_scripts/happy_ws/build/time_topic/prefix_override:/usr/lib/python3/dist-packages/colcon_core/task/python/colcon_distutils_commands:/home/masaki/ros2_setup_scripts/happy_ws/install/time_topic/lib/python3.10/site-packages:${PYTHONPATH} /usr/bin/python3 -W ignore:setup.py install is deprecated -W ignore:easy_install command is deprecated setup.py egg_info --egg-base ../../build/time_topic build --build-base /home/masaki/ros2_setup_scripts/happy_ws/build/time_topic/build install --record /home/masaki/ros2_setup_scripts/happy_ws/build/time_topic/install.log --install-scripts $base/lib/time_topic --single-version-externally-managed install_data
[1.635s] DEBUG:colcon.colcon_core.event_handler.log_command:Invoked command in '/home/masaki/ros2_setup_scripts/happy_ws/src/hello' returned '0': PYTHONPATH=/home/masaki/ros2_setup_scripts/happy_ws/build/hello/prefix_override:/usr/lib/python3/dist-packages/colcon_core/task/python/colcon_distutils_commands:/home/masaki/ros2_setup_scripts/happy_ws/install/hello/lib/python3.10/site-packages:${PYTHONPATH} /usr/bin/python3 -W ignore:setup.py install is deprecated -W ignore:easy_install command is deprecated setup.py egg_info --egg-base ../../build/hello build --build-base /home/masaki/ros2_setup_scripts/happy_ws/build/hello/build install --record /home/masaki/ros2_setup_scripts/happy_ws/build/hello/install.log --install-scripts $base/lib/hello --single-version-externally-managed install_data
[1.641s] Level 1:colcon.colcon_core.environment:checking '/home/masaki/ros2_setup_scripts/happy_ws/install/hello' for CMake module files
[1.641s] Level 1:colcon.colcon_core.environment:checking '/home/masaki/ros2_setup_scripts/happy_ws/install/hello' for CMake config files
[1.642s] Level 1:colcon.colcon_core.environment:checking '/home/masaki/ros2_setup_scripts/happy_ws/install/hello/lib'
[1.642s] Level 1:colcon.colcon_core.environment:checking '/home/masaki/ros2_setup_scripts/happy_ws/install/hello/bin'
[1.642s] Level 1:colcon.colcon_core.environment:checking '/home/masaki/ros2_setup_scripts/happy_ws/install/hello/lib/pkgconfig/hello.pc'
[1.642s] Level 1:colcon.colcon_core.environment:checking '/home/masaki/ros2_setup_scripts/happy_ws/install/hello/lib/python3.10/site-packages'
[1.642s] Level 1:colcon.colcon_core.shell:create_environment_hook('hello', 'pythonpath')
[1.642s] INFO:colcon.colcon_core.shell:Creating environment hook '/home/masaki/ros2_setup_scripts/happy_ws/install/hello/share/hello/hook/pythonpath.ps1'
[1.642s] INFO:colcon.colcon_core.shell:Creating environment descriptor '/home/masaki/ros2_setup_scripts/happy_ws/install/hello/share/hello/hook/pythonpath.dsv'
[1.643s] INFO:colcon.colcon_core.shell:Creating environment hook '/home/masaki/ros2_setup_scripts/happy_ws/install/hello/share/hello/hook/pythonpath.sh'
[1.643s] Level 1:colcon.colcon_core.environment:checking '/home/masaki/ros2_setup_scripts/happy_ws/install/hello/bin'
[1.643s] Level 1:colcon.colcon_core.environment:create_environment_scripts_only(hello)
[1.643s] INFO:colcon.colcon_core.shell:Creating package script '/home/masaki/ros2_setup_scripts/happy_ws/install/hello/share/hello/package.ps1'
[1.644s] INFO:colcon.colcon_core.shell:Creating package descriptor '/home/masaki/ros2_setup_scripts/happy_ws/install/hello/share/hello/package.dsv'
[1.645s] INFO:colcon.colcon_core.shell:Creating package script '/home/masaki/ros2_setup_scripts/happy_ws/install/hello/share/hello/package.sh'
[1.645s] INFO:colcon.colcon_core.shell:Creating package script '/home/masaki/ros2_setup_scripts/happy_ws/install/hello/share/hello/package.bash'
[1.646s] INFO:colcon.colcon_core.shell:Creating package script '/home/masaki/ros2_setup_scripts/happy_ws/install/hello/share/hello/package.zsh'
[1.647s] Level 1:colcon.colcon_core.environment:create_file_with_runtime_dependencies(/home/masaki/ros2_setup_scripts/happy_ws/install/hello/share/colcon-core/packages/hello)
[1.648s] Level 1:colcon.colcon_core.environment:checking '/home/masaki/ros2_setup_scripts/happy_ws/install/my_happy' for CMake module files
[1.649s] DEBUG:colcon.colcon_core.event_handler.log_command:Invoked command in '/home/masaki/ros2_setup_scripts/happy_ws/src/my_happy' returned '0': PYTHONPATH=/home/masaki/ros2_setup_scripts/happy_ws/build/my_happy/prefix_override:/usr/lib/python3/dist-packages/colcon_core/task/python/colcon_distutils_commands:/home/masaki/ros2_setup_scripts/happy_ws/install/my_happy/lib/python3.10/site-packages:${PYTHONPATH} /usr/bin/python3 -W ignore:setup.py install is deprecated -W ignore:easy_install command is deprecated setup.py egg_info --egg-base ../../build/my_happy build --build-base /home/masaki/ros2_setup_scripts/happy_ws/build/my_happy/build install --record /home/masaki/ros2_setup_scripts/happy_ws/build/my_happy/install.log --install-scripts $base/lib/my_happy --single-version-externally-managed install_data
[1.649s] Level 1:colcon.colcon_core.environment:checking '/home/masaki/ros2_setup_scripts/happy_ws/install/my_happy' for CMake config files
[1.649s] Level 1:colcon.colcon_core.environment:checking '/home/masaki/ros2_setup_scripts/happy_ws/install/my_happy/lib'
[1.649s] Level 1:colcon.colcon_core.environment:checking '/home/masaki/ros2_setup_scripts/happy_ws/install/my_happy/bin'
[1.649s] Level 1:colcon.colcon_core.environment:checking '/home/masaki/ros2_setup_scripts/happy_ws/install/my_happy/lib/pkgconfig/my_happy.pc'
[1.650s] Level 1:colcon.colcon_core.environment:checking '/home/masaki/ros2_setup_scripts/happy_ws/install/my_happy/lib/python3.10/site-packages'
[1.650s] Level 1:colcon.colcon_core.shell:create_environment_hook('my_happy', 'pythonpath')
[1.650s] INFO:colcon.colcon_core.shell:Creating environment hook '/home/masaki/ros2_setup_scripts/happy_ws/install/my_happy/share/my_happy/hook/pythonpath.ps1'
[1.650s] INFO:colcon.colcon_core.shell:Creating environment descriptor '/home/masaki/ros2_setup_scripts/happy_ws/install/my_happy/share/my_happy/hook/pythonpath.dsv'
[1.650s] INFO:colcon.colcon_core.shell:Creating environment hook '/home/masaki/ros2_setup_scripts/happy_ws/install/my_happy/share/my_happy/hook/pythonpath.sh'
[1.651s] Level 1:colcon.colcon_core.environment:checking '/home/masaki/ros2_setup_scripts/happy_ws/install/my_happy/bin'
[1.651s] Level 1:colcon.colcon_core.environment:create_environment_scripts_only(my_happy)
[1.651s] INFO:colcon.colcon_core.shell:Creating package script '/home/masaki/ros2_setup_scripts/happy_ws/install/my_happy/share/my_happy/package.ps1'
[1.651s] INFO:colcon.colcon_core.shell:Creating package descriptor '/home/masaki/ros2_setup_scripts/happy_ws/install/my_happy/share/my_happy/package.dsv'
[1.651s] INFO:colcon.colcon_core.shell:Creating package script '/home/masaki/ros2_setup_scripts/happy_ws/install/my_happy/share/my_happy/package.sh'
[1.652s] INFO:colcon.colcon_core.shell:Creating package script '/home/masaki/ros2_setup_scripts/happy_ws/install/my_happy/share/my_happy/package.bash'
[1.652s] INFO:colcon.colcon_core.shell:Creating package script '/home/masaki/ros2_setup_scripts/happy_ws/install/my_happy/share/my_happy/package.zsh'
[1.652s] Level 1:colcon.colcon_core.environment:create_file_with_runtime_dependencies(/home/masaki/ros2_setup_scripts/happy_ws/install/my_happy/share/colcon-core/packages/my_happy)
[1.652s] Level 1:colcon.colcon_core.environment:checking '/home/masaki/ros2_setup_scripts/happy_ws/install/happy_topic' for CMake module files
[1.653s] Level 1:colcon.colcon_core.environment:checking '/home/masaki/ros2_setup_scripts/happy_ws/install/happy_topic' for CMake config files
[1.653s] DEBUG:colcon.colcon_core.event_handler.log_command:Invoked command in '/home/masaki/ros2_setup_scripts/happy_ws/src/happy_topic' returned '0': PYTHONPATH=/home/masaki/ros2_setup_scripts/happy_ws/build/happy_topic/prefix_override:/usr/lib/python3/dist-packages/colcon_core/task/python/colcon_distutils_commands:/home/masaki/ros2_setup_scripts/happy_ws/install/happy_topic/lib/python3.10/site-packages:${PYTHONPATH} /usr/bin/python3 -W ignore:setup.py install is deprecated -W ignore:easy_install command is deprecated setup.py egg_info --egg-base ../../build/happy_topic build --build-base /home/masaki/ros2_setup_scripts/happy_ws/build/happy_topic/build install --record /home/masaki/ros2_setup_scripts/happy_ws/build/happy_topic/install.log --install-scripts $base/lib/happy_topic --single-version-externally-managed install_data
[1.654s] Level 1:colcon.colcon_core.environment:checking '/home/masaki/ros2_setup_scripts/happy_ws/install/happy_topic/lib'
[1.654s] Level 1:colcon.colcon_core.environment:checking '/home/masaki/ros2_setup_scripts/happy_ws/install/happy_topic/bin'
[1.654s] Level 1:colcon.colcon_core.environment:checking '/home/masaki/ros2_setup_scripts/happy_ws/install/happy_topic/lib/pkgconfig/happy_topic.pc'
[1.654s] Level 1:colcon.colcon_core.environment:checking '/home/masaki/ros2_setup_scripts/happy_ws/install/happy_topic/lib/python3.10/site-packages'
[1.654s] Level 1:colcon.colcon_core.shell:create_environment_hook('happy_topic', 'pythonpath')
[1.654s] INFO:colcon.colcon_core.shell:Creating environment hook '/home/masaki/ros2_setup_scripts/happy_ws/install/happy_topic/share/happy_topic/hook/pythonpath.ps1'
[1.654s] INFO:colcon.colcon_core.shell:Creating environment descriptor '/home/masaki/ros2_setup_scripts/happy_ws/install/happy_topic/share/happy_topic/hook/pythonpath.dsv'
[1.655s] INFO:colcon.colcon_core.shell:Creating environment hook '/home/masaki/ros2_setup_scripts/happy_ws/install/happy_topic/share/happy_topic/hook/pythonpath.sh'
[1.655s] Level 1:colcon.colcon_core.environment:checking '/home/masaki/ros2_setup_scripts/happy_ws/install/happy_topic/bin'
[1.655s] Level 1:colcon.colcon_core.environment:create_environment_scripts_only(happy_topic)
[1.655s] INFO:colcon.colcon_core.shell:Creating package script '/home/masaki/ros2_setup_scripts/happy_ws/install/happy_topic/share/happy_topic/package.ps1'
[1.656s] INFO:colcon.colcon_core.shell:Creating package descriptor '/home/masaki/ros2_setup_scripts/happy_ws/install/happy_topic/share/happy_topic/package.dsv'
[1.656s] INFO:colcon.colcon_core.shell:Creating package script '/home/masaki/ros2_setup_scripts/happy_ws/install/happy_topic/share/happy_topic/package.sh'
[1.656s] INFO:colcon.colcon_core.shell:Creating package script '/home/masaki/ros2_setup_scripts/happy_ws/install/happy_topic/share/happy_topic/package.bash'
[1.657s] INFO:colcon.colcon_core.shell:Creating package script '/home/masaki/ros2_setup_scripts/happy_ws/install/happy_topic/share/happy_topic/package.zsh'
[1.657s] Level 1:colcon.colcon_core.environment:create_file_with_runtime_dependencies(/home/masaki/ros2_setup_scripts/happy_ws/install/happy_topic/share/colcon-core/packages/happy_topic)
[1.658s] Level 1:colcon.colcon_core.environment:checking '/home/masaki/ros2_setup_scripts/happy_ws/install/time_topic' for CMake module files
[1.658s] DEBUG:colcon.colcon_core.event_handler.log_command:Invoked command in '/home/masaki/ros2_setup_scripts/happy_ws/src/time_topic' returned '0': PYTHONPATH=/home/masaki/ros2_setup_scripts/happy_ws/build/time_topic/prefix_override:/usr/lib/python3/dist-packages/colcon_core/task/python/colcon_distutils_commands:/home/masaki/ros2_setup_scripts/happy_ws/install/time_topic/lib/python3.10/site-packages:${PYTHONPATH} /usr/bin/python3 -W ignore:setup.py install is deprecated -W ignore:easy_install command is deprecated setup.py egg_info --egg-base ../../build/time_topic build --build-base /home/masaki/ros2_setup_scripts/happy_ws/build/time_topic/build install --record /home/masaki/ros2_setup_scripts/happy_ws/build/time_topic/install.log --install-scripts $base/lib/time_topic --single-version-externally-managed install_data
[1.659s] Level 1:colcon.colcon_core.environment:checking '/home/masaki/ros2_setup_scripts/happy_ws/install/time_topic' for CMake config files
[1.659s] Level 1:colcon.colcon_core.environment:checking '/home/masaki/ros2_setup_scripts/happy_ws/install/time_topic/lib'
[1.659s] Level 1:colcon.colcon_core.environment:checking '/home/masaki/ros2_setup_scripts/happy_ws/install/time_topic/bin'
[1.659s] Level 1:colcon.colcon_core.environment:checking '/home/masaki/ros2_setup_scripts/happy_ws/install/time_topic/lib/pkgconfig/time_topic.pc'
[1.659s] Level 1:colcon.colcon_core.environment:checking '/home/masaki/ros2_setup_scripts/happy_ws/install/time_topic/lib/python3.10/site-packages'
[1.659s] Level 1:colcon.colcon_core.shell:create_environment_hook('time_topic', 'pythonpath')
[1.659s] INFO:colcon.colcon_core.shell:Creating environment hook '/home/masaki/ros2_setup_scripts/happy_ws/install/time_topic/share/time_topic/hook/pythonpath.ps1'
[1.660s] INFO:colcon.colcon_core.shell:Creating environment descriptor '/home/masaki/ros2_setup_scripts/happy_ws/install/time_topic/share/time_topic/hook/pythonpath.dsv'
[1.660s] INFO:colcon.colcon_core.shell:Creating environment hook '/home/masaki/ros2_setup_scripts/happy_ws/install/time_topic/share/time_topic/hook/pythonpath.sh'
[1.660s] Level 1:colcon.colcon_core.environment:checking '/home/masaki/ros2_setup_scripts/happy_ws/install/time_topic/bin'
[1.660s] Level 1:colcon.colcon_core.environment:create_environment_scripts_only(time_topic)
[1.661s] INFO:colcon.colcon_core.shell:Creating package script '/home/masaki/ros2_setup_scripts/happy_ws/install/time_topic/share/time_topic/package.ps1'
[1.661s] INFO:colcon.colcon_core.shell:Creating package descriptor '/home/masaki/ros2_setup_scripts/happy_ws/install/time_topic/share/time_topic/package.dsv'
[1.661s] INFO:colcon.colcon_core.shell:Creating package script '/home/masaki/ros2_setup_scripts/happy_ws/install/time_topic/share/time_topic/package.sh'
[1.662s] INFO:colcon.colcon_core.shell:Creating package script '/home/masaki/ros2_setup_scripts/happy_ws/install/time_topic/share/time_topic/package.bash'
[1.662s] INFO:colcon.colcon_core.shell:Creating package script '/home/masaki/ros2_setup_scripts/happy_ws/install/time_topic/share/time_topic/package.zsh'
[1.662s] Level 1:colcon.colcon_core.environment:create_file_with_runtime_dependencies(/home/masaki/ros2_setup_scripts/happy_ws/install/time_topic/share/colcon-core/packages/time_topic)
[1.663s] DEBUG:colcon.colcon_parallel_executor.executor.parallel:closing loop
[1.663s] DEBUG:colcon.colcon_parallel_executor.executor.parallel:loop closed
[1.664s] DEBUG:colcon.colcon_parallel_executor.executor.parallel:run_until_complete finished with '0'
[1.664s] DEBUG:colcon.colcon_core.event_reactor:joining thread
[1.671s] INFO:colcon.colcon_core.plugin_system:Skipping extension 'colcon_notification.desktop_notification.terminal_notifier': Not used on non-Darwin systems
[1.671s] INFO:colcon.colcon_core.plugin_system:Skipping extension 'colcon_notification.desktop_notification.win32': Not used on non-Windows systems
[1.671s] INFO:colcon.colcon_notification.desktop_notification:Sending desktop notification using 'notify2'
[1.671s] DEBUG:colcon.colcon_notification.desktop_notification.notify2:Failed to initialize notify2: org.freedesktop.DBus.Error.FileNotFound: Failed to connect to socket /run/user/1000/bus: No such file or directory
[1.671s] DEBUG:colcon.colcon_core.event_reactor:joined thread
[1.671s] INFO:colcon.colcon_core.shell:Creating prefix script '/home/masaki/ros2_setup_scripts/happy_ws/install/local_setup.ps1'
[1.672s] INFO:colcon.colcon_core.shell:Creating prefix util module '/home/masaki/ros2_setup_scripts/happy_ws/install/_local_setup_util_ps1.py'
[1.673s] INFO:colcon.colcon_core.shell:Creating prefix chain script '/home/masaki/ros2_setup_scripts/happy_ws/install/setup.ps1'
[1.674s] INFO:colcon.colcon_core.shell:Creating prefix script '/home/masaki/ros2_setup_scripts/happy_ws/install/local_setup.sh'
[1.674s] INFO:colcon.colcon_core.shell:Creating prefix util module '/home/masaki/ros2_setup_scripts/happy_ws/install/_local_setup_util_sh.py'
[1.675s] INFO:colcon.colcon_core.shell:Creating prefix chain script '/home/masaki/ros2_setup_scripts/happy_ws/install/setup.sh'
[1.676s] INFO:colcon.colcon_core.shell:Creating prefix script '/home/masaki/ros2_setup_scripts/happy_ws/install/local_setup.bash'
[1.676s] INFO:colcon.colcon_core.shell:Creating prefix chain script '/home/masaki/ros2_setup_scripts/happy_ws/install/setup.bash'
[1.677s] INFO:colcon.colcon_core.shell:Creating prefix script '/home/masaki/ros2_setup_scripts/happy_ws/install/local_setup.zsh'
[1.677s] INFO:colcon.colcon_core.shell:Creating prefix chain script '/home/masaki/ros2_setup_scripts/happy_ws/install/setup.zsh'
