running egg_info
writing ../../build/my_happy/my_happy.egg-info/PKG-INFO
writing dependency_links to ../../build/my_happy/my_happy.egg-info/dependency_links.txt
writing entry points to ../../build/my_happy/my_happy.egg-info/entry_points.txt
writing requirements to ../../build/my_happy/my_happy.egg-info/requires.txt
writing top-level names to ../../build/my_happy/my_happy.egg-info/top_level.txt
reading manifest file '../../build/my_happy/my_happy.egg-info/SOURCES.txt'
writing manifest file '../../build/my_happy/my_happy.egg-info/SOURCES.txt'
running build
running build_py
copying my_happy/happy_node2.py -> /home/masaki/ros2_setup_scripts/happy_ws/build/my_happy/build/lib/my_happy
running install
running install_lib
copying /home/masaki/ros2_setup_scripts/happy_ws/build/my_happy/build/lib/my_happy/happy_node2.py -> /home/masaki/ros2_setup_scripts/happy_ws/install/my_happy/lib/python3.10/site-packages/my_happy
byte-compiling /home/masaki/ros2_setup_scripts/happy_ws/install/my_happy/lib/python3.10/site-packages/my_happy/happy_node2.py to happy_node2.cpython-310.pyc
running install_data
running install_egg_info
removing '/home/masaki/ros2_setup_scripts/happy_ws/install/my_happy/lib/python3.10/site-packages/my_happy-0.0.0-py3.10.egg-info' (and everything under it)
Copying ../../build/my_happy/my_happy.egg-info to /home/masaki/ros2_setup_scripts/happy_ws/install/my_happy/lib/python3.10/site-packages/my_happy-0.0.0-py3.10.egg-info
running install_scripts
Installing happy_node script to /home/masaki/ros2_setup_scripts/happy_ws/install/my_happy/lib/my_happy
writing list of installed files to '/home/masaki/ros2_setup_scripts/happy_ws/build/my_happy/install.log'
