[0.620s] Invoking command in '/home/masaki/ros2_setup_scripts/happy_ws/src/my_happy': CONDA_PROMPT_MODIFIER=(base) PYTHONPATH=/home/masaki/ros2_setup_scripts/happy_ws/build/my_happy/prefix_override:/usr/lib/python3/dist-packages/colcon_core/task/python/colcon_distutils_commands:/home/masaki/ros2_setup_scripts/happy_ws/install/my_happy/lib/python3.10/site-packages:${PYTHONPATH} /usr/bin/python3 -W ignore:setup.py install is deprecated -W ignore:easy_install command is deprecated setup.py egg_info --egg-base ../../build/my_happy build --build-base /home/masaki/ros2_setup_scripts/happy_ws/build/my_happy/build install --record /home/masaki/ros2_setup_scripts/happy_ws/build/my_happy/install.log --install-scripts $base/lib/my_happy --single-version-externally-managed install_data
[0.745s] running egg_info
[0.746s] writing ../../build/my_happy/my_happy.egg-info/PKG-INFO
[0.746s] writing dependency_links to ../../build/my_happy/my_happy.egg-info/dependency_links.txt
[0.746s] writing entry points to ../../build/my_happy/my_happy.egg-info/entry_points.txt
[0.746s] writing requirements to ../../build/my_happy/my_happy.egg-info/requires.txt
[0.746s] writing top-level names to ../../build/my_happy/my_happy.egg-info/top_level.txt
[0.747s] reading manifest file '../../build/my_happy/my_happy.egg-info/SOURCES.txt'
[0.748s] writing manifest file '../../build/my_happy/my_happy.egg-info/SOURCES.txt'
[0.748s] running build
[0.748s] running build_py
[0.748s] copying my_happy/happy_node2.py -> /home/masaki/ros2_setup_scripts/happy_ws/build/my_happy/build/lib/my_happy
[0.748s] running install
[0.748s] running install_lib
[0.749s] copying /home/masaki/ros2_setup_scripts/happy_ws/build/my_happy/build/lib/my_happy/happy_node2.py -> /home/masaki/ros2_setup_scripts/happy_ws/install/my_happy/lib/python3.10/site-packages/my_happy
[0.749s] byte-compiling /home/masaki/ros2_setup_scripts/happy_ws/install/my_happy/lib/python3.10/site-packages/my_happy/happy_node2.py to happy_node2.cpython-310.pyc
[0.749s] running install_data
[0.749s] running install_egg_info
[0.750s] removing '/home/masaki/ros2_setup_scripts/happy_ws/install/my_happy/lib/python3.10/site-packages/my_happy-0.0.0-py3.10.egg-info' (and everything under it)
[0.751s] Copying ../../build/my_happy/my_happy.egg-info to /home/masaki/ros2_setup_scripts/happy_ws/install/my_happy/lib/python3.10/site-packages/my_happy-0.0.0-py3.10.egg-info
[0.752s] running install_scripts
[0.764s] Installing happy_node script to /home/masaki/ros2_setup_scripts/happy_ws/install/my_happy/lib/my_happy
[0.765s] writing list of installed files to '/home/masaki/ros2_setup_scripts/happy_ws/build/my_happy/install.log'
[0.779s] Invoked command in '/home/masaki/ros2_setup_scripts/happy_ws/src/my_happy' returned '0': CONDA_PROMPT_MODIFIER=(base) PYTHONPATH=/home/masaki/ros2_setup_scripts/happy_ws/build/my_happy/prefix_override:/usr/lib/python3/dist-packages/colcon_core/task/python/colcon_distutils_commands:/home/masaki/ros2_setup_scripts/happy_ws/install/my_happy/lib/python3.10/site-packages:${PYTHONPATH} /usr/bin/python3 -W ignore:setup.py install is deprecated -W ignore:easy_install command is deprecated setup.py egg_info --egg-base ../../build/my_happy build --build-base /home/masaki/ros2_setup_scripts/happy_ws/build/my_happy/build install --record /home/masaki/ros2_setup_scripts/happy_ws/build/my_happy/install.log --install-scripts $base/lib/my_happy --single-version-externally-managed install_data
