[0.294s] Invoking command in '/home/masaki/ros2_setup_scripts/ros2_ws/src/mypkg': CONDA_PROMPT_MODIFIER=(base) PYTHONPATH=/home/masaki/ros2_setup_scripts/ros2_ws/build/mypkg/prefix_override:/usr/lib/python3/dist-packages/colcon_core/task/python/colcon_distutils_commands:/home/masaki/ros2_setup_scripts/ros2_ws/install/mypkg/lib/python3.10/site-packages:${PYTHONPATH} /usr/bin/python3 -W ignore:setup.py install is deprecated -W ignore:easy_install command is deprecated setup.py egg_info --egg-base ../../build/mypkg build --build-base /home/masaki/ros2_setup_scripts/ros2_ws/build/mypkg/build install --record /home/masaki/ros2_setup_scripts/ros2_ws/build/mypkg/install.log --install-scripts $base/lib/mypkg --single-version-externally-managed install_data
[0.403s] running egg_info
[0.403s] creating ../../build/mypkg/mypkg.egg-info
[0.403s] writing ../../build/mypkg/mypkg.egg-info/PKG-INFO
[0.404s] writing dependency_links to ../../build/mypkg/mypkg.egg-info/dependency_links.txt
[0.404s] writing entry points to ../../build/mypkg/mypkg.egg-info/entry_points.txt
[0.404s] writing requirements to ../../build/mypkg/mypkg.egg-info/requires.txt
[0.404s] writing top-level names to ../../build/mypkg/mypkg.egg-info/top_level.txt
[0.404s] writing manifest file '../../build/mypkg/mypkg.egg-info/SOURCES.txt'
[0.405s] reading manifest file '../../build/mypkg/mypkg.egg-info/SOURCES.txt'
[0.405s] writing manifest file '../../build/mypkg/mypkg.egg-info/SOURCES.txt'
[0.406s] running build
[0.406s] running build_py
[0.406s] creating /home/masaki/ros2_setup_scripts/ros2_ws/build/mypkg/build
[0.406s] creating /home/masaki/ros2_setup_scripts/ros2_ws/build/mypkg/build/lib
[0.406s] creating /home/masaki/ros2_setup_scripts/ros2_ws/build/mypkg/build/lib/mypkg
[0.406s] copying mypkg/__init__.py -> /home/masaki/ros2_setup_scripts/ros2_ws/build/mypkg/build/lib/mypkg
[0.407s] running install
[0.407s] running install_lib
[0.407s] creating /home/masaki/ros2_setup_scripts/ros2_ws/install/mypkg/lib/python3.10/site-packages/mypkg
[0.407s] copying /home/masaki/ros2_setup_scripts/ros2_ws/build/mypkg/build/lib/mypkg/__init__.py -> /home/masaki/ros2_setup_scripts/ros2_ws/install/mypkg/lib/python3.10/site-packages/mypkg
[0.408s] byte-compiling /home/masaki/ros2_setup_scripts/ros2_ws/install/mypkg/lib/python3.10/site-packages/mypkg/__init__.py to __init__.cpython-310.pyc
[0.408s] running install_data
[0.408s] creating /home/masaki/ros2_setup_scripts/ros2_ws/install/mypkg/share
[0.408s] creating /home/masaki/ros2_setup_scripts/ros2_ws/install/mypkg/share/ament_index
[0.409s] creating /home/masaki/ros2_setup_scripts/ros2_ws/install/mypkg/share/ament_index/resource_index
[0.409s] creating /home/masaki/ros2_setup_scripts/ros2_ws/install/mypkg/share/ament_index/resource_index/packages
[0.409s] copying resource/mypkg -> /home/masaki/ros2_setup_scripts/ros2_ws/install/mypkg/share/ament_index/resource_index/packages
[0.409s] creating /home/masaki/ros2_setup_scripts/ros2_ws/install/mypkg/share/mypkg
[0.409s] copying package.xml -> /home/masaki/ros2_setup_scripts/ros2_ws/install/mypkg/share/mypkg
[0.409s] running install_egg_info
[0.410s] Copying ../../build/mypkg/mypkg.egg-info to /home/masaki/ros2_setup_scripts/ros2_ws/install/mypkg/lib/python3.10/site-packages/mypkg-0.0.0-py3.10.egg-info
[0.411s] running install_scripts
[0.423s] writing list of installed files to '/home/masaki/ros2_setup_scripts/ros2_ws/build/mypkg/install.log'
[0.436s] Invoked command in '/home/masaki/ros2_setup_scripts/ros2_ws/src/mypkg' returned '0': CONDA_PROMPT_MODIFIER=(base) PYTHONPATH=/home/masaki/ros2_setup_scripts/ros2_ws/build/mypkg/prefix_override:/usr/lib/python3/dist-packages/colcon_core/task/python/colcon_distutils_commands:/home/masaki/ros2_setup_scripts/ros2_ws/install/mypkg/lib/python3.10/site-packages:${PYTHONPATH} /usr/bin/python3 -W ignore:setup.py install is deprecated -W ignore:easy_install command is deprecated setup.py egg_info --egg-base ../../build/mypkg build --build-base /home/masaki/ros2_setup_scripts/ros2_ws/build/mypkg/build install --record /home/masaki/ros2_setup_scripts/ros2_ws/build/mypkg/install.log --install-scripts $base/lib/mypkg --single-version-externally-managed install_data
