[0.160s] DEBUG:colcon:Command line arguments: ['/usr/bin/colcon', 'build']
[0.160s] DEBUG:colcon:Parsed command line arguments: Namespace(log_base=None, log_level=None, verb_name='build', build_base='build', install_base='install', merge_install=False, symlink_install=False, test_result_base=None, continue_on_error=False, executor='parallel', parallel_workers=24, event_handlers=None, ignore_user_meta=False, metas=['./colcon.meta'], base_paths=['.'], packages_ignore=None, packages_ignore_regex=None, paths=None, packages_up_to=None, packages_up_to_regex=None, packages_above=None, packages_above_and_dependencies=None, packages_above_depth=None, packages_select_by_dep=None, packages_skip_by_dep=None, packages_skip_up_to=None, packages_select_build_failed=False, packages_skip_build_finished=False, packages_select_test_failures=False, packages_skip_test_passed=False, packages_select=None, packages_skip=None, packages_select_regex=None, packages_skip_regex=None, packages_start=None, packages_end=None, allow_overriding=[], cmake_args=None, cmake_target=None, cmake_target_skip_unavailable=False, cmake_clean_cache=False, cmake_clean_first=False, cmake_force_configure=False, ament_cmake_args=None, catkin_cmake_args=None, catkin_skip_building_tests=False, verb_parser=<colcon_defaults.argument_parser.defaults.DefaultArgumentsDecorator object at 0x7fe7a285c9a0>, verb_extension=<colcon_core.verb.build.BuildVerb object at 0x7fe7a296a290>, main=<bound method BuildVerb.main of <colcon_core.verb.build.BuildVerb object at 0x7fe7a296a290>>)
[0.236s] Level 1:colcon.colcon_core.package_discovery:discover_packages(colcon_meta) check parameters
[0.236s] Level 1:colcon.colcon_core.package_discovery:discover_packages(recursive) check parameters
[0.236s] Level 1:colcon.colcon_core.package_discovery:discover_packages(ignore) check parameters
[0.236s] Level 1:colcon.colcon_core.package_discovery:discover_packages(path) check parameters
[0.236s] Level 1:colcon.colcon_core.package_discovery:discover_packages(colcon_meta) discover
[0.236s] Level 1:colcon.colcon_core.package_discovery:discover_packages(recursive) discover
[0.236s] INFO:colcon.colcon_core.package_discovery:Crawling recursively for packages in '/home/masaki/ros2_setup_scripts/happy_ws'
[0.236s] Level 1:colcon.colcon_core.package_identification:_identify(.) by extensions ['ignore', 'ignore_ament_install']
[0.236s] Level 1:colcon.colcon_core.package_identification:_identify(.) by extension 'ignore'
[0.237s] Level 1:colcon.colcon_core.package_identification:_identify(.) by extension 'ignore_ament_install'
[0.237s] Level 1:colcon.colcon_core.package_identification:_identify(.) by extensions ['colcon_pkg']
[0.237s] Level 1:colcon.colcon_core.package_identification:_identify(.) by extension 'colcon_pkg'
[0.237s] Level 1:colcon.colcon_core.package_identification:_identify(.) by extensions ['colcon_meta']
[0.237s] Level 1:colcon.colcon_core.package_identification:_identify(.) by extension 'colcon_meta'
[0.237s] Level 1:colcon.colcon_core.package_identification:_identify(.) by extensions ['ros']
[0.237s] Level 1:colcon.colcon_core.package_identification:_identify(.) by extension 'ros'
[0.243s] Level 1:colcon.colcon_core.package_identification:_identify(.) by extensions ['cmake', 'python']
[0.243s] Level 1:colcon.colcon_core.package_identification:_identify(.) by extension 'cmake'
[0.243s] Level 1:colcon.colcon_core.package_identification:_identify(.) by extension 'python'
[0.243s] Level 1:colcon.colcon_core.package_identification:_identify(.) by extensions ['python_setup_py']
[0.243s] Level 1:colcon.colcon_core.package_identification:_identify(.) by extension 'python_setup_py'
[0.243s] Level 1:colcon.colcon_core.package_identification:_identify(build) by extensions ['ignore', 'ignore_ament_install']
[0.243s] Level 1:colcon.colcon_core.package_identification:_identify(build) by extension 'ignore'
[0.243s] Level 1:colcon.colcon_core.package_identification:_identify(build) ignored
[0.243s] Level 1:colcon.colcon_core.package_identification:_identify(install) by extensions ['ignore', 'ignore_ament_install']
[0.243s] Level 1:colcon.colcon_core.package_identification:_identify(install) by extension 'ignore'
[0.243s] Level 1:colcon.colcon_core.package_identification:_identify(install) ignored
[0.243s] Level 1:colcon.colcon_core.package_identification:_identify(log) by extensions ['ignore', 'ignore_ament_install']
[0.243s] Level 1:colcon.colcon_core.package_identification:_identify(log) by extension 'ignore'
[0.243s] Level 1:colcon.colcon_core.package_identification:_identify(log) ignored
[0.243s] Level 1:colcon.colcon_core.package_identification:_identify(src) by extensions ['ignore', 'ignore_ament_install']
[0.243s] Level 1:colcon.colcon_core.package_identification:_identify(src) by extension 'ignore'
[0.243s] Level 1:colcon.colcon_core.package_identification:_identify(src) by extension 'ignore_ament_install'
[0.244s] Level 1:colcon.colcon_core.package_identification:_identify(src) by extensions ['colcon_pkg']
[0.244s] Level 1:colcon.colcon_core.package_identification:_identify(src) by extension 'colcon_pkg'
[0.244s] Level 1:colcon.colcon_core.package_identification:_identify(src) by extensions ['colcon_meta']
[0.244s] Level 1:colcon.colcon_core.package_identification:_identify(src) by extension 'colcon_meta'
[0.244s] Level 1:colcon.colcon_core.package_identification:_identify(src) by extensions ['ros']
[0.244s] Level 1:colcon.colcon_core.package_identification:_identify(src) by extension 'ros'
[0.244s] Level 1:colcon.colcon_core.package_identification:_identify(src) by extensions ['cmake', 'python']
[0.244s] Level 1:colcon.colcon_core.package_identification:_identify(src) by extension 'cmake'
[0.244s] Level 1:colcon.colcon_core.package_identification:_identify(src) by extension 'python'
[0.244s] Level 1:colcon.colcon_core.package_identification:_identify(src) by extensions ['python_setup_py']
[0.244s] Level 1:colcon.colcon_core.package_identification:_identify(src) by extension 'python_setup_py'
[0.244s] Level 1:colcon.colcon_core.package_identification:_identify(src/hello) by extensions ['ignore', 'ignore_ament_install']
[0.244s] Level 1:colcon.colcon_core.package_identification:_identify(src/hello) by extension 'ignore'
[0.244s] Level 1:colcon.colcon_core.package_identification:_identify(src/hello) by extension 'ignore_ament_install'
[0.244s] Level 1:colcon.colcon_core.package_identification:_identify(src/hello) by extensions ['colcon_pkg']
[0.244s] Level 1:colcon.colcon_core.package_identification:_identify(src/hello) by extension 'colcon_pkg'
[0.244s] Level 1:colcon.colcon_core.package_identification:_identify(src/hello) by extensions ['colcon_meta']
[0.244s] Level 1:colcon.colcon_core.package_identification:_identify(src/hello) by extension 'colcon_meta'
[0.244s] Level 1:colcon.colcon_core.package_identification:_identify(src/hello) by extensions ['ros']
[0.244s] Level 1:colcon.colcon_core.package_identification:_identify(src/hello) by extension 'ros'
[0.245s] DEBUG:colcon.colcon_core.package_identification:Package 'src/hello' with type 'ros.ament_python' and name 'hello'
[0.246s] Level 1:colcon.colcon_core.package_identification:_identify(src/my_happy) by extensions ['ignore', 'ignore_ament_install']
[0.246s] Level 1:colcon.colcon_core.package_identification:_identify(src/my_happy) by extension 'ignore'
[0.246s] Level 1:colcon.colcon_core.package_identification:_identify(src/my_happy) by extension 'ignore_ament_install'
[0.246s] Level 1:colcon.colcon_core.package_identification:_identify(src/my_happy) by extensions ['colcon_pkg']
[0.246s] Level 1:colcon.colcon_core.package_identification:_identify(src/my_happy) by extension 'colcon_pkg'
[0.246s] Level 1:colcon.colcon_core.package_identification:_identify(src/my_happy) by extensions ['colcon_meta']
[0.246s] Level 1:colcon.colcon_core.package_identification:_identify(src/my_happy) by extension 'colcon_meta'
[0.246s] Level 1:colcon.colcon_core.package_identification:_identify(src/my_happy) by extensions ['ros']
[0.246s] Level 1:colcon.colcon_core.package_identification:_identify(src/my_happy) by extension 'ros'
[0.246s] DEBUG:colcon.colcon_core.package_identification:Package 'src/my_happy' with type 'ros.ament_python' and name 'my_happy'
[0.246s] Level 1:colcon.colcon_core.package_discovery:discover_packages(recursive) using defaults
[0.246s] Level 1:colcon.colcon_core.package_discovery:discover_packages(ignore) discover
[0.246s] Level 1:colcon.colcon_core.package_discovery:discover_packages(ignore) using defaults
[0.246s] Level 1:colcon.colcon_core.package_discovery:discover_packages(path) discover
[0.246s] Level 1:colcon.colcon_core.package_discovery:discover_packages(path) using defaults
[0.256s] Level 1:colcon.colcon_core.package_discovery:discover_packages(prefix_path) check parameters
[0.256s] Level 1:colcon.colcon_core.package_discovery:discover_packages(prefix_path) discover
[0.258s] DEBUG:colcon.colcon_installed_package_information.package_discovery:Found 2 installed packages in /home/masaki/ros2_setup_scripts/happy_ws/install
[0.258s] DEBUG:colcon.colcon_installed_package_information.package_discovery:Found 378 installed packages in /opt/ros/humble
[0.264s] Level 1:colcon.colcon_core.package_discovery:discover_packages(prefix_path) using defaults
[0.285s] Level 5:colcon.colcon_core.verb:set package 'hello' build argument 'cmake_args' from command line to 'None'
[0.285s] Level 5:colcon.colcon_core.verb:set package 'hello' build argument 'cmake_target' from command line to 'None'
[0.286s] Level 5:colcon.colcon_core.verb:set package 'hello' build argument 'cmake_target_skip_unavailable' from command line to 'False'
[0.286s] Level 5:colcon.colcon_core.verb:set package 'hello' build argument 'cmake_clean_cache' from command line to 'False'
[0.286s] Level 5:colcon.colcon_core.verb:set package 'hello' build argument 'cmake_clean_first' from command line to 'False'
[0.286s] Level 5:colcon.colcon_core.verb:set package 'hello' build argument 'cmake_force_configure' from command line to 'False'
[0.286s] Level 5:colcon.colcon_core.verb:set package 'hello' build argument 'ament_cmake_args' from command line to 'None'
[0.286s] Level 5:colcon.colcon_core.verb:set package 'hello' build argument 'catkin_cmake_args' from command line to 'None'
[0.286s] Level 5:colcon.colcon_core.verb:set package 'hello' build argument 'catkin_skip_building_tests' from command line to 'False'
[0.286s] DEBUG:colcon.colcon_core.verb:Building package 'hello' with the following arguments: {'ament_cmake_args': None, 'build_base': '/home/masaki/ros2_setup_scripts/happy_ws/build/hello', 'catkin_cmake_args': None, 'catkin_skip_building_tests': False, 'cmake_args': None, 'cmake_clean_cache': False, 'cmake_clean_first': False, 'cmake_force_configure': False, 'cmake_target': None, 'cmake_target_skip_unavailable': False, 'install_base': '/home/masaki/ros2_setup_scripts/happy_ws/install/hello', 'merge_install': False, 'path': '/home/masaki/ros2_setup_scripts/happy_ws/src/hello', 'symlink_install': False, 'test_result_base': None}
[0.286s] Level 5:colcon.colcon_core.verb:set package 'my_happy' build argument 'cmake_args' from command line to 'None'
[0.286s] Level 5:colcon.colcon_core.verb:set package 'my_happy' build argument 'cmake_target' from command line to 'None'
[0.286s] Level 5:colcon.colcon_core.verb:set package 'my_happy' build argument 'cmake_target_skip_unavailable' from command line to 'False'
[0.286s] Level 5:colcon.colcon_core.verb:set package 'my_happy' build argument 'cmake_clean_cache' from command line to 'False'
[0.286s] Level 5:colcon.colcon_core.verb:set package 'my_happy' build argument 'cmake_clean_first' from command line to 'False'
[0.286s] Level 5:colcon.colcon_core.verb:set package 'my_happy' build argument 'cmake_force_configure' from command line to 'False'
[0.286s] Level 5:colcon.colcon_core.verb:set package 'my_happy' build argument 'ament_cmake_args' from command line to 'None'
[0.286s] Level 5:colcon.colcon_core.verb:set package 'my_happy' build argument 'catkin_cmake_args' from command line to 'None'
[0.286s] Level 5:colcon.colcon_core.verb:set package 'my_happy' build argument 'catkin_skip_building_tests' from command line to 'False'
[0.286s] DEBUG:colcon.colcon_core.verb:Building package 'my_happy' with the following arguments: {'ament_cmake_args': None, 'build_base': '/home/masaki/ros2_setup_scripts/happy_ws/build/my_happy', 'catkin_cmake_args': None, 'catkin_skip_building_tests': False, 'cmake_args': None, 'cmake_clean_cache': False, 'cmake_clean_first': False, 'cmake_force_configure': False, 'cmake_target': None, 'cmake_target_skip_unavailable': False, 'install_base': '/home/masaki/ros2_setup_scripts/happy_ws/install/my_happy', 'merge_install': False, 'path': '/home/masaki/ros2_setup_scripts/happy_ws/src/my_happy', 'symlink_install': False, 'test_result_base': None}
[0.286s] INFO:colcon.colcon_core.executor:Executing jobs using 'parallel' executor
[0.287s] DEBUG:colcon.colcon_parallel_executor.executor.parallel:run_until_complete
[0.287s] INFO:colcon.colcon_ros.task.ament_python.build:Building ROS package in '/home/masaki/ros2_setup_scripts/happy_ws/src/hello' with build type 'ament_python'
[0.288s] Level 1:colcon.colcon_core.shell:create_environment_hook('hello', 'ament_prefix_path')
[0.289s] INFO:colcon.colcon_core.plugin_system:Skipping extension 'colcon_core.shell.bat': Not used on non-Windows systems
[0.289s] INFO:colcon.colcon_core.shell:Creating environment hook '/home/masaki/ros2_setup_scripts/happy_ws/install/hello/share/hello/hook/ament_prefix_path.ps1'
[0.289s] INFO:colcon.colcon_core.shell:Creating environment descriptor '/home/masaki/ros2_setup_scripts/happy_ws/install/hello/share/hello/hook/ament_prefix_path.dsv'
[0.289s] INFO:colcon.colcon_core.shell:Creating environment hook '/home/masaki/ros2_setup_scripts/happy_ws/install/hello/share/hello/hook/ament_prefix_path.sh'
[0.290s] INFO:colcon.colcon_core.shell:Skip shell extension 'powershell' for command environment: Not usable outside of PowerShell
[0.290s] DEBUG:colcon.colcon_core.shell:Skip shell extension 'dsv' for command environment
[0.292s] INFO:colcon.colcon_ros.task.ament_python.build:Building ROS package in '/home/masaki/ros2_setup_scripts/happy_ws/src/my_happy' with build type 'ament_python'
[0.292s] Level 1:colcon.colcon_core.shell:create_environment_hook('my_happy', 'ament_prefix_path')
[0.292s] INFO:colcon.colcon_core.shell:Creating environment hook '/home/masaki/ros2_setup_scripts/happy_ws/install/my_happy/share/my_happy/hook/ament_prefix_path.ps1'
[0.292s] INFO:colcon.colcon_core.shell:Creating environment descriptor '/home/masaki/ros2_setup_scripts/happy_ws/install/my_happy/share/my_happy/hook/ament_prefix_path.dsv'
[0.292s] INFO:colcon.colcon_core.shell:Creating environment hook '/home/masaki/ros2_setup_scripts/happy_ws/install/my_happy/share/my_happy/hook/ament_prefix_path.sh'
[0.293s] INFO:colcon.colcon_core.shell:Skip shell extension 'powershell' for command environment: Not usable outside of PowerShell
[0.293s] DEBUG:colcon.colcon_core.shell:Skip shell extension 'dsv' for command environment
[0.418s] INFO:colcon.colcon_core.task.python.build:Building Python package in '/home/masaki/ros2_setup_scripts/happy_ws/src/hello'
[0.418s] INFO:colcon.colcon_core.shell:Skip shell extension 'powershell' for command environment: Not usable outside of PowerShell
[0.418s] DEBUG:colcon.colcon_core.shell:Skip shell extension 'dsv' for command environment
[0.545s] INFO:colcon.colcon_core.task.python.build:Building Python package in '/home/masaki/ros2_setup_scripts/happy_ws/src/my_happy'
[0.546s] INFO:colcon.colcon_core.shell:Skip shell extension 'powershell' for command environment: Not usable outside of PowerShell
[0.546s] DEBUG:colcon.colcon_core.shell:Skip shell extension 'dsv' for command environment
[0.738s] DEBUG:colcon.colcon_core.task.python.build:Available setuptools commands: alias, dist_info, saveopts, extract_messages, upload_docs, init_catalog, build_ext, egg_info, develop, compile_catalog, symlink_data, build_py, test, install_headers, install_data, build_scripts, bdist_rpm, rotate, update_catalog, setopt, clean, upload, install_lib, install_scripts, register, build_clib, build, easy_install, check, install_egg_info, install, sdist, bdist, bdist_egg, bdist_dumb
[0.741s] DEBUG:colcon.colcon_core.event_handler.log_command:Invoking command in '/home/masaki/ros2_setup_scripts/happy_ws/src/hello': CONDA_PROMPT_MODIFIER=(base) PYTHONPATH=/home/masaki/ros2_setup_scripts/happy_ws/build/hello/prefix_override:/usr/lib/python3/dist-packages/colcon_core/task/python/colcon_distutils_commands:/home/masaki/ros2_setup_scripts/happy_ws/install/hello/lib/python3.10/site-packages:${PYTHONPATH} /usr/bin/python3 -W ignore:setup.py install is deprecated -W ignore:easy_install command is deprecated setup.py egg_info --egg-base ../../build/hello build --build-base /home/masaki/ros2_setup_scripts/happy_ws/build/hello/build install --record /home/masaki/ros2_setup_scripts/happy_ws/build/hello/install.log --install-scripts $base/lib/hello --single-version-externally-managed install_data
[0.743s] DEBUG:colcon.colcon_core.task.python.build:Available setuptools commands: alias, dist_info, saveopts, extract_messages, upload_docs, init_catalog, build_ext, egg_info, develop, compile_catalog, symlink_data, build_py, test, install_headers, install_data, build_scripts, bdist_rpm, rotate, update_catalog, setopt, clean, upload, install_lib, install_scripts, register, build_clib, build, easy_install, check, install_egg_info, install, sdist, bdist, bdist_egg, bdist_dumb
[0.745s] DEBUG:colcon.colcon_core.event_handler.log_command:Invoking command in '/home/masaki/ros2_setup_scripts/happy_ws/src/my_happy': CONDA_PROMPT_MODIFIER=(base) PYTHONPATH=/home/masaki/ros2_setup_scripts/happy_ws/build/my_happy/prefix_override:/usr/lib/python3/dist-packages/colcon_core/task/python/colcon_distutils_commands:/home/masaki/ros2_setup_scripts/happy_ws/install/my_happy/lib/python3.10/site-packages:${PYTHONPATH} /usr/bin/python3 -W ignore:setup.py install is deprecated -W ignore:easy_install command is deprecated setup.py egg_info --egg-base ../../build/my_happy build --build-base /home/masaki/ros2_setup_scripts/happy_ws/build/my_happy/build install --record /home/masaki/ros2_setup_scripts/happy_ws/build/my_happy/install.log --install-scripts $base/lib/my_happy --single-version-externally-managed install_data
[0.887s] DEBUG:colcon.colcon_core.event_handler.log_command:Invoked command in '/home/masaki/ros2_setup_scripts/happy_ws/src/hello' returned '0': CONDA_PROMPT_MODIFIER=(base) PYTHONPATH=/home/masaki/ros2_setup_scripts/happy_ws/build/hello/prefix_override:/usr/lib/python3/dist-packages/colcon_core/task/python/colcon_distutils_commands:/home/masaki/ros2_setup_scripts/happy_ws/install/hello/lib/python3.10/site-packages:${PYTHONPATH} /usr/bin/python3 -W ignore:setup.py install is deprecated -W ignore:easy_install command is deprecated setup.py egg_info --egg-base ../../build/hello build --build-base /home/masaki/ros2_setup_scripts/happy_ws/build/hello/build install --record /home/masaki/ros2_setup_scripts/happy_ws/build/hello/install.log --install-scripts $base/lib/hello --single-version-externally-managed install_data
[0.888s] Level 1:colcon.colcon_core.environment:checking '/home/masaki/ros2_setup_scripts/happy_ws/install/hello' for CMake module files
[0.889s] Level 1:colcon.colcon_core.environment:checking '/home/masaki/ros2_setup_scripts/happy_ws/install/hello' for CMake config files
[0.889s] Level 1:colcon.colcon_core.environment:checking '/home/masaki/ros2_setup_scripts/happy_ws/install/hello/lib'
[0.889s] Level 1:colcon.colcon_core.environment:checking '/home/masaki/ros2_setup_scripts/happy_ws/install/hello/bin'
[0.889s] Level 1:colcon.colcon_core.environment:checking '/home/masaki/ros2_setup_scripts/happy_ws/install/hello/lib/pkgconfig/hello.pc'
[0.889s] Level 1:colcon.colcon_core.environment:checking '/home/masaki/ros2_setup_scripts/happy_ws/install/hello/lib/python3.10/site-packages'
[0.889s] Level 1:colcon.colcon_core.shell:create_environment_hook('hello', 'pythonpath')
[0.890s] INFO:colcon.colcon_core.shell:Creating environment hook '/home/masaki/ros2_setup_scripts/happy_ws/install/hello/share/hello/hook/pythonpath.ps1'
[0.890s] INFO:colcon.colcon_core.shell:Creating environment descriptor '/home/masaki/ros2_setup_scripts/happy_ws/install/hello/share/hello/hook/pythonpath.dsv'
[0.890s] INFO:colcon.colcon_core.shell:Creating environment hook '/home/masaki/ros2_setup_scripts/happy_ws/install/hello/share/hello/hook/pythonpath.sh'
[0.890s] Level 1:colcon.colcon_core.environment:checking '/home/masaki/ros2_setup_scripts/happy_ws/install/hello/bin'
[0.891s] Level 1:colcon.colcon_core.environment:create_environment_scripts_only(hello)
[0.891s] INFO:colcon.colcon_core.shell:Creating package script '/home/masaki/ros2_setup_scripts/happy_ws/install/hello/share/hello/package.ps1'
[0.891s] INFO:colcon.colcon_core.shell:Creating package descriptor '/home/masaki/ros2_setup_scripts/happy_ws/install/hello/share/hello/package.dsv'
[0.892s] INFO:colcon.colcon_core.shell:Creating package script '/home/masaki/ros2_setup_scripts/happy_ws/install/hello/share/hello/package.sh'
[0.892s] INFO:colcon.colcon_core.shell:Creating package script '/home/masaki/ros2_setup_scripts/happy_ws/install/hello/share/hello/package.bash'
[0.893s] INFO:colcon.colcon_core.shell:Creating package script '/home/masaki/ros2_setup_scripts/happy_ws/install/hello/share/hello/package.zsh'
[0.893s] Level 1:colcon.colcon_core.environment:create_file_with_runtime_dependencies(/home/masaki/ros2_setup_scripts/happy_ws/install/hello/share/colcon-core/packages/hello)
[0.894s] Level 1:colcon.colcon_core.environment:checking '/home/masaki/ros2_setup_scripts/happy_ws/install/my_happy' for CMake module files
[0.894s] Level 1:colcon.colcon_core.environment:checking '/home/masaki/ros2_setup_scripts/happy_ws/install/my_happy' for CMake config files
[0.895s] DEBUG:colcon.colcon_core.event_handler.log_command:Invoked command in '/home/masaki/ros2_setup_scripts/happy_ws/src/my_happy' returned '0': CONDA_PROMPT_MODIFIER=(base) PYTHONPATH=/home/masaki/ros2_setup_scripts/happy_ws/build/my_happy/prefix_override:/usr/lib/python3/dist-packages/colcon_core/task/python/colcon_distutils_commands:/home/masaki/ros2_setup_scripts/happy_ws/install/my_happy/lib/python3.10/site-packages:${PYTHONPATH} /usr/bin/python3 -W ignore:setup.py install is deprecated -W ignore:easy_install command is deprecated setup.py egg_info --egg-base ../../build/my_happy build --build-base /home/masaki/ros2_setup_scripts/happy_ws/build/my_happy/build install --record /home/masaki/ros2_setup_scripts/happy_ws/build/my_happy/install.log --install-scripts $base/lib/my_happy --single-version-externally-managed install_data
[0.895s] Level 1:colcon.colcon_core.environment:checking '/home/masaki/ros2_setup_scripts/happy_ws/install/my_happy/lib'
[0.895s] Level 1:colcon.colcon_core.environment:checking '/home/masaki/ros2_setup_scripts/happy_ws/install/my_happy/bin'
[0.895s] Level 1:colcon.colcon_core.environment:checking '/home/masaki/ros2_setup_scripts/happy_ws/install/my_happy/lib/pkgconfig/my_happy.pc'
[0.895s] Level 1:colcon.colcon_core.environment:checking '/home/masaki/ros2_setup_scripts/happy_ws/install/my_happy/lib/python3.10/site-packages'
[0.895s] Level 1:colcon.colcon_core.shell:create_environment_hook('my_happy', 'pythonpath')
[0.895s] INFO:colcon.colcon_core.shell:Creating environment hook '/home/masaki/ros2_setup_scripts/happy_ws/install/my_happy/share/my_happy/hook/pythonpath.ps1'
[0.896s] INFO:colcon.colcon_core.shell:Creating environment descriptor '/home/masaki/ros2_setup_scripts/happy_ws/install/my_happy/share/my_happy/hook/pythonpath.dsv'
[0.896s] INFO:colcon.colcon_core.shell:Creating environment hook '/home/masaki/ros2_setup_scripts/happy_ws/install/my_happy/share/my_happy/hook/pythonpath.sh'
[0.896s] Level 1:colcon.colcon_core.environment:checking '/home/masaki/ros2_setup_scripts/happy_ws/install/my_happy/bin'
[0.896s] Level 1:colcon.colcon_core.environment:create_environment_scripts_only(my_happy)
[0.896s] INFO:colcon.colcon_core.shell:Creating package script '/home/masaki/ros2_setup_scripts/happy_ws/install/my_happy/share/my_happy/package.ps1'
[0.897s] INFO:colcon.colcon_core.shell:Creating package descriptor '/home/masaki/ros2_setup_scripts/happy_ws/install/my_happy/share/my_happy/package.dsv'
[0.897s] INFO:colcon.colcon_core.shell:Creating package script '/home/masaki/ros2_setup_scripts/happy_ws/install/my_happy/share/my_happy/package.sh'
[0.897s] INFO:colcon.colcon_core.shell:Creating package script '/home/masaki/ros2_setup_scripts/happy_ws/install/my_happy/share/my_happy/package.bash'
[0.897s] INFO:colcon.colcon_core.shell:Creating package script '/home/masaki/ros2_setup_scripts/happy_ws/install/my_happy/share/my_happy/package.zsh'
[0.898s] Level 1:colcon.colcon_core.environment:create_file_with_runtime_dependencies(/home/masaki/ros2_setup_scripts/happy_ws/install/my_happy/share/colcon-core/packages/my_happy)
[0.898s] DEBUG:colcon.colcon_parallel_executor.executor.parallel:closing loop
[0.898s] DEBUG:colcon.colcon_parallel_executor.executor.parallel:loop closed
[0.898s] DEBUG:colcon.colcon_parallel_executor.executor.parallel:run_until_complete finished with '0'
[0.898s] DEBUG:colcon.colcon_core.event_reactor:joining thread
[0.901s] INFO:colcon.colcon_core.plugin_system:Skipping extension 'colcon_notification.desktop_notification.terminal_notifier': Not used on non-Darwin systems
[0.901s] INFO:colcon.colcon_core.plugin_system:Skipping extension 'colcon_notification.desktop_notification.win32': Not used on non-Windows systems
[0.901s] INFO:colcon.colcon_notification.desktop_notification:Sending desktop notification using 'notify2'
[0.902s] DEBUG:colcon.colcon_notification.desktop_notification.notify2:Failed to initialize notify2: org.freedesktop.DBus.Error.FileNotFound: Failed to connect to socket /run/user/1000/bus: No such file or directory
[0.902s] DEBUG:colcon.colcon_core.event_reactor:joined thread
[0.902s] INFO:colcon.colcon_core.shell:Creating prefix script '/home/masaki/ros2_setup_scripts/happy_ws/install/local_setup.ps1'
[0.902s] INFO:colcon.colcon_core.shell:Creating prefix util module '/home/masaki/ros2_setup_scripts/happy_ws/install/_local_setup_util_ps1.py'
[0.903s] INFO:colcon.colcon_core.shell:Creating prefix chain script '/home/masaki/ros2_setup_scripts/happy_ws/install/setup.ps1'
[0.904s] INFO:colcon.colcon_core.shell:Creating prefix script '/home/masaki/ros2_setup_scripts/happy_ws/install/local_setup.sh'
[0.904s] INFO:colcon.colcon_core.shell:Creating prefix util module '/home/masaki/ros2_setup_scripts/happy_ws/install/_local_setup_util_sh.py'
[0.905s] INFO:colcon.colcon_core.shell:Creating prefix chain script '/home/masaki/ros2_setup_scripts/happy_ws/install/setup.sh'
[0.905s] INFO:colcon.colcon_core.shell:Creating prefix script '/home/masaki/ros2_setup_scripts/happy_ws/install/local_setup.bash'
[0.905s] INFO:colcon.colcon_core.shell:Creating prefix chain script '/home/masaki/ros2_setup_scripts/happy_ws/install/setup.bash'
[0.906s] INFO:colcon.colcon_core.shell:Creating prefix script '/home/masaki/ros2_setup_scripts/happy_ws/install/local_setup.zsh'
[0.906s] INFO:colcon.colcon_core.shell:Creating prefix chain script '/home/masaki/ros2_setup_scripts/happy_ws/install/setup.zsh'
