running egg_info
writing ../../build/happy_topic/happy_topic.egg-info/PKG-INFO
writing dependency_links to ../../build/happy_topic/happy_topic.egg-info/dependency_links.txt
writing entry points to ../../build/happy_topic/happy_topic.egg-info/entry_points.txt
writing requirements to ../../build/happy_topic/happy_topic.egg-info/requires.txt
writing top-level names to ../../build/happy_topic/happy_topic.egg-info/top_level.txt
reading manifest file '../../build/happy_topic/happy_topic.egg-info/SOURCES.txt'
writing manifest file '../../build/happy_topic/happy_topic.egg-info/SOURCES.txt'
running build
running build_py
running install
running install_lib
running install_data
running install_egg_info
removing '/home/masaki/ros2_setup_scripts/happy_ws/install/happy_topic/lib/python3.10/site-packages/happy_topic-0.0.0-py3.10.egg-info' (and everything under it)
Copying ../../build/happy_topic/happy_topic.egg-info to /home/masaki/ros2_setup_scripts/happy_ws/install/happy_topic/lib/python3.10/site-packages/happy_topic-0.0.0-py3.10.egg-info
running install_scripts
Installing happy_pub_node script to /home/masaki/ros2_setup_scripts/happy_ws/install/happy_topic/lib/happy_topic
Installing happy_sub_node script to /home/masaki/ros2_setup_scripts/happy_ws/install/happy_topic/lib/happy_topic
writing list of installed files to '/home/masaki/ros2_setup_scripts/happy_ws/build/happy_topic/install.log'
