[0.433s] Invoking command in '/home/masaki/ros2_setup_scripts/happy_ws/src/hello': CONDA_PROMPT_MODIFIER=(base) PYTHONPATH=/home/masaki/ros2_setup_scripts/happy_ws/build/hello/prefix_override:/usr/lib/python3/dist-packages/colcon_core/task/python/colcon_distutils_commands:/home/masaki/ros2_setup_scripts/happy_ws/install/hello/lib/python3.10/site-packages:${PYTHONPATH} /usr/bin/python3 -W ignore:setup.py install is deprecated -W ignore:easy_install command is deprecated setup.py egg_info --egg-base ../../build/hello build --build-base /home/masaki/ros2_setup_scripts/happy_ws/build/hello/build install --record /home/masaki/ros2_setup_scripts/happy_ws/build/hello/install.log --install-scripts $base/lib/hello --single-version-externally-managed install_data
[0.545s] running egg_info
[0.545s] creating ../../build/hello/hello.egg-info
[0.545s] writing ../../build/hello/hello.egg-info/PKG-INFO
[0.546s] writing dependency_links to ../../build/hello/hello.egg-info/dependency_links.txt
[0.546s] writing entry points to ../../build/hello/hello.egg-info/entry_points.txt
[0.546s] writing requirements to ../../build/hello/hello.egg-info/requires.txt
[0.546s] writing top-level names to ../../build/hello/hello.egg-info/top_level.txt
[0.546s] writing manifest file '../../build/hello/hello.egg-info/SOURCES.txt'
[0.547s] reading manifest file '../../build/hello/hello.egg-info/SOURCES.txt'
[0.547s] writing manifest file '../../build/hello/hello.egg-info/SOURCES.txt'
[0.547s] running build
[0.547s] running build_py
[0.547s] creating /home/masaki/ros2_setup_scripts/happy_ws/build/hello/build
[0.547s] creating /home/masaki/ros2_setup_scripts/happy_ws/build/hello/build/lib
[0.548s] creating /home/masaki/ros2_setup_scripts/happy_ws/build/hello/build/lib/hello
[0.548s] copying hello/__init__.py -> /home/masaki/ros2_setup_scripts/happy_ws/build/hello/build/lib/hello
[0.548s] copying hello/hello_node.py -> /home/masaki/ros2_setup_scripts/happy_ws/build/hello/build/lib/hello
[0.548s] running install
[0.548s] running install_lib
[0.548s] creating /home/masaki/ros2_setup_scripts/happy_ws/install/hello/lib/python3.10/site-packages/hello
[0.549s] copying /home/masaki/ros2_setup_scripts/happy_ws/build/hello/build/lib/hello/__init__.py -> /home/masaki/ros2_setup_scripts/happy_ws/install/hello/lib/python3.10/site-packages/hello
[0.549s] copying /home/masaki/ros2_setup_scripts/happy_ws/build/hello/build/lib/hello/hello_node.py -> /home/masaki/ros2_setup_scripts/happy_ws/install/hello/lib/python3.10/site-packages/hello
[0.549s] byte-compiling /home/masaki/ros2_setup_scripts/happy_ws/install/hello/lib/python3.10/site-packages/hello/__init__.py to __init__.cpython-310.pyc
[0.549s] byte-compiling /home/masaki/ros2_setup_scripts/happy_ws/install/hello/lib/python3.10/site-packages/hello/hello_node.py to hello_node.cpython-310.pyc
[0.549s] running install_data
[0.549s] creating /home/masaki/ros2_setup_scripts/happy_ws/install/hello/share/ament_index
[0.549s] creating /home/masaki/ros2_setup_scripts/happy_ws/install/hello/share/ament_index/resource_index
[0.550s] creating /home/masaki/ros2_setup_scripts/happy_ws/install/hello/share/ament_index/resource_index/packages
[0.550s] copying resource/hello -> /home/masaki/ros2_setup_scripts/happy_ws/install/hello/share/ament_index/resource_index/packages
[0.550s] copying package.xml -> /home/masaki/ros2_setup_scripts/happy_ws/install/hello/share/hello
[0.550s] running install_egg_info
[0.551s] Copying ../../build/hello/hello.egg-info to /home/masaki/ros2_setup_scripts/happy_ws/install/hello/lib/python3.10/site-packages/hello-0.0.0-py3.10.egg-info
[0.551s] running install_scripts
[0.563s] Installing hello_node script to /home/masaki/ros2_setup_scripts/happy_ws/install/hello/lib/hello
[0.563s] writing list of installed files to '/home/masaki/ros2_setup_scripts/happy_ws/build/hello/install.log'
[0.575s] Invoked command in '/home/masaki/ros2_setup_scripts/happy_ws/src/hello' returned '0': CONDA_PROMPT_MODIFIER=(base) PYTHONPATH=/home/masaki/ros2_setup_scripts/happy_ws/build/hello/prefix_override:/usr/lib/python3/dist-packages/colcon_core/task/python/colcon_distutils_commands:/home/masaki/ros2_setup_scripts/happy_ws/install/hello/lib/python3.10/site-packages:${PYTHONPATH} /usr/bin/python3 -W ignore:setup.py install is deprecated -W ignore:easy_install command is deprecated setup.py egg_info --egg-base ../../build/hello build --build-base /home/masaki/ros2_setup_scripts/happy_ws/build/hello/build install --record /home/masaki/ros2_setup_scripts/happy_ws/build/hello/install.log --install-scripts $base/lib/hello --single-version-externally-managed install_data
