[0.219s] DEBUG:colcon:Command line arguments: ['/usr/bin/colcon', 'build', '--symlink-install']
[0.219s] DEBUG:colcon:Parsed command line arguments: Namespace(log_base=None, log_level=None, verb_name='build', build_base='build', install_base='install', merge_install=False, symlink_install=True, test_result_base=None, continue_on_error=False, executor='parallel', parallel_workers=24, event_handlers=None, ignore_user_meta=False, metas=['./colcon.meta'], base_paths=['.'], packages_ignore=None, packages_ignore_regex=None, paths=None, packages_up_to=None, packages_up_to_regex=None, packages_above=None, packages_above_and_dependencies=None, packages_above_depth=None, packages_select_by_dep=None, packages_skip_by_dep=None, packages_skip_up_to=None, packages_select_build_failed=False, packages_skip_build_finished=False, packages_select_test_failures=False, packages_skip_test_passed=False, packages_select=None, packages_skip=None, packages_select_regex=None, packages_skip_regex=None, packages_start=None, packages_end=None, allow_overriding=[], cmake_args=None, cmake_target=None, cmake_target_skip_unavailable=False, cmake_clean_cache=False, cmake_clean_first=False, cmake_force_configure=False, ament_cmake_args=None, catkin_cmake_args=None, catkin_skip_building_tests=False, verb_parser=<colcon_defaults.argument_parser.defaults.DefaultArgumentsDecorator object at 0x768b10f5c850>, verb_extension=<colcon_core.verb.build.BuildVerb object at 0x768b1106a140>, main=<bound method BuildVerb.main of <colcon_core.verb.build.BuildVerb object at 0x768b1106a140>>)
[0.295s] Level 1:colcon.colcon_core.package_discovery:discover_packages(colcon_meta) check parameters
[0.295s] Level 1:colcon.colcon_core.package_discovery:discover_packages(recursive) check parameters
[0.295s] Level 1:colcon.colcon_core.package_discovery:discover_packages(ignore) check parameters
[0.295s] Level 1:colcon.colcon_core.package_discovery:discover_packages(path) check parameters
[0.295s] Level 1:colcon.colcon_core.package_discovery:discover_packages(colcon_meta) discover
[0.295s] Level 1:colcon.colcon_core.package_discovery:discover_packages(recursive) discover
[0.295s] INFO:colcon.colcon_core.package_discovery:Crawling recursively for packages in '/home/masaki/ros2_setup_scripts/turtlebot3_ws'
[0.296s] Level 1:colcon.colcon_core.package_identification:_identify(.) by extensions ['ignore', 'ignore_ament_install']
[0.296s] Level 1:colcon.colcon_core.package_identification:_identify(.) by extension 'ignore'
[0.296s] Level 1:colcon.colcon_core.package_identification:_identify(.) by extension 'ignore_ament_install'
[0.296s] Level 1:colcon.colcon_core.package_identification:_identify(.) by extensions ['colcon_pkg']
[0.296s] Level 1:colcon.colcon_core.package_identification:_identify(.) by extension 'colcon_pkg'
[0.296s] Level 1:colcon.colcon_core.package_identification:_identify(.) by extensions ['colcon_meta']
[0.296s] Level 1:colcon.colcon_core.package_identification:_identify(.) by extension 'colcon_meta'
[0.296s] Level 1:colcon.colcon_core.package_identification:_identify(.) by extensions ['ros']
[0.296s] Level 1:colcon.colcon_core.package_identification:_identify(.) by extension 'ros'
[0.302s] Level 1:colcon.colcon_core.package_identification:_identify(.) by extensions ['cmake', 'python']
[0.302s] Level 1:colcon.colcon_core.package_identification:_identify(.) by extension 'cmake'
[0.302s] Level 1:colcon.colcon_core.package_identification:_identify(.) by extension 'python'
[0.302s] Level 1:colcon.colcon_core.package_identification:_identify(.) by extensions ['python_setup_py']
[0.302s] Level 1:colcon.colcon_core.package_identification:_identify(.) by extension 'python_setup_py'
[0.302s] Level 1:colcon.colcon_core.package_identification:_identify(build) by extensions ['ignore', 'ignore_ament_install']
[0.302s] Level 1:colcon.colcon_core.package_identification:_identify(build) by extension 'ignore'
[0.302s] Level 1:colcon.colcon_core.package_identification:_identify(build) ignored
[0.302s] Level 1:colcon.colcon_core.package_identification:_identify(install) by extensions ['ignore', 'ignore_ament_install']
[0.302s] Level 1:colcon.colcon_core.package_identification:_identify(install) by extension 'ignore'
[0.302s] Level 1:colcon.colcon_core.package_identification:_identify(install) ignored
[0.302s] Level 1:colcon.colcon_core.package_identification:_identify(log) by extensions ['ignore', 'ignore_ament_install']
[0.302s] Level 1:colcon.colcon_core.package_identification:_identify(log) by extension 'ignore'
[0.302s] Level 1:colcon.colcon_core.package_identification:_identify(log) ignored
[0.302s] Level 1:colcon.colcon_core.package_identification:_identify(src) by extensions ['ignore', 'ignore_ament_install']
[0.302s] Level 1:colcon.colcon_core.package_identification:_identify(src) by extension 'ignore'
[0.302s] Level 1:colcon.colcon_core.package_identification:_identify(src) by extension 'ignore_ament_install'
[0.302s] Level 1:colcon.colcon_core.package_identification:_identify(src) by extensions ['colcon_pkg']
[0.302s] Level 1:colcon.colcon_core.package_identification:_identify(src) by extension 'colcon_pkg'
[0.302s] Level 1:colcon.colcon_core.package_identification:_identify(src) by extensions ['colcon_meta']
[0.302s] Level 1:colcon.colcon_core.package_identification:_identify(src) by extension 'colcon_meta'
[0.302s] Level 1:colcon.colcon_core.package_identification:_identify(src) by extensions ['ros']
[0.302s] Level 1:colcon.colcon_core.package_identification:_identify(src) by extension 'ros'
[0.302s] Level 1:colcon.colcon_core.package_identification:_identify(src) by extensions ['cmake', 'python']
[0.302s] Level 1:colcon.colcon_core.package_identification:_identify(src) by extension 'cmake'
[0.302s] Level 1:colcon.colcon_core.package_identification:_identify(src) by extension 'python'
[0.302s] Level 1:colcon.colcon_core.package_identification:_identify(src) by extensions ['python_setup_py']
[0.302s] Level 1:colcon.colcon_core.package_identification:_identify(src) by extension 'python_setup_py'
[0.303s] Level 1:colcon.colcon_core.package_identification:_identify(src/turtlebot3_simulations) by extensions ['ignore', 'ignore_ament_install']
[0.303s] Level 1:colcon.colcon_core.package_identification:_identify(src/turtlebot3_simulations) by extension 'ignore'
[0.303s] Level 1:colcon.colcon_core.package_identification:_identify(src/turtlebot3_simulations) by extension 'ignore_ament_install'
[0.303s] Level 1:colcon.colcon_core.package_identification:_identify(src/turtlebot3_simulations) by extensions ['colcon_pkg']
[0.303s] Level 1:colcon.colcon_core.package_identification:_identify(src/turtlebot3_simulations) by extension 'colcon_pkg'
[0.303s] Level 1:colcon.colcon_core.package_identification:_identify(src/turtlebot3_simulations) by extensions ['colcon_meta']
[0.303s] Level 1:colcon.colcon_core.package_identification:_identify(src/turtlebot3_simulations) by extension 'colcon_meta'
[0.303s] Level 1:colcon.colcon_core.package_identification:_identify(src/turtlebot3_simulations) by extensions ['ros']
[0.303s] Level 1:colcon.colcon_core.package_identification:_identify(src/turtlebot3_simulations) by extension 'ros'
[0.303s] Level 1:colcon.colcon_core.package_identification:_identify(src/turtlebot3_simulations) by extensions ['cmake', 'python']
[0.303s] Level 1:colcon.colcon_core.package_identification:_identify(src/turtlebot3_simulations) by extension 'cmake'
[0.303s] Level 1:colcon.colcon_core.package_identification:_identify(src/turtlebot3_simulations) by extension 'python'
[0.303s] Level 1:colcon.colcon_core.package_identification:_identify(src/turtlebot3_simulations) by extensions ['python_setup_py']
[0.303s] Level 1:colcon.colcon_core.package_identification:_identify(src/turtlebot3_simulations) by extension 'python_setup_py'
[0.303s] Level 1:colcon.colcon_core.package_identification:_identify(src/turtlebot3_simulations/turtlebot3_fake_node) by extensions ['ignore', 'ignore_ament_install']
[0.303s] Level 1:colcon.colcon_core.package_identification:_identify(src/turtlebot3_simulations/turtlebot3_fake_node) by extension 'ignore'
[0.303s] Level 1:colcon.colcon_core.package_identification:_identify(src/turtlebot3_simulations/turtlebot3_fake_node) by extension 'ignore_ament_install'
[0.303s] Level 1:colcon.colcon_core.package_identification:_identify(src/turtlebot3_simulations/turtlebot3_fake_node) by extensions ['colcon_pkg']
[0.303s] Level 1:colcon.colcon_core.package_identification:_identify(src/turtlebot3_simulations/turtlebot3_fake_node) by extension 'colcon_pkg'
[0.303s] Level 1:colcon.colcon_core.package_identification:_identify(src/turtlebot3_simulations/turtlebot3_fake_node) by extensions ['colcon_meta']
[0.303s] Level 1:colcon.colcon_core.package_identification:_identify(src/turtlebot3_simulations/turtlebot3_fake_node) by extension 'colcon_meta'
[0.303s] Level 1:colcon.colcon_core.package_identification:_identify(src/turtlebot3_simulations/turtlebot3_fake_node) by extensions ['ros']
[0.303s] Level 1:colcon.colcon_core.package_identification:_identify(src/turtlebot3_simulations/turtlebot3_fake_node) by extension 'ros'
[0.304s] DEBUG:colcon.colcon_core.package_identification:Package 'src/turtlebot3_simulations/turtlebot3_fake_node' with type 'ros.ament_cmake' and name 'turtlebot3_fake_node'
[0.304s] Level 1:colcon.colcon_core.package_identification:_identify(src/turtlebot3_simulations/turtlebot3_gazebo) by extensions ['ignore', 'ignore_ament_install']
[0.305s] Level 1:colcon.colcon_core.package_identification:_identify(src/turtlebot3_simulations/turtlebot3_gazebo) by extension 'ignore'
[0.305s] Level 1:colcon.colcon_core.package_identification:_identify(src/turtlebot3_simulations/turtlebot3_gazebo) by extension 'ignore_ament_install'
[0.305s] Level 1:colcon.colcon_core.package_identification:_identify(src/turtlebot3_simulations/turtlebot3_gazebo) by extensions ['colcon_pkg']
[0.305s] Level 1:colcon.colcon_core.package_identification:_identify(src/turtlebot3_simulations/turtlebot3_gazebo) by extension 'colcon_pkg'
[0.305s] Level 1:colcon.colcon_core.package_identification:_identify(src/turtlebot3_simulations/turtlebot3_gazebo) by extensions ['colcon_meta']
[0.305s] Level 1:colcon.colcon_core.package_identification:_identify(src/turtlebot3_simulations/turtlebot3_gazebo) by extension 'colcon_meta'
[0.305s] Level 1:colcon.colcon_core.package_identification:_identify(src/turtlebot3_simulations/turtlebot3_gazebo) by extensions ['ros']
[0.305s] Level 1:colcon.colcon_core.package_identification:_identify(src/turtlebot3_simulations/turtlebot3_gazebo) by extension 'ros'
[0.305s] DEBUG:colcon.colcon_core.package_identification:Package 'src/turtlebot3_simulations/turtlebot3_gazebo' with type 'ros.ament_cmake' and name 'turtlebot3_gazebo'
[0.305s] Level 1:colcon.colcon_core.package_identification:_identify(src/turtlebot3_simulations/turtlebot3_manipulation_gazebo) by extensions ['ignore', 'ignore_ament_install']
[0.305s] Level 1:colcon.colcon_core.package_identification:_identify(src/turtlebot3_simulations/turtlebot3_manipulation_gazebo) by extension 'ignore'
[0.305s] Level 1:colcon.colcon_core.package_identification:_identify(src/turtlebot3_simulations/turtlebot3_manipulation_gazebo) by extension 'ignore_ament_install'
[0.305s] Level 1:colcon.colcon_core.package_identification:_identify(src/turtlebot3_simulations/turtlebot3_manipulation_gazebo) by extensions ['colcon_pkg']
[0.305s] Level 1:colcon.colcon_core.package_identification:_identify(src/turtlebot3_simulations/turtlebot3_manipulation_gazebo) by extension 'colcon_pkg'
[0.305s] Level 1:colcon.colcon_core.package_identification:_identify(src/turtlebot3_simulations/turtlebot3_manipulation_gazebo) by extensions ['colcon_meta']
[0.305s] Level 1:colcon.colcon_core.package_identification:_identify(src/turtlebot3_simulations/turtlebot3_manipulation_gazebo) by extension 'colcon_meta'
[0.305s] Level 1:colcon.colcon_core.package_identification:_identify(src/turtlebot3_simulations/turtlebot3_manipulation_gazebo) by extensions ['ros']
[0.305s] Level 1:colcon.colcon_core.package_identification:_identify(src/turtlebot3_simulations/turtlebot3_manipulation_gazebo) by extension 'ros'
[0.306s] DEBUG:colcon.colcon_core.package_identification:Package 'src/turtlebot3_simulations/turtlebot3_manipulation_gazebo' with type 'ros.ament_cmake' and name 'turtlebot3_manipulation_gazebo'
[0.306s] Level 1:colcon.colcon_core.package_identification:_identify(src/turtlebot3_simulations/turtlebot3_simulations) by extensions ['ignore', 'ignore_ament_install']
[0.306s] Level 1:colcon.colcon_core.package_identification:_identify(src/turtlebot3_simulations/turtlebot3_simulations) by extension 'ignore'
[0.306s] Level 1:colcon.colcon_core.package_identification:_identify(src/turtlebot3_simulations/turtlebot3_simulations) by extension 'ignore_ament_install'
[0.306s] Level 1:colcon.colcon_core.package_identification:_identify(src/turtlebot3_simulations/turtlebot3_simulations) by extensions ['colcon_pkg']
[0.306s] Level 1:colcon.colcon_core.package_identification:_identify(src/turtlebot3_simulations/turtlebot3_simulations) by extension 'colcon_pkg'
[0.306s] Level 1:colcon.colcon_core.package_identification:_identify(src/turtlebot3_simulations/turtlebot3_simulations) by extensions ['colcon_meta']
[0.306s] Level 1:colcon.colcon_core.package_identification:_identify(src/turtlebot3_simulations/turtlebot3_simulations) by extension 'colcon_meta'
[0.306s] Level 1:colcon.colcon_core.package_identification:_identify(src/turtlebot3_simulations/turtlebot3_simulations) by extensions ['ros']
[0.306s] Level 1:colcon.colcon_core.package_identification:_identify(src/turtlebot3_simulations/turtlebot3_simulations) by extension 'ros'
[0.306s] DEBUG:colcon.colcon_core.package_identification:Package 'src/turtlebot3_simulations/turtlebot3_simulations' with type 'ros.ament_cmake' and name 'turtlebot3_simulations'
[0.306s] Level 1:colcon.colcon_core.package_discovery:discover_packages(recursive) using defaults
[0.306s] Level 1:colcon.colcon_core.package_discovery:discover_packages(ignore) discover
[0.306s] Level 1:colcon.colcon_core.package_discovery:discover_packages(ignore) using defaults
[0.306s] Level 1:colcon.colcon_core.package_discovery:discover_packages(path) discover
[0.306s] Level 1:colcon.colcon_core.package_discovery:discover_packages(path) using defaults
[0.324s] Level 1:colcon.colcon_core.package_discovery:discover_packages(prefix_path) check parameters
[0.324s] Level 1:colcon.colcon_core.package_discovery:discover_packages(prefix_path) discover
[0.324s] DEBUG:colcon.colcon_installed_package_information.package_discovery:Found 1 installed packages in /home/masaki/ros2_setup_scripts/ros2_ws/install
[0.325s] DEBUG:colcon.colcon_installed_package_information.package_discovery:Found 1 installed packages in /home/masaki/ros2_setup_scripts/happy_ws/install
[0.325s] DEBUG:colcon.colcon_installed_package_information.package_discovery:Found 378 installed packages in /opt/ros/humble
[0.326s] Level 1:colcon.colcon_core.package_discovery:discover_packages(prefix_path) using defaults
[0.348s] Level 5:colcon.colcon_core.verb:set package 'turtlebot3_fake_node' build argument 'cmake_args' from command line to 'None'
[0.348s] Level 5:colcon.colcon_core.verb:set package 'turtlebot3_fake_node' build argument 'cmake_target' from command line to 'None'
[0.348s] Level 5:colcon.colcon_core.verb:set package 'turtlebot3_fake_node' build argument 'cmake_target_skip_unavailable' from command line to 'False'
[0.348s] Level 5:colcon.colcon_core.verb:set package 'turtlebot3_fake_node' build argument 'cmake_clean_cache' from command line to 'False'
[0.348s] Level 5:colcon.colcon_core.verb:set package 'turtlebot3_fake_node' build argument 'cmake_clean_first' from command line to 'False'
[0.348s] Level 5:colcon.colcon_core.verb:set package 'turtlebot3_fake_node' build argument 'cmake_force_configure' from command line to 'False'
[0.348s] Level 5:colcon.colcon_core.verb:set package 'turtlebot3_fake_node' build argument 'ament_cmake_args' from command line to 'None'
[0.348s] Level 5:colcon.colcon_core.verb:set package 'turtlebot3_fake_node' build argument 'catkin_cmake_args' from command line to 'None'
[0.348s] Level 5:colcon.colcon_core.verb:set package 'turtlebot3_fake_node' build argument 'catkin_skip_building_tests' from command line to 'False'
[0.348s] DEBUG:colcon.colcon_core.verb:Building package 'turtlebot3_fake_node' with the following arguments: {'ament_cmake_args': None, 'build_base': '/home/masaki/ros2_setup_scripts/turtlebot3_ws/build/turtlebot3_fake_node', 'catkin_cmake_args': None, 'catkin_skip_building_tests': False, 'cmake_args': None, 'cmake_clean_cache': False, 'cmake_clean_first': False, 'cmake_force_configure': False, 'cmake_target': None, 'cmake_target_skip_unavailable': False, 'install_base': '/home/masaki/ros2_setup_scripts/turtlebot3_ws/install/turtlebot3_fake_node', 'merge_install': False, 'path': '/home/masaki/ros2_setup_scripts/turtlebot3_ws/src/turtlebot3_simulations/turtlebot3_fake_node', 'symlink_install': True, 'test_result_base': None}
[0.348s] Level 5:colcon.colcon_core.verb:set package 'turtlebot3_gazebo' build argument 'cmake_args' from command line to 'None'
[0.348s] Level 5:colcon.colcon_core.verb:set package 'turtlebot3_gazebo' build argument 'cmake_target' from command line to 'None'
[0.348s] Level 5:colcon.colcon_core.verb:set package 'turtlebot3_gazebo' build argument 'cmake_target_skip_unavailable' from command line to 'False'
[0.348s] Level 5:colcon.colcon_core.verb:set package 'turtlebot3_gazebo' build argument 'cmake_clean_cache' from command line to 'False'
[0.348s] Level 5:colcon.colcon_core.verb:set package 'turtlebot3_gazebo' build argument 'cmake_clean_first' from command line to 'False'
[0.348s] Level 5:colcon.colcon_core.verb:set package 'turtlebot3_gazebo' build argument 'cmake_force_configure' from command line to 'False'
[0.348s] Level 5:colcon.colcon_core.verb:set package 'turtlebot3_gazebo' build argument 'ament_cmake_args' from command line to 'None'
[0.348s] Level 5:colcon.colcon_core.verb:set package 'turtlebot3_gazebo' build argument 'catkin_cmake_args' from command line to 'None'
[0.348s] Level 5:colcon.colcon_core.verb:set package 'turtlebot3_gazebo' build argument 'catkin_skip_building_tests' from command line to 'False'
[0.348s] DEBUG:colcon.colcon_core.verb:Building package 'turtlebot3_gazebo' with the following arguments: {'ament_cmake_args': None, 'build_base': '/home/masaki/ros2_setup_scripts/turtlebot3_ws/build/turtlebot3_gazebo', 'catkin_cmake_args': None, 'catkin_skip_building_tests': False, 'cmake_args': None, 'cmake_clean_cache': False, 'cmake_clean_first': False, 'cmake_force_configure': False, 'cmake_target': None, 'cmake_target_skip_unavailable': False, 'install_base': '/home/masaki/ros2_setup_scripts/turtlebot3_ws/install/turtlebot3_gazebo', 'merge_install': False, 'path': '/home/masaki/ros2_setup_scripts/turtlebot3_ws/src/turtlebot3_simulations/turtlebot3_gazebo', 'symlink_install': True, 'test_result_base': None}
[0.348s] Level 5:colcon.colcon_core.verb:set package 'turtlebot3_manipulation_gazebo' build argument 'cmake_args' from command line to 'None'
[0.348s] Level 5:colcon.colcon_core.verb:set package 'turtlebot3_manipulation_gazebo' build argument 'cmake_target' from command line to 'None'
[0.348s] Level 5:colcon.colcon_core.verb:set package 'turtlebot3_manipulation_gazebo' build argument 'cmake_target_skip_unavailable' from command line to 'False'
[0.348s] Level 5:colcon.colcon_core.verb:set package 'turtlebot3_manipulation_gazebo' build argument 'cmake_clean_cache' from command line to 'False'
[0.348s] Level 5:colcon.colcon_core.verb:set package 'turtlebot3_manipulation_gazebo' build argument 'cmake_clean_first' from command line to 'False'
[0.348s] Level 5:colcon.colcon_core.verb:set package 'turtlebot3_manipulation_gazebo' build argument 'cmake_force_configure' from command line to 'False'
[0.348s] Level 5:colcon.colcon_core.verb:set package 'turtlebot3_manipulation_gazebo' build argument 'ament_cmake_args' from command line to 'None'
[0.348s] Level 5:colcon.colcon_core.verb:set package 'turtlebot3_manipulation_gazebo' build argument 'catkin_cmake_args' from command line to 'None'
[0.348s] Level 5:colcon.colcon_core.verb:set package 'turtlebot3_manipulation_gazebo' build argument 'catkin_skip_building_tests' from command line to 'False'
[0.348s] DEBUG:colcon.colcon_core.verb:Building package 'turtlebot3_manipulation_gazebo' with the following arguments: {'ament_cmake_args': None, 'build_base': '/home/masaki/ros2_setup_scripts/turtlebot3_ws/build/turtlebot3_manipulation_gazebo', 'catkin_cmake_args': None, 'catkin_skip_building_tests': False, 'cmake_args': None, 'cmake_clean_cache': False, 'cmake_clean_first': False, 'cmake_force_configure': False, 'cmake_target': None, 'cmake_target_skip_unavailable': False, 'install_base': '/home/masaki/ros2_setup_scripts/turtlebot3_ws/install/turtlebot3_manipulation_gazebo', 'merge_install': False, 'path': '/home/masaki/ros2_setup_scripts/turtlebot3_ws/src/turtlebot3_simulations/turtlebot3_manipulation_gazebo', 'symlink_install': True, 'test_result_base': None}
[0.349s] Level 5:colcon.colcon_core.verb:set package 'turtlebot3_simulations' build argument 'cmake_args' from command line to 'None'
[0.349s] Level 5:colcon.colcon_core.verb:set package 'turtlebot3_simulations' build argument 'cmake_target' from command line to 'None'
[0.349s] Level 5:colcon.colcon_core.verb:set package 'turtlebot3_simulations' build argument 'cmake_target_skip_unavailable' from command line to 'False'
[0.349s] Level 5:colcon.colcon_core.verb:set package 'turtlebot3_simulations' build argument 'cmake_clean_cache' from command line to 'False'
[0.349s] Level 5:colcon.colcon_core.verb:set package 'turtlebot3_simulations' build argument 'cmake_clean_first' from command line to 'False'
[0.349s] Level 5:colcon.colcon_core.verb:set package 'turtlebot3_simulations' build argument 'cmake_force_configure' from command line to 'False'
[0.349s] Level 5:colcon.colcon_core.verb:set package 'turtlebot3_simulations' build argument 'ament_cmake_args' from command line to 'None'
[0.349s] Level 5:colcon.colcon_core.verb:set package 'turtlebot3_simulations' build argument 'catkin_cmake_args' from command line to 'None'
[0.349s] Level 5:colcon.colcon_core.verb:set package 'turtlebot3_simulations' build argument 'catkin_skip_building_tests' from command line to 'False'
[0.349s] DEBUG:colcon.colcon_core.verb:Building package 'turtlebot3_simulations' with the following arguments: {'ament_cmake_args': None, 'build_base': '/home/masaki/ros2_setup_scripts/turtlebot3_ws/build/turtlebot3_simulations', 'catkin_cmake_args': None, 'catkin_skip_building_tests': False, 'cmake_args': None, 'cmake_clean_cache': False, 'cmake_clean_first': False, 'cmake_force_configure': False, 'cmake_target': None, 'cmake_target_skip_unavailable': False, 'install_base': '/home/masaki/ros2_setup_scripts/turtlebot3_ws/install/turtlebot3_simulations', 'merge_install': False, 'path': '/home/masaki/ros2_setup_scripts/turtlebot3_ws/src/turtlebot3_simulations/turtlebot3_simulations', 'symlink_install': True, 'test_result_base': None}
[0.349s] INFO:colcon.colcon_core.executor:Executing jobs using 'parallel' executor
[0.350s] DEBUG:colcon.colcon_parallel_executor.executor.parallel:run_until_complete
[0.350s] INFO:colcon.colcon_ros.task.ament_cmake.build:Building ROS package in '/home/masaki/ros2_setup_scripts/turtlebot3_ws/src/turtlebot3_simulations/turtlebot3_fake_node' with build type 'ament_cmake'
[0.350s] INFO:colcon.colcon_cmake.task.cmake.build:Building CMake package in '/home/masaki/ros2_setup_scripts/turtlebot3_ws/src/turtlebot3_simulations/turtlebot3_fake_node'
[0.351s] INFO:colcon.colcon_core.plugin_system:Skipping extension 'colcon_core.shell.bat': Not used on non-Windows systems
[0.351s] INFO:colcon.colcon_core.shell:Skip shell extension 'powershell' for command environment: Not usable outside of PowerShell
[0.351s] DEBUG:colcon.colcon_core.shell:Skip shell extension 'dsv' for command environment
[0.354s] INFO:colcon.colcon_ros.task.ament_cmake.build:Building ROS package in '/home/masaki/ros2_setup_scripts/turtlebot3_ws/src/turtlebot3_simulations/turtlebot3_gazebo' with build type 'ament_cmake'
[0.354s] INFO:colcon.colcon_cmake.task.cmake.build:Building CMake package in '/home/masaki/ros2_setup_scripts/turtlebot3_ws/src/turtlebot3_simulations/turtlebot3_gazebo'
[0.354s] INFO:colcon.colcon_core.shell:Skip shell extension 'powershell' for command environment: Not usable outside of PowerShell
[0.354s] DEBUG:colcon.colcon_core.shell:Skip shell extension 'dsv' for command environment
[0.357s] INFO:colcon.colcon_ros.task.ament_cmake.build:Building ROS package in '/home/masaki/ros2_setup_scripts/turtlebot3_ws/src/turtlebot3_simulations/turtlebot3_manipulation_gazebo' with build type 'ament_cmake'
[0.357s] INFO:colcon.colcon_cmake.task.cmake.build:Building CMake package in '/home/masaki/ros2_setup_scripts/turtlebot3_ws/src/turtlebot3_simulations/turtlebot3_manipulation_gazebo'
[0.357s] INFO:colcon.colcon_core.shell:Skip shell extension 'powershell' for command environment: Not usable outside of PowerShell
[0.357s] DEBUG:colcon.colcon_core.shell:Skip shell extension 'dsv' for command environment
[0.364s] DEBUG:colcon.colcon_core.event_handler.log_command:Invoking command in '/home/masaki/ros2_setup_scripts/turtlebot3_ws/build/turtlebot3_fake_node': CMAKE_PREFIX_PATH=/home/masaki/ros2_setup_scripts/ros2_ws/install/mypkg:/home/masaki/ros2_setup_scripts/happy_ws/install/hello:/opt/ros/humble /usr/bin/cmake /home/masaki/ros2_setup_scripts/turtlebot3_ws/src/turtlebot3_simulations/turtlebot3_fake_node -DAMENT_CMAKE_SYMLINK_INSTALL=1 -DCMAKE_INSTALL_PREFIX=/home/masaki/ros2_setup_scripts/turtlebot3_ws/install/turtlebot3_fake_node
[0.367s] DEBUG:colcon.colcon_core.event_handler.log_command:Invoking command in '/home/masaki/ros2_setup_scripts/turtlebot3_ws/build/turtlebot3_gazebo': CMAKE_PREFIX_PATH=/home/masaki/ros2_setup_scripts/ros2_ws/install/mypkg:/home/masaki/ros2_setup_scripts/happy_ws/install/hello:/opt/ros/humble /usr/bin/cmake /home/masaki/ros2_setup_scripts/turtlebot3_ws/src/turtlebot3_simulations/turtlebot3_gazebo -DAMENT_CMAKE_SYMLINK_INSTALL=1 -DCMAKE_INSTALL_PREFIX=/home/masaki/ros2_setup_scripts/turtlebot3_ws/install/turtlebot3_gazebo
[0.372s] DEBUG:colcon.colcon_core.event_handler.log_command:Invoking command in '/home/masaki/ros2_setup_scripts/turtlebot3_ws/build/turtlebot3_manipulation_gazebo': CMAKE_PREFIX_PATH=/home/masaki/ros2_setup_scripts/ros2_ws/install/mypkg:/home/masaki/ros2_setup_scripts/happy_ws/install/hello:/opt/ros/humble /usr/bin/cmake /home/masaki/ros2_setup_scripts/turtlebot3_ws/src/turtlebot3_simulations/turtlebot3_manipulation_gazebo -DAMENT_CMAKE_SYMLINK_INSTALL=1 -DCMAKE_INSTALL_PREFIX=/home/masaki/ros2_setup_scripts/turtlebot3_ws/install/turtlebot3_manipulation_gazebo
[1.544s] DEBUG:colcon.colcon_core.event_handler.log_command:Invoked command in '/home/masaki/ros2_setup_scripts/turtlebot3_ws/build/turtlebot3_manipulation_gazebo' returned '0': CMAKE_PREFIX_PATH=/home/masaki/ros2_setup_scripts/ros2_ws/install/mypkg:/home/masaki/ros2_setup_scripts/happy_ws/install/hello:/opt/ros/humble /usr/bin/cmake /home/masaki/ros2_setup_scripts/turtlebot3_ws/src/turtlebot3_simulations/turtlebot3_manipulation_gazebo -DAMENT_CMAKE_SYMLINK_INSTALL=1 -DCMAKE_INSTALL_PREFIX=/home/masaki/ros2_setup_scripts/turtlebot3_ws/install/turtlebot3_manipulation_gazebo
[1.546s] DEBUG:colcon.colcon_core.event_handler.log_command:Invoking command in '/home/masaki/ros2_setup_scripts/turtlebot3_ws/build/turtlebot3_manipulation_gazebo': CMAKE_PREFIX_PATH=/home/masaki/ros2_setup_scripts/ros2_ws/install/mypkg:/home/masaki/ros2_setup_scripts/happy_ws/install/hello:/opt/ros/humble /usr/bin/cmake --build /home/masaki/ros2_setup_scripts/turtlebot3_ws/build/turtlebot3_manipulation_gazebo -- -j24 -l24
[1.569s] DEBUG:colcon.colcon_core.event_handler.log_command:Invoked command in '/home/masaki/ros2_setup_scripts/turtlebot3_ws/build/turtlebot3_manipulation_gazebo' returned '0': CMAKE_PREFIX_PATH=/home/masaki/ros2_setup_scripts/ros2_ws/install/mypkg:/home/masaki/ros2_setup_scripts/happy_ws/install/hello:/opt/ros/humble /usr/bin/cmake --build /home/masaki/ros2_setup_scripts/turtlebot3_ws/build/turtlebot3_manipulation_gazebo -- -j24 -l24
[1.577s] DEBUG:colcon.colcon_core.event_handler.log_command:Invoking command in '/home/masaki/ros2_setup_scripts/turtlebot3_ws/build/turtlebot3_manipulation_gazebo': CMAKE_PREFIX_PATH=/home/masaki/ros2_setup_scripts/ros2_ws/install/mypkg:/home/masaki/ros2_setup_scripts/happy_ws/install/hello:/opt/ros/humble /usr/bin/cmake --install /home/masaki/ros2_setup_scripts/turtlebot3_ws/build/turtlebot3_manipulation_gazebo
[2.099s] Level 1:colcon.colcon_core.environment:create_environment_scripts_only(turtlebot3_manipulation_gazebo)
[2.100s] DEBUG:colcon.colcon_core.event_handler.log_command:Invoked command in '/home/masaki/ros2_setup_scripts/turtlebot3_ws/build/turtlebot3_manipulation_gazebo' returned '0': CMAKE_PREFIX_PATH=/home/masaki/ros2_setup_scripts/ros2_ws/install/mypkg:/home/masaki/ros2_setup_scripts/happy_ws/install/hello:/opt/ros/humble /usr/bin/cmake --install /home/masaki/ros2_setup_scripts/turtlebot3_ws/build/turtlebot3_manipulation_gazebo
[2.101s] Level 1:colcon.colcon_core.environment:checking '/home/masaki/ros2_setup_scripts/turtlebot3_ws/install/turtlebot3_manipulation_gazebo' for CMake module files
[2.101s] Level 1:colcon.colcon_core.environment:checking '/home/masaki/ros2_setup_scripts/turtlebot3_ws/install/turtlebot3_manipulation_gazebo' for CMake config files
[2.102s] Level 1:colcon.colcon_core.shell:create_environment_hook('turtlebot3_manipulation_gazebo', 'cmake_prefix_path')
[2.102s] INFO:colcon.colcon_core.shell:Creating environment hook '/home/masaki/ros2_setup_scripts/turtlebot3_ws/install/turtlebot3_manipulation_gazebo/share/turtlebot3_manipulation_gazebo/hook/cmake_prefix_path.ps1'
[2.103s] INFO:colcon.colcon_core.shell:Creating environment descriptor '/home/masaki/ros2_setup_scripts/turtlebot3_ws/install/turtlebot3_manipulation_gazebo/share/turtlebot3_manipulation_gazebo/hook/cmake_prefix_path.dsv'
[2.103s] INFO:colcon.colcon_core.shell:Creating environment hook '/home/masaki/ros2_setup_scripts/turtlebot3_ws/install/turtlebot3_manipulation_gazebo/share/turtlebot3_manipulation_gazebo/hook/cmake_prefix_path.sh'
[2.104s] Level 1:colcon.colcon_core.environment:checking '/home/masaki/ros2_setup_scripts/turtlebot3_ws/install/turtlebot3_manipulation_gazebo/bin'
[2.104s] Level 1:colcon.colcon_core.environment:checking '/home/masaki/ros2_setup_scripts/turtlebot3_ws/install/turtlebot3_manipulation_gazebo/lib/pkgconfig/turtlebot3_manipulation_gazebo.pc'
[2.104s] Level 1:colcon.colcon_core.environment:checking '/home/masaki/ros2_setup_scripts/turtlebot3_ws/install/turtlebot3_manipulation_gazebo/lib/python3.10/site-packages'
[2.104s] Level 1:colcon.colcon_core.environment:checking '/home/masaki/ros2_setup_scripts/turtlebot3_ws/install/turtlebot3_manipulation_gazebo/bin'
[2.105s] INFO:colcon.colcon_core.shell:Creating package script '/home/masaki/ros2_setup_scripts/turtlebot3_ws/install/turtlebot3_manipulation_gazebo/share/turtlebot3_manipulation_gazebo/package.ps1'
[2.105s] INFO:colcon.colcon_core.shell:Creating package descriptor '/home/masaki/ros2_setup_scripts/turtlebot3_ws/install/turtlebot3_manipulation_gazebo/share/turtlebot3_manipulation_gazebo/package.dsv'
[2.106s] INFO:colcon.colcon_core.shell:Creating package script '/home/masaki/ros2_setup_scripts/turtlebot3_ws/install/turtlebot3_manipulation_gazebo/share/turtlebot3_manipulation_gazebo/package.sh'
[2.106s] INFO:colcon.colcon_core.shell:Creating package script '/home/masaki/ros2_setup_scripts/turtlebot3_ws/install/turtlebot3_manipulation_gazebo/share/turtlebot3_manipulation_gazebo/package.bash'
[2.106s] INFO:colcon.colcon_core.shell:Creating package script '/home/masaki/ros2_setup_scripts/turtlebot3_ws/install/turtlebot3_manipulation_gazebo/share/turtlebot3_manipulation_gazebo/package.zsh'
[2.107s] Level 1:colcon.colcon_core.environment:create_file_with_runtime_dependencies(/home/masaki/ros2_setup_scripts/turtlebot3_ws/install/turtlebot3_manipulation_gazebo/share/colcon-core/packages/turtlebot3_manipulation_gazebo)
[2.107s] Level 1:colcon.colcon_core.environment:create_environment_scripts_only(turtlebot3_manipulation_gazebo)
[2.108s] Level 1:colcon.colcon_core.environment:checking '/home/masaki/ros2_setup_scripts/turtlebot3_ws/install/turtlebot3_manipulation_gazebo' for CMake module files
[2.108s] Level 1:colcon.colcon_core.environment:checking '/home/masaki/ros2_setup_scripts/turtlebot3_ws/install/turtlebot3_manipulation_gazebo' for CMake config files
[2.108s] Level 1:colcon.colcon_core.shell:create_environment_hook('turtlebot3_manipulation_gazebo', 'cmake_prefix_path')
[2.109s] INFO:colcon.colcon_core.shell:Creating environment hook '/home/masaki/ros2_setup_scripts/turtlebot3_ws/install/turtlebot3_manipulation_gazebo/share/turtlebot3_manipulation_gazebo/hook/cmake_prefix_path.ps1'
[2.109s] INFO:colcon.colcon_core.shell:Creating environment descriptor '/home/masaki/ros2_setup_scripts/turtlebot3_ws/install/turtlebot3_manipulation_gazebo/share/turtlebot3_manipulation_gazebo/hook/cmake_prefix_path.dsv'
[2.109s] INFO:colcon.colcon_core.shell:Creating environment hook '/home/masaki/ros2_setup_scripts/turtlebot3_ws/install/turtlebot3_manipulation_gazebo/share/turtlebot3_manipulation_gazebo/hook/cmake_prefix_path.sh'
[2.110s] Level 1:colcon.colcon_core.environment:checking '/home/masaki/ros2_setup_scripts/turtlebot3_ws/install/turtlebot3_manipulation_gazebo/bin'
[2.110s] Level 1:colcon.colcon_core.environment:checking '/home/masaki/ros2_setup_scripts/turtlebot3_ws/install/turtlebot3_manipulation_gazebo/lib/pkgconfig/turtlebot3_manipulation_gazebo.pc'
[2.110s] Level 1:colcon.colcon_core.environment:checking '/home/masaki/ros2_setup_scripts/turtlebot3_ws/install/turtlebot3_manipulation_gazebo/lib/python3.10/site-packages'
[2.110s] Level 1:colcon.colcon_core.environment:checking '/home/masaki/ros2_setup_scripts/turtlebot3_ws/install/turtlebot3_manipulation_gazebo/bin'
[2.110s] INFO:colcon.colcon_core.shell:Creating package script '/home/masaki/ros2_setup_scripts/turtlebot3_ws/install/turtlebot3_manipulation_gazebo/share/turtlebot3_manipulation_gazebo/package.ps1'
[2.110s] INFO:colcon.colcon_core.shell:Creating package descriptor '/home/masaki/ros2_setup_scripts/turtlebot3_ws/install/turtlebot3_manipulation_gazebo/share/turtlebot3_manipulation_gazebo/package.dsv'
[2.111s] INFO:colcon.colcon_core.shell:Creating package script '/home/masaki/ros2_setup_scripts/turtlebot3_ws/install/turtlebot3_manipulation_gazebo/share/turtlebot3_manipulation_gazebo/package.sh'
[2.111s] INFO:colcon.colcon_core.shell:Creating package script '/home/masaki/ros2_setup_scripts/turtlebot3_ws/install/turtlebot3_manipulation_gazebo/share/turtlebot3_manipulation_gazebo/package.bash'
[2.111s] INFO:colcon.colcon_core.shell:Creating package script '/home/masaki/ros2_setup_scripts/turtlebot3_ws/install/turtlebot3_manipulation_gazebo/share/turtlebot3_manipulation_gazebo/package.zsh'
[2.111s] Level 1:colcon.colcon_core.environment:create_file_with_runtime_dependencies(/home/masaki/ros2_setup_scripts/turtlebot3_ws/install/turtlebot3_manipulation_gazebo/share/colcon-core/packages/turtlebot3_manipulation_gazebo)
[8.473s] DEBUG:colcon.colcon_core.event_handler.log_command:Invoked command in '/home/masaki/ros2_setup_scripts/turtlebot3_ws/build/turtlebot3_fake_node' returned '0': CMAKE_PREFIX_PATH=/home/masaki/ros2_setup_scripts/ros2_ws/install/mypkg:/home/masaki/ros2_setup_scripts/happy_ws/install/hello:/opt/ros/humble /usr/bin/cmake /home/masaki/ros2_setup_scripts/turtlebot3_ws/src/turtlebot3_simulations/turtlebot3_fake_node -DAMENT_CMAKE_SYMLINK_INSTALL=1 -DCMAKE_INSTALL_PREFIX=/home/masaki/ros2_setup_scripts/turtlebot3_ws/install/turtlebot3_fake_node
[8.475s] DEBUG:colcon.colcon_core.event_handler.log_command:Invoking command in '/home/masaki/ros2_setup_scripts/turtlebot3_ws/build/turtlebot3_fake_node': CMAKE_PREFIX_PATH=/home/masaki/ros2_setup_scripts/ros2_ws/install/mypkg:/home/masaki/ros2_setup_scripts/happy_ws/install/hello:/opt/ros/humble /usr/bin/cmake --build /home/masaki/ros2_setup_scripts/turtlebot3_ws/build/turtlebot3_fake_node -- -j24 -l24
[14.967s] DEBUG:colcon.colcon_core.event_handler.log_command:Invoked command in '/home/masaki/ros2_setup_scripts/turtlebot3_ws/build/turtlebot3_fake_node' returned '0': CMAKE_PREFIX_PATH=/home/masaki/ros2_setup_scripts/ros2_ws/install/mypkg:/home/masaki/ros2_setup_scripts/happy_ws/install/hello:/opt/ros/humble /usr/bin/cmake --build /home/masaki/ros2_setup_scripts/turtlebot3_ws/build/turtlebot3_fake_node -- -j24 -l24
[14.969s] DEBUG:colcon.colcon_core.event_handler.log_command:Invoking command in '/home/masaki/ros2_setup_scripts/turtlebot3_ws/build/turtlebot3_fake_node': CMAKE_PREFIX_PATH=/home/masaki/ros2_setup_scripts/ros2_ws/install/mypkg:/home/masaki/ros2_setup_scripts/happy_ws/install/hello:/opt/ros/humble /usr/bin/cmake --install /home/masaki/ros2_setup_scripts/turtlebot3_ws/build/turtlebot3_fake_node
[15.126s] Level 1:colcon.colcon_core.environment:create_environment_scripts_only(turtlebot3_fake_node)
[15.126s] Level 1:colcon.colcon_core.environment:checking '/home/masaki/ros2_setup_scripts/turtlebot3_ws/install/turtlebot3_fake_node' for CMake module files
[15.127s] DEBUG:colcon.colcon_core.event_handler.log_command:Invoked command in '/home/masaki/ros2_setup_scripts/turtlebot3_ws/build/turtlebot3_fake_node' returned '0': CMAKE_PREFIX_PATH=/home/masaki/ros2_setup_scripts/ros2_ws/install/mypkg:/home/masaki/ros2_setup_scripts/happy_ws/install/hello:/opt/ros/humble /usr/bin/cmake --install /home/masaki/ros2_setup_scripts/turtlebot3_ws/build/turtlebot3_fake_node
[15.127s] Level 1:colcon.colcon_core.environment:checking '/home/masaki/ros2_setup_scripts/turtlebot3_ws/install/turtlebot3_fake_node' for CMake config files
[15.127s] Level 1:colcon.colcon_core.shell:create_environment_hook('turtlebot3_fake_node', 'cmake_prefix_path')
[15.127s] INFO:colcon.colcon_core.shell:Creating environment hook '/home/masaki/ros2_setup_scripts/turtlebot3_ws/install/turtlebot3_fake_node/share/turtlebot3_fake_node/hook/cmake_prefix_path.ps1'
[15.128s] INFO:colcon.colcon_core.shell:Creating environment descriptor '/home/masaki/ros2_setup_scripts/turtlebot3_ws/install/turtlebot3_fake_node/share/turtlebot3_fake_node/hook/cmake_prefix_path.dsv'
[15.128s] INFO:colcon.colcon_core.shell:Creating environment hook '/home/masaki/ros2_setup_scripts/turtlebot3_ws/install/turtlebot3_fake_node/share/turtlebot3_fake_node/hook/cmake_prefix_path.sh'
[15.129s] Level 1:colcon.colcon_core.environment:checking '/home/masaki/ros2_setup_scripts/turtlebot3_ws/install/turtlebot3_fake_node/lib'
[15.129s] Level 1:colcon.colcon_core.environment:checking '/home/masaki/ros2_setup_scripts/turtlebot3_ws/install/turtlebot3_fake_node/bin'
[15.129s] Level 1:colcon.colcon_core.environment:checking '/home/masaki/ros2_setup_scripts/turtlebot3_ws/install/turtlebot3_fake_node/lib/pkgconfig/turtlebot3_fake_node.pc'
[15.129s] Level 1:colcon.colcon_core.environment:checking '/home/masaki/ros2_setup_scripts/turtlebot3_ws/install/turtlebot3_fake_node/lib/python3.10/site-packages'
[15.129s] Level 1:colcon.colcon_core.environment:checking '/home/masaki/ros2_setup_scripts/turtlebot3_ws/install/turtlebot3_fake_node/bin'
[15.130s] INFO:colcon.colcon_core.shell:Creating package script '/home/masaki/ros2_setup_scripts/turtlebot3_ws/install/turtlebot3_fake_node/share/turtlebot3_fake_node/package.ps1'
[15.130s] INFO:colcon.colcon_core.shell:Creating package descriptor '/home/masaki/ros2_setup_scripts/turtlebot3_ws/install/turtlebot3_fake_node/share/turtlebot3_fake_node/package.dsv'
[15.130s] INFO:colcon.colcon_core.shell:Creating package script '/home/masaki/ros2_setup_scripts/turtlebot3_ws/install/turtlebot3_fake_node/share/turtlebot3_fake_node/package.sh'
[15.131s] INFO:colcon.colcon_core.shell:Creating package script '/home/masaki/ros2_setup_scripts/turtlebot3_ws/install/turtlebot3_fake_node/share/turtlebot3_fake_node/package.bash'
[15.131s] INFO:colcon.colcon_core.shell:Creating package script '/home/masaki/ros2_setup_scripts/turtlebot3_ws/install/turtlebot3_fake_node/share/turtlebot3_fake_node/package.zsh'
[15.131s] Level 1:colcon.colcon_core.environment:create_file_with_runtime_dependencies(/home/masaki/ros2_setup_scripts/turtlebot3_ws/install/turtlebot3_fake_node/share/colcon-core/packages/turtlebot3_fake_node)
[15.132s] Level 1:colcon.colcon_core.environment:create_environment_scripts_only(turtlebot3_fake_node)
[15.132s] Level 1:colcon.colcon_core.environment:checking '/home/masaki/ros2_setup_scripts/turtlebot3_ws/install/turtlebot3_fake_node' for CMake module files
[15.132s] Level 1:colcon.colcon_core.environment:checking '/home/masaki/ros2_setup_scripts/turtlebot3_ws/install/turtlebot3_fake_node' for CMake config files
[15.132s] Level 1:colcon.colcon_core.shell:create_environment_hook('turtlebot3_fake_node', 'cmake_prefix_path')
[15.132s] INFO:colcon.colcon_core.shell:Creating environment hook '/home/masaki/ros2_setup_scripts/turtlebot3_ws/install/turtlebot3_fake_node/share/turtlebot3_fake_node/hook/cmake_prefix_path.ps1'
[15.133s] INFO:colcon.colcon_core.shell:Creating environment descriptor '/home/masaki/ros2_setup_scripts/turtlebot3_ws/install/turtlebot3_fake_node/share/turtlebot3_fake_node/hook/cmake_prefix_path.dsv'
[15.133s] INFO:colcon.colcon_core.shell:Creating environment hook '/home/masaki/ros2_setup_scripts/turtlebot3_ws/install/turtlebot3_fake_node/share/turtlebot3_fake_node/hook/cmake_prefix_path.sh'
[15.134s] Level 1:colcon.colcon_core.environment:checking '/home/masaki/ros2_setup_scripts/turtlebot3_ws/install/turtlebot3_fake_node/lib'
[15.134s] Level 1:colcon.colcon_core.environment:checking '/home/masaki/ros2_setup_scripts/turtlebot3_ws/install/turtlebot3_fake_node/bin'
[15.134s] Level 1:colcon.colcon_core.environment:checking '/home/masaki/ros2_setup_scripts/turtlebot3_ws/install/turtlebot3_fake_node/lib/pkgconfig/turtlebot3_fake_node.pc'
[15.134s] Level 1:colcon.colcon_core.environment:checking '/home/masaki/ros2_setup_scripts/turtlebot3_ws/install/turtlebot3_fake_node/lib/python3.10/site-packages'
[15.134s] Level 1:colcon.colcon_core.environment:checking '/home/masaki/ros2_setup_scripts/turtlebot3_ws/install/turtlebot3_fake_node/bin'
[15.134s] INFO:colcon.colcon_core.shell:Creating package script '/home/masaki/ros2_setup_scripts/turtlebot3_ws/install/turtlebot3_fake_node/share/turtlebot3_fake_node/package.ps1'
[15.135s] INFO:colcon.colcon_core.shell:Creating package descriptor '/home/masaki/ros2_setup_scripts/turtlebot3_ws/install/turtlebot3_fake_node/share/turtlebot3_fake_node/package.dsv'
[15.135s] INFO:colcon.colcon_core.shell:Creating package script '/home/masaki/ros2_setup_scripts/turtlebot3_ws/install/turtlebot3_fake_node/share/turtlebot3_fake_node/package.sh'
[15.135s] INFO:colcon.colcon_core.shell:Creating package script '/home/masaki/ros2_setup_scripts/turtlebot3_ws/install/turtlebot3_fake_node/share/turtlebot3_fake_node/package.bash'
[15.135s] INFO:colcon.colcon_core.shell:Creating package script '/home/masaki/ros2_setup_scripts/turtlebot3_ws/install/turtlebot3_fake_node/share/turtlebot3_fake_node/package.zsh'
[15.136s] Level 1:colcon.colcon_core.environment:create_file_with_runtime_dependencies(/home/masaki/ros2_setup_scripts/turtlebot3_ws/install/turtlebot3_fake_node/share/colcon-core/packages/turtlebot3_fake_node)
[55.296s] DEBUG:colcon.colcon_core.event_handler.log_command:Invoked command in '/home/masaki/ros2_setup_scripts/turtlebot3_ws/build/turtlebot3_gazebo' returned '0': CMAKE_PREFIX_PATH=/home/masaki/ros2_setup_scripts/ros2_ws/install/mypkg:/home/masaki/ros2_setup_scripts/happy_ws/install/hello:/opt/ros/humble /usr/bin/cmake /home/masaki/ros2_setup_scripts/turtlebot3_ws/src/turtlebot3_simulations/turtlebot3_gazebo -DAMENT_CMAKE_SYMLINK_INSTALL=1 -DCMAKE_INSTALL_PREFIX=/home/masaki/ros2_setup_scripts/turtlebot3_ws/install/turtlebot3_gazebo
[55.298s] DEBUG:colcon.colcon_core.event_handler.log_command:Invoking command in '/home/masaki/ros2_setup_scripts/turtlebot3_ws/build/turtlebot3_gazebo': CMAKE_PREFIX_PATH=/home/masaki/ros2_setup_scripts/ros2_ws/install/mypkg:/home/masaki/ros2_setup_scripts/happy_ws/install/hello:/opt/ros/humble /usr/bin/cmake --build /home/masaki/ros2_setup_scripts/turtlebot3_ws/build/turtlebot3_gazebo -- -j24 -l24
[64.089s] DEBUG:colcon.colcon_core.event_handler.log_command:Invoked command in '/home/masaki/ros2_setup_scripts/turtlebot3_ws/build/turtlebot3_gazebo' returned '0': CMAKE_PREFIX_PATH=/home/masaki/ros2_setup_scripts/ros2_ws/install/mypkg:/home/masaki/ros2_setup_scripts/happy_ws/install/hello:/opt/ros/humble /usr/bin/cmake --build /home/masaki/ros2_setup_scripts/turtlebot3_ws/build/turtlebot3_gazebo -- -j24 -l24
[64.090s] DEBUG:colcon.colcon_core.event_handler.log_command:Invoking command in '/home/masaki/ros2_setup_scripts/turtlebot3_ws/build/turtlebot3_gazebo': CMAKE_PREFIX_PATH=/home/masaki/ros2_setup_scripts/ros2_ws/install/mypkg:/home/masaki/ros2_setup_scripts/happy_ws/install/hello:/opt/ros/humble /usr/bin/cmake --install /home/masaki/ros2_setup_scripts/turtlebot3_ws/build/turtlebot3_gazebo
[64.766s] Level 1:colcon.colcon_core.environment:create_environment_scripts_only(turtlebot3_gazebo)
[64.767s] DEBUG:colcon.colcon_core.event_handler.log_command:Invoked command in '/home/masaki/ros2_setup_scripts/turtlebot3_ws/build/turtlebot3_gazebo' returned '0': CMAKE_PREFIX_PATH=/home/masaki/ros2_setup_scripts/ros2_ws/install/mypkg:/home/masaki/ros2_setup_scripts/happy_ws/install/hello:/opt/ros/humble /usr/bin/cmake --install /home/masaki/ros2_setup_scripts/turtlebot3_ws/build/turtlebot3_gazebo
[64.767s] Level 1:colcon.colcon_core.environment:checking '/home/masaki/ros2_setup_scripts/turtlebot3_ws/install/turtlebot3_gazebo' for CMake module files
[64.767s] Level 1:colcon.colcon_core.environment:checking '/home/masaki/ros2_setup_scripts/turtlebot3_ws/install/turtlebot3_gazebo' for CMake config files
[64.769s] Level 1:colcon.colcon_core.shell:create_environment_hook('turtlebot3_gazebo', 'cmake_prefix_path')
[64.769s] INFO:colcon.colcon_core.shell:Creating environment hook '/home/masaki/ros2_setup_scripts/turtlebot3_ws/install/turtlebot3_gazebo/share/turtlebot3_gazebo/hook/cmake_prefix_path.ps1'
[64.769s] INFO:colcon.colcon_core.shell:Creating environment descriptor '/home/masaki/ros2_setup_scripts/turtlebot3_ws/install/turtlebot3_gazebo/share/turtlebot3_gazebo/hook/cmake_prefix_path.dsv'
[64.769s] INFO:colcon.colcon_core.shell:Creating environment hook '/home/masaki/ros2_setup_scripts/turtlebot3_ws/install/turtlebot3_gazebo/share/turtlebot3_gazebo/hook/cmake_prefix_path.sh'
[64.770s] Level 1:colcon.colcon_core.environment:checking '/home/masaki/ros2_setup_scripts/turtlebot3_ws/install/turtlebot3_gazebo/lib'
[64.770s] Level 1:colcon.colcon_core.environment:checking '/home/masaki/ros2_setup_scripts/turtlebot3_ws/install/turtlebot3_gazebo/bin'
[64.770s] Level 1:colcon.colcon_core.environment:checking '/home/masaki/ros2_setup_scripts/turtlebot3_ws/install/turtlebot3_gazebo/lib/pkgconfig/turtlebot3_gazebo.pc'
[64.770s] Level 1:colcon.colcon_core.environment:checking '/home/masaki/ros2_setup_scripts/turtlebot3_ws/install/turtlebot3_gazebo/lib/python3.10/site-packages'
[64.770s] Level 1:colcon.colcon_core.environment:checking '/home/masaki/ros2_setup_scripts/turtlebot3_ws/install/turtlebot3_gazebo/bin'
[64.770s] INFO:colcon.colcon_core.shell:Creating package script '/home/masaki/ros2_setup_scripts/turtlebot3_ws/install/turtlebot3_gazebo/share/turtlebot3_gazebo/package.ps1'
[64.771s] INFO:colcon.colcon_core.shell:Creating package descriptor '/home/masaki/ros2_setup_scripts/turtlebot3_ws/install/turtlebot3_gazebo/share/turtlebot3_gazebo/package.dsv'
[64.771s] INFO:colcon.colcon_core.shell:Creating package script '/home/masaki/ros2_setup_scripts/turtlebot3_ws/install/turtlebot3_gazebo/share/turtlebot3_gazebo/package.sh'
[64.771s] INFO:colcon.colcon_core.shell:Creating package script '/home/masaki/ros2_setup_scripts/turtlebot3_ws/install/turtlebot3_gazebo/share/turtlebot3_gazebo/package.bash'
[64.771s] INFO:colcon.colcon_core.shell:Creating package script '/home/masaki/ros2_setup_scripts/turtlebot3_ws/install/turtlebot3_gazebo/share/turtlebot3_gazebo/package.zsh'
[64.772s] Level 1:colcon.colcon_core.environment:create_file_with_runtime_dependencies(/home/masaki/ros2_setup_scripts/turtlebot3_ws/install/turtlebot3_gazebo/share/colcon-core/packages/turtlebot3_gazebo)
[64.772s] Level 1:colcon.colcon_core.environment:create_environment_scripts_only(turtlebot3_gazebo)
[64.772s] Level 1:colcon.colcon_core.environment:checking '/home/masaki/ros2_setup_scripts/turtlebot3_ws/install/turtlebot3_gazebo' for CMake module files
[64.773s] Level 1:colcon.colcon_core.environment:checking '/home/masaki/ros2_setup_scripts/turtlebot3_ws/install/turtlebot3_gazebo' for CMake config files
[64.774s] Level 1:colcon.colcon_core.shell:create_environment_hook('turtlebot3_gazebo', 'cmake_prefix_path')
[64.774s] INFO:colcon.colcon_core.shell:Creating environment hook '/home/masaki/ros2_setup_scripts/turtlebot3_ws/install/turtlebot3_gazebo/share/turtlebot3_gazebo/hook/cmake_prefix_path.ps1'
[64.774s] INFO:colcon.colcon_core.shell:Creating environment descriptor '/home/masaki/ros2_setup_scripts/turtlebot3_ws/install/turtlebot3_gazebo/share/turtlebot3_gazebo/hook/cmake_prefix_path.dsv'
[64.774s] INFO:colcon.colcon_core.shell:Creating environment hook '/home/masaki/ros2_setup_scripts/turtlebot3_ws/install/turtlebot3_gazebo/share/turtlebot3_gazebo/hook/cmake_prefix_path.sh'
[64.774s] Level 1:colcon.colcon_core.environment:checking '/home/masaki/ros2_setup_scripts/turtlebot3_ws/install/turtlebot3_gazebo/lib'
[64.775s] Level 1:colcon.colcon_core.environment:checking '/home/masaki/ros2_setup_scripts/turtlebot3_ws/install/turtlebot3_gazebo/bin'
[64.775s] Level 1:colcon.colcon_core.environment:checking '/home/masaki/ros2_setup_scripts/turtlebot3_ws/install/turtlebot3_gazebo/lib/pkgconfig/turtlebot3_gazebo.pc'
[64.775s] Level 1:colcon.colcon_core.environment:checking '/home/masaki/ros2_setup_scripts/turtlebot3_ws/install/turtlebot3_gazebo/lib/python3.10/site-packages'
[64.775s] Level 1:colcon.colcon_core.environment:checking '/home/masaki/ros2_setup_scripts/turtlebot3_ws/install/turtlebot3_gazebo/bin'
[64.775s] INFO:colcon.colcon_core.shell:Creating package script '/home/masaki/ros2_setup_scripts/turtlebot3_ws/install/turtlebot3_gazebo/share/turtlebot3_gazebo/package.ps1'
[64.775s] INFO:colcon.colcon_core.shell:Creating package descriptor '/home/masaki/ros2_setup_scripts/turtlebot3_ws/install/turtlebot3_gazebo/share/turtlebot3_gazebo/package.dsv'
[64.776s] INFO:colcon.colcon_core.shell:Creating package script '/home/masaki/ros2_setup_scripts/turtlebot3_ws/install/turtlebot3_gazebo/share/turtlebot3_gazebo/package.sh'
[64.776s] INFO:colcon.colcon_core.shell:Creating package script '/home/masaki/ros2_setup_scripts/turtlebot3_ws/install/turtlebot3_gazebo/share/turtlebot3_gazebo/package.bash'
[64.776s] INFO:colcon.colcon_core.shell:Creating package script '/home/masaki/ros2_setup_scripts/turtlebot3_ws/install/turtlebot3_gazebo/share/turtlebot3_gazebo/package.zsh'
[64.776s] Level 1:colcon.colcon_core.environment:create_file_with_runtime_dependencies(/home/masaki/ros2_setup_scripts/turtlebot3_ws/install/turtlebot3_gazebo/share/colcon-core/packages/turtlebot3_gazebo)
[64.777s] INFO:colcon.colcon_ros.task.ament_cmake.build:Building ROS package in '/home/masaki/ros2_setup_scripts/turtlebot3_ws/src/turtlebot3_simulations/turtlebot3_simulations' with build type 'ament_cmake'
[64.777s] INFO:colcon.colcon_cmake.task.cmake.build:Building CMake package in '/home/masaki/ros2_setup_scripts/turtlebot3_ws/src/turtlebot3_simulations/turtlebot3_simulations'
[64.777s] INFO:colcon.colcon_core.shell:Skip shell extension 'powershell' for command environment: Not usable outside of PowerShell
[64.777s] DEBUG:colcon.colcon_core.shell:Skip shell extension 'dsv' for command environment
[64.946s] DEBUG:colcon.colcon_core.event_handler.log_command:Invoking command in '/home/masaki/ros2_setup_scripts/turtlebot3_ws/build/turtlebot3_simulations': AMENT_PREFIX_PATH=/home/masaki/ros2_setup_scripts/turtlebot3_ws/install/turtlebot3_manipulation_gazebo:/home/masaki/ros2_setup_scripts/turtlebot3_ws/install/turtlebot3_gazebo:/home/masaki/ros2_setup_scripts/turtlebot3_ws/install/turtlebot3_fake_node:${AMENT_PREFIX_PATH} CMAKE_PREFIX_PATH=/home/masaki/ros2_setup_scripts/turtlebot3_ws/install/turtlebot3_manipulation_gazebo:/home/masaki/ros2_setup_scripts/turtlebot3_ws/install/turtlebot3_gazebo:/home/masaki/ros2_setup_scripts/turtlebot3_ws/install/turtlebot3_fake_node:/home/masaki/ros2_setup_scripts/ros2_ws/install/mypkg:/home/masaki/ros2_setup_scripts/happy_ws/install/hello:/opt/ros/humble /usr/bin/cmake /home/masaki/ros2_setup_scripts/turtlebot3_ws/src/turtlebot3_simulations/turtlebot3_simulations -DAMENT_CMAKE_SYMLINK_INSTALL=1 -DCMAKE_INSTALL_PREFIX=/home/masaki/ros2_setup_scripts/turtlebot3_ws/install/turtlebot3_simulations
[66.331s] DEBUG:colcon.colcon_core.event_handler.log_command:Invoked command in '/home/masaki/ros2_setup_scripts/turtlebot3_ws/build/turtlebot3_simulations' returned '0': AMENT_PREFIX_PATH=/home/masaki/ros2_setup_scripts/turtlebot3_ws/install/turtlebot3_manipulation_gazebo:/home/masaki/ros2_setup_scripts/turtlebot3_ws/install/turtlebot3_gazebo:/home/masaki/ros2_setup_scripts/turtlebot3_ws/install/turtlebot3_fake_node:${AMENT_PREFIX_PATH} CMAKE_PREFIX_PATH=/home/masaki/ros2_setup_scripts/turtlebot3_ws/install/turtlebot3_manipulation_gazebo:/home/masaki/ros2_setup_scripts/turtlebot3_ws/install/turtlebot3_gazebo:/home/masaki/ros2_setup_scripts/turtlebot3_ws/install/turtlebot3_fake_node:/home/masaki/ros2_setup_scripts/ros2_ws/install/mypkg:/home/masaki/ros2_setup_scripts/happy_ws/install/hello:/opt/ros/humble /usr/bin/cmake /home/masaki/ros2_setup_scripts/turtlebot3_ws/src/turtlebot3_simulations/turtlebot3_simulations -DAMENT_CMAKE_SYMLINK_INSTALL=1 -DCMAKE_INSTALL_PREFIX=/home/masaki/ros2_setup_scripts/turtlebot3_ws/install/turtlebot3_simulations
[66.332s] DEBUG:colcon.colcon_core.event_handler.log_command:Invoking command in '/home/masaki/ros2_setup_scripts/turtlebot3_ws/build/turtlebot3_simulations': AMENT_PREFIX_PATH=/home/masaki/ros2_setup_scripts/turtlebot3_ws/install/turtlebot3_manipulation_gazebo:/home/masaki/ros2_setup_scripts/turtlebot3_ws/install/turtlebot3_gazebo:/home/masaki/ros2_setup_scripts/turtlebot3_ws/install/turtlebot3_fake_node:${AMENT_PREFIX_PATH} CMAKE_PREFIX_PATH=/home/masaki/ros2_setup_scripts/turtlebot3_ws/install/turtlebot3_manipulation_gazebo:/home/masaki/ros2_setup_scripts/turtlebot3_ws/install/turtlebot3_gazebo:/home/masaki/ros2_setup_scripts/turtlebot3_ws/install/turtlebot3_fake_node:/home/masaki/ros2_setup_scripts/ros2_ws/install/mypkg:/home/masaki/ros2_setup_scripts/happy_ws/install/hello:/opt/ros/humble /usr/bin/cmake --build /home/masaki/ros2_setup_scripts/turtlebot3_ws/build/turtlebot3_simulations -- -j24 -l24
[66.351s] DEBUG:colcon.colcon_core.event_handler.log_command:Invoked command in '/home/masaki/ros2_setup_scripts/turtlebot3_ws/build/turtlebot3_simulations' returned '0': AMENT_PREFIX_PATH=/home/masaki/ros2_setup_scripts/turtlebot3_ws/install/turtlebot3_manipulation_gazebo:/home/masaki/ros2_setup_scripts/turtlebot3_ws/install/turtlebot3_gazebo:/home/masaki/ros2_setup_scripts/turtlebot3_ws/install/turtlebot3_fake_node:${AMENT_PREFIX_PATH} CMAKE_PREFIX_PATH=/home/masaki/ros2_setup_scripts/turtlebot3_ws/install/turtlebot3_manipulation_gazebo:/home/masaki/ros2_setup_scripts/turtlebot3_ws/install/turtlebot3_gazebo:/home/masaki/ros2_setup_scripts/turtlebot3_ws/install/turtlebot3_fake_node:/home/masaki/ros2_setup_scripts/ros2_ws/install/mypkg:/home/masaki/ros2_setup_scripts/happy_ws/install/hello:/opt/ros/humble /usr/bin/cmake --build /home/masaki/ros2_setup_scripts/turtlebot3_ws/build/turtlebot3_simulations -- -j24 -l24
[66.352s] DEBUG:colcon.colcon_core.event_handler.log_command:Invoking command in '/home/masaki/ros2_setup_scripts/turtlebot3_ws/build/turtlebot3_simulations': AMENT_PREFIX_PATH=/home/masaki/ros2_setup_scripts/turtlebot3_ws/install/turtlebot3_manipulation_gazebo:/home/masaki/ros2_setup_scripts/turtlebot3_ws/install/turtlebot3_gazebo:/home/masaki/ros2_setup_scripts/turtlebot3_ws/install/turtlebot3_fake_node:${AMENT_PREFIX_PATH} CMAKE_PREFIX_PATH=/home/masaki/ros2_setup_scripts/turtlebot3_ws/install/turtlebot3_manipulation_gazebo:/home/masaki/ros2_setup_scripts/turtlebot3_ws/install/turtlebot3_gazebo:/home/masaki/ros2_setup_scripts/turtlebot3_ws/install/turtlebot3_fake_node:/home/masaki/ros2_setup_scripts/ros2_ws/install/mypkg:/home/masaki/ros2_setup_scripts/happy_ws/install/hello:/opt/ros/humble /usr/bin/cmake --install /home/masaki/ros2_setup_scripts/turtlebot3_ws/build/turtlebot3_simulations
[66.419s] Level 1:colcon.colcon_core.environment:create_environment_scripts_only(turtlebot3_simulations)
[66.419s] DEBUG:colcon.colcon_core.event_handler.log_command:Invoked command in '/home/masaki/ros2_setup_scripts/turtlebot3_ws/build/turtlebot3_simulations' returned '0': AMENT_PREFIX_PATH=/home/masaki/ros2_setup_scripts/turtlebot3_ws/install/turtlebot3_manipulation_gazebo:/home/masaki/ros2_setup_scripts/turtlebot3_ws/install/turtlebot3_gazebo:/home/masaki/ros2_setup_scripts/turtlebot3_ws/install/turtlebot3_fake_node:${AMENT_PREFIX_PATH} CMAKE_PREFIX_PATH=/home/masaki/ros2_setup_scripts/turtlebot3_ws/install/turtlebot3_manipulation_gazebo:/home/masaki/ros2_setup_scripts/turtlebot3_ws/install/turtlebot3_gazebo:/home/masaki/ros2_setup_scripts/turtlebot3_ws/install/turtlebot3_fake_node:/home/masaki/ros2_setup_scripts/ros2_ws/install/mypkg:/home/masaki/ros2_setup_scripts/happy_ws/install/hello:/opt/ros/humble /usr/bin/cmake --install /home/masaki/ros2_setup_scripts/turtlebot3_ws/build/turtlebot3_simulations
[66.420s] Level 1:colcon.colcon_core.environment:checking '/home/masaki/ros2_setup_scripts/turtlebot3_ws/install/turtlebot3_simulations' for CMake module files
[66.420s] Level 1:colcon.colcon_core.environment:checking '/home/masaki/ros2_setup_scripts/turtlebot3_ws/install/turtlebot3_simulations' for CMake config files
[66.420s] Level 1:colcon.colcon_core.shell:create_environment_hook('turtlebot3_simulations', 'cmake_prefix_path')
[66.420s] INFO:colcon.colcon_core.shell:Creating environment hook '/home/masaki/ros2_setup_scripts/turtlebot3_ws/install/turtlebot3_simulations/share/turtlebot3_simulations/hook/cmake_prefix_path.ps1'
[66.420s] INFO:colcon.colcon_core.shell:Creating environment descriptor '/home/masaki/ros2_setup_scripts/turtlebot3_ws/install/turtlebot3_simulations/share/turtlebot3_simulations/hook/cmake_prefix_path.dsv'
[66.421s] INFO:colcon.colcon_core.shell:Creating environment hook '/home/masaki/ros2_setup_scripts/turtlebot3_ws/install/turtlebot3_simulations/share/turtlebot3_simulations/hook/cmake_prefix_path.sh'
[66.421s] Level 1:colcon.colcon_core.environment:checking '/home/masaki/ros2_setup_scripts/turtlebot3_ws/install/turtlebot3_simulations/bin'
[66.421s] Level 1:colcon.colcon_core.environment:checking '/home/masaki/ros2_setup_scripts/turtlebot3_ws/install/turtlebot3_simulations/lib/pkgconfig/turtlebot3_simulations.pc'
[66.421s] Level 1:colcon.colcon_core.environment:checking '/home/masaki/ros2_setup_scripts/turtlebot3_ws/install/turtlebot3_simulations/lib/python3.10/site-packages'
[66.421s] Level 1:colcon.colcon_core.environment:checking '/home/masaki/ros2_setup_scripts/turtlebot3_ws/install/turtlebot3_simulations/bin'
[66.421s] INFO:colcon.colcon_core.shell:Creating package script '/home/masaki/ros2_setup_scripts/turtlebot3_ws/install/turtlebot3_simulations/share/turtlebot3_simulations/package.ps1'
[66.422s] INFO:colcon.colcon_core.shell:Creating package descriptor '/home/masaki/ros2_setup_scripts/turtlebot3_ws/install/turtlebot3_simulations/share/turtlebot3_simulations/package.dsv'
[66.422s] INFO:colcon.colcon_core.shell:Creating package script '/home/masaki/ros2_setup_scripts/turtlebot3_ws/install/turtlebot3_simulations/share/turtlebot3_simulations/package.sh'
[66.422s] INFO:colcon.colcon_core.shell:Creating package script '/home/masaki/ros2_setup_scripts/turtlebot3_ws/install/turtlebot3_simulations/share/turtlebot3_simulations/package.bash'
[66.422s] INFO:colcon.colcon_core.shell:Creating package script '/home/masaki/ros2_setup_scripts/turtlebot3_ws/install/turtlebot3_simulations/share/turtlebot3_simulations/package.zsh'
[66.422s] Level 1:colcon.colcon_core.environment:create_file_with_runtime_dependencies(/home/masaki/ros2_setup_scripts/turtlebot3_ws/install/turtlebot3_simulations/share/colcon-core/packages/turtlebot3_simulations)
[66.423s] Level 1:colcon.colcon_core.environment:create_environment_scripts_only(turtlebot3_simulations)
[66.423s] Level 1:colcon.colcon_core.environment:checking '/home/masaki/ros2_setup_scripts/turtlebot3_ws/install/turtlebot3_simulations' for CMake module files
[66.423s] Level 1:colcon.colcon_core.environment:checking '/home/masaki/ros2_setup_scripts/turtlebot3_ws/install/turtlebot3_simulations' for CMake config files
[66.423s] Level 1:colcon.colcon_core.shell:create_environment_hook('turtlebot3_simulations', 'cmake_prefix_path')
[66.423s] INFO:colcon.colcon_core.shell:Creating environment hook '/home/masaki/ros2_setup_scripts/turtlebot3_ws/install/turtlebot3_simulations/share/turtlebot3_simulations/hook/cmake_prefix_path.ps1'
[66.424s] INFO:colcon.colcon_core.shell:Creating environment descriptor '/home/masaki/ros2_setup_scripts/turtlebot3_ws/install/turtlebot3_simulations/share/turtlebot3_simulations/hook/cmake_prefix_path.dsv'
[66.424s] INFO:colcon.colcon_core.shell:Creating environment hook '/home/masaki/ros2_setup_scripts/turtlebot3_ws/install/turtlebot3_simulations/share/turtlebot3_simulations/hook/cmake_prefix_path.sh'
[66.424s] Level 1:colcon.colcon_core.environment:checking '/home/masaki/ros2_setup_scripts/turtlebot3_ws/install/turtlebot3_simulations/bin'
[66.424s] Level 1:colcon.colcon_core.environment:checking '/home/masaki/ros2_setup_scripts/turtlebot3_ws/install/turtlebot3_simulations/lib/pkgconfig/turtlebot3_simulations.pc'
[66.424s] Level 1:colcon.colcon_core.environment:checking '/home/masaki/ros2_setup_scripts/turtlebot3_ws/install/turtlebot3_simulations/lib/python3.10/site-packages'
[66.424s] Level 1:colcon.colcon_core.environment:checking '/home/masaki/ros2_setup_scripts/turtlebot3_ws/install/turtlebot3_simulations/bin'
[66.424s] INFO:colcon.colcon_core.shell:Creating package script '/home/masaki/ros2_setup_scripts/turtlebot3_ws/install/turtlebot3_simulations/share/turtlebot3_simulations/package.ps1'
[66.425s] INFO:colcon.colcon_core.shell:Creating package descriptor '/home/masaki/ros2_setup_scripts/turtlebot3_ws/install/turtlebot3_simulations/share/turtlebot3_simulations/package.dsv'
[66.425s] INFO:colcon.colcon_core.shell:Creating package script '/home/masaki/ros2_setup_scripts/turtlebot3_ws/install/turtlebot3_simulations/share/turtlebot3_simulations/package.sh'
[66.425s] INFO:colcon.colcon_core.shell:Creating package script '/home/masaki/ros2_setup_scripts/turtlebot3_ws/install/turtlebot3_simulations/share/turtlebot3_simulations/package.bash'
[66.425s] INFO:colcon.colcon_core.shell:Creating package script '/home/masaki/ros2_setup_scripts/turtlebot3_ws/install/turtlebot3_simulations/share/turtlebot3_simulations/package.zsh'
[66.426s] Level 1:colcon.colcon_core.environment:create_file_with_runtime_dependencies(/home/masaki/ros2_setup_scripts/turtlebot3_ws/install/turtlebot3_simulations/share/colcon-core/packages/turtlebot3_simulations)
[66.426s] DEBUG:colcon.colcon_parallel_executor.executor.parallel:closing loop
[66.426s] DEBUG:colcon.colcon_parallel_executor.executor.parallel:loop closed
[66.426s] DEBUG:colcon.colcon_parallel_executor.executor.parallel:run_until_complete finished with '0'
[66.426s] DEBUG:colcon.colcon_core.event_reactor:joining thread
[66.430s] INFO:colcon.colcon_core.plugin_system:Skipping extension 'colcon_notification.desktop_notification.terminal_notifier': Not used on non-Darwin systems
[66.430s] INFO:colcon.colcon_core.plugin_system:Skipping extension 'colcon_notification.desktop_notification.win32': Not used on non-Windows systems
[66.430s] INFO:colcon.colcon_notification.desktop_notification:Sending desktop notification using 'notify2'
[66.430s] DEBUG:colcon.colcon_notification.desktop_notification.notify2:Failed to initialize notify2: org.freedesktop.DBus.Error.FileNotFound: Failed to connect to socket /run/user/1000/bus: No such file or directory
[66.430s] DEBUG:colcon.colcon_core.event_reactor:joined thread
[66.430s] INFO:colcon.colcon_core.shell:Creating prefix script '/home/masaki/ros2_setup_scripts/turtlebot3_ws/install/local_setup.ps1'
[66.430s] INFO:colcon.colcon_core.shell:Creating prefix util module '/home/masaki/ros2_setup_scripts/turtlebot3_ws/install/_local_setup_util_ps1.py'
[66.431s] INFO:colcon.colcon_core.shell:Creating prefix chain script '/home/masaki/ros2_setup_scripts/turtlebot3_ws/install/setup.ps1'
[66.432s] INFO:colcon.colcon_core.shell:Creating prefix script '/home/masaki/ros2_setup_scripts/turtlebot3_ws/install/local_setup.sh'
[66.432s] INFO:colcon.colcon_core.shell:Creating prefix util module '/home/masaki/ros2_setup_scripts/turtlebot3_ws/install/_local_setup_util_sh.py'
[66.432s] INFO:colcon.colcon_core.shell:Creating prefix chain script '/home/masaki/ros2_setup_scripts/turtlebot3_ws/install/setup.sh'
[66.433s] INFO:colcon.colcon_core.shell:Creating prefix script '/home/masaki/ros2_setup_scripts/turtlebot3_ws/install/local_setup.bash'
[66.433s] INFO:colcon.colcon_core.shell:Creating prefix chain script '/home/masaki/ros2_setup_scripts/turtlebot3_ws/install/setup.bash'
[66.433s] INFO:colcon.colcon_core.shell:Creating prefix script '/home/masaki/ros2_setup_scripts/turtlebot3_ws/install/local_setup.zsh'
[66.434s] INFO:colcon.colcon_core.shell:Creating prefix chain script '/home/masaki/ros2_setup_scripts/turtlebot3_ws/install/setup.zsh'
