[0.013s] Invoking command in '/home/masaki/ros2_setup_scripts/turtlebot3_ws/build/turtlebot3_fake_node': CMAKE_PREFIX_PATH=/home/masaki/ros2_setup_scripts/ros2_ws/install/mypkg:/home/masaki/ros2_setup_scripts/happy_ws/install/hello:/opt/ros/humble /usr/bin/cmake /home/masaki/ros2_setup_scripts/turtlebot3_ws/src/turtlebot3_simulations/turtlebot3_fake_node -DAMENT_CMAKE_SYMLINK_INSTALL=1 -DCMAKE_INSTALL_PREFIX=/home/masaki/ros2_setup_scripts/turtlebot3_ws/install/turtlebot3_fake_node
[0.096s] -- The C compiler identification is GNU 9.5.0
[0.568s] -- The CXX compiler identification is GNU 9.5.0
[0.908s] -- Detecting C compiler ABI info
[1.030s] -- Detecting C compiler ABI info - done
[1.034s] -- Check for working C compiler: /usr/bin/cc - skipped
[1.034s] -- Detecting C compile features
[1.034s] -- Detecting C compile features - done
[1.037s] -- Detecting CXX compiler ABI info
[1.237s] -- Detecting CXX compiler ABI info - done
[1.241s] -- Check for working CXX compiler: /usr/bin/c++ - skipped
[1.241s] -- Detecting CXX compile features
[1.241s] -- Detecting CXX compile features - done
[1.243s] -- Found ament_cmake: 1.3.14 (/opt/ros/humble/share/ament_cmake/cmake)
[1.335s] -- Found Python3: /usr/bin/python3 (found version "3.10.12") found components: Interpreter 
[1.375s] -- Override CMake install command with custom implementation using symlinks instead of copying resources
[1.390s] -- Found geometry_msgs: 4.9.1 (/opt/ros/humble/share/geometry_msgs/cmake)
[1.617s] -- Found rosidl_generator_c: 3.1.9 (/opt/ros/humble/share/rosidl_generator_c/cmake)
[1.620s] -- Found rosidl_adapter: 3.1.9 (/opt/ros/humble/share/rosidl_adapter/cmake)
[1.625s] -- Found rosidl_generator_cpp: 3.1.9 (/opt/ros/humble/share/rosidl_generator_cpp/cmake)
[1.633s] -- Using all available rosidl_typesupport_c: rosidl_typesupport_fastrtps_c;rosidl_typesupport_introspection_c
[1.642s] -- Using all available rosidl_typesupport_cpp: rosidl_typesupport_fastrtps_cpp;rosidl_typesupport_introspection_cpp
[1.665s] -- Found nav_msgs: 4.9.1 (/opt/ros/humble/share/nav_msgs/cmake)
[1.675s] -- Found rclcpp: 16.0.19 (/opt/ros/humble/share/rclcpp/cmake)
[1.696s] -- Found rmw_implementation_cmake: 6.1.2 (/opt/ros/humble/share/rmw_implementation_cmake/cmake)
[1.698s] -- Found rmw_fastrtps_cpp: 6.2.10 (/opt/ros/humble/share/rmw_fastrtps_cpp/cmake)
[3.236s] -- Found OpenSSL: /usr/lib/x86_64-linux-gnu/libcrypto.so (found version "3.0.2")  
[4.549s] -- Found FastRTPS: /opt/ros/humble/include  
[7.533s] -- Using RMW implementation 'rmw_fastrtps_cpp' as default
[7.540s] -- Looking for pthread.h
[7.782s] -- Looking for pthread.h - found
[7.782s] -- Performing Test CMAKE_HAVE_LIBC_PTHREAD
[7.987s] -- Performing Test CMAKE_HAVE_LIBC_PTHREAD - Success
[7.987s] -- Found Threads: TRUE  
[8.012s] -- Found sensor_msgs: 4.9.1 (/opt/ros/humble/share/sensor_msgs/cmake)
[8.021s] -- Found tf2: 0.25.20 (/opt/ros/humble/share/tf2/cmake)
[8.027s] -- Found tf2_msgs: 0.25.20 (/opt/ros/humble/share/tf2_msgs/cmake)
[8.051s] -- Found turtlebot3_msgs: 2.4.0 (/opt/ros/humble/share/turtlebot3_msgs/cmake)
[8.104s] -- Configuring done
[8.113s] -- Generating done
[8.116s] -- Build files have been written to: /home/masaki/ros2_setup_scripts/turtlebot3_ws/build/turtlebot3_fake_node
[8.123s] Invoked command in '/home/masaki/ros2_setup_scripts/turtlebot3_ws/build/turtlebot3_fake_node' returned '0': CMAKE_PREFIX_PATH=/home/masaki/ros2_setup_scripts/ros2_ws/install/mypkg:/home/masaki/ros2_setup_scripts/happy_ws/install/hello:/opt/ros/humble /usr/bin/cmake /home/masaki/ros2_setup_scripts/turtlebot3_ws/src/turtlebot3_simulations/turtlebot3_fake_node -DAMENT_CMAKE_SYMLINK_INSTALL=1 -DCMAKE_INSTALL_PREFIX=/home/masaki/ros2_setup_scripts/turtlebot3_ws/install/turtlebot3_fake_node
[8.124s] Invoking command in '/home/masaki/ros2_setup_scripts/turtlebot3_ws/build/turtlebot3_fake_node': CMAKE_PREFIX_PATH=/home/masaki/ros2_setup_scripts/ros2_ws/install/mypkg:/home/masaki/ros2_setup_scripts/happy_ws/install/hello:/opt/ros/humble /usr/bin/cmake --build /home/masaki/ros2_setup_scripts/turtlebot3_ws/build/turtlebot3_fake_node -- -j24 -l24
[8.154s] [ 50%] [32mBuilding CXX object CMakeFiles/turtlebot3_fake_node.dir/src/turtlebot3_fake_node.cpp.o[0m
[14.039s] [100%] [32m[1mLinking CXX executable turtlebot3_fake_node[0m
[14.609s] [100%] Built target turtlebot3_fake_node
[14.617s] Invoked command in '/home/masaki/ros2_setup_scripts/turtlebot3_ws/build/turtlebot3_fake_node' returned '0': CMAKE_PREFIX_PATH=/home/masaki/ros2_setup_scripts/ros2_ws/install/mypkg:/home/masaki/ros2_setup_scripts/happy_ws/install/hello:/opt/ros/humble /usr/bin/cmake --build /home/masaki/ros2_setup_scripts/turtlebot3_ws/build/turtlebot3_fake_node -- -j24 -l24
[14.618s] Invoking command in '/home/masaki/ros2_setup_scripts/turtlebot3_ws/build/turtlebot3_fake_node': CMAKE_PREFIX_PATH=/home/masaki/ros2_setup_scripts/ros2_ws/install/mypkg:/home/masaki/ros2_setup_scripts/happy_ws/install/hello:/opt/ros/humble /usr/bin/cmake --install /home/masaki/ros2_setup_scripts/turtlebot3_ws/build/turtlebot3_fake_node
[14.623s] -- Install configuration: ""
[14.624s] -- Execute custom install script
[14.625s] -- Symlinking: /home/masaki/ros2_setup_scripts/turtlebot3_ws/install/turtlebot3_fake_node/lib/turtlebot3_fake_node/turtlebot3_fake_node
[14.631s] -- Symlinking: /home/masaki/ros2_setup_scripts/turtlebot3_ws/install/turtlebot3_fake_node/share/turtlebot3_fake_node/launch/rviz2.launch.py
[14.637s] -- Symlinking: /home/masaki/ros2_setup_scripts/turtlebot3_ws/install/turtlebot3_fake_node/share/turtlebot3_fake_node/launch/turtlebot3_fake_node.launch.py
[14.644s] -- Symlinking: /home/masaki/ros2_setup_scripts/turtlebot3_ws/install/turtlebot3_fake_node/share/turtlebot3_fake_node/param/burger.yaml
[14.650s] -- Symlinking: /home/masaki/ros2_setup_scripts/turtlebot3_ws/install/turtlebot3_fake_node/share/turtlebot3_fake_node/param/waffle.yaml
[14.657s] -- Symlinking: /home/masaki/ros2_setup_scripts/turtlebot3_ws/install/turtlebot3_fake_node/share/turtlebot3_fake_node/param/waffle_pi.yaml
[14.663s] -- Symlinking: /home/masaki/ros2_setup_scripts/turtlebot3_ws/install/turtlebot3_fake_node/include//turtlebot3_fake_node/turtlebot3_fake_node.hpp
[14.670s] -- Symlinking: /home/masaki/ros2_setup_scripts/turtlebot3_ws/install/turtlebot3_fake_node/share/ament_index/resource_index/package_run_dependencies/turtlebot3_fake_node
[14.676s] -- Symlinking: /home/masaki/ros2_setup_scripts/turtlebot3_ws/install/turtlebot3_fake_node/share/ament_index/resource_index/parent_prefix_path/turtlebot3_fake_node
[14.682s] -- Symlinking: /home/masaki/ros2_setup_scripts/turtlebot3_ws/install/turtlebot3_fake_node/share/turtlebot3_fake_node/environment/ament_prefix_path.sh
[14.689s] -- Symlinking: /home/masaki/ros2_setup_scripts/turtlebot3_ws/install/turtlebot3_fake_node/share/turtlebot3_fake_node/environment/ament_prefix_path.dsv
[14.695s] -- Symlinking: /home/masaki/ros2_setup_scripts/turtlebot3_ws/install/turtlebot3_fake_node/share/turtlebot3_fake_node/environment/path.sh
[14.701s] -- Symlinking: /home/masaki/ros2_setup_scripts/turtlebot3_ws/install/turtlebot3_fake_node/share/turtlebot3_fake_node/environment/path.dsv
[14.707s] -- Symlinking: /home/masaki/ros2_setup_scripts/turtlebot3_ws/install/turtlebot3_fake_node/share/turtlebot3_fake_node/local_setup.bash
[14.713s] -- Symlinking: /home/masaki/ros2_setup_scripts/turtlebot3_ws/install/turtlebot3_fake_node/share/turtlebot3_fake_node/local_setup.sh
[14.720s] -- Symlinking: /home/masaki/ros2_setup_scripts/turtlebot3_ws/install/turtlebot3_fake_node/share/turtlebot3_fake_node/local_setup.zsh
[14.726s] -- Symlinking: /home/masaki/ros2_setup_scripts/turtlebot3_ws/install/turtlebot3_fake_node/share/turtlebot3_fake_node/local_setup.dsv
[14.732s] -- Symlinking: /home/masaki/ros2_setup_scripts/turtlebot3_ws/install/turtlebot3_fake_node/share/turtlebot3_fake_node/package.dsv
[14.738s] -- Symlinking: /home/masaki/ros2_setup_scripts/turtlebot3_ws/install/turtlebot3_fake_node/share/ament_index/resource_index/packages/turtlebot3_fake_node
[14.744s] -- Symlinking: /home/masaki/ros2_setup_scripts/turtlebot3_ws/install/turtlebot3_fake_node/share/turtlebot3_fake_node/cmake/ament_cmake_export_include_directories-extras.cmake
[14.751s] -- Symlinking: /home/masaki/ros2_setup_scripts/turtlebot3_ws/install/turtlebot3_fake_node/share/turtlebot3_fake_node/cmake/ament_cmake_export_dependencies-extras.cmake
[14.757s] -- Symlinking: /home/masaki/ros2_setup_scripts/turtlebot3_ws/install/turtlebot3_fake_node/share/turtlebot3_fake_node/cmake/turtlebot3_fake_nodeConfig.cmake
[14.763s] -- Symlinking: /home/masaki/ros2_setup_scripts/turtlebot3_ws/install/turtlebot3_fake_node/share/turtlebot3_fake_node/cmake/turtlebot3_fake_nodeConfig-version.cmake
[14.768s] -- Symlinking: /home/masaki/ros2_setup_scripts/turtlebot3_ws/install/turtlebot3_fake_node/share/turtlebot3_fake_node/package.xml
[14.776s] Invoked command in '/home/masaki/ros2_setup_scripts/turtlebot3_ws/build/turtlebot3_fake_node' returned '0': CMAKE_PREFIX_PATH=/home/masaki/ros2_setup_scripts/ros2_ws/install/mypkg:/home/masaki/ros2_setup_scripts/happy_ws/install/hello:/opt/ros/humble /usr/bin/cmake --install /home/masaki/ros2_setup_scripts/turtlebot3_ws/build/turtlebot3_fake_node
