[0.880s] Invoking command in '/home/masaki/ros2_setup_scripts/happy_ws/src/my_happy': PYTHONPATH=/home/masaki/ros2_setup_scripts/happy_ws/src/build/my_happy/prefix_override:/usr/lib/python3/dist-packages/colcon_core/task/python/colcon_distutils_commands:/home/masaki/ros2_setup_scripts/happy_ws/src/install/my_happy/lib/python3.10/site-packages:${PYTHONPATH} /usr/bin/python3 -W ignore:setup.py install is deprecated -W ignore:easy_install command is deprecated setup.py egg_info --egg-base ../build/my_happy build --build-base /home/masaki/ros2_setup_scripts/happy_ws/src/build/my_happy/build install --record /home/masaki/ros2_setup_scripts/happy_ws/src/build/my_happy/install.log --install-scripts $base/lib/my_happy --single-version-externally-managed install_data
[1.008s] running egg_info
[1.009s] creating ../build/my_happy/my_happy.egg-info
[1.009s] writing ../build/my_happy/my_happy.egg-info/PKG-INFO
[1.009s] writing dependency_links to ../build/my_happy/my_happy.egg-info/dependency_links.txt
[1.009s] writing entry points to ../build/my_happy/my_happy.egg-info/entry_points.txt
[1.009s] writing requirements to ../build/my_happy/my_happy.egg-info/requires.txt
[1.009s] writing top-level names to ../build/my_happy/my_happy.egg-info/top_level.txt
[1.010s] writing manifest file '../build/my_happy/my_happy.egg-info/SOURCES.txt'
[1.012s] reading manifest file '../build/my_happy/my_happy.egg-info/SOURCES.txt'
[1.013s] writing manifest file '../build/my_happy/my_happy.egg-info/SOURCES.txt'
[1.014s] running build
[1.014s] running build_py
[1.015s] creating /home/masaki/ros2_setup_scripts/happy_ws/src/build/my_happy/build
[1.015s] creating /home/masaki/ros2_setup_scripts/happy_ws/src/build/my_happy/build/lib
[1.015s] creating /home/masaki/ros2_setup_scripts/happy_ws/src/build/my_happy/build/lib/my_happy
[1.015s] copying my_happy/__init__.py -> /home/masaki/ros2_setup_scripts/happy_ws/src/build/my_happy/build/lib/my_happy
[1.015s] copying my_happy/happy_node2.py -> /home/masaki/ros2_setup_scripts/happy_ws/src/build/my_happy/build/lib/my_happy
[1.015s] copying my_happy/happy_pub_node.py -> /home/masaki/ros2_setup_scripts/happy_ws/src/build/my_happy/build/lib/my_happy
[1.016s] copying my_happy/happy_node3.py -> /home/masaki/ros2_setup_scripts/happy_ws/src/build/my_happy/build/lib/my_happy
[1.016s] copying my_happy/happy_node.py -> /home/masaki/ros2_setup_scripts/happy_ws/src/build/my_happy/build/lib/my_happy
[1.016s] running install
[1.016s] running install_lib
[1.017s] creating /home/masaki/ros2_setup_scripts/happy_ws/src/install/my_happy/lib/python3.10/site-packages/my_happy
[1.018s] copying /home/masaki/ros2_setup_scripts/happy_ws/src/build/my_happy/build/lib/my_happy/__init__.py -> /home/masaki/ros2_setup_scripts/happy_ws/src/install/my_happy/lib/python3.10/site-packages/my_happy
[1.018s] copying /home/masaki/ros2_setup_scripts/happy_ws/src/build/my_happy/build/lib/my_happy/happy_node2.py -> /home/masaki/ros2_setup_scripts/happy_ws/src/install/my_happy/lib/python3.10/site-packages/my_happy
[1.018s] copying /home/masaki/ros2_setup_scripts/happy_ws/src/build/my_happy/build/lib/my_happy/happy_pub_node.py -> /home/masaki/ros2_setup_scripts/happy_ws/src/install/my_happy/lib/python3.10/site-packages/my_happy
[1.018s] copying /home/masaki/ros2_setup_scripts/happy_ws/src/build/my_happy/build/lib/my_happy/happy_node3.py -> /home/masaki/ros2_setup_scripts/happy_ws/src/install/my_happy/lib/python3.10/site-packages/my_happy
[1.018s] copying /home/masaki/ros2_setup_scripts/happy_ws/src/build/my_happy/build/lib/my_happy/happy_node.py -> /home/masaki/ros2_setup_scripts/happy_ws/src/install/my_happy/lib/python3.10/site-packages/my_happy
[1.018s] byte-compiling /home/masaki/ros2_setup_scripts/happy_ws/src/install/my_happy/lib/python3.10/site-packages/my_happy/__init__.py to __init__.cpython-310.pyc
[1.018s] byte-compiling /home/masaki/ros2_setup_scripts/happy_ws/src/install/my_happy/lib/python3.10/site-packages/my_happy/happy_node2.py to happy_node2.cpython-310.pyc
[1.019s] byte-compiling /home/masaki/ros2_setup_scripts/happy_ws/src/install/my_happy/lib/python3.10/site-packages/my_happy/happy_pub_node.py to happy_pub_node.cpython-310.pyc
[1.019s] byte-compiling /home/masaki/ros2_setup_scripts/happy_ws/src/install/my_happy/lib/python3.10/site-packages/my_happy/happy_node3.py to happy_node3.cpython-310.pyc
[1.019s] byte-compiling /home/masaki/ros2_setup_scripts/happy_ws/src/install/my_happy/lib/python3.10/site-packages/my_happy/happy_node.py to happy_node.cpython-310.pyc
[1.019s] running install_data
[1.019s] creating /home/masaki/ros2_setup_scripts/happy_ws/src/install/my_happy/share/ament_index
[1.019s] creating /home/masaki/ros2_setup_scripts/happy_ws/src/install/my_happy/share/ament_index/resource_index
[1.019s] creating /home/masaki/ros2_setup_scripts/happy_ws/src/install/my_happy/share/ament_index/resource_index/packages
[1.020s] copying resource/my_happy -> /home/masaki/ros2_setup_scripts/happy_ws/src/install/my_happy/share/ament_index/resource_index/packages
[1.020s] copying package.xml -> /home/masaki/ros2_setup_scripts/happy_ws/src/install/my_happy/share/my_happy
[1.020s] running install_egg_info
[1.021s] Copying ../build/my_happy/my_happy.egg-info to /home/masaki/ros2_setup_scripts/happy_ws/src/install/my_happy/lib/python3.10/site-packages/my_happy-0.0.0-py3.10.egg-info
[1.021s] running install_scripts
[1.032s] Installing happy_node script to /home/masaki/ros2_setup_scripts/happy_ws/src/install/my_happy/lib/my_happy
[1.032s] Installing happy_node2 script to /home/masaki/ros2_setup_scripts/happy_ws/src/install/my_happy/lib/my_happy
[1.032s] Installing happy_node3 script to /home/masaki/ros2_setup_scripts/happy_ws/src/install/my_happy/lib/my_happy
[1.032s] Installing happy_pub_node script to /home/masaki/ros2_setup_scripts/happy_ws/src/install/my_happy/lib/my_happy
[1.032s] writing list of installed files to '/home/masaki/ros2_setup_scripts/happy_ws/src/build/my_happy/install.log'
[1.056s] Invoked command in '/home/masaki/ros2_setup_scripts/happy_ws/src/my_happy' returned '0': PYTHONPATH=/home/masaki/ros2_setup_scripts/happy_ws/src/build/my_happy/prefix_override:/usr/lib/python3/dist-packages/colcon_core/task/python/colcon_distutils_commands:/home/masaki/ros2_setup_scripts/happy_ws/src/install/my_happy/lib/python3.10/site-packages:${PYTHONPATH} /usr/bin/python3 -W ignore:setup.py install is deprecated -W ignore:easy_install command is deprecated setup.py egg_info --egg-base ../build/my_happy build --build-base /home/masaki/ros2_setup_scripts/happy_ws/src/build/my_happy/build install --record /home/masaki/ros2_setup_scripts/happy_ws/src/build/my_happy/install.log --install-scripts $base/lib/my_happy --single-version-externally-managed install_data
